# OSU MPI Latency Test v5.8
# Size          Latency (us)
0                      44.74
1                      44.81
2                      44.77
4                      44.82
8                      44.76
16                     44.76
32                     44.83
64                     45.09
128                    45.16
256                    45.76
512                    46.09
1024                   46.60
2048                   64.26
4096                   68.20
8192                   67.37
16384                  69.42
32768                  73.57
65536                 187.60
131072                205.31
262144                232.00
524288                279.79
1048576               378.37
2097152               567.75
4194304               949.30
START OF JOBSPEC
{"resources": [{"type": "node", "count": 2, "with": [{"type": "slot", "count": 1, "with": [{"type": "core", "count": 1}], "label": "task"}]}], "tasks": [{"command": ["/usr/libexec/osu-micro-benchmarks/mpi/pt2pt/osu_latency"], "slot": "task", "count": {"per_slot": 1}}], "attributes": {"system": {"duration": 0, "cwd": "/", "shell": {"options": {"rlimit": {"cpu": -1, "fsize": -1, "data": -1, "stack": 8388608, "core": -1, "nofile": 1048576, "as": -1, "rss": -1, "nproc": -1}, "cpu-affinity": "per-task"}}, "constraints": {"hostlist": ["osu-14,osu-12"]}}, "user": {"study_id": "osu-latency-32-iter-0"}}, "version": 1}
START OF EVENTLOG
{"timestamp":1759889578.4701531,"name":"init"}
{"timestamp":1759889578.4706483,"name":"starting"}
{"timestamp":1759889578.4818015,"name":"shell.init","context":{"service":"0-shell-fsfCbeCF","leader-rank":12,"size":2}}
{"timestamp":1759889578.4836872,"name":"shell.start","context":{"taskmap":{"version":1,"map":[[0,2,1,1]]}}}
{"timestamp":1759889599.7155533,"name":"shell.task-exit","context":{"localid":0,"rank":0,"state":"Exited","pid":70,"wait_status":0,"signaled":0,"exitcode":0}}
{"timestamp":1759889599.7180364,"name":"complete","context":{"status":0}}
{"timestamp":1759889599.7180548,"name":"done"}

