# OSU MPI Latency Test v5.8
# Size          Latency (us)
0                      47.64
1                      47.56
2                      47.59
4                      47.54
8                      47.50
16                     47.82
32                     47.92
64                     48.02
128                    48.06
256                    48.97
512                    49.06
1024                   49.55
2048                   67.22
4096                   62.21
8192                   70.77
16384                  73.15
32768                  77.80
65536                 195.19
131072                216.77
262144                249.94
524288                307.80
1048576               415.45
2097152               655.42
4194304               990.62
START OF JOBSPEC
{"resources": [{"type": "node", "count": 2, "with": [{"type": "slot", "count": 1, "with": [{"type": "core", "count": 1}], "label": "task"}]}], "tasks": [{"command": ["/usr/libexec/osu-micro-benchmarks/mpi/pt2pt/osu_latency"], "slot": "task", "count": {"per_slot": 1}}], "attributes": {"system": {"duration": 0, "cwd": "/", "shell": {"options": {"rlimit": {"cpu": -1, "fsize": -1, "data": -1, "stack": 8388608, "core": -1, "nofile": 1048576, "as": -1, "rss": -1, "nproc": -1}, "cpu-affinity": "per-task"}}, "constraints": {"hostlist": ["osu-22,osu-2"]}}, "user": {"study_id": "osu-latency-32-iter-0"}}, "version": 1}
START OF EVENTLOG
{"timestamp":1759889860.9785733,"name":"init"}
{"timestamp":1759889860.9791,"name":"starting"}
{"timestamp":1759889860.9905531,"name":"shell.init","context":{"service":"0-shell-f42ASwSK9","leader-rank":2,"size":2}}
{"timestamp":1759889860.9924402,"name":"shell.start","context":{"taskmap":{"version":1,"map":[[0,2,1,1]]}}}
{"timestamp":1759889883.4201124,"name":"shell.task-exit","context":{"localid":0,"rank":0,"state":"Exited","pid":76,"wait_status":0,"signaled":0,"exitcode":0}}
{"timestamp":1759889883.4225688,"name":"complete","context":{"status":0}}
{"timestamp":1759889883.4225905,"name":"done"}

