# OSU MPI Latency Test v5.8
# Size          Latency (us)
0                      52.22
1                      52.20
2                      52.31
4                      52.23
8                      52.36
16                     52.33
32                     52.39
64                     52.40
128                    52.51
256                    53.42
512                    54.02
1024                   54.30
2048                   71.95
4096                   66.10
8192                   75.51
16384                  77.89
32768                  81.70
65536                 208.71
131072                229.37
262144                256.27
524288                308.58
1048576               399.40
2097152               612.72
4194304               961.36
START OF JOBSPEC
{"resources": [{"type": "node", "count": 2, "with": [{"type": "slot", "count": 1, "with": [{"type": "core", "count": 1}], "label": "task"}]}], "tasks": [{"command": ["/usr/libexec/osu-micro-benchmarks/mpi/pt2pt/osu_latency"], "slot": "task", "count": {"per_slot": 1}}], "attributes": {"system": {"duration": 0, "cwd": "/", "shell": {"options": {"rlimit": {"cpu": -1, "fsize": -1, "data": -1, "stack": 8388608, "core": -1, "nofile": 1048576, "as": -1, "rss": -1, "nproc": -1}, "cpu-affinity": "per-task"}}, "constraints": {"hostlist": ["osu-20,osu-2"]}}, "user": {"study_id": "osu-latency-32-iter-0"}}, "version": 1}
START OF EVENTLOG
{"timestamp":1759890008.8910477,"name":"init"}
{"timestamp":1759890008.8916235,"name":"starting"}
{"timestamp":1759890008.9030449,"name":"shell.init","context":{"service":"0-shell-f59MF9u1H","leader-rank":2,"size":2}}
{"timestamp":1759890008.9049449,"name":"shell.start","context":{"taskmap":{"version":1,"map":[[0,2,1,1]]}}}
{"timestamp":1759890032.6321669,"name":"shell.task-exit","context":{"localid":0,"rank":0,"state":"Exited","pid":85,"wait_status":0,"signaled":0,"exitcode":0}}
{"timestamp":1759890032.6346853,"name":"complete","context":{"status":0}}
{"timestamp":1759890032.6347067,"name":"done"}

