# OSU MPI Latency Test v5.8
# Size          Latency (us)
0                      18.16
1                      19.67
2                      19.92
4                      19.92
8                      19.95
16                     20.12
32                     20.09
64                     20.10
128                    20.18
256                    21.06
512                    21.07
1024                   21.43
2048                   34.76
4096                   39.83
8192                   37.84
16384                  39.09
32768                  43.91
65536                  94.47
131072                110.64
262144                132.89
524288                182.60
1048576               254.41
2097152               462.14
4194304               715.31
START OF JOBSPEC
{"resources": [{"type": "node", "count": 2, "with": [{"type": "slot", "count": 1, "with": [{"type": "core", "count": 1}], "label": "task"}]}], "tasks": [{"command": ["/usr/libexec/osu-micro-benchmarks/mpi/pt2pt/osu_latency"], "slot": "task", "count": {"per_slot": 1}}], "attributes": {"system": {"duration": 0, "cwd": "/", "shell": {"options": {"rlimit": {"cpu": -1, "fsize": -1, "data": -1, "stack": 8388608, "core": -1, "nofile": 1048576, "as": -1, "rss": -1, "nproc": -1}, "cpu-affinity": "per-task"}}, "constraints": {"hostlist": ["osu-12,osu-30"]}}, "user": {"study_id": "osu-latency-32-iter-0"}}, "version": 1}
START OF EVENTLOG
{"timestamp":1759889883.5955625,"name":"init"}
{"timestamp":1759889883.5961215,"name":"starting"}
{"timestamp":1759889883.6075134,"name":"shell.init","context":{"service":"0-shell-f4C8ZfNx7","leader-rank":12,"size":2}}
{"timestamp":1759889883.6094065,"name":"shell.start","context":{"taskmap":{"version":1,"map":[[0,2,1,1]]}}}
{"timestamp":1759889895.1734581,"name":"shell.task-exit","context":{"localid":0,"rank":0,"state":"Exited","pid":79,"wait_status":0,"signaled":0,"exitcode":0}}
{"timestamp":1759889895.1762836,"name":"complete","context":{"status":0}}
{"timestamp":1759889895.1763041,"name":"done"}

