# OSU MPI Latency Test v5.8
# Size          Latency (us)
0                      46.71
1                      46.69
2                      46.10
4                      45.95
8                      45.68
16                     45.80
32                     45.79
64                     45.78
128                    46.62
256                    47.75
512                    48.17
1024                   48.44
2048                   64.79
4096                   63.92
8192                   67.77
16384                  69.81
32768                  72.87
65536                 187.16
131072                201.86
262144                223.34
524288                264.96
1048576               356.26
2097152               533.38
4194304               793.55
START OF JOBSPEC
{"resources": [{"type": "node", "count": 2, "with": [{"type": "slot", "count": 1, "with": [{"type": "core", "count": 1}], "label": "task"}]}], "tasks": [{"command": ["/usr/libexec/osu-micro-benchmarks/mpi/pt2pt/osu_latency"], "slot": "task", "count": {"per_slot": 1}}], "attributes": {"system": {"duration": 0, "cwd": "/", "shell": {"options": {"rlimit": {"cpu": -1, "fsize": -1, "data": -1, "stack": 8388608, "core": -1, "nofile": 1048576, "as": -1, "rss": -1, "nproc": -1}, "cpu-affinity": "per-task"}}, "constraints": {"hostlist": ["osu-22,osu-12"]}}, "user": {"study_id": "osu-latency-32-iter-0"}}, "version": 1}
START OF EVENTLOG
{"timestamp":1759889780.0675998,"name":"init"}
{"timestamp":1759889780.0681016,"name":"starting"}
{"timestamp":1759889780.0794394,"name":"shell.init","context":{"service":"0-shell-f3QWGjKzo","leader-rank":12,"size":2}}
{"timestamp":1759889780.0813751,"name":"shell.start","context":{"taskmap":{"version":1,"map":[[0,2,1,1]]}}}
{"timestamp":1759889801.1097085,"name":"shell.task-exit","context":{"localid":0,"rank":0,"state":"Exited","pid":76,"wait_status":0,"signaled":0,"exitcode":0}}
{"timestamp":1759889801.1122258,"name":"complete","context":{"status":0}}
{"timestamp":1759889801.1122479,"name":"done"}

