# OSU MPI Latency Test v5.8
# Size          Latency (us)
0                      16.28
1                      16.21
2                      17.07
4                      18.50
8                      19.75
16                     19.71
32                     19.72
64                     19.77
128                    19.85
256                    20.76
512                    20.90
1024                   21.20
2048                   34.58
4096                   39.57
8192                   36.14
16384                  38.59
32768                  43.98
65536                  94.84
131072                111.43
262144                133.31
524288                179.85
1048576               257.29
2097152               434.19
4194304               809.54
START OF JOBSPEC
{"resources": [{"type": "node", "count": 2, "with": [{"type": "slot", "count": 1, "with": [{"type": "core", "count": 1}], "label": "task"}]}], "tasks": [{"command": ["/usr/libexec/osu-micro-benchmarks/mpi/pt2pt/osu_latency"], "slot": "task", "count": {"per_slot": 1}}], "attributes": {"system": {"duration": 0, "cwd": "/", "shell": {"options": {"rlimit": {"cpu": -1, "fsize": -1, "data": -1, "stack": 8388608, "core": -1, "nofile": 1048576, "as": -1, "rss": -1, "nproc": -1}, "cpu-affinity": "per-task"}}, "constraints": {"hostlist": ["osu-11,osu-12"]}}, "user": {"study_id": "osu-latency-32-iter-0"}}, "version": 1}
START OF EVENTLOG
{"timestamp":1759889706.8017881,"name":"init"}
{"timestamp":1759889706.8023334,"name":"starting"}
{"timestamp":1759889706.8137383,"name":"shell.init","context":{"service":"0-shell-f2rDWaZ6f","leader-rank":11,"size":2}}
{"timestamp":1759889706.8155818,"name":"shell.start","context":{"taskmap":{"version":1,"map":[[0,2,1,1]]}}}
{"timestamp":1759889718.2282906,"name":"shell.task-exit","context":{"localid":0,"rank":0,"state":"Exited","pid":76,"wait_status":0,"signaled":0,"exitcode":0}}
{"timestamp":1759889718.2314065,"name":"complete","context":{"status":0}}
{"timestamp":1759889718.2314286,"name":"done"}

