# OSU MPI Latency Test v5.8
# Size          Latency (us)
0                      16.25
1                      16.13
2                      16.40
4                      18.07
8                      18.12
16                     17.98
32                     17.95
64                     19.72
128                    19.95
256                    20.85
512                    20.93
1024                   21.03
2048                   34.60
4096                   22.71
8192                   37.14
16384                  39.02
32768                  44.01
65536                  94.46
131072                113.69
262144                137.27
524288                182.54
1048576               265.71
2097152               455.91
4194304               780.54
START OF JOBSPEC
{"resources": [{"type": "node", "count": 2, "with": [{"type": "slot", "count": 1, "with": [{"type": "core", "count": 1}], "label": "task"}]}], "tasks": [{"command": ["/usr/libexec/osu-micro-benchmarks/mpi/pt2pt/osu_latency"], "slot": "task", "count": {"per_slot": 1}}], "attributes": {"system": {"duration": 0, "cwd": "/", "shell": {"options": {"rlimit": {"cpu": -1, "fsize": -1, "data": -1, "stack": 8388608, "core": -1, "nofile": 1048576, "as": -1, "rss": -1, "nproc": -1}, "cpu-affinity": "per-task"}}, "constraints": {"hostlist": ["osu-11,osu-30"]}}, "user": {"study_id": "osu-latency-32-iter-0"}}, "version": 1}
START OF EVENTLOG
{"timestamp":1759889718.4027526,"name":"init"}
{"timestamp":1759889718.403223,"name":"starting"}
{"timestamp":1759889718.4135954,"name":"shell.init","context":{"service":"0-shell-f2wL3auM1","leader-rank":11,"size":2}}
{"timestamp":1759889718.4154623,"name":"shell.start","context":{"taskmap":{"version":1,"map":[[0,2,1,1]]}}}
{"timestamp":1759889729.4009326,"name":"shell.task-exit","context":{"localid":0,"rank":0,"state":"Exited","pid":79,"wait_status":0,"signaled":0,"exitcode":0}}
{"timestamp":1759889729.4036887,"name":"complete","context":{"status":0}}
{"timestamp":1759889729.4037104,"name":"done"}

