# OSU MPI Latency Test v5.8
# Size          Latency (us)
0                      55.10
1                      55.09
2                      55.06
4                      54.99
8                      55.17
16                     54.91
32                     55.18
64                     55.42
128                    55.50
256                    56.08
512                    56.52
1024                   56.89
2048                   74.60
4096                   76.62
8192                   77.77
16384                  79.73
32768                  84.08
65536                 215.98
131072                235.31
262144                261.29
524288                309.44
1048576               395.88
2097152               612.64
4194304              1219.25
START OF JOBSPEC
{"resources": [{"type": "node", "count": 2, "with": [{"type": "slot", "count": 1, "with": [{"type": "core", "count": 1}], "label": "task"}]}], "tasks": [{"command": ["/usr/libexec/osu-micro-benchmarks/mpi/pt2pt/osu_latency"], "slot": "task", "count": {"per_slot": 1}}], "attributes": {"system": {"duration": 0, "cwd": "/", "shell": {"options": {"rlimit": {"cpu": -1, "fsize": -1, "data": -1, "stack": 8388608, "core": -1, "nofile": 1048576, "as": -1, "rss": -1, "nproc": -1}, "cpu-affinity": "per-task"}}, "constraints": {"hostlist": ["osu-11,osu-22"]}}, "user": {"study_id": "osu-latency-32-iter-0"}}, "version": 1}
START OF EVENTLOG
{"timestamp":1759889681.3554249,"name":"init"}
{"timestamp":1759889681.3558555,"name":"starting"}
{"timestamp":1759889681.3672476,"name":"shell.init","context":{"service":"0-shell-f2f15jeEB","leader-rank":11,"size":2}}
{"timestamp":1759889681.3691773,"name":"shell.start","context":{"taskmap":{"version":1,"map":[[0,2,1,1]]}}}
{"timestamp":1759889706.6280174,"name":"shell.task-exit","context":{"localid":0,"rank":0,"state":"Exited","pid":73,"wait_status":0,"signaled":0,"exitcode":0}}
{"timestamp":1759889706.6305315,"name":"complete","context":{"status":0}}
{"timestamp":1759889706.6305511,"name":"done"}

