# OSU MPI Latency Test v5.8
# Size          Latency (us)
0                      20.23
1                      20.39
2                      20.40
4                      20.42
8                      20.45
16                     21.20
32                     22.29
64                     22.26
128                    22.31
256                    23.35
512                    23.51
1024                   23.73
2048                   36.75
4096                   42.07
8192                   40.16
16384                  41.81
32768                  47.46
65536                 101.97
131072                121.62
262144                145.63
524288                194.65
1048576               279.47
2097152               475.04
4194304               756.72
START OF JOBSPEC
{"resources": [{"type": "node", "count": 2, "with": [{"type": "slot", "count": 1, "with": [{"type": "core", "count": 1}], "label": "task"}]}], "tasks": [{"command": ["/usr/libexec/osu-micro-benchmarks/mpi/pt2pt/osu_latency"], "slot": "task", "count": {"per_slot": 1}}], "attributes": {"system": {"duration": 0, "cwd": "/", "shell": {"options": {"rlimit": {"cpu": -1, "fsize": -1, "data": -1, "stack": 8388608, "core": -1, "nofile": 1048576, "as": -1, "rss": -1, "nproc": -1}, "cpu-affinity": "per-task"}}, "constraints": {"hostlist": ["osu-12,osu-19"]}}, "user": {"study_id": "osu-latency-32-iter-0"}}, "version": 1}
START OF EVENTLOG
{"timestamp":1759889917.2952175,"name":"init"}
{"timestamp":1759889917.2958815,"name":"starting"}
{"timestamp":1759889917.3063695,"name":"shell.init","context":{"service":"0-shell-f4Sywx6aT","leader-rank":12,"size":2}}
{"timestamp":1759889917.3082082,"name":"shell.start","context":{"taskmap":{"version":1,"map":[[0,2,1,1]]}}}
{"timestamp":1759889929.6533585,"name":"shell.task-exit","context":{"localid":0,"rank":0,"state":"Exited","pid":85,"wait_status":0,"signaled":0,"exitcode":0}}
{"timestamp":1759889929.6558964,"name":"complete","context":{"status":0}}
{"timestamp":1759889929.6559153,"name":"done"}

