
# OSU MPI Allreduce Latency Test v5.8
# Size       Avg Latency(us)
4                      72.46
8                      72.27
16                     71.92
32                     71.13
64                     72.20
128                    71.79
256                    71.92
512                    76.87
1024                   77.74
2048                   80.35
4096                  149.07
8192                  153.70
16384                 162.23
32768                 174.61
65536                 197.67
131072                231.50
262144                289.73
524288                421.86
1048576               967.98
START OF JOBSPEC
{"resources": [{"type": "node", "count": 2, "with": [{"type": "slot", "count": 8, "with": [{"type": "core", "count": 1}], "label": "task"}]}], "tasks": [{"command": ["singularity", "exec", "--bind", "/run/flux:/run/flux", "/opt/containers/google-performance-study_osu-caliper-test.sif", "/build/osu/build.openmpi/mpi/collective/osu_allreduce"], "slot": "task", "count": {"per_slot": 1}}], "attributes": {"system": {"duration": 0, "cwd": "/root", "shell": {"options": {"rlimit": {"cpu": -1, "fsize": -1, "data": -1, "stack": 8388608, "core": 0, "nofile": 1024, "as": -1, "rss": -1, "nproc": 240748}, "cpu-affinity": "per-task"}}}, "user": {"study_id": "osu-latency-2-iter-0"}}, "version": 1}
START OF EVENTLOG
{"timestamp":1759707747.7830544,"name":"init"}
{"timestamp":1759707747.7838583,"name":"starting"}
{"timestamp":1759707747.7941983,"name":"shell.init","context":{"service":"0-shell-f2WtWHU49m","leader-rank":0,"size":2}}
{"timestamp":1759707747.805886,"name":"shell.start","context":{"taskmap":{"version":1,"map":[[0,2,8,1]]}}}
{"timestamp":1759707751.9127772,"name":"shell.task-exit","context":{"localid":3,"rank":3,"state":"Exited","pid":11353,"wait_status":0,"signaled":0,"exitcode":0}}
{"timestamp":1759707751.9261472,"name":"complete","context":{"status":0}}
{"timestamp":1759707751.9261694,"name":"done"}

