
# OSU MPI Allreduce Latency Test v5.8
# Size       Avg Latency(us)
4                      70.45
8                      65.97
16                     68.52
32                     67.58
64                     68.86
128                    68.05
256                    69.43
512                    71.42
1024                   73.56
2048                   78.73
4096                  137.48
8192                  149.55
16384                 155.38
32768                 170.76
65536                 188.38
131072                225.64
262144                280.94
524288                414.42
1048576               942.59
START OF JOBSPEC
{"resources": [{"type": "node", "count": 2, "with": [{"type": "slot", "count": 8, "with": [{"type": "core", "count": 1}], "label": "task"}]}], "tasks": [{"command": ["singularity", "exec", "--bind", "/run/flux:/run/flux", "/opt/containers/google-performance-study_osu-caliper-test.sif", "/build/osu/build.openmpi/mpi/collective/osu_allreduce"], "slot": "task", "count": {"per_slot": 1}}], "attributes": {"system": {"duration": 0, "cwd": "/root", "shell": {"options": {"rlimit": {"cpu": -1, "fsize": -1, "data": -1, "stack": 8388608, "core": 0, "nofile": 1024, "as": -1, "rss": -1, "nproc": 240748}, "cpu-affinity": "per-task"}}}, "user": {"study_id": "osu-latency-2-iter-0"}}, "version": 1}
START OF EVENTLOG
{"timestamp":1759707478.8992755,"name":"init"}
{"timestamp":1759707478.9000366,"name":"starting"}
{"timestamp":1759707478.9105034,"name":"shell.init","context":{"service":"0-shell-f2Ur1LHXwV","leader-rank":0,"size":2}}
{"timestamp":1759707478.9225206,"name":"shell.start","context":{"taskmap":{"version":1,"map":[[0,2,8,1]]}}}
{"timestamp":1759707482.5466743,"name":"shell.task-exit","context":{"localid":5,"rank":5,"state":"Exited","pid":10618,"wait_status":0,"signaled":0,"exitcode":0}}
{"timestamp":1759707482.5596788,"name":"complete","context":{"status":0}}
{"timestamp":1759707482.5597014,"name":"done"}

