
# OSU MPI Allreduce Latency Test v5.8
# Size       Avg Latency(us)
4                    5471.13
8                    5519.92
16                   5438.07
32                   5378.28
64                   5500.36
128                  5536.52
256                  5363.33
512                  5573.51
1024                 5514.44
2048                 5216.45
4096                 5437.63
8192                 5435.19
16384               12588.76
32768               12518.10
65536               12990.33
131072              13033.14
262144              13327.72
524288              13628.78
1048576             15587.12
START OF JOBSPEC
{"resources": [{"type": "node", "count": 64, "with": [{"type": "slot", "count": 48, "with": [{"type": "core", "count": 1}], "label": "task"}]}], "tasks": [{"command": ["/usr/libexec/osu-micro-benchmarks/mpi/collective/osu_allreduce"], "slot": "task", "count": {"per_slot": 1}}], "attributes": {"system": {"duration": 0, "cwd": "/", "shell": {"options": {"rlimit": {"cpu": -1, "fsize": -1, "data": -1, "stack": 8388608, "core": -1, "nofile": 1048576, "as": -1, "rss": -1, "nproc": -1}, "cpu-affinity": "per-task"}}}, "user": {"study_id": "osu-allreduce-64-iter-2"}}, "version": 1}
START OF EVENTLOG
{"timestamp":1760418647.6684198,"name":"init"}
{"timestamp":1760418647.6690731,"name":"starting"}
{"timestamp":1760418647.6914806,"name":"shell.init","context":{"service":"0-shell-f6AQTgcUX","leader-rank":0,"size":64}}
{"timestamp":1760418647.7753811,"name":"shell.start","context":{"taskmap":{"version":1,"map":[[0,64,48,1]]}}}
{"timestamp":1760418857.6620448,"name":"shell.task-exit","context":{"localid":46,"rank":46,"state":"Exited","pid":532,"wait_status":0,"signaled":0,"exitcode":0}}
{"timestamp":1760418857.7776053,"name":"complete","context":{"status":0}}
{"timestamp":1760418857.7776279,"name":"done"}

