
# OSU MPI Allreduce Latency Test v5.8
# Size       Avg Latency(us)
4                    5483.02
8                    5403.49
16                   5464.87
32                   5466.41
64                   5499.91
128                  5376.68
256                  5455.90
512                  5627.12
1024                 5505.82
2048                 5221.80
4096                 5385.64
8192                 5418.77
16384               12343.90
32768               12558.66
65536               13274.65
131072              13294.41
262144              13388.76
524288              14427.18
1048576             15163.87
START OF JOBSPEC
{"resources": [{"type": "node", "count": 64, "with": [{"type": "slot", "count": 48, "with": [{"type": "core", "count": 1}], "label": "task"}]}], "tasks": [{"command": ["/usr/libexec/osu-micro-benchmarks/mpi/collective/osu_allreduce"], "slot": "task", "count": {"per_slot": 1}}], "attributes": {"system": {"duration": 0, "cwd": "/", "shell": {"options": {"rlimit": {"cpu": -1, "fsize": -1, "data": -1, "stack": 8388608, "core": -1, "nofile": 1048576, "as": -1, "rss": -1, "nproc": -1}, "cpu-affinity": "per-task"}}}, "user": {"study_id": "osu-allreduce-64-iter-5"}}, "version": 1}
START OF EVENTLOG
{"timestamp":1760419281.1995914,"name":"init"}
{"timestamp":1760419281.2002645,"name":"starting"}
{"timestamp":1760419281.2253575,"name":"shell.init","context":{"service":"0-shell-fAycGwokB","leader-rank":0,"size":64}}
{"timestamp":1760419281.3087955,"name":"shell.start","context":{"taskmap":{"version":1,"map":[[0,64,48,1]]}}}
{"timestamp":1760419492.4433076,"name":"shell.task-exit","context":{"localid":32,"rank":32,"state":"Exited","pid":807,"wait_status":0,"signaled":0,"exitcode":0}}
{"timestamp":1760419492.5599558,"name":"complete","context":{"status":0}}
{"timestamp":1760419492.5599768,"name":"done"}

