
# OSU MPI Allreduce Latency Test v5.8
# Size       Avg Latency(us)
== CALIPER: (0): Available services: adiak_export,adiak_import,aggregate,alloc,allocstats,async_event,cpuinfo,debug,event,io,kokkoslookup,kokkostime,loop_monitor,loop_statistics,memstat,mpi,mpiflush,mpireport,pthread,recorder,region_monitor,report,statistics,sysalloc,timer,timeseries,timestamp,trace,validator
== CALIPER: (0): Initialized
== CALIPER: (0): No manual config specified, disabling default channel
== CALIPER: (0): Creating channel builtin.configmgr
== CALIPER: (0): builtin.configmgr: mpiwrap: Using GOTCHA wrappers.
== CALIPER: (0): builtin.configmgr: Registered MPI service
== CALIPER: (0): builtin.configmgr: Registered mpiflush service
== CALIPER: (0): Creating channel event-trace
== CALIPER: (0): event-trace: registered async_event service
== CALIPER: (0): event-trace: event: Using region level 0
== CALIPER: (0): event-trace: event: Marked attribute comm.region
== CALIPER: (0): event-trace: event: Marked attribute loop
== CALIPER: (0): event-trace: event: Marked attribute phase
== CALIPER: (0): event-trace: event: Marked attribute region
== CALIPER: (0): event-trace: Registered event trigger service
== CALIPER: (0): event-trace: mpiwrap: Using GOTCHA wrappers.
== CALIPER: (0): event-trace: Registered MPI service
== CALIPER: (0): event-trace: Registered timer service
== CALIPER: (0): event-trace: Registered trace service
== CALIPER: (0): event-trace: event: Marked attribute mpi.function
== CALIPER: (0): Registered builtin ConfigManager
== CALIPER: (0): event-trace: event: Marked attribute msg_size
== CALIPER: (0): event-trace: event: Marked attribute num_procs
4                     408.91
8                     406.39
16                    405.65
32                    406.83
64                    408.53
128                   408.40
256                   414.86
512                   417.43
1024                  425.90
2048                  355.91
4096                  377.83
8192                  421.74
16384                 732.54
32768                 759.39
65536                 792.22
131072                842.94
262144                944.83
524288               1142.16
1048576              1756.53
== CALIPER: (0): builtin.configmgr: Flushing Caliper data
== CALIPER: (0): event-trace: Flushing Caliper data
== CALIPER: (0): event-trace: trace: Flushed 150590 snapshots.
== CALIPER: (0): event-trace: Recorder: Wrote 150782 records.
== CALIPER: (0): Finalizing ... 
== CALIPER: (0): builtin.configmgr: Flushing Caliper data
== CALIPER: (0): Releasing channel builtin.configmgr
== CALIPER: (0): builtin.configmgr: Finishing mpi service
== CALIPER: (0): builtin.configmgr channel blackboard: max 2 entries (0.195886% occupancy).
== CALIPER: (0): Releasing channel event-trace
== CALIPER: (0): event-trace: Finishing mpi service
== CALIPER: (0): event-trace: trace: 4 MiB reserved, 2.9233 MiB used, 2 chunks.
== CALIPER: (0): event-trace: Trace: 1 thread trace buffers acquired, 0 retired, 0 released.
== CALIPER: (0): event-trace channel blackboard: max 1 entries (0.0979432% occupancy).
== CALIPER: (0): Releasing Caliper global data.
  Max active channels: 1
== CALIPER: (0): Process blackboard: max 2 entries (0.195886% occupancy).
== CALIPER: (0): Releasing Caliper thread data: 
  Metadata tree: 2 blocks, 267 nodes
   Metadata memory pool: 1 MiB reserved, 37.2568 KiB used
  Thread blackboard: max 4 entries (0.391773% occupancy).
== CALIPER: (0): Finished
START OF JOBSPEC
{"resources": [{"type": "node", "count": 32, "with": [{"type": "slot", "count": 48, "with": [{"type": "core", "count": 1}], "label": "task"}]}], "tasks": [{"command": ["osu_allreduce"], "slot": "task", "count": {"per_slot": 1}}], "attributes": {"system": {"duration": 0, "cwd": "/root", "shell": {"options": {"rlimit": {"cpu": -1, "fsize": -1, "data": -1, "stack": 8388608, "core": 0, "nofile": 1024, "as": -1, "rss": -1, "nproc": 1450578}, "cpu-affinity": "per-task"}}}, "user": {"study_id": "osu-allreduce-32-iter-5"}}, "version": 1}
START OF EVENTLOG
{"timestamp":1759900130.3800826,"name":"init"}
{"timestamp":1759900130.3807652,"name":"starting"}
{"timestamp":1759900130.394141,"name":"shell.init","context":{"service":"0-shell-fLBjHNaSj","leader-rank":0,"size":32}}
{"timestamp":1759900130.4775889,"name":"shell.start","context":{"taskmap":{"version":1,"map":[[0,32,48,1]]}}}
{"timestamp":1759900149.493329,"name":"shell.task-exit","context":{"localid":27,"rank":411,"state":"Exited","pid":5757,"wait_status":0,"signaled":0,"exitcode":0}}
{"timestamp":1759900149.5599265,"name":"complete","context":{"status":0}}
{"timestamp":1759900149.5599415,"name":"done"}

