
# OSU MPI Allreduce Latency Test v5.8
# Size       Avg Latency(us)
== CALIPER: (0): Available services: adiak_export,adiak_import,aggregate,alloc,allocstats,async_event,cpuinfo,debug,event,io,kokkoslookup,kokkostime,loop_monitor,loop_statistics,memstat,mpi,mpiflush,mpireport,pthread,recorder,region_monitor,report,statistics,sysalloc,timer,timeseries,timestamp,trace,validator
== CALIPER: (0): Initialized
== CALIPER: (0): No manual config specified, disabling default channel
== CALIPER: (0): Creating channel builtin.configmgr
== CALIPER: (0): builtin.configmgr: mpiwrap: Using GOTCHA wrappers.
== CALIPER: (0): builtin.configmgr: Registered MPI service
== CALIPER: (0): builtin.configmgr: Registered mpiflush service
== CALIPER: (0): Creating channel spot
== CALIPER: (0): spot: Registered adiak_import service
== CALIPER: (0): spot: Registered aggregation service
== CALIPER: (0): spot: event: Using region level 0
== CALIPER: (0): spot: event: Marked attribute comm.region
== CALIPER: (0): spot: event: Marked attribute loop
== CALIPER: (0): spot: event: Marked attribute phase
== CALIPER: (0): spot: event: Marked attribute region
== CALIPER: (0): spot: Registered event trigger service
== CALIPER: (0): spot: mpiwrap: Using GOTCHA wrappers.
== CALIPER: (0): spot: Registered MPI service
== CALIPER: (0): spot: Registered timer service
== CALIPER: (0): spot: event: Marked attribute mpi.function
== CALIPER: (0): spot: Enabling MPI message tracing
== CALIPER: (0): Registered builtin ConfigManager
== CALIPER: (0): spot: event: Marked attribute msg_size
== CALIPER: (0): spot: event: Marked attribute num_procs
4                     298.07
8                     293.76
16                    293.87
32                    290.42
64                    290.64
128                   292.70
256                   296.31
512                   298.61
1024                  302.88
2048                  311.53
4096                  488.59
8192                  505.72
16384                 519.12
32768                 541.04
65536                 608.88
131072                632.41
262144                720.85
524288                947.43
1048576              1502.53
== CALIPER: (0): builtin.configmgr: Flushing Caliper data
== CALIPER: (0): spot: CustomOutputController::flush(): using MPI
== CALIPER: (0): OutputCommMpi: MPI is available
== CALIPER: (0): spot: Flushing Caliper data
== CALIPER: (0): spot: adiak_import: Imported 0 adiak values
== CALIPER: (0): spot: Aggregate: flushed 88 snapshots.
== CALIPER: (0): spot: Wrote 129 records.
== CALIPER: (0): Finalizing ... 
== CALIPER: (0): builtin.configmgr: Flushing Caliper data
== CALIPER: (0): Releasing channel builtin.configmgr
== CALIPER: (0): builtin.configmgr: Finishing mpi service
== CALIPER: (0): builtin.configmgr channel blackboard: max 2 entries (0.195886% occupancy).
== CALIPER: (0): CaliperMetadataDB: stored 225 nodes, 122 strings.
== CALIPER: (0): Releasing channel spot
== CALIPER: (0): spot: Aggregate: Releasing aggregation DB.
  max hash len: 3, 94 entries, 651 kernels, 1.5 MiB reserved.
== CALIPER: (0): spot: Finishing mpi service
== CALIPER: (0): spot channel blackboard: max 1 entries (0.0979432% occupancy).
== CALIPER: (0): Releasing Caliper global data.
  Max active channels: 1
== CALIPER: (0): Process blackboard: max 2 entries (0.195886% occupancy).
== CALIPER: (0): Releasing Caliper thread data: 
  Metadata tree: 2 blocks, 262 nodes
   Metadata memory pool: 1 MiB reserved, 38.166 KiB used
  Thread blackboard: max 4 entries (0.391773% occupancy).
== CALIPER: (0): Finished
START OF JOBSPEC
{"resources": [{"type": "node", "count": 8, "with": [{"type": "slot", "count": 48, "with": [{"type": "core", "count": 1}], "label": "task"}]}], "tasks": [{"command": ["osu_allreduce"], "slot": "task", "count": {"per_slot": 1}}], "attributes": {"system": {"duration": 0, "cwd": "/root", "shell": {"options": {"rlimit": {"cpu": -1, "fsize": -1, "data": -1, "stack": 8388608, "core": 0, "nofile": 1024, "as": -1, "rss": -1, "nproc": 1450578}, "cpu-affinity": "per-task"}}}, "user": {"study_id": "kripke-8-iter-4"}}, "version": 1}
START OF EVENTLOG
{"timestamp":1759850424.39996,"name":"init"}
{"timestamp":1759850424.4006951,"name":"starting"}
{"timestamp":1759850424.4122801,"name":"shell.init","context":{"service":"0-shell-fQrbZL1mH","leader-rank":0,"size":8}}
{"timestamp":1759850424.4969065,"name":"shell.start","context":{"taskmap":{"version":1,"map":[[0,8,48,1]]}}}
{"timestamp":1759850439.6374757,"name":"shell.task-exit","context":{"localid":21,"rank":21,"state":"Exited","pid":6678,"wait_status":0,"signaled":0,"exitcode":0}}
{"timestamp":1759850439.6636062,"name":"complete","context":{"status":0}}
{"timestamp":1759850439.6636255,"name":"done"}

