Defaulted container "kripke" out of: kripke, flux-view (init)
ðŸŸ§ï¸  wait-fs: 2025/09/29 05:27:12 wait-fs.go:40: /mnt/flux/flux-operator-done.txt
ðŸŸ§ï¸  wait-fs: 2025/09/29 05:27:12 wait-fs.go:49: Found existing path /mnt/flux/flux-operator-done.txt

Hello user root

ðŸŒŸï¸ Curve Certificate
curve.cert
#   ****  Generated on 2023-04-26 22:54:42 by CZMQ  ****
#   ZeroMQ CURVE **Secret** Certificate
#   DO NOT PROVIDE THIS FILE TO OTHER USERS nor change its permissions.
    
metadata
    name = "flux-cert-generator"
    keygen.hostname = "kripke-0"
curve
    public-key = "^Zo)Hay.7PrANYlE[/slzNInEcO)Tnoazk+NK-b="
    secret-key = "&9XOI=j1C/O30B@M$CC2u?FY):W7Xw.w59^?==5{"

ðŸ“¦ Resources
flux R encode --hosts=kripke-[0-3] --local
{"version": 1, "execution": {"R_lite": [{"rank": "0-3", "children": {"core": "0-47"}}], "starttime": 0.0, "expiration": 0.0, "nodelist": ["kripke-[0-3]"]}}
ðŸ‘‹ Hello, I'm kripke-0
The main host is kripke-0
The working directory is /opt, contents include:
Caliper-2.13.1	flux-core-0.76.0	 flux-sched-0.45.0.tar.gz
adiak		flux-core-0.76.0.tar.gz  prrte
caliper-build	flux-sched-0.45.0	 software
ðŸš©ï¸ Flux Option Flags defined
Command provided is: /bin/bash /entrypoint.sh

ðŸŒ€ Launcher Mode: flux start -o --config /mnt/flux/view/etc/flux/config -Scron.directory=/etc/flux/system/cron.d   -Stbon.fanout=256   -Srundir=/mnt/flux/view/run/flux    -Sstatedir=/mnt/flux/view/var/lib/flux -Slocal-uri=local:///mnt/flux/view/run/flux/local -Stbon.connect_timeout=5s     -Slog-stderr-level=6    -Slog-stderr-mode=local  
broker.info[0]: start: none->join 0.561811ms
broker.info[0]: parent-none: join->init 0.012263ms
cron.info[0]: synchronizing cron tasks to event heartbeat.pulse
job-manager.info[0]: restart: 0 jobs
job-manager.info[0]: restart: 0 running jobs
job-manager.info[0]: restart: checkpoint.job-manager not found
broker.info[0]: rc1.0: running /etc/flux/rc1.d/01-sched-fluxion
sched-fluxion-resource.info[0]: version 0.45.0
sched-fluxion-resource.warning[0]: create_reader: allowlist unsupported
sched-fluxion-resource.info[0]: populate_resource_db: loaded resources from core's resource.acquire
sched-fluxion-qmanager.info[0]: version 0.45.0
broker.info[0]: rc1.0: running /etc/flux/rc1.d/02-cron
broker.info[0]: rc1.0: tab: cron-1 created: scheduled in 77567.400s at Tue Sep 30 03:00:00 2025
broker.info[0]: rc1.0: /etc/flux/rc1 Exited (rc=0) 0.3s
broker.info[0]: rc1-success: init->quorum 0.278566s
broker.info[0]: online: kripke-0 (ranks 0)
broker.info[0]: online: kripke-[0-3] (ranks 0-3)
broker.info[0]: quorum-full: quorum->run 0.456004s
== CALIPER: (0): Available services: adiak_export,adiak_import,aggregate,alloc,allocstats,async_event,cpuinfo,debug,event,io,kokkoslookup,kokkostime,loop_monitor,loop_statistics,memstat,mpi,mpiflush,mpireport,pthread,recorder,region_monitor,report,statistics,sysalloc,timer,timeseries,timestamp,trace,validator
== CALIPER: (0): Initialized
== CALIPER: (0): No manual config specified, disabling default channel
== CALIPER: (0): Creating channel builtin.configmgr
== CALIPER: (0): builtin.configmgr: mpiwrap: Using GOTCHA wrappers.
== CALIPER: (0): builtin.configmgr: Registered MPI service
== CALIPER: (0): builtin.configmgr: Registered mpiflush service
== CALIPER: (0): Creating channel spot
== CALIPER: (0): spot: Registered adiak_import service
== CALIPER: (0): spot: Registered aggregation service
== CALIPER: (0): spot: event: Using region level 0
== CALIPER: (0): spot: event: Marked attribute comm.region
== CALIPER: (0): spot: event: Marked attribute loop
== CALIPER: (0): spot: event: Marked attribute phase
== CALIPER: (0): spot: event: Marked attribute region
== CALIPER: (0): spot: Registered event trigger service
== CALIPER: (0): spot: mpiwrap: Using GOTCHA wrappers.
== CALIPER: (0): spot: Registered MPI service
== CALIPER: (0): spot: Registered timer service
== CALIPER: (0): spot: event: Marked attribute mpi.function
== CALIPER: (0): spot: Enabling MPI message tracing
== CALIPER: (0): Creating channel spot.timeseries
== CALIPER: (0): spot.timeseries: Registered loop_monitor service
== CALIPER: (0): spot.timeseries: Registered timer service
== CALIPER: (0): spot.timeseries: Registered trace service
== CALIPER: (0): Registered builtin ConfigManager
== CALIPER: (0): spot: event: Marked attribute kripke

   _  __       _         _
  | |/ /      (_)       | |
  | ' /  _ __  _  _ __  | | __ ___
  |  <  | '__|| || '_ \ | |/ // _ \ 
  | . \ | |   | || |_) ||   <|  __/
  |_|\_\|_|   |_|| .__/ |_|\_\\___|
                 | |
                 |_|        Version 1.2.5-dev

LLNL-CODE-775068

Copyright (c) 2014-25, Lawrence Livermore National Security, LLC

Kripke is released under the BSD 3-Clause License, please see the
LICENSE file for the full license

This work was produced under the auspices of the U.S. Department of
Energy by Lawrence Livermore National Laboratory under Contract
DE-AC52-07NA27344.

Author: Adam J. Kunen <kunen1@llnl.gov>

Compilation Options:
  Architecture:           Sequential
  Compiler:               /usr/bin/mpicxx
  Compiler Flags:         "-I/opt/Caliper-2.13.1/src/interface/c_fortran -I/opt/Caliper-2.13.1/src/include    "
  Linker Flags:           " "
  CHAI Enabled:           No
  CUDA Enabled:           No
  MPI Enabled:            Yes
  OpenMP Enabled:         No
  Caliper Enabled:        Yes

Input Parameters
================

  Problem Size:
    Zones:                 256 x 192 x 128  (6291456 total)
    Groups:                16
    Legendre Order:        2
    Quadrature Set:        Dummy S2 with 16 points

  Physical Properties:
    Total X-Sec:           sigt=[0.100000, 0.000100, 0.100000]
    Scattering X-Sec:      sigs=[0.050000, 0.000050, 0.050000]

  Solver Options:
    Number iterations:     100

  MPI Decomposition Options:
    Total MPI tasks:       192
    Spatial decomp:        8 x 6 x 4 MPI tasks
    Block solve method:    Sweep

  Per-Task Options:
    DirSets/Directions:    16 sets, 1 directions/set
    GroupSet/Groups:       16 sets, 1 groups/set
    Zone Sets:             1 x 1 x 1
    Architecture:          Sequential
    Data Layout:           DGZ

Generating Problem
==================

== CALIPER: (0): spot: event: Marked attribute iteration#solve
  Decomposition Space:   Procs:      Subdomains (local/global):
  ---------------------  ----------  --------------------------
  (P) Energy:            1           16 / 16
  (Q) Direction:         1           16 / 16
  (R) Space:             192         1 / 192
  (Rx,Ry,Rz) R in XYZ:   8x6x4       1x1x1 / 8x6x4
  (PQR) TOTAL:           192         256 / 49152

  Material Volumes=[8.156490e+03, 1.203726e+05, 2.751471e+06]

  Memory breakdown of Field variables:
  Field Variable            Num Elements    Megabytes
  --------------            ------------    ---------
  data/sigs                         2304        0.018
  dx                                 256        0.002
  dy                                 192        0.001
  dz                                 128        0.001
  ell                                144        0.001
  ell_plus                           144        0.001
  i_plane                        6291456       48.000
  j_plane                        8388608       64.000
  k_plane                       12582912       96.000
  mixelem_to_fraction            6336144       48.341
  phi                          905969664     6912.000
  phi_out                      905969664     6912.000
  psi                         1610612736    12288.000
  quadrature/w                        16        0.000
  quadrature/xcos                     16        0.000
  quadrature/ycos                     16        0.000
  quadrature/zcos                     16        0.000
  rhs                         1610612736    12288.000
  sigt_zonal                   100663296      768.000
  volume                         6291456       48.000
  --------                  ------------    ---------
  TOTAL                       5173721904    39472.366

  Generation Complete!

Steady State Solve
==================

  iter 0: particle count=1.848034e+07, change=1.000000e+00
  iter 1: particle count=2.763117e+07, change=3.311777e-01
  iter 2: particle count=3.215116e+07, change=1.405853e-01
  iter 3: particle count=3.437947e+07, change=6.481531e-02
  iter 4: particle count=3.547582e+07, change=3.090408e-02
  iter 5: particle count=3.601404e+07, change=1.494481e-02
  iter 6: particle count=3.627765e+07, change=7.266538e-03
  iter 7: particle count=3.640647e+07, change=3.538184e-03
  iter 8: particle count=3.646927e+07, change=1.722057e-03
  iter 9: particle count=3.649982e+07, change=8.371104e-04
  iter 10: particle count=3.651466e+07, change=4.063120e-04
  iter 11: particle count=3.652185e+07, change=1.969052e-04
  iter 12: particle count=3.652533e+07, change=9.528010e-05
  iter 13: particle count=3.652701e+07, change=4.604063e-05
  iter 14: particle count=3.652783e+07, change=2.221912e-05
  iter 15: particle count=3.652822e+07, change=1.071054e-05
  iter 16: particle count=3.652841e+07, change=5.157546e-06
  iter 17: particle count=3.652850e+07, change=2.481230e-06
  iter 18: particle count=3.652854e+07, change=1.192677e-06
  iter 19: particle count=3.652856e+07, change=5.728567e-07
  iter 20: particle count=3.652857e+07, change=2.749591e-07
  iter 21: particle count=3.652857e+07, change=1.318916e-07
  iter 22: particle count=3.652858e+07, change=6.322922e-08
  iter 23: particle count=3.652858e+07, change=3.029647e-08
  iter 24: particle count=3.652858e+07, change=1.450974e-08
  iter 25: particle count=3.652858e+07, change=6.946041e-09
  iter 26: particle count=3.652858e+07, change=3.323852e-09
  iter 27: particle count=3.652858e+07, change=1.589959e-09
  iter 28: particle count=3.652858e+07, change=7.602939e-10
  iter 29: particle count=3.652858e+07, change=3.634471e-10
  iter 30: particle count=3.652858e+07, change=1.736909e-10
  iter 31: particle count=3.652858e+07, change=8.298430e-11
  iter 32: particle count=3.652858e+07, change=3.963688e-11
  iter 33: particle count=3.652858e+07, change=1.892741e-11
  iter 34: particle count=3.652858e+07, change=9.038132e-12
  iter 35: particle count=3.652858e+07, change=4.313469e-12
  iter 36: particle count=3.652858e+07, change=2.058831e-12
  iter 37: particle count=3.652858e+07, change=9.829111e-13
  iter 38: particle count=3.652858e+07, change=4.683055e-13
  iter 39: particle count=3.652858e+07, change=2.239544e-13
  iter 40: particle count=3.652858e+07, change=1.066741e-13
  iter 41: particle count=3.652858e+07, change=5.017558e-14
  iter 42: particle count=3.652858e+07, change=2.529176e-14
  iter 43: particle count=3.652858e+07, change=1.121812e-14
  iter 44: particle count=3.652858e+07, change=5.507076e-15
  iter 45: particle count=3.652858e+07, change=3.059487e-15
  iter 46: particle count=3.652858e+07, change=1.223795e-15
  iter 47: particle count=3.652858e+07, change=4.079316e-16
  iter 48: particle count=3.652858e+07, change=4.079316e-16
  iter 49: particle count=3.652858e+07, change=0.000000e+00
  iter 50: particle count=3.652858e+07, change=2.039658e-16
  iter 51: particle count=3.652858e+07, change=0.000000e+00
  iter 52: particle count=3.652858e+07, change=-2.039658e-16
  iter 53: particle count=3.652858e+07, change=2.039658e-16
  iter 54: particle count=3.652858e+07, change=-2.039658e-16
  iter 55: particle count=3.652858e+07, change=2.039658e-16
  iter 56: particle count=3.652858e+07, change=0.000000e+00
  iter 57: particle count=3.652858e+07, change=0.000000e+00
  iter 58: particle count=3.652858e+07, change=0.000000e+00
  iter 59: particle count=3.652858e+07, change=-2.039658e-16
  iter 60: particle count=3.652858e+07, change=2.039658e-16
  iter 61: particle count=3.652858e+07, change=0.000000e+00
  iter 62: particle count=3.652858e+07, change=0.000000e+00
  iter 63: particle count=3.652858e+07, change=0.000000e+00
  iter 64: particle count=3.652858e+07, change=0.000000e+00
  iter 65: particle count=3.652858e+07, change=0.000000e+00
  iter 66: particle count=3.652858e+07, change=0.000000e+00
  iter 67: particle count=3.652858e+07, change=0.000000e+00
  iter 68: particle count=3.652858e+07, change=0.000000e+00
  iter 69: particle count=3.652858e+07, change=0.000000e+00
  iter 70: particle count=3.652858e+07, change=0.000000e+00
  iter 71: particle count=3.652858e+07, change=0.000000e+00
  iter 72: particle count=3.652858e+07, change=0.000000e+00
  iter 73: particle count=3.652858e+07, change=0.000000e+00
  iter 74: particle count=3.652858e+07, change=0.000000e+00
  iter 75: particle count=3.652858e+07, change=0.000000e+00
  iter 76: particle count=3.652858e+07, change=0.000000e+00
  iter 77: particle count=3.652858e+07, change=0.000000e+00
  iter 78: particle count=3.652858e+07, change=0.000000e+00
  iter 79: particle count=3.652858e+07, change=0.000000e+00
  iter 80: particle count=3.652858e+07, change=0.000000e+00
  iter 81: particle count=3.652858e+07, change=0.000000e+00
  iter 82: particle count=3.652858e+07, change=0.000000e+00
  iter 83: particle count=3.652858e+07, change=-2.039658e-16
  iter 84: particle count=3.652858e+07, change=2.039658e-16
  iter 85: particle count=3.652858e+07, change=0.000000e+00
  iter 86: particle count=3.652858e+07, change=0.000000e+00
  iter 87: particle count=3.652858e+07, change=0.000000e+00
  iter 88: particle count=3.652858e+07, change=0.000000e+00
  iter 89: particle count=3.652858e+07, change=0.000000e+00
  iter 90: particle count=3.652858e+07, change=0.000000e+00
  iter 91: particle count=3.652858e+07, change=-2.039658e-16
  iter 92: particle count=3.652858e+07, change=2.039658e-16
  iter 93: particle count=3.652858e+07, change=0.000000e+00
  iter 94: particle count=3.652858e+07, change=0.000000e+00
  iter 95: particle count=3.652858e+07, change=0.000000e+00
  iter 96: particle count=3.652858e+07, change=0.000000e+00
  iter 97: particle count=3.652858e+07, change=0.000000e+00
  iter 98: particle count=3.652858e+07, change=0.000000e+00
  iter 99: particle count=3.652858e+07, change=0.000000e+00
== CALIPER: (0): builtin.configmgr: Flushing Caliper data
  Solver terminated
== CALIPER: (0): spot: CustomOutputController::flush(): using MPI

== CALIPER: (0): OutputCommMpi: MPI is available
Timers
======

  Timer                    Count       Seconds
  ----------------  ------------  ------------
  Generate                     1       0.08062
  LPlusTimes                 100       5.22830
  LTimes                     100       5.19849
  Population                 100       2.52847
  Scattering                 100      28.18735
  Solve                        1      62.81836
  Source                     100       0.03180
  SweepSolver                100      16.78071
  SweepSubdomain           25600       8.80632

TIMER_NAMES:Generate,LPlusTimes,LTimes,Population,Scattering,Solve,Source,SweepSolver,SweepSubdomain
TIMER_DATA:0.080622,5.228299,5.198495,2.528471,28.187347,62.818357,0.031800,16.780714,8.806324

Figures of Merit
================

  Throughput:         2.563921e+09 [unknowns/(second/iteration)]
  Grind time :        3.900277e-10 [(seconds/iteration)/unknowns]
  Sweep efficiency :  52.47884 [100.0 * SweepSubdomain time / SweepSolver time]
  Number of unknowns: 1610612736
== CALIPER: (0): spot: Flushing Caliper data
== CALIPER: (0): spot: adiak_import: Imported 29 adiak values
== CALIPER: (0): spot: Aggregate: flushed 44 snapshots.
== CALIPER: (0): spot.timeseries: trace: Flushed 102 snapshots.
== CALIPER: (0): spot.timeseries: trace: Flushed 102 snapshots.
== CALIPER: (0): spot: Wrote 413 records.
== CALIPER: (0): Finalizing ... 

== CALIPER: (0): builtin.configmgr: Flushing Caliper data
END
== CALIPER: (0): Releasing channel builtin.configmgr
== CALIPER: (0): builtin.configmgr: Finishing mpi service
== CALIPER: (0): builtin.configmgr channel blackboard: max 2 entries (0.195886% occupancy).
== CALIPER: (0): CaliperMetadataDB: stored 406 nodes, 257 strings.
== CALIPER: (0): Releasing channel spot.timeseries
== CALIPER: (0): spot.timeseries: loop_monitor: Triggered 102 snapshots.
== CALIPER: (0): spot.timeseries: trace: 2 MiB reserved, 3.51172 KiB used, 1 chunks.
== CALIPER: (0): spot.timeseries: Trace: 1 thread trace buffers acquired, 0 retired, 0 released.
== CALIPER: (0): spot.timeseries channel blackboard: max 1 entries (0.0979432% occupancy).
== CALIPER: (0): Releasing channel spot
== CALIPER: (0): spot: Aggregate: Releasing aggregation DB.
  max hash len: 2, 52 entries, 408 kernels, 1.5 MiB reserved.
== CALIPER: (0): spot: Finishing mpi service
== CALIPER: (0): spot channel blackboard: max 1 entries (0.0979432% occupancy).
== CALIPER: (0): Releasing Caliper global data.
  Max active channels: 2
== CALIPER: (0): Process blackboard: max 4 entries (0.391773% occupancy).
== CALIPER: (0): Releasing Caliper thread data: 
  Metadata tree: 2 blocks, 385 nodes
   Metadata memory pool: 1 MiB reserved, 43.0479 KiB used
  Thread blackboard: max 4 entries (0.391773% occupancy).
== CALIPER: (0): Finished

START
/opt/caliper-build/src/tools/cali-query/cali-query -Gj /data/out.cali
[
{"adiakversion":"0.5.0","architecture":"Sequential","cali.caliper.version":"2.13.1","cali.channel":"spot","cluster":"kripke-","cmdline":"[kripke,--layout,DGZ,--dset,16,--gset,16,--groups,16,--niter,100,--legendre,2,--quad,16,--zones,256,192,128,--procs,8,6,4]","compiler":"/usr/bin/mpicxx","compiler_flags":"-I/opt/Caliper-2.13.1/src/interface/c_fortran -I/opt/Caliper-2.13.1/src/include    ","dset":"16","executable":"kripke","executablepath":"/usr/local/bin/kripke","grind_time":"0.000000","groups":"16","hostname":"kripke-0","iterations":"100","jobsize":"1","launchdate":"1759123633","launchday":"1759104000","layout":"DGZ","legendre_order":"2","libraries":"[linux-vdso.so.1,/lib/x86_64-linux-gnu/libcaliper.so.2,/lib/x86_64-linux-gnu/libmpi_cxx.so.40,/lib/x86_64-linux-gnu/libmpi.so.40,/lib/x86_64-linux-gnu/libstdc++.so.6,/lib/x86_64-linux-gnu/libm.so.6,/lib/x86_64-linux-gnu/libgcc_s.so.1,/lib/x86_64-linux-gnu/libc.so.6,/usr/lib/x86_64-linux-gnu/libgfortran.so.5,/lib64/ld-linux-x86-64.so.2,/lib/x86_64-linux-gnu/libopen-pal.so.40,/lib/x86_64-linux-gnu/libopen-rte.so.40,/lib/x86_64-linux-gnu/libhwloc.so.15,/lib/x86_64-linux-gnu/libevent_core-2.1.so.7,/lib/x86_64-linux-gnu/libevent_pthreads-2.1.so.7,/lib/x86_64-linux-gnu/libz.so.1,/lib/x86_64-linux-gnu/libudev.so.1,/lib/x86_64-linux-gnu/libcap.so.2,/usr/lib/x86_64-linux-gnu/openmpi/lib/openmpi3/mca_shmem_mmap.so,/usr/lib/x86_64-linux-gnu/openmpi/lib/openmpi3/mca_reachable_netlink.so,/lib/x86_64-linux-gnu/libnl-3.so.200,/usr/lib/x86_64-linux-gnu/openmpi/lib/openmpi3/mca_schizo_jsm.so,/usr/lib/x86_64-linux-gnu/openmpi/lib/openmpi3/mca_schizo_flux.so,/usr/lib/x86_64-linux-gnu/openmpi/lib/openmpi3/mca_schizo_slurm.so,/usr/lib/x86_64-linux-gnu/openmpi/lib/openmpi3/mca_schizo_orte.so,/usr/lib/x86_64-linux-gnu/openmpi/lib/openmpi3/mca_schizo_ompi.so,/usr/lib/x86_64-linux-gnu/openmpi/lib/openmpi3/mca_ess_pmi.so,/usr/lib/x86_64-linux-gnu/openmpi/lib/openmpi3/mca_pmix_flux.so,/usr/lib/flux/libpmi.so,/lib/libflux-taskmap.so.1,/lib/libflux-idset.so.1,/lib/x86_64-linux-gnu/libjansson.so.4,/usr/lib/x86_64-linux-gnu/openmpi/lib/openmpi3/mca_state_app.so,/usr/lib/x86_64-linux-gnu/openmpi/lib/openmpi3/mca_errmgr_default_app.so,/usr/lib/x86_64-linux-gnu/hwloc/hwloc_xml_libxml.so,/lib/x86_64-linux-gnu/libxml2.so.2,/lib/x86_64-linux-gnu/libicuuc.so.74,/lib/x86_64-linux-gnu/liblzma.so.5,/lib/x86_64-linux-gnu/libicudata.so.74,/usr/lib/x86_64-linux-gnu/hwloc/hwloc_gl.so,/lib/x86_64-linux-gnu/libXNVCtrl.so.0,/lib/x86_64-linux-gnu/libX11.so.6,/lib/x86_64-linux-gnu/libXext.so.6,/lib/x86_64-linux-gnu/libxcb.so.1,/lib/x86_64-linux-gnu/libXau.so.6,/lib/x86_64-linux-gnu/libXdmcp.so.6,/lib/x86_64-linux-gnu/libbsd.so.0,/lib/x86_64-linux-gnu/libmd.so.0,/usr/lib/x86_64-linux-gnu/hwloc/hwloc_pci.so,/lib/x86_64-linux-gnu/libpciaccess.so.0,/usr/lib/x86_64-linux-gnu/hwloc/hwloc_opencl.so,/lib/x86_64-linux-gnu/libOpenCL.so.1,/usr/lib/x86_64-linux-gnu/openmpi/lib/openmpi3/mca_op_avx.so,/usr/lib/x86_64-linux-gnu/openmpi/lib/openmpi3/mca_allocator_basic.so,/usr/lib/x86_64-linux-gnu/openmpi/lib/openmpi3/mca_allocator_bucket.so,/usr/lib/x86_64-linux-gnu/openmpi/lib/openmpi3/mca_rcache_grdma.so,/usr/lib/x86_64-linux-gnu/openmpi/lib/openmpi3/mca_mpool_hugepage.so,/usr/lib/x86_64-linux-gnu/openmpi/lib/openmpi3/mca_bml_r2.so,/usr/lib/x86_64-linux-gnu/openmpi/lib/openmpi3/mca_btl_vader.so,/usr/lib/x86_64-linux-gnu/openmpi/lib/openmpi3/mca_btl_tcp.so,/usr/lib/x86_64-linux-gnu/openmpi/lib/openmpi3/mca_btl_sm.so,/usr/lib/x86_64-linux-gnu/openmpi/lib/openmpi3/mca_btl_self.so,/usr/lib/x86_64-linux-gnu/openmpi/lib/openmpi3/mca_pml_ob1.so,/usr/lib/x86_64-linux-gnu/openmpi/lib/openmpi3/mca_coll_sync.so,/usr/lib/x86_64-linux-gnu/openmpi/lib/openmpi3/mca_coll_sm.so,/lib/x86_64-linux-gnu/libmca_common_sm.so.40,/usr/lib/x86_64-linux-gnu/openmpi/lib/openmpi3/mca_coll_libnbc.so,/usr/lib/x86_64-linux-gnu/openmpi/lib/openmpi3/mca_coll_self.so,/usr/lib/x86_64-linux-gnu/openmpi/lib/openmpi3/mca_coll_han.so,/usr/lib/x86_64-linux-gnu/openmpi/lib/openmpi3/mca_coll_tuned.so,/usr/lib/x86_64-linux-gnu/openmpi/lib/openmpi3/mca_coll_inter.so,/usr/lib/x86_64-linux-gnu/openmpi/lib/openmpi3/mca_coll_basic.so,/usr/lib/x86_64-linux-gnu/openmpi/lib/openmpi3/mca_coll_adapt.so,/usr/lib/x86_64-linux-gnu/openmpi/lib/openmpi3/mca_osc_rdma.so,/usr/lib/x86_64-linux-gnu/openmpi/lib/openmpi3/mca_osc_sm.so]","mpi.world.size":"192","num_unknowns":"1610612736","numhosts":"1","opts:mpi.message.count":"true","opts:mpi.message.size":"true","opts:node.order":"true","opts:output":"/data/out.cali","opts:profile.mpi":"true","opts:region.count":"true","opts:time.exclusive":"true","opts:timeseries":"true","opts:timeseries.iteration_interval":"1","opts:timeseries.maxrows":"500","parallel_method":"sweep","procs":"{8,6,4}","spot.channels":"regionprofile,timeseries","spot.format.version":"2","spot.metrics":"min#inclusive#sum#time.duration,max#inclusive#sum#time.duration,avg#inclusive#sum#time.duration,sum#inclusive#sum#time.duration,avg#sum#mmc.send,max#sum#mmc.send,avg#sum#mmc.recv,max#sum#mmc.recv,max#sum#mmc.coll,min#min#mms.min,avg#avg#mms.avg,max#max#mms.avg,min#min#aggregate.slot,min#sum#rc.count,avg#sum#rc.count,max#sum#rc.count,sum#sum#rc.count,min#scale#sum#time.duration.ns,max#scale#sum#time.duration.ns,avg#scale#sum#time.duration.ns,sum#scale#sum#time.duration.ns","spot.options":"profile.mpi,timeseries,mpi.message.count,mpi.message.size,node.order,region.count,time.exclusive","spot.timeseries.metrics":"max#sum#loop.iterations,max#scale#time.duration.ns,avg#ratio#loop.iterations/time.duration.ns","sweep_eff":"52.478800","throughput":"2563920000.000000","uid":"root","user":"root","working_directory":"/opt","zones":"{256,192,128}"}
]
END

START
/opt/caliper-build/src/tools/cali-query/cali-query -T /data/out.cali
Path                     Min time/rank Max time/rank Avg time/rank Total time   Node order Min time/rank (exc) Max time/rank (exc) Avg time/rank (exc) Total time (exc) spot.channel  Calls/rank (min) Calls/rank (avg) Calls/rank (max) Calls (total) Collectives (max) Msg size (min) Msg size (avg) Msgs recvd (avg) Msgs recvd (max) Msgs sent (avg) Msgs sent (max) block max#sum#loop.iterations Time (s) Iter/s   
solve                    
 |-                                                                                                                                                                     timeseries                                                                                                                                                                                           0                       1 0.636266 1.572670 
 |-                                                                                                                                                                     timeseries                                                                                                                                                                                           1                       1 0.621642 1.612450 
 |-                                                                                                                                                                     timeseries                                                                                                                                                                                           2                       1 0.630433 1.589760 
 |-                                                                                                                                                                     timeseries                                                                                                                                                                                           3                       1 0.630947 1.585080 
 |-                                                                                                                                                                     timeseries                                                                                                                                                                                           4                       1 0.620836 1.610880 
 |-                                                                                                                                                                     timeseries                                                                                                                                                                                           5                       1 0.621911 1.608140 
 |-                                                                                                                                                                     timeseries                                                                                                                                                                                           6                       1 0.623466 1.604140 
 |-                                                                                                                                                                     timeseries                                                                                                                                                                                           7                       1 0.632032 1.582370 
 |-                                                                                                                                                                     timeseries                                                                                                                                                                                           8                       1 0.625851 1.598030 
 |-                                                                                                                                                                     timeseries                                                                                                                                                                                           9                       1 0.627946 1.592680 
 |-                                                                                                                                                                     timeseries                                                                                                                                                                                          10                       1 0.631580 1.583450 
 |-                                                                                                                                                                     timeseries                                                                                                                                                                                          11                       1 0.620709 1.611220 
 |-                                                                                                                                                                     timeseries                                                                                                                                                                                          12                       1 0.625399 1.599080 
 |-                                                                                                                                                                     timeseries                                                                                                                                                                                          13                       1 0.625308 1.599300 
 |-                                                                                                                                                                     timeseries                                                                                                                                                                                          14                       1 0.627570 1.593560 
 |-                                                                                                                                                                     timeseries                                                                                                                                                                                          15                       1 0.628173 1.592070 
 |-                                                                                                                                                                     timeseries                                                                                                                                                                                          16                       1 0.634429 1.576360 
 |-                                                                                                                                                                     timeseries                                                                                                                                                                                          17                       1 0.628243 1.591830 
 |-                                                                                                                                                                     timeseries                                                                                                                                                                                          18                       1 0.629030 1.589880 
 |-                                                                                                                                                                     timeseries                                                                                                                                                                                          19                       1 0.624871 1.600440 
 |-                                                                                                                                                                     timeseries                                                                                                                                                                                          20                       1 0.631712 1.583480 
 |-                                                                                                                                                                     timeseries                                                                                                                                                                                          21                       1 0.625354 1.599180 
 |-                                                                                                                                                                     timeseries                                                                                                                                                                                          22                       1 0.628068 1.592300 
 |-                                                                                                                                                                     timeseries                                                                                                                                                                                          23                       1 0.630260 1.586820 
 |-                                                                                                                                                                     timeseries                                                                                                                                                                                          24                       1 0.623334 1.604420 
 |-                                                                                                                                                                     timeseries                                                                                                                                                                                          25                       1 0.632856 1.590050 
 |-                                                                                                                                                                     timeseries                                                                                                                                                                                          26                       1 0.630600 1.588910 
 |-                                                                                                                                                                     timeseries                                                                                                                                                                                          27                       1 0.629693 1.588170 
 |-                                                                                                                                                                     timeseries                                                                                                                                                                                          28                       1 0.625784 1.598110 
 |-                                                                                                                                                                     timeseries                                                                                                                                                                                          29                       1 0.623705 1.603520 
 |-                                                                                                                                                                     timeseries                                                                                                                                                                                          30                       1 0.620242 1.612390 
 |-                                                                                                                                                                     timeseries                                                                                                                                                                                          31                       1 0.628493 1.591230 
 |-                                                                                                                                                                     timeseries                                                                                                                                                                                          32                       1 0.624467 1.601510 
 |-                                                                                                                                                                     timeseries                                                                                                                                                                                          33                       1 0.625675 1.598450 
 |-                                                                                                                                                                     timeseries                                                                                                                                                                                          34                       1 0.628048 1.592350 
 |-                                                                                                                                                                     timeseries                                                                                                                                                                                          35                       1 0.632047 1.582290 
 |-                                                                                                                                                                     timeseries                                                                                                                                                                                          36                       1 0.636930 1.589650 
 |-                                                                                                                                                                     timeseries                                                                                                                                                                                          37                       1 0.624868 1.608400 
 |-                                                                                                                                                                     timeseries                                                                                                                                                                                          38                       1 0.630172 1.587080 
 |-                                                                                                                                                                     timeseries                                                                                                                                                                                          39                       1 0.627658 1.593390 
 |-                                                                                                                                                                     timeseries                                                                                                                                                                                          40                       1 0.630103 1.587170 
 |-                                                                                                                                                                     timeseries                                                                                                                                                                                          41                       1 0.629902 1.587640 
 |-                                                                                                                                                                     timeseries                                                                                                                                                                                          42                       1 0.636075 1.572230 
 |-                                                                                                                                                                     timeseries                                                                                                                                                                                          43                       1 0.632408 1.581730 
 |-                                                                                                                                                                     timeseries                                                                                                                                                                                          44                       1 0.629315 1.589220 
 |-                                                                                                                                                                     timeseries                                                                                                                                                                                          45                       1 0.629559 1.588530 
 |-                                                                                                                                                                     timeseries                                                                                                                                                                                          46                       1 0.641460 1.569070 
 |-                                                                                                                                                                     timeseries                                                                                                                                                                                          47                       1 0.631051 1.587850 
 |-                                                                                                                                                                     timeseries                                                                                                                                                                                          48                       1 0.627873 1.592800 
 |-                                                                                                                                                                     timeseries                                                                                                                                                                                          49                       1 0.624826 1.600580 
 |-                                                                                                                                                                     timeseries                                                                                                                                                                                          50                       1 0.631819 1.582890 
 |-                                                                                                                                                                     timeseries                                                                                                                                                                                          51                       1 0.626558 1.596120 
 |-                                                                                                                                                                     timeseries                                                                                                                                                                                          52                       1 0.628956 1.590030 
 |-                                                                                                                                                                     timeseries                                                                                                                                                                                          53                       1 0.634530 1.585810 
 |-                                                                                                                                                                     timeseries                                                                                                                                                                                          54                       1 0.633223 1.582850 
 |-                                                                                                                                                                     timeseries                                                                                                                                                                                          55                       1 0.627235 1.594390 
 |-                                                                                                                                                                     timeseries                                                                                                                                                                                          56                       1 0.621851 1.608260 
 |-                                                                                                                                                                     timeseries                                                                                                                                                                                          57                       1 0.634656 1.575760 
 |-                                                                                                                                                                     timeseries                                                                                                                                                                                          58                       1 0.632570 1.581010 
 |-                                                                                                                                                                     timeseries                                                                                                                                                                                          59                       1 0.623811 1.603170 
 |-                                                                                                                                                                     timeseries                                                                                                                                                                                          60                       1 0.632862 1.580340 
 |-                                                                                                                                                                     timeseries                                                                                                                                                                                          61                       1 0.626206 1.597020 
 |-                                                                                                                                                                     timeseries                                                                                                                                                                                          62                       1 0.630969 1.584970 
 |-                                                                                                                                                                     timeseries                                                                                                                                                                                          63                       1 0.642395 1.566450 
 |-                                                                                                                                                                     timeseries                                                                                                                                                                                          64                       1 0.633464 1.597240 
 |-                                                                                                                                                                     timeseries                                                                                                                                                                                          65                       1 0.631994 1.582410 
 |-                                                                                                                                                                     timeseries                                                                                                                                                                                          66                       1 0.632571 1.580950 
 |-                                                                                                                                                                     timeseries                                                                                                                                                                                          67                       1 0.629285 1.589270 
 |-                                                                                                                                                                     timeseries                                                                                                                                                                                          68                       1 0.630906 1.585150 
 |-                                                                                                                                                                     timeseries                                                                                                                                                                                          69                       1 0.624196 1.602180 
 |-                                                                                                                                                                     timeseries                                                                                                                                                                                          70                       1 0.634880 1.575200 
 |-                                                                                                                                                                     timeseries                                                                                                                                                                                          71                       1 0.629731 1.588060 
 |-                                                                                                                                                                     timeseries                                                                                                                                                                                          72                       1 0.629159 1.589540 
 |-                                                                                                                                                                     timeseries                                                                                                                                                                                          73                       1 0.623808 1.603210 
 |-                                                                                                                                                                     timeseries                                                                                                                                                                                          74                       1 0.627205 1.594540 
 |-                                                                                                                                                                     timeseries                                                                                                                                                                                          75                       1 0.628608 1.606620 
 |-                                                                                                                                                                     timeseries                                                                                                                                                                                          76                       1 0.627780 1.594340 
 |-                                                                                                                                                                     timeseries                                                                                                                                                                                          77                       1 0.635112 1.580620 
 |-                                                                                                                                                                     timeseries                                                                                                                                                                                          78                       1 0.627544 1.595020 
 |-                                                                                                                                                                     timeseries                                                                                                                                                                                          79                       1 0.629971 1.587470 
 |-                                                                                                                                                                     timeseries                                                                                                                                                                                          80                       1 0.627216 1.594420 
 |-                                                                                                                                                                     timeseries                                                                                                                                                                                          81                       1 0.627594 1.593520 
 |-                                                                                                                                                                     timeseries                                                                                                                                                                                          82                       1 0.627498 1.593710 
 |-                                                                                                                                                                     timeseries                                                                                                                                                                                          83                       1 0.624241 1.602100 
 |-                                                                                                                                                                     timeseries                                                                                                                                                                                          84                       1 0.624836 1.600520 
 |-                                                                                                                                                                     timeseries                                                                                                                                                                                          85                       1 0.625328 1.599280 
 |-                                                                                                                                                                     timeseries                                                                                                                                                                                          86                       1 0.621013 1.610350 
 |-                                                                                                                                                                     timeseries                                                                                                                                                                                          87                       1 0.632026 1.582340 
 |-                                                                                                                                                                     timeseries                                                                                                                                                                                          88                       1 0.636156 1.587390 
 |-                                                                                                                                                                     timeseries                                                                                                                                                                                          89                       1 0.631835 1.593240 
 |-                                                                                                                                                                     timeseries                                                                                                                                                                                          90                       1 0.626566 1.596140 
 |-                                                                                                                                                                     timeseries                                                                                                                                                                                          91                       1 0.628139 1.592110 
 |-                                                                                                                                                                     timeseries                                                                                                                                                                                          92                       1 0.630261 1.586770 
 |-                                                                                                                                                                     timeseries                                                                                                                                                                                          93                       1 0.623330 1.604380 
 |-                                                                                                                                                                     timeseries                                                                                                                                                                                          94                       1 0.623675 1.603500 
 |-                                                                                                                                                                     timeseries                                                                                                                                                                                          95                       1 0.615606 1.624490 
 |-                                                                                                                                                                     timeseries                                                                                                                                                                                          96                       1 0.631147 1.592060 
 |-                                                                                                                                                                     timeseries                                                                                                                                                                                          97                       1 0.624118 1.604260 
 |-                                                                                                                                                                     timeseries                                                                                                                                                                                          98                       1 0.624258 1.602070 
 |-                                                                                                                                                                     timeseries                                                                                                                                                                                          99                       1 0.626463 1.596370 
main                         62.900100     62.903700     62.902600 12077.300000          1            0.001338            0.001643            0.001378         0.264576 regionprofile                                                                                                                                                                                                                                    
  MPI_Comm_dup                0.001122      0.001315      0.001254     0.240794         43            0.001122            0.001315            0.001254         0.240794 regionprofile                1                1                1           192                                                                                                                                                                   
  MPI_Finalized               0.000003      0.000008      0.000003     0.000621         42            0.000003            0.000008            0.000003         0.000621 regionprofile                1                1                1           192                                                                                                                                                                   
  MPI_Initialized             0.000004      0.000009      0.000004     0.000834         41            0.000004            0.000009            0.000004         0.000834 regionprofile                1                1                1           192                                                                                                                                                                   
  MPI_Finalize                0.000007      0.000026      0.000009     0.001794         40            0.000007            0.000026            0.000009         0.001794 regionprofile                1                1                1           192                                                                                                                                                                   
  Solve                      62.818400     62.818800     62.818600 12061.200000         22            0.033660            0.034459            0.034047         6.537040 regionprofile                1                1                1           192                                                                                                                                                                   
    solve                    62.784000     62.785000     62.784600 12054.600000         23            4.556020            5.060540            4.878430       936.659000 regionprofile              101              101              101         19392                                                                                                                                                                   
      Population              2.046930      2.653930      2.344900   450.220000         37            1.686460            1.825900            1.754740       336.911000 regionprofile              100              100              100         19200                                                                                                                                                                   
        MPI_Allreduce         0.293399      0.929909      0.590153   113.309000         38            0.293399            0.929909            0.590153       113.309000 regionprofile              100              100              100         19200               100              8              8                                                                                                                   
      SweepSolver            13.643200     17.669600     15.272800  2932.380000         28            1.780780            3.663020            2.502970       480.570000 regionprofile              100              100              100         19200                                                                                                                                                                   
        MPI_Waitall           0.005867      0.032310      0.014081     2.703590         36            0.005867            0.032310            0.014081         2.703590 regionprofile              100              100              100         19200                                                                                                                                                                   
        MPI_Isend             0.212738      0.544246      0.413475    79.387100         33            0.212738            0.544246            0.413475        79.387100 regionprofile            38400            62933            76800      12083200                             8192           8192                                             62933           76800                                                 
        sweepSubdomain        8.764660      9.702170      9.139140  1754.720000         31            0.142850            0.171893            0.151876        29.160300 regionprofile            25600            25600            25600       4915200                                                                                                                                                                   
          SweepSubdomain      8.615230      9.535130      8.987270  1725.560000         32            8.615230            9.535130            8.987270      1725.560000 regionprofile            25600            25600            25600       4915200                                                                                                                                                                   
        MPI_Testany           2.004500      4.415230      2.958250   567.983000         30            2.004500            4.415230            2.958250       567.983000 regionprofile           350211           614757           993223     118033524                             8192           8192            62933            76800                                                                                 
        MPI_Irecv             0.140715      0.319017      0.244911    47.023000         29            0.140715            0.319017            0.244911        47.023000 regionprofile            38400            62933            76800      12083200                                                                                                                                                                   
      LPlusTimes              4.851390      5.401440      5.109380   981.002000         27            4.851390            5.401440            5.109380       981.002000 regionprofile              100              100              100         19200                                                                                                                                                                   
      Source                  0.031896      0.074832      0.037528     7.205330         26            0.031896            0.074832            0.037528         7.205330 regionprofile              100              100              100         19200                                                                                                                                                                   
      Scattering             27.538000     30.931000     29.834100  5728.150000         25           27.538000           30.931000           29.834100      5728.150000 regionprofile              100              100              100         19200                                                                                                                                                                   
      LTimes                  4.935000      5.665380      5.307370  1019.010000         24            4.935000            5.665380            5.307370      1019.010000 regionprofile              100              100              100         19200                                                                                                                                                                   
  Generate                    0.078676      0.082386      0.081301    15.609800          2            0.010884            0.014316            0.012482         2.396520 regionprofile                1                1                1           192                                                                                                                                                                   
    MPI_Scan                  0.000091      0.008982      0.004824     0.926193          6            0.000091            0.008982            0.004824         0.926193 regionprofile               16               16               16          3072                16              8              8                                                                                                                   
    MPI_Allreduce             0.019182      0.029844      0.023829     4.575240          4            0.019182            0.029844            0.023829         4.575240 regionprofile               19               19               19          3648                19              8          14753                                                                                                                   
    MPI_Comm_split            0.037683      0.041334      0.040166     7.711810          3            0.037683            0.041334            0.040166         7.711810 regionprofile                7                7                7          1344                                                                                                                                                                   
END
broker.info[0]: rc2.0: /bin/bash /entrypoint.sh Exited (rc=0) 66.5s
broker.info[0]: rc2-success: run->cleanup 1.10836m
broker.info[0]: cleanup.0: flux queue stop --quiet --all --nocheckpoint Exited (rc=0) 0.1s
broker.info[0]: cleanup.1: flux resource acquire-mute Exited (rc=0) 0.1s
broker.info[0]: cleanup.2: flux cancel --user=all --quiet --states RUN Exited (rc=0) 0.1s
broker.info[0]: cleanup.3: flux queue idle --quiet Exited (rc=0) 0.1s
broker.info[0]: cleanup-success: cleanup->shutdown 0.320591s
broker.info[0]: children-complete: shutdown->finalize 48.5892ms
broker.info[0]: rc3.0: running /etc/flux/rc3.d/01-sched-fluxion
broker.info[0]: rc3.0: /etc/flux/rc3 Exited (rc=0) 0.1s
broker.info[0]: rc3-success: finalize->goodbye 82.741ms
broker.info[0]: goodbye: goodbye->exit 0.022797ms
