Defaulted container "kripke" out of: kripke, flux-view (init)
ðŸŸ§ï¸  wait-fs: 2025/09/29 05:28:30 wait-fs.go:40: /mnt/flux/flux-operator-done.txt
ðŸŸ§ï¸  wait-fs: 2025/09/29 05:28:30 wait-fs.go:49: Found existing path /mnt/flux/flux-operator-done.txt

Hello user root

ðŸŒŸï¸ Curve Certificate
curve.cert
#   ****  Generated on 2023-04-26 22:54:42 by CZMQ  ****
#   ZeroMQ CURVE **Secret** Certificate
#   DO NOT PROVIDE THIS FILE TO OTHER USERS nor change its permissions.
    
metadata
    name = "flux-cert-generator"
    keygen.hostname = "kripke-0"
curve
    public-key = "HCRq0rrcky3:W1P5T/o0sG[]No:z#Ay5@T%6QPs{"
    secret-key = "E8J5n)=bI&i^TWTjW]G5]&V^*cIdd)[S/l>Te0<M"

ðŸ“¦ Resources
flux R encode --hosts=kripke-[0-3] --local
{"version": 1, "execution": {"R_lite": [{"rank": "0-3", "children": {"core": "0-47"}}], "starttime": 0.0, "expiration": 0.0, "nodelist": ["kripke-[0-3]"]}}
ðŸ‘‹ Hello, I'm kripke-0
The main host is kripke-0
The working directory is /opt, contents include:
Caliper-2.13.1	flux-core-0.76.0	 flux-sched-0.45.0.tar.gz
adiak		flux-core-0.76.0.tar.gz  prrte
caliper-build	flux-sched-0.45.0	 software
ðŸš©ï¸ Flux Option Flags defined
Command provided is: /bin/bash /entrypoint.sh

ðŸŒ€ Launcher Mode: flux start -o --config /mnt/flux/view/etc/flux/config -Scron.directory=/etc/flux/system/cron.d   -Stbon.fanout=256   -Srundir=/mnt/flux/view/run/flux    -Sstatedir=/mnt/flux/view/var/lib/flux -Slocal-uri=local:///mnt/flux/view/run/flux/local -Stbon.connect_timeout=5s     -Slog-stderr-level=6    -Slog-stderr-mode=local  
broker.info[0]: start: none->join 0.390438ms
broker.info[0]: parent-none: join->init 0.009162ms
cron.info[0]: synchronizing cron tasks to event heartbeat.pulse
job-manager.info[0]: restart: 0 jobs
job-manager.info[0]: restart: 0 running jobs
job-manager.info[0]: restart: checkpoint.job-manager not found
broker.info[0]: rc1.0: running /etc/flux/rc1.d/01-sched-fluxion
sched-fluxion-resource.info[0]: version 0.45.0
sched-fluxion-resource.warning[0]: create_reader: allowlist unsupported
sched-fluxion-resource.info[0]: populate_resource_db: loaded resources from core's resource.acquire
sched-fluxion-qmanager.info[0]: version 0.45.0
broker.info[0]: rc1.0: running /etc/flux/rc1.d/02-cron
broker.info[0]: rc1.0: tab: cron-1 created: scheduled in 77489.344s at Tue Sep 30 03:00:00 2025
broker.info[0]: rc1.0: /etc/flux/rc1 Exited (rc=0) 0.3s
broker.info[0]: rc1-success: init->quorum 0.260399s
broker.info[0]: online: kripke-0 (ranks 0)
broker.info[0]: online: kripke-[0-3] (ranks 0-3)
broker.info[0]: quorum-full: quorum->run 0.67007s
== CALIPER: (0): Available services: adiak_export,adiak_import,aggregate,alloc,allocstats,async_event,cpuinfo,debug,event,io,kokkoslookup,kokkostime,loop_monitor,loop_statistics,memstat,mpi,mpiflush,mpireport,pthread,recorder,region_monitor,report,statistics,sysalloc,timer,timeseries,timestamp,trace,validator
== CALIPER: (0): Initialized
== CALIPER: (0): No manual config specified, disabling default channel
== CALIPER: (0): Creating channel builtin.configmgr
== CALIPER: (0): builtin.configmgr: mpiwrap: Using GOTCHA wrappers.
== CALIPER: (0): builtin.configmgr: Registered MPI service
== CALIPER: (0): builtin.configmgr: Registered mpiflush service
== CALIPER: (0): Creating channel spot
== CALIPER: (0): spot: Registered adiak_import service
== CALIPER: (0): spot: Registered aggregation service
== CALIPER: (0): spot: event: Using region level 0
== CALIPER: (0): spot: event: Marked attribute comm.region
== CALIPER: (0): spot: event: Marked attribute loop
== CALIPER: (0): spot: event: Marked attribute phase
== CALIPER: (0): spot: event: Marked attribute region
== CALIPER: (0): spot: Registered event trigger service
== CALIPER: (0): spot: mpiwrap: Using GOTCHA wrappers.
== CALIPER: (0): spot: Registered MPI service
== CALIPER: (0): spot: Registered timer service
== CALIPER: (0): spot: event: Marked attribute mpi.function
== CALIPER: (0): spot: Enabling MPI message tracing
== CALIPER: (0): Creating channel spot.timeseries
== CALIPER: (0): spot.timeseries: Registered loop_monitor service
== CALIPER: (0): spot.timeseries: Registered timer service
== CALIPER: (0): spot.timeseries: Registered trace service
== CALIPER: (0): Registered builtin ConfigManager
== CALIPER: (0): spot: event: Marked attribute kripke

   _  __       _         _
  | |/ /      (_)       | |
  | ' /  _ __  _  _ __  | | __ ___
  |  <  | '__|| || '_ \ | |/ // _ \ 
  | . \ | |   | || |_) ||   <|  __/
  |_|\_\|_|   |_|| .__/ |_|\_\\___|
                 | |
                 |_|        Version 1.2.5-dev

LLNL-CODE-775068

Copyright (c) 2014-25, Lawrence Livermore National Security, LLC

Kripke is released under the BSD 3-Clause License, please see the
LICENSE file for the full license

This work was produced under the auspices of the U.S. Department of
Energy by Lawrence Livermore National Laboratory under Contract
DE-AC52-07NA27344.

Author: Adam J. Kunen <kunen1@llnl.gov>

Compilation Options:
  Architecture:           Sequential
  Compiler:               /usr/bin/mpicxx
  Compiler Flags:         "-I/opt/Caliper-2.13.1/src/interface/c_fortran -I/opt/Caliper-2.13.1/src/include    "
  Linker Flags:           " "
  CHAI Enabled:           No
  CUDA Enabled:           No
  MPI Enabled:            Yes
  OpenMP Enabled:         No
  Caliper Enabled:        Yes

Input Parameters
================

  Problem Size:
    Zones:                 256 x 192 x 128  (6291456 total)
    Groups:                16
    Legendre Order:        2
    Quadrature Set:        Dummy S2 with 16 points

  Physical Properties:
    Total X-Sec:           sigt=[0.100000, 0.000100, 0.100000]
    Scattering X-Sec:      sigs=[0.050000, 0.000050, 0.050000]

  Solver Options:
    Number iterations:     100

  MPI Decomposition Options:
    Total MPI tasks:       192
    Spatial decomp:        8 x 6 x 4 MPI tasks
    Block solve method:    Sweep

  Per-Task Options:
    DirSets/Directions:    16 sets, 1 directions/set
    GroupSet/Groups:       16 sets, 1 groups/set
    Zone Sets:             1 x 1 x 1
    Architecture:          Sequential
    Data Layout:           DGZ

Generating Problem
==================

== CALIPER: (0): spot: event: Marked attribute iteration#solve
  Decomposition Space:   Procs:      Subdomains (local/global):
  ---------------------  ----------  --------------------------
  (P) Energy:            1           16 / 16
  (Q) Direction:         1           16 / 16
  (R) Space:             192         1 / 192
  (Rx,Ry,Rz) R in XYZ:   8x6x4       1x1x1 / 8x6x4
  (PQR) TOTAL:           192         256 / 49152

  Material Volumes=[8.156490e+03, 1.203726e+05, 2.751471e+06]

  Memory breakdown of Field variables:
  Field Variable            Num Elements    Megabytes
  --------------            ------------    ---------
  data/sigs                         2304        0.018
  dx                                 256        0.002
  dy                                 192        0.001
  dz                                 128        0.001
  ell                                144        0.001
  ell_plus                           144        0.001
  i_plane                        6291456       48.000
  j_plane                        8388608       64.000
  k_plane                       12582912       96.000
  mixelem_to_fraction            6336144       48.341
  phi                          905969664     6912.000
  phi_out                      905969664     6912.000
  psi                         1610612736    12288.000
  quadrature/w                        16        0.000
  quadrature/xcos                     16        0.000
  quadrature/ycos                     16        0.000
  quadrature/zcos                     16        0.000
  rhs                         1610612736    12288.000
  sigt_zonal                   100663296      768.000
  volume                         6291456       48.000
  --------                  ------------    ---------
  TOTAL                       5173721904    39472.366

  Generation Complete!

Steady State Solve
==================

  iter 0: particle count=1.848034e+07, change=1.000000e+00
  iter 1: particle count=2.763117e+07, change=3.311777e-01
  iter 2: particle count=3.215116e+07, change=1.405853e-01
  iter 3: particle count=3.437947e+07, change=6.481531e-02
  iter 4: particle count=3.547582e+07, change=3.090408e-02
  iter 5: particle count=3.601404e+07, change=1.494481e-02
  iter 6: particle count=3.627765e+07, change=7.266538e-03
  iter 7: particle count=3.640647e+07, change=3.538184e-03
  iter 8: particle count=3.646927e+07, change=1.722057e-03
  iter 9: particle count=3.649982e+07, change=8.371104e-04
  iter 10: particle count=3.651466e+07, change=4.063120e-04
  iter 11: particle count=3.652185e+07, change=1.969052e-04
  iter 12: particle count=3.652533e+07, change=9.528010e-05
  iter 13: particle count=3.652701e+07, change=4.604063e-05
  iter 14: particle count=3.652783e+07, change=2.221912e-05
  iter 15: particle count=3.652822e+07, change=1.071054e-05
  iter 16: particle count=3.652841e+07, change=5.157546e-06
  iter 17: particle count=3.652850e+07, change=2.481230e-06
  iter 18: particle count=3.652854e+07, change=1.192677e-06
  iter 19: particle count=3.652856e+07, change=5.728567e-07
  iter 20: particle count=3.652857e+07, change=2.749591e-07
  iter 21: particle count=3.652857e+07, change=1.318916e-07
  iter 22: particle count=3.652858e+07, change=6.322922e-08
  iter 23: particle count=3.652858e+07, change=3.029647e-08
  iter 24: particle count=3.652858e+07, change=1.450974e-08
  iter 25: particle count=3.652858e+07, change=6.946041e-09
  iter 26: particle count=3.652858e+07, change=3.323852e-09
  iter 27: particle count=3.652858e+07, change=1.589959e-09
  iter 28: particle count=3.652858e+07, change=7.602939e-10
  iter 29: particle count=3.652858e+07, change=3.634471e-10
  iter 30: particle count=3.652858e+07, change=1.736909e-10
  iter 31: particle count=3.652858e+07, change=8.298430e-11
  iter 32: particle count=3.652858e+07, change=3.963688e-11
  iter 33: particle count=3.652858e+07, change=1.892741e-11
  iter 34: particle count=3.652858e+07, change=9.038132e-12
  iter 35: particle count=3.652858e+07, change=4.313469e-12
  iter 36: particle count=3.652858e+07, change=2.058831e-12
  iter 37: particle count=3.652858e+07, change=9.829111e-13
  iter 38: particle count=3.652858e+07, change=4.683055e-13
  iter 39: particle count=3.652858e+07, change=2.239544e-13
  iter 40: particle count=3.652858e+07, change=1.066741e-13
  iter 41: particle count=3.652858e+07, change=5.017558e-14
  iter 42: particle count=3.652858e+07, change=2.529176e-14
  iter 43: particle count=3.652858e+07, change=1.121812e-14
  iter 44: particle count=3.652858e+07, change=5.507076e-15
  iter 45: particle count=3.652858e+07, change=3.059487e-15
  iter 46: particle count=3.652858e+07, change=1.223795e-15
  iter 47: particle count=3.652858e+07, change=4.079316e-16
  iter 48: particle count=3.652858e+07, change=4.079316e-16
  iter 49: particle count=3.652858e+07, change=0.000000e+00
  iter 50: particle count=3.652858e+07, change=2.039658e-16
  iter 51: particle count=3.652858e+07, change=0.000000e+00
  iter 52: particle count=3.652858e+07, change=-2.039658e-16
  iter 53: particle count=3.652858e+07, change=2.039658e-16
  iter 54: particle count=3.652858e+07, change=-2.039658e-16
  iter 55: particle count=3.652858e+07, change=2.039658e-16
  iter 56: particle count=3.652858e+07, change=0.000000e+00
  iter 57: particle count=3.652858e+07, change=0.000000e+00
  iter 58: particle count=3.652858e+07, change=0.000000e+00
  iter 59: particle count=3.652858e+07, change=-2.039658e-16
  iter 60: particle count=3.652858e+07, change=2.039658e-16
  iter 61: particle count=3.652858e+07, change=0.000000e+00
  iter 62: particle count=3.652858e+07, change=0.000000e+00
  iter 63: particle count=3.652858e+07, change=0.000000e+00
  iter 64: particle count=3.652858e+07, change=0.000000e+00
  iter 65: particle count=3.652858e+07, change=0.000000e+00
  iter 66: particle count=3.652858e+07, change=0.000000e+00
  iter 67: particle count=3.652858e+07, change=0.000000e+00
  iter 68: particle count=3.652858e+07, change=0.000000e+00
  iter 69: particle count=3.652858e+07, change=0.000000e+00
  iter 70: particle count=3.652858e+07, change=0.000000e+00
  iter 71: particle count=3.652858e+07, change=0.000000e+00
  iter 72: particle count=3.652858e+07, change=0.000000e+00
  iter 73: particle count=3.652858e+07, change=0.000000e+00
  iter 74: particle count=3.652858e+07, change=0.000000e+00
  iter 75: particle count=3.652858e+07, change=0.000000e+00
  iter 76: particle count=3.652858e+07, change=0.000000e+00
  iter 77: particle count=3.652858e+07, change=0.000000e+00
  iter 78: particle count=3.652858e+07, change=0.000000e+00
  iter 79: particle count=3.652858e+07, change=0.000000e+00
  iter 80: particle count=3.652858e+07, change=0.000000e+00
  iter 81: particle count=3.652858e+07, change=0.000000e+00
  iter 82: particle count=3.652858e+07, change=0.000000e+00
  iter 83: particle count=3.652858e+07, change=-2.039658e-16
  iter 84: particle count=3.652858e+07, change=2.039658e-16
  iter 85: particle count=3.652858e+07, change=0.000000e+00
  iter 86: particle count=3.652858e+07, change=0.000000e+00
  iter 87: particle count=3.652858e+07, change=0.000000e+00
  iter 88: particle count=3.652858e+07, change=0.000000e+00
  iter 89: particle count=3.652858e+07, change=0.000000e+00
  iter 90: particle count=3.652858e+07, change=0.000000e+00
  iter 91: particle count=3.652858e+07, change=-2.039658e-16
  iter 92: particle count=3.652858e+07, change=2.039658e-16
  iter 93: particle count=3.652858e+07, change=0.000000e+00
  iter 94: particle count=3.652858e+07, change=0.000000e+00
  iter 95: particle count=3.652858e+07, change=0.000000e+00
  iter 96: particle count=3.652858e+07, change=0.000000e+00
  iter 97: particle count=3.652858e+07, change=0.000000e+00
  iter 98: particle count=3.652858e+07, change=0.000000e+00
  iter 99: particle count=3.652858e+07, change=0.000000e+00
== CALIPER: (0): builtin.configmgr: Flushing Caliper data
  Solver terminated
== CALIPER: (0): spot: CustomOutputController::flush(): using MPI

== CALIPER: (0): OutputCommMpi: MPI is available
Timers
======

  Timer                    Count       Seconds
  ----------------  ------------  ------------
  Generate                     1       0.08239
  LPlusTimes                 100       5.23444
  LTimes                     100       5.08196
  Population                 100       2.51531
  Scattering                 100      28.63985
  Solve                        1      62.60106
  Source                     100       0.03315
  SweepSolver                100      16.26081
  SweepSubdomain           25600       8.98085

TIMER_NAMES:Generate,LPlusTimes,LTimes,Population,Scattering,Solve,Source,SweepSolver,SweepSubdomain
TIMER_DATA:0.082388,5.234440,5.081956,2.515309,28.639852,62.601060,0.033146,16.260810,8.980854

Figures of Merit
================

== CALIPER: (0): spot: Flushing Caliper data
  Throughput:         2.572820e+09 [unknowns/(second/iteration)]
  Grind time :        3.886785e-10 [(seconds/iteration)/unknowns]
  Sweep efficiency :  55.23005 [100.0 * SweepSubdomain time / SweepSolver time]
  Number of unknowns: 1610612736
== CALIPER: (0): spot: adiak_import: Imported 29 adiak values
== CALIPER: (0): spot: Aggregate: flushed 44 snapshots.
== CALIPER: (0): spot.timeseries: trace: Flushed 102 snapshots.
== CALIPER: (0): spot.timeseries: trace: Flushed 102 snapshots.
== CALIPER: (0): spot: Wrote 413 records.
== CALIPER: (0): Finalizing ... 

== CALIPER: (0): builtin.configmgr: Flushing Caliper data
END
== CALIPER: (0): Releasing channel builtin.configmgr
== CALIPER: (0): builtin.configmgr: Finishing mpi service
== CALIPER: (0): builtin.configmgr channel blackboard: max 2 entries (0.195886% occupancy).
== CALIPER: (0): CaliperMetadataDB: stored 406 nodes, 257 strings.
== CALIPER: (0): Releasing channel spot.timeseries
== CALIPER: (0): spot.timeseries: loop_monitor: Triggered 102 snapshots.
== CALIPER: (0): spot.timeseries: trace: 2 MiB reserved, 3.51172 KiB used, 1 chunks.
== CALIPER: (0): spot.timeseries: Trace: 1 thread trace buffers acquired, 0 retired, 0 released.
== CALIPER: (0): spot.timeseries channel blackboard: max 1 entries (0.0979432% occupancy).
== CALIPER: (0): Releasing channel spot
== CALIPER: (0): spot: Aggregate: Releasing aggregation DB.
  max hash len: 2, 52 entries, 408 kernels, 1.5 MiB reserved.
== CALIPER: (0): spot: Finishing mpi service
== CALIPER: (0): spot channel blackboard: max 1 entries (0.0979432% occupancy).
== CALIPER: (0): Releasing Caliper global data.
  Max active channels: 2
== CALIPER: (0): Process blackboard: max 4 entries (0.391773% occupancy).
== CALIPER: (0): Releasing Caliper thread data: 
  Metadata tree: 2 blocks, 385 nodes
   Metadata memory pool: 1 MiB reserved, 43.0479 KiB used
  Thread blackboard: max 4 entries (0.391773% occupancy).
== CALIPER: (0): Finished

START
/opt/caliper-build/src/tools/cali-query/cali-query -Gj /data/out.cali
[
{"adiakversion":"0.5.0","architecture":"Sequential","cali.caliper.version":"2.13.1","cali.channel":"spot","cluster":"kripke-","cmdline":"[kripke,--layout,DGZ,--dset,16,--gset,16,--groups,16,--niter,100,--legendre,2,--quad,16,--zones,256,192,128,--procs,8,6,4]","compiler":"/usr/bin/mpicxx","compiler_flags":"-I/opt/Caliper-2.13.1/src/interface/c_fortran -I/opt/Caliper-2.13.1/src/include    ","dset":"16","executable":"kripke","executablepath":"/usr/local/bin/kripke","grind_time":"0.000000","groups":"16","hostname":"kripke-0","iterations":"100","jobsize":"1","launchdate":"1759123711","launchday":"1759104000","layout":"DGZ","legendre_order":"2","libraries":"[linux-vdso.so.1,/lib/x86_64-linux-gnu/libcaliper.so.2,/lib/x86_64-linux-gnu/libmpi_cxx.so.40,/lib/x86_64-linux-gnu/libmpi.so.40,/lib/x86_64-linux-gnu/libstdc++.so.6,/lib/x86_64-linux-gnu/libm.so.6,/lib/x86_64-linux-gnu/libgcc_s.so.1,/lib/x86_64-linux-gnu/libc.so.6,/usr/lib/x86_64-linux-gnu/libgfortran.so.5,/lib64/ld-linux-x86-64.so.2,/lib/x86_64-linux-gnu/libopen-pal.so.40,/lib/x86_64-linux-gnu/libopen-rte.so.40,/lib/x86_64-linux-gnu/libhwloc.so.15,/lib/x86_64-linux-gnu/libevent_core-2.1.so.7,/lib/x86_64-linux-gnu/libevent_pthreads-2.1.so.7,/lib/x86_64-linux-gnu/libz.so.1,/lib/x86_64-linux-gnu/libudev.so.1,/lib/x86_64-linux-gnu/libcap.so.2,/usr/lib/x86_64-linux-gnu/openmpi/lib/openmpi3/mca_shmem_mmap.so,/usr/lib/x86_64-linux-gnu/openmpi/lib/openmpi3/mca_reachable_netlink.so,/lib/x86_64-linux-gnu/libnl-3.so.200,/usr/lib/x86_64-linux-gnu/openmpi/lib/openmpi3/mca_schizo_jsm.so,/usr/lib/x86_64-linux-gnu/openmpi/lib/openmpi3/mca_schizo_flux.so,/usr/lib/x86_64-linux-gnu/openmpi/lib/openmpi3/mca_schizo_slurm.so,/usr/lib/x86_64-linux-gnu/openmpi/lib/openmpi3/mca_schizo_orte.so,/usr/lib/x86_64-linux-gnu/openmpi/lib/openmpi3/mca_schizo_ompi.so,/usr/lib/x86_64-linux-gnu/openmpi/lib/openmpi3/mca_ess_pmi.so,/usr/lib/x86_64-linux-gnu/openmpi/lib/openmpi3/mca_pmix_flux.so,/usr/lib/flux/libpmi.so,/lib/libflux-taskmap.so.1,/lib/libflux-idset.so.1,/lib/x86_64-linux-gnu/libjansson.so.4,/usr/lib/x86_64-linux-gnu/openmpi/lib/openmpi3/mca_state_app.so,/usr/lib/x86_64-linux-gnu/openmpi/lib/openmpi3/mca_errmgr_default_app.so,/usr/lib/x86_64-linux-gnu/hwloc/hwloc_xml_libxml.so,/lib/x86_64-linux-gnu/libxml2.so.2,/lib/x86_64-linux-gnu/libicuuc.so.74,/lib/x86_64-linux-gnu/liblzma.so.5,/lib/x86_64-linux-gnu/libicudata.so.74,/usr/lib/x86_64-linux-gnu/hwloc/hwloc_gl.so,/lib/x86_64-linux-gnu/libXNVCtrl.so.0,/lib/x86_64-linux-gnu/libX11.so.6,/lib/x86_64-linux-gnu/libXext.so.6,/lib/x86_64-linux-gnu/libxcb.so.1,/lib/x86_64-linux-gnu/libXau.so.6,/lib/x86_64-linux-gnu/libXdmcp.so.6,/lib/x86_64-linux-gnu/libbsd.so.0,/lib/x86_64-linux-gnu/libmd.so.0,/usr/lib/x86_64-linux-gnu/hwloc/hwloc_pci.so,/lib/x86_64-linux-gnu/libpciaccess.so.0,/usr/lib/x86_64-linux-gnu/hwloc/hwloc_opencl.so,/lib/x86_64-linux-gnu/libOpenCL.so.1,/usr/lib/x86_64-linux-gnu/openmpi/lib/openmpi3/mca_op_avx.so,/usr/lib/x86_64-linux-gnu/openmpi/lib/openmpi3/mca_allocator_basic.so,/usr/lib/x86_64-linux-gnu/openmpi/lib/openmpi3/mca_allocator_bucket.so,/usr/lib/x86_64-linux-gnu/openmpi/lib/openmpi3/mca_rcache_grdma.so,/usr/lib/x86_64-linux-gnu/openmpi/lib/openmpi3/mca_mpool_hugepage.so,/usr/lib/x86_64-linux-gnu/openmpi/lib/openmpi3/mca_bml_r2.so,/usr/lib/x86_64-linux-gnu/openmpi/lib/openmpi3/mca_btl_vader.so,/usr/lib/x86_64-linux-gnu/openmpi/lib/openmpi3/mca_btl_tcp.so,/usr/lib/x86_64-linux-gnu/openmpi/lib/openmpi3/mca_btl_sm.so,/usr/lib/x86_64-linux-gnu/openmpi/lib/openmpi3/mca_btl_self.so,/usr/lib/x86_64-linux-gnu/openmpi/lib/openmpi3/mca_pml_ob1.so,/usr/lib/x86_64-linux-gnu/openmpi/lib/openmpi3/mca_coll_sync.so,/usr/lib/x86_64-linux-gnu/openmpi/lib/openmpi3/mca_coll_sm.so,/lib/x86_64-linux-gnu/libmca_common_sm.so.40,/usr/lib/x86_64-linux-gnu/openmpi/lib/openmpi3/mca_coll_libnbc.so,/usr/lib/x86_64-linux-gnu/openmpi/lib/openmpi3/mca_coll_self.so,/usr/lib/x86_64-linux-gnu/openmpi/lib/openmpi3/mca_coll_han.so,/usr/lib/x86_64-linux-gnu/openmpi/lib/openmpi3/mca_coll_tuned.so,/usr/lib/x86_64-linux-gnu/openmpi/lib/openmpi3/mca_coll_inter.so,/usr/lib/x86_64-linux-gnu/openmpi/lib/openmpi3/mca_coll_basic.so,/usr/lib/x86_64-linux-gnu/openmpi/lib/openmpi3/mca_coll_adapt.so,/usr/lib/x86_64-linux-gnu/openmpi/lib/openmpi3/mca_osc_rdma.so,/usr/lib/x86_64-linux-gnu/openmpi/lib/openmpi3/mca_osc_sm.so]","mpi.world.size":"192","num_unknowns":"1610612736","numhosts":"1","opts:mpi.message.count":"true","opts:mpi.message.size":"true","opts:node.order":"true","opts:output":"/data/out.cali","opts:profile.mpi":"true","opts:region.count":"true","opts:time.exclusive":"true","opts:timeseries":"true","opts:timeseries.iteration_interval":"1","opts:timeseries.maxrows":"500","parallel_method":"sweep","procs":"{8,6,4}","spot.channels":"regionprofile,timeseries","spot.format.version":"2","spot.metrics":"min#inclusive#sum#time.duration,max#inclusive#sum#time.duration,avg#inclusive#sum#time.duration,sum#inclusive#sum#time.duration,avg#sum#mmc.send,max#sum#mmc.send,avg#sum#mmc.recv,max#sum#mmc.recv,max#sum#mmc.coll,min#min#mms.min,avg#avg#mms.avg,max#max#mms.avg,min#min#aggregate.slot,min#sum#rc.count,avg#sum#rc.count,max#sum#rc.count,sum#sum#rc.count,min#scale#sum#time.duration.ns,max#scale#sum#time.duration.ns,avg#scale#sum#time.duration.ns,sum#scale#sum#time.duration.ns","spot.options":"profile.mpi,timeseries,mpi.message.count,mpi.message.size,node.order,region.count,time.exclusive","spot.timeseries.metrics":"max#sum#loop.iterations,max#scale#time.duration.ns,avg#ratio#loop.iterations/time.duration.ns","sweep_eff":"55.230100","throughput":"2572820000.000000","uid":"root","user":"root","working_directory":"/opt","zones":"{256,192,128}"}
]
END

START
/opt/caliper-build/src/tools/cali-query/cali-query -T /data/out.cali
Path                     Min time/rank Max time/rank Avg time/rank Total time   Node order Min time/rank (exc) Max time/rank (exc) Avg time/rank (exc) Total time (exc) spot.channel  Calls/rank (min) Calls/rank (avg) Calls/rank (max) Calls (total) Collectives (max) Msg size (min) Msg size (avg) Msgs recvd (avg) Msgs recvd (max) Msgs sent (avg) Msgs sent (max) block max#sum#loop.iterations Time (s) Iter/s   
solve                    
 |-                                                                                                                                                                     timeseries                                                                                                                                                                                           0                       1 0.652324 1.534060 
 |-                                                                                                                                                                     timeseries                                                                                                                                                                                           1                       1 0.620975 1.610530 
 |-                                                                                                                                                                     timeseries                                                                                                                                                                                           2                       1 0.631040 1.584830 
 |-                                                                                                                                                                     timeseries                                                                                                                                                                                           3                       1 0.628127 1.592250 
 |-                                                                                                                                                                     timeseries                                                                                                                                                                                           4                       1 0.624980 1.600580 
 |-                                                                                                                                                                     timeseries                                                                                                                                                                                           5                       1 0.623379 1.604280 
 |-                                                                                                                                                                     timeseries                                                                                                                                                                                           6                       1 0.629160 1.589600 
 |-                                                                                                                                                                     timeseries                                                                                                                                                                                           7                       1 0.631945 1.582560 
 |-                                                                                                                                                                     timeseries                                                                                                                                                                                           8                       1 0.626809 1.595630 
 |-                                                                                                                                                                     timeseries                                                                                                                                                                                           9                       1 0.618599 1.616710 
 |-                                                                                                                                                                     timeseries                                                                                                                                                                                          10                       1 0.624469 1.601570 
 |-                                                                                                                                                                     timeseries                                                                                                                                                                                          11                       1 0.626320 1.596760 
 |-                                                                                                                                                                     timeseries                                                                                                                                                                                          12                       1 0.620061 1.612820 
 |-                                                                                                                                                                     timeseries                                                                                                                                                                                          13                       1 0.617842 1.618660 
 |-                                                                                                                                                                     timeseries                                                                                                                                                                                          14                       1 0.625369 1.599200 
 |-                                                                                                                                                                     timeseries                                                                                                                                                                                          15                       1 0.631914 1.587990 
 |-                                                                                                                                                                     timeseries                                                                                                                                                                                          16                       1 0.628679 1.602270 
 |-                                                                                                                                                                     timeseries                                                                                                                                                                                          17                       1 0.621540 1.608990 
 |-                                                                                                                                                                     timeseries                                                                                                                                                                                          18                       1 0.623104 1.608000 
 |-                                                                                                                                                                     timeseries                                                                                                                                                                                          19                       1 0.624017 1.604330 
 |-                                                                                                                                                                     timeseries                                                                                                                                                                                          20                       1 0.623496 1.603990 
 |-                                                                                                                                                                     timeseries                                                                                                                                                                                          21                       1 0.619307 1.614790 
 |-                                                                                                                                                                     timeseries                                                                                                                                                                                          22                       1 0.612358 1.633160 
 |-                                                                                                                                                                     timeseries                                                                                                                                                                                          23                       1 0.625453 1.598970 
 |-                                                                                                                                                                     timeseries                                                                                                                                                                                          24                       1 0.628041 1.602930 
 |-                                                                                                                                                                     timeseries                                                                                                                                                                                          25                       1 0.628827 1.593130 
 |-                                                                                                                                                                     timeseries                                                                                                                                                                                          26                       1 0.617888 1.618510 
 |-                                                                                                                                                                     timeseries                                                                                                                                                                                          27                       1 0.616284 1.622740 
 |-                                                                                                                                                                     timeseries                                                                                                                                                                                          28                       1 0.626814 1.595500 
 |-                                                                                                                                                                     timeseries                                                                                                                                                                                          29                       1 0.635560 1.573540 
 |-                                                                                                                                                                     timeseries                                                                                                                                                                                          30                       1 0.626583 1.596100 
 |-                                                                                                                                                                     timeseries                                                                                                                                                                                          31                       1 0.628825 1.590410 
 |-                                                                                                                                                                     timeseries                                                                                                                                                                                          32                       1 0.631914 1.582610 
 |-                                                                                                                                                                     timeseries                                                                                                                                                                                          33                       1 0.620649 1.611300 
 |-                                                                                                                                                                     timeseries                                                                                                                                                                                          34                       1 0.624504 1.601390 
 |-                                                                                                                                                                     timeseries                                                                                                                                                                                          35                       1 0.628863 1.590290 
 |-                                                                                                                                                                     timeseries                                                                                                                                                                                          36                       1 0.628200 1.591990 
 |-                                                                                                                                                                     timeseries                                                                                                                                                                                          37                       1 0.621729 1.608500 
 |-                                                                                                                                                                     timeseries                                                                                                                                                                                          38                       1 0.618230 1.617650 
 |-                                                                                                                                                                     timeseries                                                                                                                                                                                          39                       1 0.629406 1.588950 
 |-                                                                                                                                                                     timeseries                                                                                                                                                                                          40                       1 0.624607 1.601210 
 |-                                                                                                                                                                     timeseries                                                                                                                                                                                          41                       1 0.625024 1.600430 
 |-                                                                                                                                                                     timeseries                                                                                                                                                                                          42                       1 0.622666 1.606130 
 |-                                                                                                                                                                     timeseries                                                                                                                                                                                          43                       1 0.625365 1.599240 
 |-                                                                                                                                                                     timeseries                                                                                                                                                                                          44                       1 0.627284 1.594330 
 |-                                                                                                                                                                     timeseries                                                                                                                                                                                          45                       1 0.624788 1.601120 
 |-                                                                                                                                                                     timeseries                                                                                                                                                                                          46                       1 0.617784 1.618770 
 |-                                                                                                                                                                     timeseries                                                                                                                                                                                          47                       1 0.631074 1.584740 
 |-                                                                                                                                                                     timeseries                                                                                                                                                                                          48                       1 0.628798 1.590480 
 |-                                                                                                                                                                     timeseries                                                                                                                                                                                          49                       1 0.622509 1.606510 
 |-                                                                                                                                                                     timeseries                                                                                                                                                                                          50                       1 0.623061 1.605110 
 |-                                                                                                                                                                     timeseries                                                                                                                                                                                          51                       1 0.628002 1.592540 
 |-                                                                                                                                                                     timeseries                                                                                                                                                                                          52                       1 0.634041 1.577310 
 |-                                                                                                                                                                     timeseries                                                                                                                                                                                          53                       1 0.616643 1.621790 
 |-                                                                                                                                                                     timeseries                                                                                                                                                                                          54                       1 0.621749 1.608430 
 |-                                                                                                                                                                     timeseries                                                                                                                                                                                          55                       1 0.640248 1.561960 
 |-                                                                                                                                                                     timeseries                                                                                                                                                                                          56                       1 0.623797 1.603220 
 |-                                                                                                                                                                     timeseries                                                                                                                                                                                          57                       1 0.624347 1.601790 
 |-                                                                                                                                                                     timeseries                                                                                                                                                                                          58                       1 0.631645 1.583330 
 |-                                                                                                                                                                     timeseries                                                                                                                                                                                          59                       1 0.621214 1.609850 
 |-                                                                                                                                                                     timeseries                                                                                                                                                                                          60                       1 0.631126 1.584600 
 |-                                                                                                                                                                     timeseries                                                                                                                                                                                          61                       1 0.620309 1.612220 
 |-                                                                                                                                                                     timeseries                                                                                                                                                                                          62                       1 0.631831 1.582850 
 |-                                                                                                                                                                     timeseries                                                                                                                                                                                          63                       1 0.632883 1.580210 
 |-                                                                                                                                                                     timeseries                                                                                                                                                                                          64                       1 0.625109 1.599830 
 |-                                                                                                                                                                     timeseries                                                                                                                                                                                          65                       1 0.623014 1.605220 
 |-                                                                                                                                                                     timeseries                                                                                                                                                                                          66                       1 0.635694 1.573180 
 |-                                                                                                                                                                     timeseries                                                                                                                                                                                          67                       1 0.632853 1.580250 
 |-                                                                                                                                                                     timeseries                                                                                                                                                                                          68                       1 0.622208 1.607290 
 |-                                                                                                                                                                     timeseries                                                                                                                                                                                          69                       1 0.628453 1.591350 
 |-                                                                                                                                                                     timeseries                                                                                                                                                                                          70                       1 0.636770 1.570550 
 |-                                                                                                                                                                     timeseries                                                                                                                                                                                          71                       1 0.627587 1.593550 
 |-                                                                                                                                                                     timeseries                                                                                                                                                                                          72                       1 0.630792 1.585480 
 |-                                                                                                                                                                     timeseries                                                                                                                                                                                          73                       1 0.635188 1.574510 
 |-                                                                                                                                                                     timeseries                                                                                                                                                                                          74                       1 0.625170 1.599700 
 |-                                                                                                                                                                     timeseries                                                                                                                                                                                          75                       1 0.623016 1.605200 
 |-                                                                                                                                                                     timeseries                                                                                                                                                                                          76                       1 0.629325 1.589110 
 |-                                                                                                                                                                     timeseries                                                                                                                                                                                          77                       1 0.631258 1.584250 
 |-                                                                                                                                                                     timeseries                                                                                                                                                                                          78                       1 0.619074 1.615410 
 |-                                                                                                                                                                     timeseries                                                                                                                                                                                          79                       1 0.621351 1.609490 
 |-                                                                                                                                                                     timeseries                                                                                                                                                                                          80                       1 0.622596 1.606290 
 |-                                                                                                                                                                     timeseries                                                                                                                                                                                          81                       1 0.626646 1.595950 
 |-                                                                                                                                                                     timeseries                                                                                                                                                                                          82                       1 0.626203 1.597430 
 |-                                                                                                                                                                     timeseries                                                                                                                                                                                          83                       1 0.619642 1.613950 
 |-                                                                                                                                                                     timeseries                                                                                                                                                                                          84                       1 0.624152 1.602320 
 |-                                                                                                                                                                     timeseries                                                                                                                                                                                          85                       1 0.617971 1.618320 
 |-                                                                                                                                                                     timeseries                                                                                                                                                                                          86                       1 0.632972 1.579980 
 |-                                                                                                                                                                     timeseries                                                                                                                                                                                          87                       1 0.622607 1.606240 
 |-                                                                                                                                                                     timeseries                                                                                                                                                                                          88                       1 0.623891 1.602990 
 |-                                                                                                                                                                     timeseries                                                                                                                                                                                          89                       1 0.623115 1.604940 
 |-                                                                                                                                                                     timeseries                                                                                                                                                                                          90                       1 0.627990 1.592520 
 |-                                                                                                                                                                     timeseries                                                                                                                                                                                          91                       1 0.615727 1.624230 
 |-                                                                                                                                                                     timeseries                                                                                                                                                                                          92                       1 0.622759 1.605830 
 |-                                                                                                                                                                     timeseries                                                                                                                                                                                          93                       1 0.627325 1.594200 
 |-                                                                                                                                                                     timeseries                                                                                                                                                                                          94                       1 0.628434 1.591360 
 |-                                                                                                                                                                     timeseries                                                                                                                                                                                          95                       1 0.626233 1.597030 
 |-                                                                                                                                                                     timeseries                                                                                                                                                                                          96                       1 0.629627 1.588410 
 |-                                                                                                                                                                     timeseries                                                                                                                                                                                          97                       1 0.629420 1.604820 
 |-                                                                                                                                                                     timeseries                                                                                                                                                                                          98                       1 0.628328 1.592800 
 |-                                                                                                                                                                     timeseries                                                                                                                                                                                          99                       1 0.616571 1.622000 
main                         62.683600     62.686300     62.685200 12035.600000          1            0.001341            0.001485            0.001376         0.264161 regionprofile                                                                                                                                                                                                                                    
  MPI_Comm_dup                0.000632      0.000810      0.000741     0.142349         43            0.000632            0.000810            0.000741         0.142349 regionprofile                1                1                1           192                                                                                                                                                                   
  MPI_Finalized               0.000003      0.000008      0.000003     0.000623         42            0.000003            0.000008            0.000003         0.000623 regionprofile                1                1                1           192                                                                                                                                                                   
  MPI_Initialized             0.000003      0.000008      0.000004     0.000770         41            0.000003            0.000008            0.000004         0.000770 regionprofile                1                1                1           192                                                                                                                                                                   
  MPI_Finalize                0.000007      0.000022      0.000008     0.001613         40            0.000007            0.000022            0.000008         0.001613 regionprofile                1                1                1           192                                                                                                                                                                   
  Solve                      62.600800     62.601300     62.601100 12019.400000         22            0.033729            0.034355            0.034039         6.535440 regionprofile                1                1                1           192                                                                                                                                                                   
    solve                    62.566500     62.567500     62.567000 12012.900000         23            4.584880            5.067760            4.906530       942.054000 regionprofile              101              101              101         19392                                                                                                                                                                   
      Population              2.067350      2.641010      2.367690   454.596000         37            1.688850            1.809280            1.747430       335.506000 regionprofile              100              100              100         19200                                                                                                                                                                   
        MPI_Allreduce         0.337317      0.925744      0.620262   119.090000         38            0.337317            0.925744            0.620262       119.090000 regionprofile              100              100              100         19200               100              8              8                                                                                                                   
      SweepSolver            13.720700     17.492900     15.100600  2899.320000         28            1.836510            3.666280            2.448380       470.088000 regionprofile              100              100              100         19200                                                                                                                                                                   
        MPI_Waitall           0.005693      0.040991      0.013235     2.541070         36            0.005693            0.040991            0.013235         2.541070 regionprofile              100              100              100         19200                                                                                                                                                                   
        MPI_Isend             0.213204      0.548269      0.412784    79.254500         33            0.213204            0.548269            0.412784        79.254500 regionprofile            38400            62933            76800      12083200                             8192           8192                                             62933           76800                                                 
        sweepSubdomain        8.562680      9.723590      9.097880  1746.790000         31            0.143202            0.170415            0.151753        29.136700 regionprofile            25600            25600            25600       4915200                                                                                                                                                                   
          SweepSubdomain      8.419320      9.561720      8.946130  1717.660000         32            8.419320            9.561720            8.946130      1717.660000 regionprofile            25600            25600            25600       4915200                                                                                                                                                                   
        MPI_Testany           2.023840      4.433880      2.882630   553.466000         30            2.023840            4.433880            2.882630       553.466000 regionprofile           340722           589603           975215     113203859                             8192           8192            62933            76800                                                                                 
        MPI_Irecv             0.148408      0.315719      0.245707    47.175700         29            0.148408            0.315719            0.245707        47.175700 regionprofile            38400            62933            76800      12083200                                                                                                                                                                   
      LPlusTimes              4.852900      5.460840      5.122570   983.533000         27            4.852900            5.460840            5.122570       983.533000 regionprofile              100              100              100         19200                                                                                                                                                                   
      Source                  0.032071      0.072212      0.037248     7.151520         26            0.032071            0.072212            0.037248         7.151520 regionprofile              100              100              100         19200                                                                                                                                                                   
      Scattering             27.364700     30.743600     29.713400  5704.980000         25           27.364700           30.743600           29.713400      5704.980000 regionprofile              100              100              100         19200                                                                                                                                                                   
      LTimes                  4.992750      5.643220      5.318920  1021.230000         24            4.992750            5.643220            5.318920      1021.230000 regionprofile              100              100              100         19200                                                                                                                                                                   
  Generate                    0.080522      0.083108      0.081990    15.742100          2            0.010844            0.014208            0.012412         2.383090 regionprofile                1                1                1           192                                                                                                                                                                   
    MPI_Scan                  0.000096      0.009503      0.005402     1.037260          6            0.000096            0.009503            0.005402         1.037260 regionprofile               16               16               16          3072                16              8              8                                                                                                                   
    MPI_Allreduce             0.018760      0.029900      0.023303     4.474250          4            0.018760            0.029900            0.023303         4.474250 regionprofile               19               19               19          3648                19              8          14753                                                                                                                   
    MPI_Comm_split            0.039277      0.042003      0.040872     7.847490          3            0.039277            0.042003            0.040872         7.847490 regionprofile                7                7                7          1344                                                                                                                                                                   
END
broker.info[0]: rc2.0: /bin/bash /entrypoint.sh Exited (rc=0) 65.9s
broker.info[0]: rc2-success: run->cleanup 1.09914m
broker.info[0]: cleanup.0: flux queue stop --quiet --all --nocheckpoint Exited (rc=0) 0.1s
broker.info[0]: cleanup.1: flux resource acquire-mute Exited (rc=0) 0.1s
broker.info[0]: cleanup.2: flux cancel --user=all --quiet --states RUN Exited (rc=0) 0.1s
broker.info[0]: cleanup.3: flux queue idle --quiet Exited (rc=0) 0.1s
broker.info[0]: cleanup-success: cleanup->shutdown 0.31104s
broker.info[0]: children-complete: shutdown->finalize 46.043ms
broker.info[0]: rc3.0: running /etc/flux/rc3.d/01-sched-fluxion
broker.info[0]: rc3.0: /etc/flux/rc3 Exited (rc=0) 0.1s
broker.info[0]: rc3-success: finalize->goodbye 77.2681ms
broker.info[0]: goodbye: goodbye->exit 0.019814ms
