Defaulted container "kripke" out of: kripke, flux-view (init)
ðŸŸ§ï¸  wait-fs: 2025/09/29 05:29:47 wait-fs.go:40: /mnt/flux/flux-operator-done.txt
ðŸŸ§ï¸  wait-fs: 2025/09/29 05:29:47 wait-fs.go:49: Found existing path /mnt/flux/flux-operator-done.txt

Hello user root

ðŸŒŸï¸ Curve Certificate
curve.cert
#   ****  Generated on 2023-04-26 22:54:42 by CZMQ  ****
#   ZeroMQ CURVE **Secret** Certificate
#   DO NOT PROVIDE THIS FILE TO OTHER USERS nor change its permissions.
    
metadata
    name = "flux-cert-generator"
    keygen.hostname = "kripke-0"
curve
    public-key = "Z6dJCPv7c7+!n>AkT-={Yt4m4bG@i^H+-ah7SH#2"
    secret-key = "/{vk:L6ww>).NFxLP=wX/n?mz&&IwMTN@/>bLwjl"

ðŸ“¦ Resources
flux R encode --hosts=kripke-[0-3] --local
{"version": 1, "execution": {"R_lite": [{"rank": "0-3", "children": {"core": "0-47"}}], "starttime": 0.0, "expiration": 0.0, "nodelist": ["kripke-[0-3]"]}}
ðŸ‘‹ Hello, I'm kripke-0
The main host is kripke-0
The working directory is /opt, contents include:
Caliper-2.13.1	flux-core-0.76.0	 flux-sched-0.45.0.tar.gz
adiak		flux-core-0.76.0.tar.gz  prrte
caliper-build	flux-sched-0.45.0	 software
ðŸš©ï¸ Flux Option Flags defined
Command provided is: /bin/bash /entrypoint.sh

ðŸŒ€ Launcher Mode: flux start -o --config /mnt/flux/view/etc/flux/config -Scron.directory=/etc/flux/system/cron.d   -Stbon.fanout=256   -Srundir=/mnt/flux/view/run/flux    -Sstatedir=/mnt/flux/view/var/lib/flux -Slocal-uri=local:///mnt/flux/view/run/flux/local -Stbon.connect_timeout=5s     -Slog-stderr-level=6    -Slog-stderr-mode=local  
broker.info[0]: start: none->join 0.397087ms
broker.info[0]: parent-none: join->init 0.009003ms
cron.info[0]: synchronizing cron tasks to event heartbeat.pulse
job-manager.info[0]: restart: 0 jobs
job-manager.info[0]: restart: 0 running jobs
job-manager.info[0]: restart: checkpoint.job-manager not found
broker.info[0]: rc1.0: running /etc/flux/rc1.d/01-sched-fluxion
sched-fluxion-resource.info[0]: version 0.45.0
sched-fluxion-resource.warning[0]: create_reader: allowlist unsupported
sched-fluxion-resource.info[0]: populate_resource_db: loaded resources from core's resource.acquire
sched-fluxion-qmanager.info[0]: version 0.45.0
broker.info[0]: rc1.0: running /etc/flux/rc1.d/02-cron
broker.info[0]: rc1.0: tab: cron-1 created: scheduled in 77412.045s at Tue Sep 30 03:00:00 2025
broker.info[0]: rc1.0: /etc/flux/rc1 Exited (rc=0) 0.3s
broker.info[0]: rc1-success: init->quorum 0.269597s
broker.info[0]: online: kripke-0 (ranks 0)
broker.info[0]: online: kripke-[0-3] (ranks 0-3)
broker.info[0]: quorum-full: quorum->run 1.3074s
== CALIPER: (0): Available services: adiak_export,adiak_import,aggregate,alloc,allocstats,async_event,cpuinfo,debug,event,io,kokkoslookup,kokkostime,loop_monitor,loop_statistics,memstat,mpi,mpiflush,mpireport,pthread,recorder,region_monitor,report,statistics,sysalloc,timer,timeseries,timestamp,trace,validator
== CALIPER: (0): Initialized
== CALIPER: (0): No manual config specified, disabling default channel
== CALIPER: (0): Creating channel builtin.configmgr
== CALIPER: (0): builtin.configmgr: mpiwrap: Using GOTCHA wrappers.
== CALIPER: (0): builtin.configmgr: Registered MPI service
== CALIPER: (0): builtin.configmgr: Registered mpiflush service
== CALIPER: (0): Creating channel spot
== CALIPER: (0): spot: Registered adiak_import service
== CALIPER: (0): spot: Registered aggregation service
== CALIPER: (0): spot: event: Using region level 0
== CALIPER: (0): spot: event: Marked attribute comm.region
== CALIPER: (0): spot: event: Marked attribute loop
== CALIPER: (0): spot: event: Marked attribute phase
== CALIPER: (0): spot: event: Marked attribute region
== CALIPER: (0): spot: Registered event trigger service
== CALIPER: (0): spot: mpiwrap: Using GOTCHA wrappers.
== CALIPER: (0): spot: Registered MPI service
== CALIPER: (0): spot: Registered timer service
== CALIPER: (0): spot: event: Marked attribute mpi.function
== CALIPER: (0): spot: Enabling MPI message tracing
== CALIPER: (0): Creating channel spot.timeseries
== CALIPER: (0): spot.timeseries: Registered loop_monitor service
== CALIPER: (0): spot.timeseries: Registered timer service
== CALIPER: (0): spot.timeseries: Registered trace service
== CALIPER: (0): Registered builtin ConfigManager
== CALIPER: (0): spot: event: Marked attribute kripke

   _  __       _         _
  | |/ /      (_)       | |
  | ' /  _ __  _  _ __  | | __ ___
  |  <  | '__|| || '_ \ | |/ // _ \ 
  | . \ | |   | || |_) ||   <|  __/
  |_|\_\|_|   |_|| .__/ |_|\_\\___|
                 | |
                 |_|        Version 1.2.5-dev

LLNL-CODE-775068

Copyright (c) 2014-25, Lawrence Livermore National Security, LLC

Kripke is released under the BSD 3-Clause License, please see the
LICENSE file for the full license

This work was produced under the auspices of the U.S. Department of
Energy by Lawrence Livermore National Laboratory under Contract
DE-AC52-07NA27344.

Author: Adam J. Kunen <kunen1@llnl.gov>

Compilation Options:
  Architecture:           Sequential
  Compiler:               /usr/bin/mpicxx
  Compiler Flags:         "-I/opt/Caliper-2.13.1/src/interface/c_fortran -I/opt/Caliper-2.13.1/src/include    "
  Linker Flags:           " "
  CHAI Enabled:           No
  CUDA Enabled:           No
  MPI Enabled:            Yes
  OpenMP Enabled:         No
  Caliper Enabled:        Yes

Input Parameters
================

  Problem Size:
    Zones:                 256 x 192 x 128  (6291456 total)
    Groups:                16
    Legendre Order:        2
    Quadrature Set:        Dummy S2 with 16 points

  Physical Properties:
    Total X-Sec:           sigt=[0.100000, 0.000100, 0.100000]
    Scattering X-Sec:      sigs=[0.050000, 0.000050, 0.050000]

  Solver Options:
    Number iterations:     100

  MPI Decomposition Options:
    Total MPI tasks:       192
    Spatial decomp:        8 x 6 x 4 MPI tasks
    Block solve method:    Sweep

  Per-Task Options:
    DirSets/Directions:    16 sets, 1 directions/set
    GroupSet/Groups:       16 sets, 1 groups/set
    Zone Sets:             1 x 1 x 1
    Architecture:          Sequential
    Data Layout:           DGZ

Generating Problem
==================

== CALIPER: (0): spot: event: Marked attribute iteration#solve
  Decomposition Space:   Procs:      Subdomains (local/global):
  ---------------------  ----------  --------------------------
  (P) Energy:            1           16 / 16
  (Q) Direction:         1           16 / 16
  (R) Space:             192         1 / 192
  (Rx,Ry,Rz) R in XYZ:   8x6x4       1x1x1 / 8x6x4
  (PQR) TOTAL:           192         256 / 49152

  Material Volumes=[8.156490e+03, 1.203726e+05, 2.751471e+06]

  Memory breakdown of Field variables:
  Field Variable            Num Elements    Megabytes
  --------------            ------------    ---------
  data/sigs                         2304        0.018
  dx                                 256        0.002
  dy                                 192        0.001
  dz                                 128        0.001
  ell                                144        0.001
  ell_plus                           144        0.001
  i_plane                        6291456       48.000
  j_plane                        8388608       64.000
  k_plane                       12582912       96.000
  mixelem_to_fraction            6336144       48.341
  phi                          905969664     6912.000
  phi_out                      905969664     6912.000
  psi                         1610612736    12288.000
  quadrature/w                        16        0.000
  quadrature/xcos                     16        0.000
  quadrature/ycos                     16        0.000
  quadrature/zcos                     16        0.000
  rhs                         1610612736    12288.000
  sigt_zonal                   100663296      768.000
  volume                         6291456       48.000
  --------                  ------------    ---------
  TOTAL                       5173721904    39472.366

  Generation Complete!

Steady State Solve
==================

  iter 0: particle count=1.848034e+07, change=1.000000e+00
  iter 1: particle count=2.763117e+07, change=3.311777e-01
  iter 2: particle count=3.215116e+07, change=1.405853e-01
  iter 3: particle count=3.437947e+07, change=6.481531e-02
  iter 4: particle count=3.547582e+07, change=3.090408e-02
  iter 5: particle count=3.601404e+07, change=1.494481e-02
  iter 6: particle count=3.627765e+07, change=7.266538e-03
  iter 7: particle count=3.640647e+07, change=3.538184e-03
  iter 8: particle count=3.646927e+07, change=1.722057e-03
  iter 9: particle count=3.649982e+07, change=8.371104e-04
  iter 10: particle count=3.651466e+07, change=4.063120e-04
  iter 11: particle count=3.652185e+07, change=1.969052e-04
  iter 12: particle count=3.652533e+07, change=9.528010e-05
  iter 13: particle count=3.652701e+07, change=4.604063e-05
  iter 14: particle count=3.652783e+07, change=2.221912e-05
  iter 15: particle count=3.652822e+07, change=1.071054e-05
  iter 16: particle count=3.652841e+07, change=5.157546e-06
  iter 17: particle count=3.652850e+07, change=2.481230e-06
  iter 18: particle count=3.652854e+07, change=1.192677e-06
  iter 19: particle count=3.652856e+07, change=5.728567e-07
  iter 20: particle count=3.652857e+07, change=2.749591e-07
  iter 21: particle count=3.652857e+07, change=1.318916e-07
  iter 22: particle count=3.652858e+07, change=6.322922e-08
  iter 23: particle count=3.652858e+07, change=3.029647e-08
  iter 24: particle count=3.652858e+07, change=1.450974e-08
  iter 25: particle count=3.652858e+07, change=6.946041e-09
  iter 26: particle count=3.652858e+07, change=3.323852e-09
  iter 27: particle count=3.652858e+07, change=1.589959e-09
  iter 28: particle count=3.652858e+07, change=7.602939e-10
  iter 29: particle count=3.652858e+07, change=3.634471e-10
  iter 30: particle count=3.652858e+07, change=1.736909e-10
  iter 31: particle count=3.652858e+07, change=8.298430e-11
  iter 32: particle count=3.652858e+07, change=3.963688e-11
  iter 33: particle count=3.652858e+07, change=1.892741e-11
  iter 34: particle count=3.652858e+07, change=9.038132e-12
  iter 35: particle count=3.652858e+07, change=4.313469e-12
  iter 36: particle count=3.652858e+07, change=2.058831e-12
  iter 37: particle count=3.652858e+07, change=9.829111e-13
  iter 38: particle count=3.652858e+07, change=4.683055e-13
  iter 39: particle count=3.652858e+07, change=2.239544e-13
  iter 40: particle count=3.652858e+07, change=1.066741e-13
  iter 41: particle count=3.652858e+07, change=5.017558e-14
  iter 42: particle count=3.652858e+07, change=2.529176e-14
  iter 43: particle count=3.652858e+07, change=1.121812e-14
  iter 44: particle count=3.652858e+07, change=5.507076e-15
  iter 45: particle count=3.652858e+07, change=3.059487e-15
  iter 46: particle count=3.652858e+07, change=1.223795e-15
  iter 47: particle count=3.652858e+07, change=4.079316e-16
  iter 48: particle count=3.652858e+07, change=4.079316e-16
  iter 49: particle count=3.652858e+07, change=0.000000e+00
  iter 50: particle count=3.652858e+07, change=2.039658e-16
  iter 51: particle count=3.652858e+07, change=0.000000e+00
  iter 52: particle count=3.652858e+07, change=-2.039658e-16
  iter 53: particle count=3.652858e+07, change=2.039658e-16
  iter 54: particle count=3.652858e+07, change=-2.039658e-16
  iter 55: particle count=3.652858e+07, change=2.039658e-16
  iter 56: particle count=3.652858e+07, change=0.000000e+00
  iter 57: particle count=3.652858e+07, change=0.000000e+00
  iter 58: particle count=3.652858e+07, change=0.000000e+00
  iter 59: particle count=3.652858e+07, change=-2.039658e-16
  iter 60: particle count=3.652858e+07, change=2.039658e-16
  iter 61: particle count=3.652858e+07, change=0.000000e+00
  iter 62: particle count=3.652858e+07, change=0.000000e+00
  iter 63: particle count=3.652858e+07, change=0.000000e+00
  iter 64: particle count=3.652858e+07, change=0.000000e+00
  iter 65: particle count=3.652858e+07, change=0.000000e+00
  iter 66: particle count=3.652858e+07, change=0.000000e+00
  iter 67: particle count=3.652858e+07, change=0.000000e+00
  iter 68: particle count=3.652858e+07, change=0.000000e+00
  iter 69: particle count=3.652858e+07, change=0.000000e+00
  iter 70: particle count=3.652858e+07, change=0.000000e+00
  iter 71: particle count=3.652858e+07, change=0.000000e+00
  iter 72: particle count=3.652858e+07, change=0.000000e+00
  iter 73: particle count=3.652858e+07, change=0.000000e+00
  iter 74: particle count=3.652858e+07, change=0.000000e+00
  iter 75: particle count=3.652858e+07, change=0.000000e+00
  iter 76: particle count=3.652858e+07, change=0.000000e+00
  iter 77: particle count=3.652858e+07, change=0.000000e+00
  iter 78: particle count=3.652858e+07, change=0.000000e+00
  iter 79: particle count=3.652858e+07, change=0.000000e+00
  iter 80: particle count=3.652858e+07, change=0.000000e+00
  iter 81: particle count=3.652858e+07, change=0.000000e+00
  iter 82: particle count=3.652858e+07, change=0.000000e+00
  iter 83: particle count=3.652858e+07, change=-2.039658e-16
  iter 84: particle count=3.652858e+07, change=2.039658e-16
  iter 85: particle count=3.652858e+07, change=0.000000e+00
  iter 86: particle count=3.652858e+07, change=0.000000e+00
  iter 87: particle count=3.652858e+07, change=0.000000e+00
  iter 88: particle count=3.652858e+07, change=0.000000e+00
  iter 89: particle count=3.652858e+07, change=0.000000e+00
  iter 90: particle count=3.652858e+07, change=0.000000e+00
  iter 91: particle count=3.652858e+07, change=-2.039658e-16
  iter 92: particle count=3.652858e+07, change=2.039658e-16
  iter 93: particle count=3.652858e+07, change=0.000000e+00
  iter 94: particle count=3.652858e+07, change=0.000000e+00
  iter 95: particle count=3.652858e+07, change=0.000000e+00
  iter 96: particle count=3.652858e+07, change=0.000000e+00
  iter 97: particle count=3.652858e+07, change=0.000000e+00
  iter 98: particle count=3.652858e+07, change=0.000000e+00
  iter 99: particle count=3.652858e+07, change=0.000000e+00
== CALIPER: (0): builtin.configmgr: Flushing Caliper data
  Solver terminated
== CALIPER: (0): spot: CustomOutputController::flush(): using MPI

== CALIPER: (0): OutputCommMpi: MPI is available
Timers
======

  Timer                    Count       Seconds
  ----------------  ------------  ------------
  Generate                     1       0.08156
  LPlusTimes                 100       5.24423
  LTimes                     100       5.09336
  Population                 100       2.65333
  Scattering                 100      28.23362
  Solve                        1      62.91139
  Source                     100       0.03882
  SweepSolver                100      16.84629
  SweepSubdomain           25600       9.02882

TIMER_NAMES:Generate,LPlusTimes,LTimes,Population,Scattering,Solve,Source,SweepSolver,SweepSubdomain
TIMER_DATA:0.081556,5.244228,5.093364,2.653333,28.233624,62.911394,0.038819,16.846291,9.028825

Figures of Merit
================

  Throughput:         2.560129e+09 [unknowns/(second/iteration)]
== CALIPER: (0): spot: Flushing Caliper data
  Grind time :        3.906053e-10 [(seconds/iteration)/unknowns]
  Sweep efficiency :  53.59533 [100.0 * SweepSubdomain time / SweepSolver time]
  Number of unknowns: 1610612736
== CALIPER: (0): spot: adiak_import: Imported 29 adiak values
== CALIPER: (0): spot: Aggregate: flushed 44 snapshots.
== CALIPER: (0): spot.timeseries: trace: Flushed 102 snapshots.
== CALIPER: (0): spot.timeseries: trace: Flushed 102 snapshots.
== CALIPER: (0): spot: Wrote 413 records.
== CALIPER: (0): Finalizing ... 

== CALIPER: (0): builtin.configmgr: Flushing Caliper data
END
== CALIPER: (0): Releasing channel builtin.configmgr
== CALIPER: (0): builtin.configmgr: Finishing mpi service
== CALIPER: (0): builtin.configmgr channel blackboard: max 2 entries (0.195886% occupancy).
== CALIPER: (0): CaliperMetadataDB: stored 406 nodes, 257 strings.
== CALIPER: (0): Releasing channel spot.timeseries
== CALIPER: (0): spot.timeseries: loop_monitor: Triggered 102 snapshots.
== CALIPER: (0): spot.timeseries: trace: 2 MiB reserved, 3.51172 KiB used, 1 chunks.
== CALIPER: (0): spot.timeseries: Trace: 1 thread trace buffers acquired, 0 retired, 0 released.
== CALIPER: (0): spot.timeseries channel blackboard: max 1 entries (0.0979432% occupancy).
== CALIPER: (0): Releasing channel spot
== CALIPER: (0): spot: Aggregate: Releasing aggregation DB.
  max hash len: 2, 52 entries, 408 kernels, 1.5 MiB reserved.
== CALIPER: (0): spot: Finishing mpi service
== CALIPER: (0): spot channel blackboard: max 1 entries (0.0979432% occupancy).
== CALIPER: (0): Releasing Caliper global data.
  Max active channels: 2
== CALIPER: (0): Process blackboard: max 4 entries (0.391773% occupancy).
== CALIPER: (0): Releasing Caliper thread data: 
  Metadata tree: 2 blocks, 385 nodes
   Metadata memory pool: 1 MiB reserved, 43.0479 KiB used
  Thread blackboard: max 4 entries (0.391773% occupancy).
== CALIPER: (0): Finished

START
/opt/caliper-build/src/tools/cali-query/cali-query -Gj /data/out.cali
[
{"adiakversion":"0.5.0","architecture":"Sequential","cali.caliper.version":"2.13.1","cali.channel":"spot","cluster":"kripke-","cmdline":"[kripke,--layout,DGZ,--dset,16,--gset,16,--groups,16,--niter,100,--legendre,2,--quad,16,--zones,256,192,128,--procs,8,6,4]","compiler":"/usr/bin/mpicxx","compiler_flags":"-I/opt/Caliper-2.13.1/src/interface/c_fortran -I/opt/Caliper-2.13.1/src/include    ","dset":"16","executable":"kripke","executablepath":"/usr/local/bin/kripke","grind_time":"0.000000","groups":"16","hostname":"kripke-0","iterations":"100","jobsize":"1","launchdate":"1759123789","launchday":"1759104000","layout":"DGZ","legendre_order":"2","libraries":"[linux-vdso.so.1,/lib/x86_64-linux-gnu/libcaliper.so.2,/lib/x86_64-linux-gnu/libmpi_cxx.so.40,/lib/x86_64-linux-gnu/libmpi.so.40,/lib/x86_64-linux-gnu/libstdc++.so.6,/lib/x86_64-linux-gnu/libm.so.6,/lib/x86_64-linux-gnu/libgcc_s.so.1,/lib/x86_64-linux-gnu/libc.so.6,/usr/lib/x86_64-linux-gnu/libgfortran.so.5,/lib64/ld-linux-x86-64.so.2,/lib/x86_64-linux-gnu/libopen-pal.so.40,/lib/x86_64-linux-gnu/libopen-rte.so.40,/lib/x86_64-linux-gnu/libhwloc.so.15,/lib/x86_64-linux-gnu/libevent_core-2.1.so.7,/lib/x86_64-linux-gnu/libevent_pthreads-2.1.so.7,/lib/x86_64-linux-gnu/libz.so.1,/lib/x86_64-linux-gnu/libudev.so.1,/lib/x86_64-linux-gnu/libcap.so.2,/usr/lib/x86_64-linux-gnu/openmpi/lib/openmpi3/mca_shmem_mmap.so,/usr/lib/x86_64-linux-gnu/openmpi/lib/openmpi3/mca_reachable_netlink.so,/lib/x86_64-linux-gnu/libnl-3.so.200,/usr/lib/x86_64-linux-gnu/openmpi/lib/openmpi3/mca_schizo_jsm.so,/usr/lib/x86_64-linux-gnu/openmpi/lib/openmpi3/mca_schizo_flux.so,/usr/lib/x86_64-linux-gnu/openmpi/lib/openmpi3/mca_schizo_slurm.so,/usr/lib/x86_64-linux-gnu/openmpi/lib/openmpi3/mca_schizo_orte.so,/usr/lib/x86_64-linux-gnu/openmpi/lib/openmpi3/mca_schizo_ompi.so,/usr/lib/x86_64-linux-gnu/openmpi/lib/openmpi3/mca_ess_pmi.so,/usr/lib/x86_64-linux-gnu/openmpi/lib/openmpi3/mca_pmix_flux.so,/usr/lib/flux/libpmi.so,/lib/libflux-taskmap.so.1,/lib/libflux-idset.so.1,/lib/x86_64-linux-gnu/libjansson.so.4,/usr/lib/x86_64-linux-gnu/openmpi/lib/openmpi3/mca_state_app.so,/usr/lib/x86_64-linux-gnu/openmpi/lib/openmpi3/mca_errmgr_default_app.so,/usr/lib/x86_64-linux-gnu/hwloc/hwloc_xml_libxml.so,/lib/x86_64-linux-gnu/libxml2.so.2,/lib/x86_64-linux-gnu/libicuuc.so.74,/lib/x86_64-linux-gnu/liblzma.so.5,/lib/x86_64-linux-gnu/libicudata.so.74,/usr/lib/x86_64-linux-gnu/hwloc/hwloc_gl.so,/lib/x86_64-linux-gnu/libXNVCtrl.so.0,/lib/x86_64-linux-gnu/libX11.so.6,/lib/x86_64-linux-gnu/libXext.so.6,/lib/x86_64-linux-gnu/libxcb.so.1,/lib/x86_64-linux-gnu/libXau.so.6,/lib/x86_64-linux-gnu/libXdmcp.so.6,/lib/x86_64-linux-gnu/libbsd.so.0,/lib/x86_64-linux-gnu/libmd.so.0,/usr/lib/x86_64-linux-gnu/hwloc/hwloc_pci.so,/lib/x86_64-linux-gnu/libpciaccess.so.0,/usr/lib/x86_64-linux-gnu/hwloc/hwloc_opencl.so,/lib/x86_64-linux-gnu/libOpenCL.so.1,/usr/lib/x86_64-linux-gnu/openmpi/lib/openmpi3/mca_op_avx.so,/usr/lib/x86_64-linux-gnu/openmpi/lib/openmpi3/mca_allocator_basic.so,/usr/lib/x86_64-linux-gnu/openmpi/lib/openmpi3/mca_allocator_bucket.so,/usr/lib/x86_64-linux-gnu/openmpi/lib/openmpi3/mca_rcache_grdma.so,/usr/lib/x86_64-linux-gnu/openmpi/lib/openmpi3/mca_mpool_hugepage.so,/usr/lib/x86_64-linux-gnu/openmpi/lib/openmpi3/mca_bml_r2.so,/usr/lib/x86_64-linux-gnu/openmpi/lib/openmpi3/mca_btl_vader.so,/usr/lib/x86_64-linux-gnu/openmpi/lib/openmpi3/mca_btl_tcp.so,/usr/lib/x86_64-linux-gnu/openmpi/lib/openmpi3/mca_btl_sm.so,/usr/lib/x86_64-linux-gnu/openmpi/lib/openmpi3/mca_btl_self.so,/usr/lib/x86_64-linux-gnu/openmpi/lib/openmpi3/mca_pml_ob1.so,/usr/lib/x86_64-linux-gnu/openmpi/lib/openmpi3/mca_coll_sync.so,/usr/lib/x86_64-linux-gnu/openmpi/lib/openmpi3/mca_coll_sm.so,/lib/x86_64-linux-gnu/libmca_common_sm.so.40,/usr/lib/x86_64-linux-gnu/openmpi/lib/openmpi3/mca_coll_libnbc.so,/usr/lib/x86_64-linux-gnu/openmpi/lib/openmpi3/mca_coll_self.so,/usr/lib/x86_64-linux-gnu/openmpi/lib/openmpi3/mca_coll_han.so,/usr/lib/x86_64-linux-gnu/openmpi/lib/openmpi3/mca_coll_tuned.so,/usr/lib/x86_64-linux-gnu/openmpi/lib/openmpi3/mca_coll_inter.so,/usr/lib/x86_64-linux-gnu/openmpi/lib/openmpi3/mca_coll_basic.so,/usr/lib/x86_64-linux-gnu/openmpi/lib/openmpi3/mca_coll_adapt.so,/usr/lib/x86_64-linux-gnu/openmpi/lib/openmpi3/mca_osc_rdma.so,/usr/lib/x86_64-linux-gnu/openmpi/lib/openmpi3/mca_osc_sm.so]","mpi.world.size":"192","num_unknowns":"1610612736","numhosts":"1","opts:mpi.message.count":"true","opts:mpi.message.size":"true","opts:node.order":"true","opts:output":"/data/out.cali","opts:profile.mpi":"true","opts:region.count":"true","opts:time.exclusive":"true","opts:timeseries":"true","opts:timeseries.iteration_interval":"1","opts:timeseries.maxrows":"500","parallel_method":"sweep","procs":"{8,6,4}","spot.channels":"regionprofile,timeseries","spot.format.version":"2","spot.metrics":"min#inclusive#sum#time.duration,max#inclusive#sum#time.duration,avg#inclusive#sum#time.duration,sum#inclusive#sum#time.duration,avg#sum#mmc.send,max#sum#mmc.send,avg#sum#mmc.recv,max#sum#mmc.recv,max#sum#mmc.coll,min#min#mms.min,avg#avg#mms.avg,max#max#mms.avg,min#min#aggregate.slot,min#sum#rc.count,avg#sum#rc.count,max#sum#rc.count,sum#sum#rc.count,min#scale#sum#time.duration.ns,max#scale#sum#time.duration.ns,avg#scale#sum#time.duration.ns,sum#scale#sum#time.duration.ns","spot.options":"profile.mpi,timeseries,mpi.message.count,mpi.message.size,node.order,region.count,time.exclusive","spot.timeseries.metrics":"max#sum#loop.iterations,max#scale#time.duration.ns,avg#ratio#loop.iterations/time.duration.ns","sweep_eff":"53.595300","throughput":"2560130000.000000","uid":"root","user":"root","working_directory":"/opt","zones":"{256,192,128}"}
]
END

START
/opt/caliper-build/src/tools/cali-query/cali-query -T /data/out.cali
Path                     Min time/rank Max time/rank Avg time/rank Total time   Node order Min time/rank (exc) Max time/rank (exc) Avg time/rank (exc) Total time (exc) spot.channel  Calls/rank (min) Calls/rank (avg) Calls/rank (max) Calls (total) Collectives (max) Msg size (min) Msg size (avg) Msgs recvd (avg) Msgs recvd (max) Msgs sent (avg) Msgs sent (max) block max#sum#loop.iterations Time (s) Iter/s   
solve                    
 |-                                                                                                                                                                     timeseries                                                                                                                                                                                           0                       1 0.640851 1.561430 
 |-                                                                                                                                                                     timeseries                                                                                                                                                                                           1                       1 0.631015 1.584940 
 |-                                                                                                                                                                     timeseries                                                                                                                                                                                           2                       1 0.622820 1.605770 
 |-                                                                                                                                                                     timeseries                                                                                                                                                                                           3                       1 0.625927 1.597770 
 |-                                                                                                                                                                     timeseries                                                                                                                                                                                           4                       1 0.630973 1.585080 
 |-                                                                                                                                                                     timeseries                                                                                                                                                                                           5                       1 0.635940 1.572690 
 |-                                                                                                                                                                     timeseries                                                                                                                                                                                           6                       1 0.630762 1.585540 
 |-                                                                                                                                                                     timeseries                                                                                                                                                                                           7                       1 0.632844 1.590330 
 |-                                                                                                                                                                     timeseries                                                                                                                                                                                           8                       1 0.630473 1.588180 
 |-                                                                                                                                                                     timeseries                                                                                                                                                                                           9                       1 0.633860 1.577900 
 |-                                                                                                                                                                     timeseries                                                                                                                                                                                          10                       1 0.625997 1.597630 
 |-                                                                                                                                                                     timeseries                                                                                                                                                                                          11                       1 0.629968 1.587660 
 |-                                                                                                                                                                     timeseries                                                                                                                                                                                          12                       1 0.625881 1.597940 
 |-                                                                                                                                                                     timeseries                                                                                                                                                                                          13                       1 0.624930 1.600340 
 |-                                                                                                                                                                     timeseries                                                                                                                                                                                          14                       1 0.625702 1.598370 
 |-                                                                                                                                                                     timeseries                                                                                                                                                                                          15                       1 0.623764 1.607200 
 |-                                                                                                                                                                     timeseries                                                                                                                                                                                          16                       1 0.627810 1.596530 
 |-                                                                                                                                                                     timeseries                                                                                                                                                                                          17                       1 0.630577 1.585960 
 |-                                                                                                                                                                     timeseries                                                                                                                                                                                          18                       1 0.631286 1.584200 
 |-                                                                                                                                                                     timeseries                                                                                                                                                                                          19                       1 0.627669 1.593320 
 |-                                                                                                                                                                     timeseries                                                                                                                                                                                          20                       1 0.629352 1.589070 
 |-                                                                                                                                                                     timeseries                                                                                                                                                                                          21                       1 0.623616 1.603690 
 |-                                                                                                                                                                     timeseries                                                                                                                                                                                          22                       1 0.632838 1.594850 
 |-                                                                                                                                                                     timeseries                                                                                                                                                                                          23                       1 0.625984 1.597760 
 |-                                                                                                                                                                     timeseries                                                                                                                                                                                          24                       1 0.624224 1.602190 
 |-                                                                                                                                                                     timeseries                                                                                                                                                                                          25                       1 0.623812 1.603190 
 |-                                                                                                                                                                     timeseries                                                                                                                                                                                          26                       1 0.632139 1.595670 
 |-                                                                                                                                                                     timeseries                                                                                                                                                                                          27                       1 0.626671 1.597530 
 |-                                                                                                                                                                     timeseries                                                                                                                                                                                          28                       1 0.629705 1.588150 
 |-                                                                                                                                                                     timeseries                                                                                                                                                                                          29                       1 0.623652 1.603600 
 |-                                                                                                                                                                     timeseries                                                                                                                                                                                          30                       1 0.626318 1.596760 
 |-                                                                                                                                                                     timeseries                                                                                                                                                                                          31                       1 0.625340 1.599210 
 |-                                                                                                                                                                     timeseries                                                                                                                                                                                          32                       1 0.626000 1.597530 
 |-                                                                                                                                                                     timeseries                                                                                                                                                                                          33                       1 0.633480 1.595480 
 |-                                                                                                                                                                     timeseries                                                                                                                                                                                          34                       1 0.625975 1.598370 
 |-                                                                                                                                                                     timeseries                                                                                                                                                                                          35                       1 0.623388 1.604210 
 |-                                                                                                                                                                     timeseries                                                                                                                                                                                          36                       1 0.629569 1.588470 
 |-                                                                                                                                                                     timeseries                                                                                                                                                                                          37                       1 0.632573 1.581010 
 |-                                                                                                                                                                     timeseries                                                                                                                                                                                          38                       1 0.629632 1.588360 
 |-                                                                                                                                                                     timeseries                                                                                                                                                                                          39                       1 0.624817 1.600580 
 |-                                                                                                                                                                     timeseries                                                                                                                                                                                          40                       1 0.627427 1.593910 
 |-                                                                                                                                                                     timeseries                                                                                                                                                                                          41                       1 0.639132 1.564770 
 |-                                                                                                                                                                     timeseries                                                                                                                                                                                          42                       1 0.623214 1.604670 
 |-                                                                                                                                                                     timeseries                                                                                                                                                                                          43                       1 0.633943 1.577570 
 |-                                                                                                                                                                     timeseries                                                                                                                                                                                          44                       1 0.632959 1.590750 
 |-                                                                                                                                                                     timeseries                                                                                                                                                                                          45                       1 0.629870 1.590670 
 |-                                                                                                                                                                     timeseries                                                                                                                                                                                          46                       1 0.630483 1.586180 
 |-                                                                                                                                                                     timeseries                                                                                                                                                                                          47                       1 0.634907 1.575210 
 |-                                                                                                                                                                     timeseries                                                                                                                                                                                          48                       1 0.632872 1.580290 
 |-                                                                                                                                                                     timeseries                                                                                                                                                                                          49                       1 0.632626 1.580830 
 |-                                                                                                                                                                     timeseries                                                                                                                                                                                          50                       1 0.629806 1.589350 
 |-                                                                                                                                                                     timeseries                                                                                                                                                                                          51                       1 0.631438 1.584610 
 |-                                                                                                                                                                     timeseries                                                                                                                                                                                          52                       1 0.628499 1.591240 
 |-                                                                                                                                                                     timeseries                                                                                                                                                                                          53                       1 0.641046 1.573360 
 |-                                                                                                                                                                     timeseries                                                                                                                                                                                          54                       1 0.633291 1.579990 
 |-                                                                                                                                                                     timeseries                                                                                                                                                                                          55                       1 0.622303 1.607060 
 |-                                                                                                                                                                     timeseries                                                                                                                                                                                          56                       1 0.632644 1.583030 
 |-                                                                                                                                                                     timeseries                                                                                                                                                                                          57                       1 0.638924 1.577600 
 |-                                                                                                                                                                     timeseries                                                                                                                                                                                          58                       1 0.629452 1.588870 
 |-                                                                                                                                                                     timeseries                                                                                                                                                                                          59                       1 0.637682 1.568290 
 |-                                                                                                                                                                     timeseries                                                                                                                                                                                          60                       1 0.624279 1.602360 
 |-                                                                                                                                                                     timeseries                                                                                                                                                                                          61                       1 0.630894 1.585140 
 |-                                                                                                                                                                     timeseries                                                                                                                                                                                          62                       1 0.645092 1.550260 
 |-                                                                                                                                                                     timeseries                                                                                                                                                                                          63                       1 0.632889 1.584720 
 |-                                                                                                                                                                     timeseries                                                                                                                                                                                          64                       1 0.627110 1.597630 
 |-                                                                                                                                                                     timeseries                                                                                                                                                                                          65                       1 0.646332 1.547300 
 |-                                                                                                                                                                     timeseries                                                                                                                                                                                          66                       1 0.640168 1.562260 
 |-                                                                                                                                                                     timeseries                                                                                                                                                                                          67                       1 0.632298 1.581650 
 |-                                                                                                                                                                     timeseries                                                                                                                                                                                          68                       1 0.629358 1.589030 
 |-                                                                                                                                                                     timeseries                                                                                                                                                                                          69                       1 0.637255 1.569360 
 |-                                                                                                                                                                     timeseries                                                                                                                                                                                          70                       1 0.637250 1.569340 
 |-                                                                                                                                                                     timeseries                                                                                                                                                                                          71                       1 0.638335 1.579790 
 |-                                                                                                                                                                     timeseries                                                                                                                                                                                          72                       1 0.633654 1.578830 
 |-                                                                                                                                                                     timeseries                                                                                                                                                                                          73                       1 0.621778 1.608370 
 |-                                                                                                                                                                     timeseries                                                                                                                                                                                          74                       1 0.632592 1.580910 
 |-                                                                                                                                                                     timeseries                                                                                                                                                                                          75                       1 0.621314 1.609990 
 |-                                                                                                                                                                     timeseries                                                                                                                                                                                          76                       1 0.626877 1.595360 
 |-                                                                                                                                                                     timeseries                                                                                                                                                                                          77                       1 0.614660 1.627040 
 |-                                                                                                                                                                     timeseries                                                                                                                                                                                          78                       1 0.621683 1.608650 
 |-                                                                                                                                                                     timeseries                                                                                                                                                                                          79                       1 0.623830 1.603100 
 |-                                                                                                                                                                     timeseries                                                                                                                                                                                          80                       1 0.625085 1.599970 
 |-                                                                                                                                                                     timeseries                                                                                                                                                                                          81                       1 0.622562 1.606350 
 |-                                                                                                                                                                     timeseries                                                                                                                                                                                          82                       1 0.628800 1.590470 
 |-                                                                                                                                                                     timeseries                                                                                                                                                                                          83                       1 0.633530 1.579740 
 |-                                                                                                                                                                     timeseries                                                                                                                                                                                          84                       1 0.626199 1.597600 
 |-                                                                                                                                                                     timeseries                                                                                                                                                                                          85                       1 0.631992 1.599230 
 |-                                                                                                                                                                     timeseries                                                                                                                                                                                          86                       1 0.621838 1.608390 
 |-                                                                                                                                                                     timeseries                                                                                                                                                                                          87                       1 0.627432 1.601700 
 |-                                                                                                                                                                     timeseries                                                                                                                                                                                          88                       1 0.625686 1.600360 
 |-                                                                                                                                                                     timeseries                                                                                                                                                                                          89                       1 0.626875 1.595310 
 |-                                                                                                                                                                     timeseries                                                                                                                                                                                          90                       1 0.633732 1.578040 
 |-                                                                                                                                                                     timeseries                                                                                                                                                                                          91                       1 0.621352 1.609850 
 |-                                                                                                                                                                     timeseries                                                                                                                                                                                          92                       1 0.631086 1.584730 
 |-                                                                                                                                                                     timeseries                                                                                                                                                                                          93                       1 0.630039 1.587290 
 |-                                                                                                                                                                     timeseries                                                                                                                                                                                          94                       1 0.622645 1.606160 
 |-                                                                                                                                                                     timeseries                                                                                                                                                                                          95                       1 0.637210 1.569480 
 |-                                                                                                                                                                     timeseries                                                                                                                                                                                          96                       1 0.616975 1.620900 
 |-                                                                                                                                                                     timeseries                                                                                                                                                                                          97                       1 0.627097 1.594760 
 |-                                                                                                                                                                     timeseries                                                                                                                                                                                          98                       1 0.631779 1.595700 
 |-                                                                                                                                                                     timeseries                                                                                                                                                                                          99                       1 0.632806 1.581710 
main                         62.993200     62.995800     62.994900 12095.000000          1            0.001346            0.001668            0.001382         0.265334 regionprofile                                                                                                                                                                                                                                    
  MPI_Comm_dup                0.000650      0.000848      0.000782     0.150092         43            0.000650            0.000848            0.000782         0.150092 regionprofile                1                1                1           192                                                                                                                                                                   
  MPI_Finalized               0.000003      0.000005      0.000003     0.000605         42            0.000003            0.000005            0.000003         0.000605 regionprofile                1                1                1           192                                                                                                                                                                   
  MPI_Initialized             0.000003      0.000011      0.000004     0.000788         41            0.000003            0.000011            0.000004         0.000788 regionprofile                1                1                1           192                                                                                                                                                                   
  MPI_Finalize                0.000007      0.000022      0.000008     0.001587         40            0.000007            0.000022            0.000008         0.001587 regionprofile                1                1                1           192                                                                                                                                                                   
  Solve                      62.911200     62.911800     62.911500 12079.000000         22            0.033752            0.034460            0.034057         6.538960 regionprofile                1                1                1           192                                                                                                                                                                   
    solve                    62.876900     62.877800     62.877400 12072.500000         23            4.636870            5.109260            4.899720       940.746000 regionprofile              101              101              101         19392                                                                                                                                                                   
      Population              2.174250      2.851460      2.530170   485.793000         37            1.637970            1.807370            1.750350       336.066000 regionprofile              100              100              100         19200                                                                                                                                                                   
        MPI_Allreduce         0.408409      1.173680      0.779828   149.727000         38            0.408409            1.173680            0.779828       149.727000 regionprofile              100              100              100         19200               100              8              8                                                                                                                   
      SweepSolver            13.953700     17.673500     15.253300  2928.640000         28            1.894830            3.853540            2.506490       481.247000 regionprofile              100              100              100         19200                                                                                                                                                                   
        MPI_Waitall           0.005741      0.050615      0.014706     2.823500         36            0.005741            0.050615            0.014706         2.823500 regionprofile              100              100              100         19200                                                                                                                                                                   
        MPI_Isend             0.211293      0.535676      0.411236    78.957300         33            0.211293            0.535676            0.411236        78.957300 regionprofile            38400            62933            76800      12083200                             8192           8192                                             62933           76800                                                 
        sweepSubdomain        8.512370      9.726320      9.120170  1751.070000         31            0.142926            0.183023            0.152518        29.283500 regionprofile            25600            25600            25600       4915200                                                                                                                                                                   
          SweepSubdomain      8.368060      9.543290      8.967650  1721.790000         32            8.368060            9.543290            8.967650      1721.790000 regionprofile            25600            25600            25600       4915200                                                                                                                                                                   
        MPI_Testany           2.175680      4.625860      2.955260   567.410000         30            2.175680            4.625860            2.955260       567.410000 regionprofile           383765           611503          1041153     117408711                             8192           8192            62933            76800                                                                                 
        MPI_Irecv             0.150498      0.317435      0.245457    47.127700         29            0.150498            0.317435            0.245457        47.127700 regionprofile            38400            62933            76800      12083200                                                                                                                                                                   
      LPlusTimes              4.836060      5.454710      5.111670   981.441000         27            4.836060            5.454710            5.111670       981.441000 regionprofile              100              100              100         19200                                                                                                                                                                   
      Source                  0.030771      0.072525      0.037914     7.279550         26            0.030771            0.072525            0.037914         7.279550 regionprofile              100              100              100         19200                                                                                                                                                                   
      Scattering             26.837100     30.806800     29.744900  5711.020000         25           26.837100           30.806800           29.744900      5711.020000 regionprofile              100              100              100         19200                                                                                                                                                                   
      LTimes                  4.957670      5.643760      5.299740  1017.550000         24            4.957670            5.643760            5.299740      1017.550000 regionprofile              100              100              100         19200                                                                                                                                                                   
  Generate                    0.079540      0.082165      0.081180    15.586600          2            0.010861            0.014186            0.012390         2.378930 regionprofile                1                1                1           192                                                                                                                                                                   
    MPI_Scan                  0.000094      0.008967      0.004956     0.951646          6            0.000094            0.008967            0.004956         0.951646 regionprofile               16               16               16          3072                16              8              8                                                                                                                   
    MPI_Allreduce             0.018908      0.029766      0.023558     4.523140          4            0.018908            0.029766            0.023558         4.523140 regionprofile               19               19               19          3648                19              8          14753                                                                                                                   
    MPI_Comm_split            0.038471      0.041209      0.040275     7.732840          3            0.038471            0.041209            0.040275         7.732840 regionprofile                7                7                7          1344                                                                                                                                                                   
END
broker.info[0]: rc2.0: /bin/bash /entrypoint.sh Exited (rc=0) 66.8s
broker.info[0]: rc2-success: run->cleanup 1.11417m
broker.info[0]: cleanup.0: flux queue stop --quiet --all --nocheckpoint Exited (rc=0) 0.1s
broker.info[0]: cleanup.1: flux resource acquire-mute Exited (rc=0) 0.1s
broker.info[0]: cleanup.2: flux cancel --user=all --quiet --states RUN Exited (rc=0) 0.1s
broker.info[0]: cleanup.3: flux queue idle --quiet Exited (rc=0) 0.1s
broker.info[0]: cleanup-success: cleanup->shutdown 0.310348s
broker.info[0]: children-complete: shutdown->finalize 46.1756ms
broker.info[0]: rc3.0: running /etc/flux/rc3.d/01-sched-fluxion
broker.info[0]: rc3.0: /etc/flux/rc3 Exited (rc=0) 0.1s
broker.info[0]: rc3-success: finalize->goodbye 81.3464ms
broker.info[0]: goodbye: goodbye->exit 0.025404ms
