Defaulted container "kripke" out of: kripke, flux-view (init)
🟧️  wait-fs: 2025/09/29 05:31:06 wait-fs.go:40: /mnt/flux/flux-operator-done.txt
🟧️  wait-fs: 2025/09/29 05:31:06 wait-fs.go:49: Found existing path /mnt/flux/flux-operator-done.txt

Hello user root

🌟️ Curve Certificate
curve.cert
#   ****  Generated on 2023-04-26 22:54:42 by CZMQ  ****
#   ZeroMQ CURVE **Secret** Certificate
#   DO NOT PROVIDE THIS FILE TO OTHER USERS nor change its permissions.
    
metadata
    name = "flux-cert-generator"
    keygen.hostname = "kripke-0"
curve
    public-key = "x+X^Roi/EikG23*)f$wS<=EwIit83I-tCThLga@3"
    secret-key = "HQ]:#Sh>(Tr%5rn(5n^P0cN2[Zx59DX3Sb)O(s*."

📦 Resources
flux R encode --hosts=kripke-[0-3] --local
{"version": 1, "execution": {"R_lite": [{"rank": "0-3", "children": {"core": "0-47"}}], "starttime": 0.0, "expiration": 0.0, "nodelist": ["kripke-[0-3]"]}}
👋 Hello, I'm kripke-0
The main host is kripke-0
The working directory is /opt, contents include:
Caliper-2.13.1	flux-core-0.76.0	 flux-sched-0.45.0.tar.gz
adiak		flux-core-0.76.0.tar.gz  prrte
caliper-build	flux-sched-0.45.0	 software
🚩️ Flux Option Flags defined
Command provided is: /bin/bash /entrypoint.sh

🌀 Launcher Mode: flux start -o --config /mnt/flux/view/etc/flux/config -Scron.directory=/etc/flux/system/cron.d   -Stbon.fanout=256   -Srundir=/mnt/flux/view/run/flux    -Sstatedir=/mnt/flux/view/var/lib/flux -Slocal-uri=local:///mnt/flux/view/run/flux/local -Stbon.connect_timeout=5s     -Slog-stderr-level=6    -Slog-stderr-mode=local  
broker.info[0]: start: none->join 0.373573ms
broker.info[0]: parent-none: join->init 0.009067ms
cron.info[0]: synchronizing cron tasks to event heartbeat.pulse
job-manager.info[0]: restart: 0 jobs
job-manager.info[0]: restart: 0 running jobs
job-manager.info[0]: restart: checkpoint.job-manager not found
broker.info[0]: rc1.0: running /etc/flux/rc1.d/01-sched-fluxion
sched-fluxion-resource.info[0]: version 0.45.0
sched-fluxion-resource.warning[0]: create_reader: allowlist unsupported
sched-fluxion-resource.info[0]: populate_resource_db: loaded resources from core's resource.acquire
sched-fluxion-qmanager.info[0]: version 0.45.0
broker.info[0]: rc1.0: running /etc/flux/rc1.d/02-cron
broker.info[0]: rc1.0: tab: cron-1 created: scheduled in 77332.862s at Tue Sep 30 03:00:00 2025
broker.info[0]: rc1.0: /etc/flux/rc1 Exited (rc=0) 0.2s
broker.info[0]: rc1-success: init->quorum 0.246777s
broker.info[0]: online: kripke-0 (ranks 0)
broker.info[0]: online: kripke-[0-3] (ranks 0-3)
broker.info[0]: quorum-full: quorum->run 1.16872s
== CALIPER: (0): Available services: adiak_export,adiak_import,aggregate,alloc,allocstats,async_event,cpuinfo,debug,event,io,kokkoslookup,kokkostime,loop_monitor,loop_statistics,memstat,mpi,mpiflush,mpireport,pthread,recorder,region_monitor,report,statistics,sysalloc,timer,timeseries,timestamp,trace,validator
== CALIPER: (0): Initialized
== CALIPER: (0): No manual config specified, disabling default channel
== CALIPER: (0): Creating channel builtin.configmgr
== CALIPER: (0): builtin.configmgr: mpiwrap: Using GOTCHA wrappers.
== CALIPER: (0): builtin.configmgr: Registered MPI service
== CALIPER: (0): builtin.configmgr: Registered mpiflush service
== CALIPER: (0): Creating channel spot
== CALIPER: (0): spot: Registered adiak_import service
== CALIPER: (0): spot: Registered aggregation service
== CALIPER: (0): spot: event: Using region level 0
== CALIPER: (0): spot: event: Marked attribute comm.region
== CALIPER: (0): spot: event: Marked attribute loop
== CALIPER: (0): spot: event: Marked attribute phase
== CALIPER: (0): spot: event: Marked attribute region
== CALIPER: (0): spot: Registered event trigger service
== CALIPER: (0): spot: mpiwrap: Using GOTCHA wrappers.
== CALIPER: (0): spot: Registered MPI service
== CALIPER: (0): spot: Registered timer service
== CALIPER: (0): spot: event: Marked attribute mpi.function
== CALIPER: (0): spot: Enabling MPI message tracing
== CALIPER: (0): Creating channel spot.timeseries
== CALIPER: (0): spot.timeseries: Registered loop_monitor service
== CALIPER: (0): spot.timeseries: Registered timer service
== CALIPER: (0): spot.timeseries: Registered trace service
== CALIPER: (0): Registered builtin ConfigManager
== CALIPER: (0): spot: event: Marked attribute kripke

   _  __       _         _
  | |/ /      (_)       | |
  | ' /  _ __  _  _ __  | | __ ___
  |  <  | '__|| || '_ \ | |/ // _ \ 
  | . \ | |   | || |_) ||   <|  __/
  |_|\_\|_|   |_|| .__/ |_|\_\\___|
                 | |
                 |_|        Version 1.2.5-dev

LLNL-CODE-775068

Copyright (c) 2014-25, Lawrence Livermore National Security, LLC

Kripke is released under the BSD 3-Clause License, please see the
LICENSE file for the full license

This work was produced under the auspices of the U.S. Department of
Energy by Lawrence Livermore National Laboratory under Contract
DE-AC52-07NA27344.

Author: Adam J. Kunen <kunen1@llnl.gov>

Compilation Options:
  Architecture:           Sequential
  Compiler:               /usr/bin/mpicxx
  Compiler Flags:         "-I/opt/Caliper-2.13.1/src/interface/c_fortran -I/opt/Caliper-2.13.1/src/include    "
  Linker Flags:           " "
  CHAI Enabled:           No
  CUDA Enabled:           No
  MPI Enabled:            Yes
  OpenMP Enabled:         No
  Caliper Enabled:        Yes

Input Parameters
================

  Problem Size:
    Zones:                 256 x 192 x 128  (6291456 total)
    Groups:                16
    Legendre Order:        2
    Quadrature Set:        Dummy S2 with 16 points

  Physical Properties:
    Total X-Sec:           sigt=[0.100000, 0.000100, 0.100000]
    Scattering X-Sec:      sigs=[0.050000, 0.000050, 0.050000]

  Solver Options:
    Number iterations:     100

  MPI Decomposition Options:
    Total MPI tasks:       192
    Spatial decomp:        8 x 6 x 4 MPI tasks
    Block solve method:    Sweep

  Per-Task Options:
    DirSets/Directions:    16 sets, 1 directions/set
    GroupSet/Groups:       16 sets, 1 groups/set
    Zone Sets:             1 x 1 x 1
    Architecture:          Sequential
    Data Layout:           DGZ

Generating Problem
==================

== CALIPER: (0): spot: event: Marked attribute iteration#solve
  Decomposition Space:   Procs:      Subdomains (local/global):
  ---------------------  ----------  --------------------------
  (P) Energy:            1           16 / 16
  (Q) Direction:         1           16 / 16
  (R) Space:             192         1 / 192
  (Rx,Ry,Rz) R in XYZ:   8x6x4       1x1x1 / 8x6x4
  (PQR) TOTAL:           192         256 / 49152

  Material Volumes=[8.156490e+03, 1.203726e+05, 2.751471e+06]

  Memory breakdown of Field variables:
  Field Variable            Num Elements    Megabytes
  --------------            ------------    ---------
  data/sigs                         2304        0.018
  dx                                 256        0.002
  dy                                 192        0.001
  dz                                 128        0.001
  ell                                144        0.001
  ell_plus                           144        0.001
  i_plane                        6291456       48.000
  j_plane                        8388608       64.000
  k_plane                       12582912       96.000
  mixelem_to_fraction            6336144       48.341
  phi                          905969664     6912.000
  phi_out                      905969664     6912.000
  psi                         1610612736    12288.000
  quadrature/w                        16        0.000
  quadrature/xcos                     16        0.000
  quadrature/ycos                     16        0.000
  quadrature/zcos                     16        0.000
  rhs                         1610612736    12288.000
  sigt_zonal                   100663296      768.000
  volume                         6291456       48.000
  --------                  ------------    ---------
  TOTAL                       5173721904    39472.366

  Generation Complete!

Steady State Solve
==================

  iter 0: particle count=1.848034e+07, change=1.000000e+00
  iter 1: particle count=2.763117e+07, change=3.311777e-01
  iter 2: particle count=3.215116e+07, change=1.405853e-01
  iter 3: particle count=3.437947e+07, change=6.481531e-02
  iter 4: particle count=3.547582e+07, change=3.090408e-02
  iter 5: particle count=3.601404e+07, change=1.494481e-02
  iter 6: particle count=3.627765e+07, change=7.266538e-03
  iter 7: particle count=3.640647e+07, change=3.538184e-03
  iter 8: particle count=3.646927e+07, change=1.722057e-03
  iter 9: particle count=3.649982e+07, change=8.371104e-04
  iter 10: particle count=3.651466e+07, change=4.063120e-04
  iter 11: particle count=3.652185e+07, change=1.969052e-04
  iter 12: particle count=3.652533e+07, change=9.528010e-05
  iter 13: particle count=3.652701e+07, change=4.604063e-05
  iter 14: particle count=3.652783e+07, change=2.221912e-05
  iter 15: particle count=3.652822e+07, change=1.071054e-05
  iter 16: particle count=3.652841e+07, change=5.157546e-06
  iter 17: particle count=3.652850e+07, change=2.481230e-06
  iter 18: particle count=3.652854e+07, change=1.192677e-06
  iter 19: particle count=3.652856e+07, change=5.728567e-07
  iter 20: particle count=3.652857e+07, change=2.749591e-07
  iter 21: particle count=3.652857e+07, change=1.318916e-07
  iter 22: particle count=3.652858e+07, change=6.322922e-08
  iter 23: particle count=3.652858e+07, change=3.029647e-08
  iter 24: particle count=3.652858e+07, change=1.450974e-08
  iter 25: particle count=3.652858e+07, change=6.946041e-09
  iter 26: particle count=3.652858e+07, change=3.323852e-09
  iter 27: particle count=3.652858e+07, change=1.589959e-09
  iter 28: particle count=3.652858e+07, change=7.602939e-10
  iter 29: particle count=3.652858e+07, change=3.634471e-10
  iter 30: particle count=3.652858e+07, change=1.736909e-10
  iter 31: particle count=3.652858e+07, change=8.298430e-11
  iter 32: particle count=3.652858e+07, change=3.963688e-11
  iter 33: particle count=3.652858e+07, change=1.892741e-11
  iter 34: particle count=3.652858e+07, change=9.038132e-12
  iter 35: particle count=3.652858e+07, change=4.313469e-12
  iter 36: particle count=3.652858e+07, change=2.058831e-12
  iter 37: particle count=3.652858e+07, change=9.829111e-13
  iter 38: particle count=3.652858e+07, change=4.683055e-13
  iter 39: particle count=3.652858e+07, change=2.239544e-13
  iter 40: particle count=3.652858e+07, change=1.066741e-13
  iter 41: particle count=3.652858e+07, change=5.017558e-14
  iter 42: particle count=3.652858e+07, change=2.529176e-14
  iter 43: particle count=3.652858e+07, change=1.121812e-14
  iter 44: particle count=3.652858e+07, change=5.507076e-15
  iter 45: particle count=3.652858e+07, change=3.059487e-15
  iter 46: particle count=3.652858e+07, change=1.223795e-15
  iter 47: particle count=3.652858e+07, change=4.079316e-16
  iter 48: particle count=3.652858e+07, change=4.079316e-16
  iter 49: particle count=3.652858e+07, change=0.000000e+00
  iter 50: particle count=3.652858e+07, change=2.039658e-16
  iter 51: particle count=3.652858e+07, change=0.000000e+00
  iter 52: particle count=3.652858e+07, change=-2.039658e-16
  iter 53: particle count=3.652858e+07, change=2.039658e-16
  iter 54: particle count=3.652858e+07, change=-2.039658e-16
  iter 55: particle count=3.652858e+07, change=2.039658e-16
  iter 56: particle count=3.652858e+07, change=0.000000e+00
  iter 57: particle count=3.652858e+07, change=0.000000e+00
  iter 58: particle count=3.652858e+07, change=0.000000e+00
  iter 59: particle count=3.652858e+07, change=-2.039658e-16
  iter 60: particle count=3.652858e+07, change=2.039658e-16
  iter 61: particle count=3.652858e+07, change=0.000000e+00
  iter 62: particle count=3.652858e+07, change=0.000000e+00
  iter 63: particle count=3.652858e+07, change=0.000000e+00
  iter 64: particle count=3.652858e+07, change=0.000000e+00
  iter 65: particle count=3.652858e+07, change=0.000000e+00
  iter 66: particle count=3.652858e+07, change=0.000000e+00
  iter 67: particle count=3.652858e+07, change=0.000000e+00
  iter 68: particle count=3.652858e+07, change=0.000000e+00
  iter 69: particle count=3.652858e+07, change=0.000000e+00
  iter 70: particle count=3.652858e+07, change=0.000000e+00
  iter 71: particle count=3.652858e+07, change=0.000000e+00
  iter 72: particle count=3.652858e+07, change=0.000000e+00
  iter 73: particle count=3.652858e+07, change=0.000000e+00
  iter 74: particle count=3.652858e+07, change=0.000000e+00
  iter 75: particle count=3.652858e+07, change=0.000000e+00
  iter 76: particle count=3.652858e+07, change=0.000000e+00
  iter 77: particle count=3.652858e+07, change=0.000000e+00
  iter 78: particle count=3.652858e+07, change=0.000000e+00
  iter 79: particle count=3.652858e+07, change=0.000000e+00
  iter 80: particle count=3.652858e+07, change=0.000000e+00
  iter 81: particle count=3.652858e+07, change=0.000000e+00
  iter 82: particle count=3.652858e+07, change=0.000000e+00
  iter 83: particle count=3.652858e+07, change=-2.039658e-16
  iter 84: particle count=3.652858e+07, change=2.039658e-16
  iter 85: particle count=3.652858e+07, change=0.000000e+00
  iter 86: particle count=3.652858e+07, change=0.000000e+00
  iter 87: particle count=3.652858e+07, change=0.000000e+00
  iter 88: particle count=3.652858e+07, change=0.000000e+00
  iter 89: particle count=3.652858e+07, change=0.000000e+00
  iter 90: particle count=3.652858e+07, change=0.000000e+00
  iter 91: particle count=3.652858e+07, change=-2.039658e-16
  iter 92: particle count=3.652858e+07, change=2.039658e-16
  iter 93: particle count=3.652858e+07, change=0.000000e+00
  iter 94: particle count=3.652858e+07, change=0.000000e+00
  iter 95: particle count=3.652858e+07, change=0.000000e+00
  iter 96: particle count=3.652858e+07, change=0.000000e+00
  iter 97: particle count=3.652858e+07, change=0.000000e+00
  iter 98: particle count=3.652858e+07, change=0.000000e+00
  iter 99: particle count=3.652858e+07, change=0.000000e+00
== CALIPER: (0): builtin.configmgr: Flushing Caliper data
  Solver terminated
== CALIPER: (0): spot: CustomOutputController::flush(): using MPI

== CALIPER: (0): OutputCommMpi: MPI is available
Timers
======

  Timer                    Count       Seconds
  ----------------  ------------  ------------
  Generate                     1       0.08117
  LPlusTimes                 100       5.27341
  LTimes                     100       5.17750
  Population                 100       2.49648
  Scattering                 100      27.95620
  Solve                        1      62.45074
  Source                     100       0.03801
  SweepSolver                100      16.65442
  SweepSubdomain           25600       8.98068

== CALIPER: (0): spot: Flushing Caliper data
TIMER_NAMES:Generate,LPlusTimes,LTimes,Population,Scattering,Solve,Source,SweepSolver,SweepSubdomain
TIMER_DATA:0.081165,5.273412,5.177499,2.496481,27.956205,62.450735,0.038015,16.654421,8.980682

Figures of Merit
================

  Throughput:         2.579013e+09 [unknowns/(second/iteration)]
  Grind time :        3.877452e-10 [(seconds/iteration)/unknowns]
  Sweep efficiency :  53.92371 [100.0 * SweepSubdomain time / SweepSolver time]
  Number of unknowns: 1610612736
== CALIPER: (0): spot: adiak_import: Imported 29 adiak values
== CALIPER: (0): spot: Aggregate: flushed 44 snapshots.
== CALIPER: (0): spot.timeseries: trace: Flushed 102 snapshots.
== CALIPER: (0): spot.timeseries: trace: Flushed 102 snapshots.
== CALIPER: (0): spot: Wrote 413 records.
== CALIPER: (0): Finalizing ... 

== CALIPER: (0): builtin.configmgr: Flushing Caliper data
END
== CALIPER: (0): Releasing channel builtin.configmgr
== CALIPER: (0): builtin.configmgr: Finishing mpi service
== CALIPER: (0): builtin.configmgr channel blackboard: max 2 entries (0.195886% occupancy).
== CALIPER: (0): CaliperMetadataDB: stored 406 nodes, 257 strings.
== CALIPER: (0): Releasing channel spot.timeseries
== CALIPER: (0): spot.timeseries: loop_monitor: Triggered 102 snapshots.
== CALIPER: (0): spot.timeseries: trace: 2 MiB reserved, 3.51172 KiB used, 1 chunks.
== CALIPER: (0): spot.timeseries: Trace: 1 thread trace buffers acquired, 0 retired, 0 released.
== CALIPER: (0): spot.timeseries channel blackboard: max 1 entries (0.0979432% occupancy).
== CALIPER: (0): Releasing channel spot
== CALIPER: (0): spot: Aggregate: Releasing aggregation DB.
  max hash len: 2, 52 entries, 408 kernels, 1.5 MiB reserved.
== CALIPER: (0): spot: Finishing mpi service
== CALIPER: (0): spot channel blackboard: max 1 entries (0.0979432% occupancy).
== CALIPER: (0): Releasing Caliper global data.
  Max active channels: 2
== CALIPER: (0): Process blackboard: max 4 entries (0.391773% occupancy).
== CALIPER: (0): Releasing Caliper thread data: 
  Metadata tree: 2 blocks, 385 nodes
   Metadata memory pool: 1 MiB reserved, 43.0479 KiB used
  Thread blackboard: max 4 entries (0.391773% occupancy).
== CALIPER: (0): Finished

START
/opt/caliper-build/src/tools/cali-query/cali-query -Gj /data/out.cali
[
{"adiakversion":"0.5.0","architecture":"Sequential","cali.caliper.version":"2.13.1","cali.channel":"spot","cluster":"kripke-","cmdline":"[kripke,--layout,DGZ,--dset,16,--gset,16,--groups,16,--niter,100,--legendre,2,--quad,16,--zones,256,192,128,--procs,8,6,4]","compiler":"/usr/bin/mpicxx","compiler_flags":"-I/opt/Caliper-2.13.1/src/interface/c_fortran -I/opt/Caliper-2.13.1/src/include    ","dset":"16","executable":"kripke","executablepath":"/usr/local/bin/kripke","grind_time":"0.000000","groups":"16","hostname":"kripke-0","iterations":"100","jobsize":"1","launchdate":"1759123868","launchday":"1759104000","layout":"DGZ","legendre_order":"2","libraries":"[linux-vdso.so.1,/lib/x86_64-linux-gnu/libcaliper.so.2,/lib/x86_64-linux-gnu/libmpi_cxx.so.40,/lib/x86_64-linux-gnu/libmpi.so.40,/lib/x86_64-linux-gnu/libstdc++.so.6,/lib/x86_64-linux-gnu/libm.so.6,/lib/x86_64-linux-gnu/libgcc_s.so.1,/lib/x86_64-linux-gnu/libc.so.6,/usr/lib/x86_64-linux-gnu/libgfortran.so.5,/lib64/ld-linux-x86-64.so.2,/lib/x86_64-linux-gnu/libopen-pal.so.40,/lib/x86_64-linux-gnu/libopen-rte.so.40,/lib/x86_64-linux-gnu/libhwloc.so.15,/lib/x86_64-linux-gnu/libevent_core-2.1.so.7,/lib/x86_64-linux-gnu/libevent_pthreads-2.1.so.7,/lib/x86_64-linux-gnu/libz.so.1,/lib/x86_64-linux-gnu/libudev.so.1,/lib/x86_64-linux-gnu/libcap.so.2,/usr/lib/x86_64-linux-gnu/openmpi/lib/openmpi3/mca_shmem_mmap.so,/usr/lib/x86_64-linux-gnu/openmpi/lib/openmpi3/mca_reachable_netlink.so,/lib/x86_64-linux-gnu/libnl-3.so.200,/usr/lib/x86_64-linux-gnu/openmpi/lib/openmpi3/mca_schizo_jsm.so,/usr/lib/x86_64-linux-gnu/openmpi/lib/openmpi3/mca_schizo_flux.so,/usr/lib/x86_64-linux-gnu/openmpi/lib/openmpi3/mca_schizo_slurm.so,/usr/lib/x86_64-linux-gnu/openmpi/lib/openmpi3/mca_schizo_orte.so,/usr/lib/x86_64-linux-gnu/openmpi/lib/openmpi3/mca_schizo_ompi.so,/usr/lib/x86_64-linux-gnu/openmpi/lib/openmpi3/mca_ess_pmi.so,/usr/lib/x86_64-linux-gnu/openmpi/lib/openmpi3/mca_pmix_flux.so,/usr/lib/flux/libpmi.so,/lib/libflux-taskmap.so.1,/lib/libflux-idset.so.1,/lib/x86_64-linux-gnu/libjansson.so.4,/usr/lib/x86_64-linux-gnu/openmpi/lib/openmpi3/mca_state_app.so,/usr/lib/x86_64-linux-gnu/openmpi/lib/openmpi3/mca_errmgr_default_app.so,/usr/lib/x86_64-linux-gnu/hwloc/hwloc_xml_libxml.so,/lib/x86_64-linux-gnu/libxml2.so.2,/lib/x86_64-linux-gnu/libicuuc.so.74,/lib/x86_64-linux-gnu/liblzma.so.5,/lib/x86_64-linux-gnu/libicudata.so.74,/usr/lib/x86_64-linux-gnu/hwloc/hwloc_gl.so,/lib/x86_64-linux-gnu/libXNVCtrl.so.0,/lib/x86_64-linux-gnu/libX11.so.6,/lib/x86_64-linux-gnu/libXext.so.6,/lib/x86_64-linux-gnu/libxcb.so.1,/lib/x86_64-linux-gnu/libXau.so.6,/lib/x86_64-linux-gnu/libXdmcp.so.6,/lib/x86_64-linux-gnu/libbsd.so.0,/lib/x86_64-linux-gnu/libmd.so.0,/usr/lib/x86_64-linux-gnu/hwloc/hwloc_pci.so,/lib/x86_64-linux-gnu/libpciaccess.so.0,/usr/lib/x86_64-linux-gnu/hwloc/hwloc_opencl.so,/lib/x86_64-linux-gnu/libOpenCL.so.1,/usr/lib/x86_64-linux-gnu/openmpi/lib/openmpi3/mca_op_avx.so,/usr/lib/x86_64-linux-gnu/openmpi/lib/openmpi3/mca_allocator_basic.so,/usr/lib/x86_64-linux-gnu/openmpi/lib/openmpi3/mca_allocator_bucket.so,/usr/lib/x86_64-linux-gnu/openmpi/lib/openmpi3/mca_rcache_grdma.so,/usr/lib/x86_64-linux-gnu/openmpi/lib/openmpi3/mca_mpool_hugepage.so,/usr/lib/x86_64-linux-gnu/openmpi/lib/openmpi3/mca_bml_r2.so,/usr/lib/x86_64-linux-gnu/openmpi/lib/openmpi3/mca_btl_vader.so,/usr/lib/x86_64-linux-gnu/openmpi/lib/openmpi3/mca_btl_tcp.so,/usr/lib/x86_64-linux-gnu/openmpi/lib/openmpi3/mca_btl_sm.so,/usr/lib/x86_64-linux-gnu/openmpi/lib/openmpi3/mca_btl_self.so,/usr/lib/x86_64-linux-gnu/openmpi/lib/openmpi3/mca_pml_ob1.so,/usr/lib/x86_64-linux-gnu/openmpi/lib/openmpi3/mca_coll_sync.so,/usr/lib/x86_64-linux-gnu/openmpi/lib/openmpi3/mca_coll_sm.so,/lib/x86_64-linux-gnu/libmca_common_sm.so.40,/usr/lib/x86_64-linux-gnu/openmpi/lib/openmpi3/mca_coll_libnbc.so,/usr/lib/x86_64-linux-gnu/openmpi/lib/openmpi3/mca_coll_self.so,/usr/lib/x86_64-linux-gnu/openmpi/lib/openmpi3/mca_coll_han.so,/usr/lib/x86_64-linux-gnu/openmpi/lib/openmpi3/mca_coll_tuned.so,/usr/lib/x86_64-linux-gnu/openmpi/lib/openmpi3/mca_coll_inter.so,/usr/lib/x86_64-linux-gnu/openmpi/lib/openmpi3/mca_coll_basic.so,/usr/lib/x86_64-linux-gnu/openmpi/lib/openmpi3/mca_coll_adapt.so,/usr/lib/x86_64-linux-gnu/openmpi/lib/openmpi3/mca_osc_rdma.so,/usr/lib/x86_64-linux-gnu/openmpi/lib/openmpi3/mca_osc_sm.so]","mpi.world.size":"192","num_unknowns":"1610612736","numhosts":"1","opts:mpi.message.count":"true","opts:mpi.message.size":"true","opts:node.order":"true","opts:output":"/data/out.cali","opts:profile.mpi":"true","opts:region.count":"true","opts:time.exclusive":"true","opts:timeseries":"true","opts:timeseries.iteration_interval":"1","opts:timeseries.maxrows":"500","parallel_method":"sweep","procs":"{8,6,4}","spot.channels":"regionprofile,timeseries","spot.format.version":"2","spot.metrics":"min#inclusive#sum#time.duration,max#inclusive#sum#time.duration,avg#inclusive#sum#time.duration,sum#inclusive#sum#time.duration,avg#sum#mmc.send,max#sum#mmc.send,avg#sum#mmc.recv,max#sum#mmc.recv,max#sum#mmc.coll,min#min#mms.min,avg#avg#mms.avg,max#max#mms.avg,min#min#aggregate.slot,min#sum#rc.count,avg#sum#rc.count,max#sum#rc.count,sum#sum#rc.count,min#scale#sum#time.duration.ns,max#scale#sum#time.duration.ns,avg#scale#sum#time.duration.ns,sum#scale#sum#time.duration.ns","spot.options":"profile.mpi,timeseries,mpi.message.count,mpi.message.size,node.order,region.count,time.exclusive","spot.timeseries.metrics":"max#sum#loop.iterations,max#scale#time.duration.ns,avg#ratio#loop.iterations/time.duration.ns","sweep_eff":"53.923700","throughput":"2579010000.000000","uid":"root","user":"root","working_directory":"/opt","zones":"{256,192,128}"}
]
END

START
/opt/caliper-build/src/tools/cali-query/cali-query -T /data/out.cali
Path                     Min time/rank Max time/rank Avg time/rank Total time   Node order Min time/rank (exc) Max time/rank (exc) Avg time/rank (exc) Total time (exc) spot.channel  Calls/rank (min) Calls/rank (avg) Calls/rank (max) Calls (total) Collectives (max) Msg size (min) Msg size (avg) Msgs recvd (avg) Msgs recvd (max) Msgs sent (avg) Msgs sent (max) block max#sum#loop.iterations Time (s) Iter/s   
solve                    
 |-                                                                                                                                                                     timeseries                                                                                                                                                                                           0                       1 0.647872 1.558730 
 |-                                                                                                                                                                     timeseries                                                                                                                                                                                           1                       1 0.630070 1.600940 
 |-                                                                                                                                                                     timeseries                                                                                                                                                                                           2                       1 0.622900 1.610430 
 |-                                                                                                                                                                     timeseries                                                                                                                                                                                           3                       1 0.618870 1.615990 
 |-                                                                                                                                                                     timeseries                                                                                                                                                                                           4                       1 0.621433 1.609300 
 |-                                                                                                                                                                     timeseries                                                                                                                                                                                           5                       1 0.630617 1.585860 
 |-                                                                                                                                                                     timeseries                                                                                                                                                                                           6                       1 0.625178 1.599720 
 |-                                                                                                                                                                     timeseries                                                                                                                                                                                           7                       1 0.614735 1.626840 
 |-                                                                                                                                                                     timeseries                                                                                                                                                                                           8                       1 0.619862 1.613550 
 |-                                                                                                                                                                     timeseries                                                                                                                                                                                           9                       1 0.629819 1.606650 
 |-                                                                                                                                                                     timeseries                                                                                                                                                                                          10                       1 0.636554 1.571280 
 |-                                                                                                                                                                     timeseries                                                                                                                                                                                          11                       1 0.625797 1.598060 
 |-                                                                                                                                                                     timeseries                                                                                                                                                                                          12                       1 0.617307 1.620080 
 |-                                                                                                                                                                     timeseries                                                                                                                                                                                          13                       1 0.628192 1.599510 
 |-                                                                                                                                                                     timeseries                                                                                                                                                                                          14                       1 0.633685 1.581090 
 |-                                                                                                                                                                     timeseries                                                                                                                                                                                          15                       1 0.622267 1.607160 
 |-                                                                                                                                                                     timeseries                                                                                                                                                                                          16                       1 0.621934 1.608000 
 |-                                                                                                                                                                     timeseries                                                                                                                                                                                          17                       1 0.628420 1.591440 
 |-                                                                                                                                                                     timeseries                                                                                                                                                                                          18                       1 0.632829 1.580330 
 |-                                                                                                                                                                     timeseries                                                                                                                                                                                          19                       1 0.621858 1.608190 
 |-                                                                                                                                                                     timeseries                                                                                                                                                                                          20                       1 0.623993 1.602670 
 |-                                                                                                                                                                     timeseries                                                                                                                                                                                          21                       1 0.627617 1.593530 
 |-                                                                                                                                                                     timeseries                                                                                                                                                                                          22                       1 0.633233 1.579320 
 |-                                                                                                                                                                     timeseries                                                                                                                                                                                          23                       1 0.620880 1.610730 
 |-                                                                                                                                                                     timeseries                                                                                                                                                                                          24                       1 0.629969 1.603360 
 |-                                                                                                                                                                     timeseries                                                                                                                                                                                          25                       1 0.624143 1.603320 
 |-                                                                                                                                                                     timeseries                                                                                                                                                                                          26                       1 0.630944 1.585040 
 |-                                                                                                                                                                     timeseries                                                                                                                                                                                          27                       1 0.624168 1.602230 
 |-                                                                                                                                                                     timeseries                                                                                                                                                                                          28                       1 0.635493 1.582230 
 |-                                                                                                                                                                     timeseries                                                                                                                                                                                          29                       1 0.632523 1.583510 
 |-                                                                                                                                                                     timeseries                                                                                                                                                                                          30                       1 0.622677 1.606100 
 |-                                                                                                                                                                     timeseries                                                                                                                                                                                          31                       1 0.620300 1.612250 
 |-                                                                                                                                                                     timeseries                                                                                                                                                                                          32                       1 0.629072 1.600520 
 |-                                                                                                                                                                     timeseries                                                                                                                                                                                          33                       1 0.632825 1.583370 
 |-                                                                                                                                                                     timeseries                                                                                                                                                                                          34                       1 0.626348 1.596670 
 |-                                                                                                                                                                     timeseries                                                                                                                                                                                          35                       1 0.620362 1.612020 
 |-                                                                                                                                                                     timeseries                                                                                                                                                                                          36                       1 0.626789 1.595570 
 |-                                                                                                                                                                     timeseries                                                                                                                                                                                          37                       1 0.629320 1.589200 
 |-                                                                                                                                                                     timeseries                                                                                                                                                                                          38                       1 0.623807 1.603170 
 |-                                                                                                                                                                     timeseries                                                                                                                                                                                          39                       1 0.616977 1.620920 
 |-                                                                                                                                                                     timeseries                                                                                                                                                                                          40                       1 0.630622 1.585910 
 |-                                                                                                                                                                     timeseries                                                                                                                                                                                          41                       1 0.625795 1.598140 
 |-                                                                                                                                                                     timeseries                                                                                                                                                                                          42                       1 0.621371 1.609480 
 |-                                                                                                                                                                     timeseries                                                                                                                                                                                          43                       1 0.621488 1.609120 
 |-                                                                                                                                                                     timeseries                                                                                                                                                                                          44                       1 0.622337 1.622970 
 |-                                                                                                                                                                     timeseries                                                                                                                                                                                          45                       1 0.620183 1.613310 
 |-                                                                                                                                                                     timeseries                                                                                                                                                                                          46                       1 0.633888 1.577660 
 |-                                                                                                                                                                     timeseries                                                                                                                                                                                          47                       1 0.626280 1.596880 
 |-                                                                                                                                                                     timeseries                                                                                                                                                                                          48                       1 0.618904 1.615900 
 |-                                                                                                                                                                     timeseries                                                                                                                                                                                          49                       1 0.626628 1.596020 
 |-                                                                                                                                                                     timeseries                                                                                                                                                                                          50                       1 0.631073 1.584700 
 |-                                                                                                                                                                     timeseries                                                                                                                                                                                          51                       1 0.615065 1.625990 
 |-                                                                                                                                                                     timeseries                                                                                                                                                                                          52                       1 0.617406 1.619800 
 |-                                                                                                                                                                     timeseries                                                                                                                                                                                          53                       1 0.630871 1.585250 
 |-                                                                                                                                                                     timeseries                                                                                                                                                                                          54                       1 0.628080 1.592280 
 |-                                                                                                                                                                     timeseries                                                                                                                                                                                          55                       1 0.616254 1.622840 
 |-                                                                                                                                                                     timeseries                                                                                                                                                                                          56                       1 0.615270 1.625410 
 |-                                                                                                                                                                     timeseries                                                                                                                                                                                          57                       1 0.618525 1.616860 
 |-                                                                                                                                                                     timeseries                                                                                                                                                                                          58                       1 0.630934 1.585070 
 |-                                                                                                                                                                     timeseries                                                                                                                                                                                          59                       1 0.623843 1.603060 
 |-                                                                                                                                                                     timeseries                                                                                                                                                                                          60                       1 0.621285 1.609760 
 |-                                                                                                                                                                     timeseries                                                                                                                                                                                          61                       1 0.622132 1.607500 
 |-                                                                                                                                                                     timeseries                                                                                                                                                                                          62                       1 0.625040 1.600050 
 |-                                                                                                                                                                     timeseries                                                                                                                                                                                          63                       1 0.628526 1.591130 
 |-                                                                                                                                                                     timeseries                                                                                                                                                                                          64                       1 0.620259 1.612370 
 |-                                                                                                                                                                     timeseries                                                                                                                                                                                          65                       1 0.622335 1.606940 
 |-                                                                                                                                                                     timeseries                                                                                                                                                                                          66                       1 0.624636 1.601070 
 |-                                                                                                                                                                     timeseries                                                                                                                                                                                          67                       1 0.626337 1.596760 
 |-                                                                                                                                                                     timeseries                                                                                                                                                                                          68                       1 0.620311 1.612250 
 |-                                                                                                                                                                     timeseries                                                                                                                                                                                          69                       1 0.620427 1.611880 
 |-                                                                                                                                                                     timeseries                                                                                                                                                                                          70                       1 0.631197 1.592480 
 |-                                                                                                                                                                     timeseries                                                                                                                                                                                          71                       1 0.633154 1.582460 
 |-                                                                                                                                                                     timeseries                                                                                                                                                                                          72                       1 0.627353 1.594100 
 |-                                                                                                                                                                     timeseries                                                                                                                                                                                          73                       1 0.616680 1.621690 
 |-                                                                                                                                                                     timeseries                                                                                                                                                                                          74                       1 0.627380 1.605520 
 |-                                                                                                                                                                     timeseries                                                                                                                                                                                          75                       1 0.632945 1.582340 
 |-                                                                                                                                                                     timeseries                                                                                                                                                                                          76                       1 0.621528 1.609040 
 |-                                                                                                                                                                     timeseries                                                                                                                                                                                          77                       1 0.626435 1.596420 
 |-                                                                                                                                                                     timeseries                                                                                                                                                                                          78                       1 0.625645 1.598470 
 |-                                                                                                                                                                     timeseries                                                                                                                                                                                          79                       1 0.623999 1.602750 
 |-                                                                                                                                                                     timeseries                                                                                                                                                                                          80                       1 0.622118 1.607530 
 |-                                                                                                                                                                     timeseries                                                                                                                                                                                          81                       1 0.620278 1.612260 
 |-                                                                                                                                                                     timeseries                                                                                                                                                                                          82                       1 0.625291 1.599410 
 |-                                                                                                                                                                     timeseries                                                                                                                                                                                          83                       1 0.633261 1.579300 
 |-                                                                                                                                                                     timeseries                                                                                                                                                                                          84                       1 0.618536 1.616870 
 |-                                                                                                                                                                     timeseries                                                                                                                                                                                          85                       1 0.622342 1.606920 
 |-                                                                                                                                                                     timeseries                                                                                                                                                                                          86                       1 0.618538 1.616780 
 |-                                                                                                                                                                     timeseries                                                                                                                                                                                          87                       1 0.622197 1.607330 
 |-                                                                                                                                                                     timeseries                                                                                                                                                                                          88                       1 0.625431 1.599000 
 |-                                                                                                                                                                     timeseries                                                                                                                                                                                          89                       1 0.619223 1.615020 
 |-                                                                                                                                                                     timeseries                                                                                                                                                                                          90                       1 0.621023 1.610390 
 |-                                                                                                                                                                     timeseries                                                                                                                                                                                          91                       1 0.619466 1.619990 
 |-                                                                                                                                                                     timeseries                                                                                                                                                                                          92                       1 0.623422 1.607640 
 |-                                                                                                                                                                     timeseries                                                                                                                                                                                          93                       1 0.627727 1.593150 
 |-                                                                                                                                                                     timeseries                                                                                                                                                                                          94                       1 0.612984 1.631440 
 |-                                                                                                                                                                     timeseries                                                                                                                                                                                          95                       1 0.623954 1.602770 
 |-                                                                                                                                                                     timeseries                                                                                                                                                                                          96                       1 0.623432 1.618920 
 |-                                                                                                                                                                     timeseries                                                                                                                                                                                          97                       1 0.630658 1.586900 
 |-                                                                                                                                                                     timeseries                                                                                                                                                                                          98                       1 0.625465 1.598960 
 |-                                                                                                                                                                     timeseries                                                                                                                                                                                          99                       1 0.619513 1.614270 
main                         62.532000     62.535400     62.534100 12006.500000          1            0.001340            0.001557            0.001374         0.263735 regionprofile                                                                                                                                                                                                                                    
  MPI_Comm_dup                0.000690      0.000855      0.000798     0.153178         43            0.000690            0.000855            0.000798         0.153178 regionprofile                1                1                1           192                                                                                                                                                                   
  MPI_Finalized               0.000003      0.000009      0.000003     0.000627         42            0.000003            0.000009            0.000003         0.000627 regionprofile                1                1                1           192                                                                                                                                                                   
  MPI_Initialized             0.000004      0.000010      0.000004     0.000784         41            0.000004            0.000010            0.000004         0.000784 regionprofile                1                1                1           192                                                                                                                                                                   
  MPI_Finalize                0.000007      0.000017      0.000008     0.001595         40            0.000007            0.000017            0.000008         0.001595 regionprofile                1                1                1           192                                                                                                                                                                   
  Solve                      62.450600     62.451100     62.450900 11990.600000         22            0.033752            0.036581            0.034088         6.544880 regionprofile                1                1                1           192                                                                                                                                                                   
    solve                    62.414200     62.417200     62.416800 11984.000000         23            4.505270            5.002820            4.874020       935.812000 regionprofile              101              101              101         19392                                                                                                                                                                   
      Population              2.034880      2.638500      2.340210   449.320000         37            1.682820            1.802780            1.749090       335.826000 regionprofile              100              100              100         19200                                                                                                                                                                   
        MPI_Allreduce         0.276882      0.919648      0.591116   113.494000         38            0.276882            0.919648            0.591116       113.494000 regionprofile              100              100              100         19200               100              8              8                                                                                                                   
      SweepSolver            13.963500     18.286900     15.017200  2883.310000         28            1.759810            4.036090            2.412750       463.247000 regionprofile              100              100              100         19200                                                                                                                                                                   
        MPI_Waitall           0.005954      0.030873      0.013864     2.661910         36            0.005954            0.030873            0.013864         2.661910 regionprofile              100              100              100         19200                                                                                                                                                                   
        MPI_Isend             0.218014      0.553598      0.412128    79.128500         33            0.218014            0.553598            0.412128        79.128500 regionprofile            38400            62933            76800      12083200                             8192           8192                                             62933           76800                                                 
        sweepSubdomain        8.771400      9.503030      9.095680  1746.370000         31            0.143236            0.170583            0.152433        29.267200 regionprofile            25600            25600            25600       4915200                                                                                                                                                                   
          SweepSubdomain      8.621980      9.341690      8.943250  1717.100000         32            8.621980            9.341690            8.943250      1717.100000 regionprofile            25600            25600            25600       4915200                                                                                                                                                                   
        MPI_Testany           2.055050      4.799840      2.837460   544.793000         30            2.055050            4.799840            2.837460       544.793000 regionprofile           374804           581778          1059454     111701431                             8192           8192            62933            76800                                                                                 
        MPI_Irecv             0.142292      0.318854      0.245352    47.107600         29            0.142292            0.318854            0.245352        47.107600 regionprofile            38400            62933            76800      12083200                                                                                                                                                                   
      LPlusTimes              4.766650      5.393310      5.118570   982.766000         27            4.766650            5.393310            5.118570       982.766000 regionprofile              100              100              100         19200                                                                                                                                                                   
      Source                  0.030409      0.069786      0.037508     7.201560         26            0.030409            0.069786            0.037508         7.201560 regionprofile              100              100              100         19200                                                                                                                                                                   
      Scattering             26.964800     30.986800     29.706400  5703.630000         25           26.964800           30.986800           29.706400      5703.630000 regionprofile              100              100              100         19200                                                                                                                                                                   
      LTimes                  4.976110      5.664640      5.322810  1021.980000         24            4.976110            5.664640            5.322810      1021.980000 regionprofile              100              100              100         19200                                                                                                                                                                   
  Generate                    0.079109      0.082298      0.081026    15.557000          2            0.010900            0.014403            0.012439         2.388250 regionprofile                1                1                1           192                                                                                                                                                                   
    MPI_Scan                  0.000093      0.008708      0.004805     0.922639          6            0.000093            0.008708            0.004805         0.922639 regionprofile               16               16               16          3072                16              8              8                                                                                                                   
    MPI_Allreduce             0.018923      0.029380      0.023371     4.487190          4            0.018923            0.029380            0.023371         4.487190 regionprofile               19               19               19          3648                19              8          14753                                                                                                                   
    MPI_Comm_split            0.038323      0.041711      0.040411     7.758920          3            0.038323            0.041711            0.040411         7.758920 regionprofile                7                7                7          1344                                                                                                                                                                   
END
broker.info[0]: rc2.0: /bin/bash /entrypoint.sh Exited (rc=0) 66.2s
broker.info[0]: rc2-success: run->cleanup 1.1038m
broker.info[0]: cleanup.0: flux queue stop --quiet --all --nocheckpoint Exited (rc=0) 0.1s
broker.info[0]: cleanup.1: flux resource acquire-mute Exited (rc=0) 0.1s
broker.info[0]: cleanup.2: flux cancel --user=all --quiet --states RUN Exited (rc=0) 0.1s
broker.info[0]: cleanup.3: flux queue idle --quiet Exited (rc=0) 0.1s
broker.info[0]: cleanup-success: cleanup->shutdown 0.315428s
broker.info[0]: children-complete: shutdown->finalize 45.4091ms
broker.info[0]: rc3.0: running /etc/flux/rc3.d/01-sched-fluxion
broker.info[0]: rc3.0: /etc/flux/rc3 Exited (rc=0) 0.1s
broker.info[0]: rc3-success: finalize->goodbye 79.9858ms
broker.info[0]: goodbye: goodbye->exit 0.020767ms
