Defaulted container "osu" out of: osu, flux-view (init)
ðŸŸ§ï¸  wait-fs: 2025/09/29 05:53:06 wait-fs.go:40: /mnt/flux/flux-operator-done.txt
ðŸŸ§ï¸  wait-fs: 2025/09/29 05:53:06 wait-fs.go:49: Found existing path /mnt/flux/flux-operator-done.txt

Hello user root

ðŸŒŸï¸ Curve Certificate
curve.cert
#   ****  Generated on 2023-04-26 22:54:42 by CZMQ  ****
#   ZeroMQ CURVE **Secret** Certificate
#   DO NOT PROVIDE THIS FILE TO OTHER USERS nor change its permissions.
    
metadata
    name = "flux-cert-generator"
    keygen.hostname = "osu-0"
curve
    public-key = "3-wWu/0q1iQl=e:KjCGNoDU:i&IzkE4r)9HE%>ye"
    secret-key = "{iRitjt$bBl@)k-oHCz3/dszQ=!o+cQbG9ZPaKGz"

ðŸ“¦ Resources
flux R encode --hosts=osu-[0-3] --local
{"version": 1, "execution": {"R_lite": [{"rank": "0-3", "children": {"core": "0-47"}}], "starttime": 0.0, "expiration": 0.0, "nodelist": ["osu-[0-3]"]}}
ðŸ‘‹ Hello, I'm osu-0
The main host is osu-0
The working directory is /, contents include:
bin			dev		   lib64  run		      usr
bin.usr-is-merged	etc		   media  sbin		      var
boot			flux_operator	   mnt	  sbin.usr-is-merged
build			home		   opt	  srv
caliper-allreduce.conf	lib		   proc   sys
caliper-latency.conf	lib.usr-is-merged  root   tmp
ðŸš©ï¸ Flux Option Flags defined
Command provided is: /usr/libexec/osu-micro-benchmarks/mpi/collective/osu_allreduce
Flags for flux are -N 4 -n192 -o cpu-affinity=per-task 

ðŸŒ€ Submit Mode: flux start -o --config /mnt/flux/view/etc/flux/config -Scron.directory=/etc/flux/system/cron.d   -Stbon.fanout=256   -Srundir=/mnt/flux/view/run/flux    -Sstatedir=/mnt/flux/view/var/lib/flux -Slocal-uri=local:///mnt/flux/view/run/flux/local -Stbon.connect_timeout=5s     -Slog-stderr-level=6    -Slog-stderr-mode=local  flux submit  -N 4 -n192 -o cpu-affinity=per-task  --quiet --watch /usr/libexec/osu-micro-benchmarks/mpi/collective/osu_allreduce
Flags for flux are -N 4 -n192 -o cpu-affinity=per-task 
broker.info[0]: start: none->join 0.402106ms
broker.info[0]: parent-none: join->init 0.009682ms
cron.info[0]: synchronizing cron tasks to event heartbeat.pulse
job-manager.info[0]: restart: 0 jobs
job-manager.info[0]: restart: 0 running jobs
job-manager.info[0]: restart: checkpoint.job-manager not found
broker.info[0]: rc1.0: running /etc/flux/rc1.d/01-sched-fluxion
sched-fluxion-resource.info[0]: version 0.45.0
sched-fluxion-resource.warning[0]: create_reader: allowlist unsupported
sched-fluxion-resource.info[0]: populate_resource_db: loaded resources from core's resource.acquire
sched-fluxion-qmanager.info[0]: version 0.45.0
broker.info[0]: rc1.0: running /etc/flux/rc1.d/02-cron
broker.info[0]: rc1.0: tab: cron-1 created: scheduled in 76012.998s at Tue Sep 30 03:00:00 2025
broker.info[0]: rc1.0: /etc/flux/rc1 Exited (rc=0) 0.3s
broker.info[0]: rc1-success: init->quorum 0.262546s
broker.info[0]: online: osu-0 (ranks 0)
broker.info[0]: online: osu-[0-3] (ranks 0-3)
broker.info[0]: quorum-full: quorum->run 5.29508s

# OSU MPI Allreduce Latency Test v5.8
# Size       Avg Latency(us)
4                     319.93
8                     307.23
16                    329.28
32                    327.11
64                    323.56
128                   361.54
256                   325.03
512                   305.73
1024                  342.92
2048                  411.56
4096                  436.99
8192                  436.02
16384                 624.61
32768                 506.30
65536                 791.95
131072               1799.69
262144                834.72
524288               1104.70
1048576              1895.08
broker.info[0]: rc2.0: flux submit -N 4 -n192 -o cpu-affinity=per-task --quiet --watch /usr/libexec/osu-micro-benchmarks/mpi/collective/osu_allreduce Exited (rc=0) 16.0s
broker.info[0]: rc2-success: run->cleanup 15.9711s
broker.info[0]: cleanup.0: flux queue stop --quiet --all --nocheckpoint Exited (rc=0) 0.1s
broker.info[0]: cleanup.1: flux resource acquire-mute Exited (rc=0) 0.1s
broker.info[0]: cleanup.2: flux cancel --user=all --quiet --states RUN Exited (rc=0) 0.1s
broker.info[0]: cleanup.3: flux queue idle --quiet Exited (rc=0) 0.1s
broker.info[0]: cleanup-success: cleanup->shutdown 0.309034s
broker.info[0]: children-complete: shutdown->finalize 46.2022ms
broker.info[0]: rc3.0: running /etc/flux/rc3.d/01-sched-fluxion
broker.info[0]: rc3.0: /etc/flux/rc3 Exited (rc=0) 0.1s
broker.info[0]: rc3-success: finalize->goodbye 76.7269ms
broker.info[0]: goodbye: goodbye->exit 0.020857ms
