Defaulted container "osu" out of: osu, flux-view (init)
ðŸŸ§ï¸  wait-fs: 2025/09/29 05:50:23 wait-fs.go:40: /mnt/flux/flux-operator-done.txt
ðŸŸ§ï¸  wait-fs: 2025/09/29 05:50:23 wait-fs.go:49: Found existing path /mnt/flux/flux-operator-done.txt

Hello user root

ðŸŒŸï¸ Curve Certificate
curve.cert
#   ****  Generated on 2023-04-26 22:54:42 by CZMQ  ****
#   ZeroMQ CURVE **Secret** Certificate
#   DO NOT PROVIDE THIS FILE TO OTHER USERS nor change its permissions.
    
metadata
    name = "flux-cert-generator"
    keygen.hostname = "osu-0"
curve
    public-key = "qpN4JOJ5d1:e5>JrCvd/J-2flbyktWTwT.Vf0wQ]"
    secret-key = "MDA(b.XBy>DIyCCd8R+{h2(9/ga=oHVR}wlp>8<+"

ðŸ“¦ Resources
flux R encode --hosts=osu-[0-3] --local
{"version": 1, "execution": {"R_lite": [{"rank": "0-3", "children": {"core": "0-47"}}], "starttime": 0.0, "expiration": 0.0, "nodelist": ["osu-[0-3]"]}}
ðŸ‘‹ Hello, I'm osu-0
The main host is osu-0
The working directory is /, contents include:
bin			dev		   lib64  run		      usr
bin.usr-is-merged	etc		   media  sbin		      var
boot			flux_operator	   mnt	  sbin.usr-is-merged
build			home		   opt	  srv
caliper-allreduce.conf	lib		   proc   sys
caliper-latency.conf	lib.usr-is-merged  root   tmp
ðŸš©ï¸ Flux Option Flags defined
Command provided is: /usr/libexec/osu-micro-benchmarks/mpi/collective/osu_allreduce
Flags for flux are -N 4 -n192 -o cpu-affinity=per-task 

ðŸŒ€ Submit Mode: flux start -o --config /mnt/flux/view/etc/flux/config -Scron.directory=/etc/flux/system/cron.d   -Stbon.fanout=256   -Srundir=/mnt/flux/view/run/flux    -Sstatedir=/mnt/flux/view/var/lib/flux -Slocal-uri=local:///mnt/flux/view/run/flux/local -Stbon.connect_timeout=5s     -Slog-stderr-level=6    -Slog-stderr-mode=local  flux submit  -N 4 -n192 -o cpu-affinity=per-task  --quiet --watch /usr/libexec/osu-micro-benchmarks/mpi/collective/osu_allreduce
Flags for flux are -N 4 -n192 -o cpu-affinity=per-task 
broker.info[0]: start: none->join 0.38481ms
broker.info[0]: parent-none: join->init 0.0091ms
cron.info[0]: synchronizing cron tasks to event heartbeat.pulse
job-manager.info[0]: restart: 0 jobs
job-manager.info[0]: restart: 0 running jobs
job-manager.info[0]: restart: checkpoint.job-manager not found
broker.info[0]: rc1.0: running /etc/flux/rc1.d/01-sched-fluxion
sched-fluxion-resource.info[0]: version 0.45.0
sched-fluxion-resource.warning[0]: create_reader: allowlist unsupported
sched-fluxion-resource.info[0]: populate_resource_db: loaded resources from core's resource.acquire
sched-fluxion-qmanager.info[0]: version 0.45.0
broker.info[0]: rc1.0: running /etc/flux/rc1.d/02-cron
broker.info[0]: rc1.0: tab: cron-1 created: scheduled in 76176.419s at Tue Sep 30 03:00:00 2025
broker.info[0]: rc1.0: /etc/flux/rc1 Exited (rc=0) 0.2s
broker.info[0]: rc1-success: init->quorum 0.202758s
broker.info[0]: online: osu-0 (ranks 0)
broker.info[0]: online: osu-[0-1] (ranks 0-1)
broker.info[0]: online: osu-[0-3] (ranks 0-3)
broker.info[0]: quorum-full: quorum->run 6.06441s

# OSU MPI Allreduce Latency Test v5.8
# Size       Avg Latency(us)
4                     260.33
8                     278.34
16                    286.54
32                    291.89
64                    282.98
128                   266.41
256                   285.23
512                   302.71
1024                  318.96
2048                  351.45
4096                  379.52
8192                  383.15
16384                 666.03
32768                 507.58
65536                 822.85
131072               1907.23
262144                989.97
524288               1130.89
1048576              1908.65
broker.info[0]: rc2.0: flux submit -N 4 -n192 -o cpu-affinity=per-task --quiet --watch /usr/libexec/osu-micro-benchmarks/mpi/collective/osu_allreduce Exited (rc=0) 15.9s
broker.info[0]: rc2-success: run->cleanup 15.9156s
broker.info[0]: cleanup.0: flux queue stop --quiet --all --nocheckpoint Exited (rc=0) 0.1s
broker.info[0]: cleanup.1: flux resource acquire-mute Exited (rc=0) 0.1s
broker.info[0]: cleanup.2: flux cancel --user=all --quiet --states RUN Exited (rc=0) 0.1s
broker.info[0]: cleanup.3: flux queue idle --quiet Exited (rc=0) 0.1s
broker.info[0]: cleanup-success: cleanup->shutdown 0.311811s
broker.info[0]: children-complete: shutdown->finalize 46.2552ms
broker.info[0]: rc3.0: running /etc/flux/rc3.d/01-sched-fluxion
broker.info[0]: rc3.0: /etc/flux/rc3 Exited (rc=0) 0.1s
broker.info[0]: rc3-success: finalize->goodbye 81.9191ms
broker.info[0]: goodbye: goodbye->exit 0.023448ms
