
# OSU MPI Allreduce Latency Test v5.8
# Size       Avg Latency(us)
4                     386.54
8                     381.88
16                    385.19
32                    385.35
64                    363.81
128                   402.92
256                   372.08
512                   419.45
1024                  393.17
2048                  473.94
4096                  734.89
8192                  767.65
16384                 789.80
32768                 814.93
65536                 851.70
131072               1040.32
262144               1014.09
524288               1374.88
1048576              2397.39
START OF JOBSPEC
{"resources": [{"type": "node", "count": 8, "with": [{"type": "slot", "count": 48, "with": [{"type": "core", "count": 1}], "label": "task"}]}], "tasks": [{"command": ["/usr/libexec/osu-micro-benchmarks/mpi/collective/osu_allreduce"], "slot": "task", "count": {"per_slot": 1}}], "attributes": {"system": {"duration": 0, "cwd": "/", "shell": {"options": {"rlimit": {"cpu": -1, "fsize": -1, "data": -1, "stack": 8388608, "core": -1, "nofile": 1048576, "as": -1, "rss": -1, "nproc": -1}, "cpu-affinity": "per-task"}}}, "user": {"study_id": "--iter-1"}}, "version": 1}
START OF EVENTLOG
{"timestamp":1759817832.2614515,"name":"init"}
{"timestamp":1759817832.2621157,"name":"starting"}
{"timestamp":1759817832.2741773,"name":"shell.init","context":{"service":"0-shell-f5sgitPGT","leader-rank":0,"size":8}}
{"timestamp":1759817832.3586791,"name":"shell.start","context":{"taskmap":{"version":1,"map":[[0,8,48,1]]}}}
{"timestamp":1759817850.4634707,"name":"shell.task-exit","context":{"localid":40,"rank":40,"state":"Exited","pid":490,"wait_status":0,"signaled":0,"exitcode":0}}
{"timestamp":1759817850.4842699,"name":"complete","context":{"status":0}}
{"timestamp":1759817850.4842908,"name":"done"}

