
# OSU MPI Allreduce Latency Test v5.8
# Size       Avg Latency(us)
4                    2899.71
8                    2895.26
16                   3019.62
32                   2914.37
64                   2898.25
128                  3021.12
256                  2973.82
512                  2857.17
1024                 3034.59
2048                 2783.63
4096                 2957.48
8192                 2797.81
16384                5915.83
32768                5972.64
65536                6047.68
131072               6167.10
262144               7032.30
524288               6768.88
1048576              9618.32
START OF JOBSPEC
{"resources": [{"type": "node", "count": 32, "with": [{"type": "slot", "count": 48, "with": [{"type": "core", "count": 1}], "label": "task"}]}], "tasks": [{"command": ["/usr/libexec/osu-micro-benchmarks/mpi/collective/osu_allreduce"], "slot": "task", "count": {"per_slot": 1}}], "attributes": {"system": {"duration": 0, "cwd": "/", "shell": {"options": {"rlimit": {"cpu": -1, "fsize": -1, "data": -1, "stack": 8388608, "core": -1, "nofile": 1048576, "as": -1, "rss": -1, "nproc": -1}, "cpu-affinity": "per-task"}}}, "user": {"study_id": "osu-allreduce-32-iter-3"}}, "version": 1}
START OF EVENTLOG
{"timestamp":1759890569.1971486,"name":"init"}
{"timestamp":1759890569.1978822,"name":"starting"}
{"timestamp":1759890569.2123306,"name":"shell.init","context":{"service":"0-shell-f9QHC9tEs","leader-rank":0,"size":32}}
{"timestamp":1759890569.2950795,"name":"shell.start","context":{"taskmap":{"version":1,"map":[[0,32,48,1]]}}}
{"timestamp":1759890677.575129,"name":"shell.task-exit","context":{"localid":46,"rank":142,"state":"Exited","pid":375,"wait_status":0,"signaled":0,"exitcode":0}}
{"timestamp":1759890677.6462731,"name":"complete","context":{"status":0}}
{"timestamp":1759890677.6462905,"name":"done"}

