
# OSU MPI Allreduce Latency Test v5.8
# Size       Avg Latency(us)
4                    2714.26
8                    2756.12
16                   2721.01
32                   2814.50
64                   2878.13
128                  2870.74
256                  2932.99
512                  2806.19
1024                 2856.34
2048                 2702.78
4096                 2803.19
8192                 2772.74
16384                5989.55
32768                6146.34
65536                6094.11
131072               6338.97
262144               6973.12
524288               7648.17
1048576              9307.57
START OF JOBSPEC
{"resources": [{"type": "node", "count": 32, "with": [{"type": "slot", "count": 48, "with": [{"type": "core", "count": 1}], "label": "task"}]}], "tasks": [{"command": ["/usr/libexec/osu-micro-benchmarks/mpi/collective/osu_allreduce"], "slot": "task", "count": {"per_slot": 1}}], "attributes": {"system": {"duration": 0, "cwd": "/", "shell": {"options": {"rlimit": {"cpu": -1, "fsize": -1, "data": -1, "stack": 8388608, "core": -1, "nofile": 1048576, "as": -1, "rss": -1, "nproc": -1}, "cpu-affinity": "per-task"}}}, "user": {"study_id": "osu-allreduce-32-iter-2"}}, "version": 1}
START OF EVENTLOG
{"timestamp":1759890462.4374299,"name":"init"}
{"timestamp":1759890462.4380679,"name":"starting"}
{"timestamp":1759890462.4525852,"name":"shell.init","context":{"service":"0-shell-f8bELbq3m","leader-rank":0,"size":32}}
{"timestamp":1759890462.5354118,"name":"shell.start","context":{"taskmap":{"version":1,"map":[[0,32,48,1]]}}}
{"timestamp":1759890568.9181688,"name":"shell.task-exit","context":{"localid":43,"rank":43,"state":"Exited","pid":575,"wait_status":0,"signaled":0,"exitcode":0}}
{"timestamp":1759890568.986213,"name":"complete","context":{"status":0}}
{"timestamp":1759890568.9862337,"name":"done"}

