
# OSU MPI Allreduce Latency Test v5.8
# Size       Avg Latency(us)
4                     246.92
8                     267.78
16                    255.35
32                    267.81
64                    267.66
128                   289.76
256                   267.16
512                   285.32
1024                  304.85
2048                  354.65
4096                  331.96
8192                  394.94
16384                 905.94
32768                 544.77
65536                 794.44
131072               1668.71
262144                797.01
524288                962.18
1048576              1457.04
START OF JOBSPEC
{"resources": [{"type": "node", "count": 4, "with": [{"type": "slot", "count": 48, "with": [{"type": "core", "count": 1}], "label": "task"}]}], "tasks": [{"command": ["/usr/libexec/osu-micro-benchmarks/mpi/collective/osu_allreduce"], "slot": "task", "count": {"per_slot": 1}}], "attributes": {"system": {"duration": 0, "cwd": "/", "shell": {"options": {"rlimit": {"cpu": -1, "fsize": -1, "data": -1, "stack": 8388608, "core": -1, "nofile": 1048576, "as": -1, "rss": -1, "nproc": -1}, "cpu-affinity": "per-task"}}}, "user": {"study_id": "--iter-5"}}, "version": 1}
START OF EVENTLOG
{"timestamp":1759802238.6350534,"name":"init"}
{"timestamp":1759802238.6355355,"name":"starting"}
{"timestamp":1759802238.6467571,"name":"shell.init","context":{"service":"0-shell-f4y4NF3XD","leader-rank":0,"size":4}}
{"timestamp":1759802238.7289894,"name":"shell.start","context":{"taskmap":{"version":1,"map":[[0,4,48,1]]}}}
{"timestamp":1759802253.1761329,"name":"shell.task-exit","context":{"localid":47,"rank":47,"state":"Exited","pid":757,"wait_status":0,"signaled":0,"exitcode":0}}
{"timestamp":1759802253.1917944,"name":"complete","context":{"status":0}}
{"timestamp":1759802253.191817,"name":"done"}

