# OSU MPI Latency Test v5.8
# Size          Latency (us)
== CALIPER: (0): Available services: adiak_export,adiak_import,aggregate,alloc,allocstats,async_event,cpuinfo,debug,event,io,kokkoslookup,kokkostime,loop_monitor,loop_statistics,memstat,mpi,mpiflush,mpireport,pthread,recorder,region_monitor,report,statistics,sysalloc,timer,timeseries,timestamp,trace,validator
== CALIPER: (0): Initialized
== CALIPER: (0): No manual config specified, disabling default channel
0                      15.17
1                      16.59
2                      16.09
4                      15.85
8                      16.67
16                     16.69
32                     16.74
64                     16.76
128                    16.82
256                    17.67
512                    19.34
1024                   19.53
2048                   20.72
4096                   21.68
8192                   23.19
16384                  34.19
32768                  37.49
65536                  98.55
131072                104.10
262144                135.41
524288                149.72
1048576               216.27
2097152               347.49
4194304               600.06
== CALIPER: (0): Finalizing ... 
== CALIPER: (0): Releasing Caliper global data.
  Max active channels: 0
== CALIPER: (0): Process blackboard: max 1 entries (0.0979432% occupancy).
== CALIPER: (0): Releasing Caliper thread data: 
  Metadata tree: 1 blocks, 55 nodes
   Metadata memory pool: 1 MiB reserved, 18.168 KiB used
  Thread blackboard: max 2 entries (0.195886% occupancy).
== CALIPER: (0): Finished
START OF JOBSPEC
{"resources": [{"type": "node", "count": 2, "with": [{"type": "slot", "count": 1, "with": [{"type": "core", "count": 1}], "label": "task"}]}], "tasks": [{"command": ["osu_latency"], "slot": "task", "count": {"per_slot": 1}}], "attributes": {"system": {"duration": 0, "cwd": "/root", "shell": {"options": {"rlimit": {"cpu": -1, "fsize": -1, "data": -1, "stack": 8388608, "core": 0, "nofile": 1024, "as": -1, "rss": -1, "nproc": 1450578}, "cpu-affinity": "per-task"}}, "constraints": {"hostlist": ["flux-5,flux-7"]}}, "user": {"study_id": "osu-latency-8-iter-0"}}, "version": 1}
START OF EVENTLOG
{"timestamp":1759849272.9170249,"name":"init"}
{"timestamp":1759849272.9265113,"name":"shell.init","context":{"service":"0-shell-fG78PJPeX","leader-rank":5,"size":2}}
{"timestamp":1759849272.9174256,"name":"starting"}
{"timestamp":1759849272.929868,"name":"shell.start","context":{"taskmap":{"version":1,"map":[[0,2,1,1]]}}}
{"timestamp":1759849282.3689938,"name":"shell.task-exit","context":{"localid":0,"rank":0,"state":"Exited","pid":3883,"wait_status":0,"signaled":0,"exitcode":0}}
{"timestamp":1759849282.3715258,"name":"complete","context":{"status":0}}
{"timestamp":1759849282.3715413,"name":"done"}

