# OSU MPI Latency Test v5.8
# Size          Latency (us)
== CALIPER: (0): Available services: adiak_export,adiak_import,aggregate,alloc,allocstats,async_event,cpuinfo,debug,event,io,kokkoslookup,kokkostime,loop_monitor,loop_statistics,memstat,mpi,mpiflush,mpireport,pthread,recorder,region_monitor,report,statistics,sysalloc,timer,timeseries,timestamp,trace,validator
== CALIPER: (0): Initialized
== CALIPER: (0): No manual config specified, disabling default channel
0                      49.53
1                      49.46
2                      49.51
4                      49.55
8                      49.60
16                     49.63
32                     49.69
64                     49.69
128                    49.87
256                    50.77
512                    51.01
1024                   51.51
2048                   52.80
4096                   55.24
8192                   60.54
16384                  68.97
32768                  74.27
65536                 206.86
131072                215.05
262144                239.56
524288                259.41
1048576               325.00
2097152               458.47
4194304               723.75
== CALIPER: (0): Finalizing ... 
== CALIPER: (0): Releasing Caliper global data.
  Max active channels: 0
== CALIPER: (0): Process blackboard: max 1 entries (0.0979432% occupancy).
== CALIPER: (0): Releasing Caliper thread data: 
  Metadata tree: 1 blocks, 55 nodes
   Metadata memory pool: 1 MiB reserved, 18.168 KiB used
  Thread blackboard: max 2 entries (0.195886% occupancy).
== CALIPER: (0): Finished
START OF JOBSPEC
{"resources": [{"type": "node", "count": 2, "with": [{"type": "slot", "count": 1, "with": [{"type": "core", "count": 1}], "label": "task"}]}], "tasks": [{"command": ["osu_latency"], "slot": "task", "count": {"per_slot": 1}}], "attributes": {"system": {"duration": 0, "cwd": "/root", "shell": {"options": {"rlimit": {"cpu": -1, "fsize": -1, "data": -1, "stack": 8388608, "core": 0, "nofile": 1024, "as": -1, "rss": -1, "nproc": 1450578}, "cpu-affinity": "per-task"}}, "constraints": {"hostlist": ["flux-0,flux-3"]}}, "user": {"study_id": "osu-latency-8-iter-0"}}, "version": 1}
START OF EVENTLOG
{"timestamp":1759849728.7972145,"name":"init"}
{"timestamp":1759849728.8071115,"name":"shell.init","context":{"service":"0-shell-fKa3ByPzX","leader-rank":0,"size":2}}
{"timestamp":1759849728.7977114,"name":"starting"}
{"timestamp":1759849728.8086073,"name":"shell.start","context":{"taskmap":{"version":1,"map":[[0,2,1,1]]}}}
{"timestamp":1759849750.0631096,"name":"shell.task-exit","context":{"localid":0,"rank":0,"state":"Exited","pid":4969,"wait_status":0,"signaled":0,"exitcode":0}}
{"timestamp":1759849750.0654404,"name":"complete","context":{"status":0}}
{"timestamp":1759849750.0654573,"name":"done"}

