# OSU MPI Latency Test v5.8
# Size          Latency (us)
== CALIPER: (0): Available services: adiak_export,adiak_import,aggregate,alloc,allocstats,async_event,cpuinfo,debug,event,io,kokkoslookup,kokkostime,loop_monitor,loop_statistics,memstat,mpi,mpiflush,mpireport,pthread,recorder,region_monitor,report,statistics,sysalloc,timer,timeseries,timestamp,trace,validator
== CALIPER: (0): Initialized
== CALIPER: (0): No manual config specified, disabling default channel
0                      20.38
1                      22.54
2                      19.41
4                      20.72
8                      21.17
16                     21.09
32                     21.73
64                     22.84
128                    21.28
256                    22.24
512                    22.57
1024                   23.45
2048                   22.21
4096                   25.90
8192                   28.85
16384                  34.43
32768                  39.13
65536                  95.97
131072                104.77
262144                122.90
524288                162.64
1048576               239.04
2097152               386.28
4194304               678.25
== CALIPER: (0): Finalizing ... 
== CALIPER: (0): Releasing Caliper global data.
  Max active channels: 0
== CALIPER: (0): Process blackboard: max 1 entries (0.0979432% occupancy).
== CALIPER: (0): Releasing Caliper thread data: 
  Metadata tree: 1 blocks, 55 nodes
   Metadata memory pool: 1 MiB reserved, 18.168 KiB used
  Thread blackboard: max 2 entries (0.195886% occupancy).
== CALIPER: (0): Finished
START OF JOBSPEC
{"resources": [{"type": "node", "count": 2, "with": [{"type": "slot", "count": 1, "with": [{"type": "core", "count": 1}], "label": "task"}]}], "tasks": [{"command": ["osu_latency"], "slot": "task", "count": {"per_slot": 1}}], "attributes": {"system": {"duration": 0, "cwd": "/root", "shell": {"options": {"rlimit": {"cpu": -1, "fsize": -1, "data": -1, "stack": 8388608, "core": 0, "nofile": 1024, "as": -1, "rss": -1, "nproc": 1450578}, "cpu-affinity": "per-task"}}, "constraints": {"hostlist": ["flux-2,flux-3"]}}, "user": {"study_id": "osu-latency-8-iter-0"}}, "version": 1}
START OF EVENTLOG
{"timestamp":1759849631.1194739,"name":"init"}
{"timestamp":1759849631.1297367,"name":"shell.init","context":{"service":"0-shell-fJpzTQtto","leader-rank":2,"size":2}}
{"timestamp":1759849631.1199777,"name":"starting"}
{"timestamp":1759849631.1314948,"name":"shell.start","context":{"taskmap":{"version":1,"map":[[0,2,1,1]]}}}
{"timestamp":1759849642.2077351,"name":"shell.task-exit","context":{"localid":0,"rank":0,"state":"Exited","pid":3769,"wait_status":0,"signaled":0,"exitcode":0}}
{"timestamp":1759849642.2104023,"name":"complete","context":{"status":0}}
{"timestamp":1759849642.2104177,"name":"done"}

