# OSU MPI Latency Test v5.8
# Size          Latency (us)
== CALIPER: (0): Available services: adiak_export,adiak_import,aggregate,alloc,allocstats,async_event,cpuinfo,debug,event,io,kokkoslookup,kokkostime,loop_monitor,loop_statistics,memstat,mpi,mpiflush,mpireport,pthread,recorder,region_monitor,report,statistics,sysalloc,timer,timeseries,timestamp,trace,validator
== CALIPER: (0): Initialized
== CALIPER: (0): No manual config specified, disabling default channel
0                      15.36
1                      16.60
2                      16.60
4                      16.61
8                      16.74
16                     16.79
32                     16.79
64                     16.79
128                    17.01
256                    17.86
512                    18.09
1024                   19.31
2048                   20.48
4096                   21.75
8192                   24.51
16384                  36.26
32768                  38.36
65536                  96.12
131072                102.94
262144                125.63
524288                154.80
1048576               218.97
2097152               341.53
4194304               604.01
== CALIPER: (0): Finalizing ... 
== CALIPER: (0): Releasing Caliper global data.
  Max active channels: 0
== CALIPER: (0): Process blackboard: max 1 entries (0.0979432% occupancy).
== CALIPER: (0): Releasing Caliper thread data: 
  Metadata tree: 1 blocks, 55 nodes
   Metadata memory pool: 1 MiB reserved, 18.168 KiB used
  Thread blackboard: max 2 entries (0.195886% occupancy).
== CALIPER: (0): Finished
START OF JOBSPEC
{"resources": [{"type": "node", "count": 2, "with": [{"type": "slot", "count": 1, "with": [{"type": "core", "count": 1}], "label": "task"}]}], "tasks": [{"command": ["osu_latency"], "slot": "task", "count": {"per_slot": 1}}], "attributes": {"system": {"duration": 0, "cwd": "/root", "shell": {"options": {"rlimit": {"cpu": -1, "fsize": -1, "data": -1, "stack": 8388608, "core": 0, "nofile": 1024, "as": -1, "rss": -1, "nproc": 1450578}, "cpu-affinity": "per-task"}}, "constraints": {"hostlist": ["flux-7,flux-0"]}}, "user": {"study_id": "osu-latency-8-iter-0"}}, "version": 1}
START OF EVENTLOG
{"timestamp":1759849452.3765504,"name":"init"}
{"timestamp":1759849452.385751,"name":"shell.init","context":{"service":"0-shell-fHUDarCoH","leader-rank":0,"size":2}}
{"timestamp":1759849452.3770266,"name":"starting"}
{"timestamp":1759849452.3873403,"name":"shell.start","context":{"taskmap":{"version":1,"map":[[0,2,1,1]]}}}
{"timestamp":1759849461.8529222,"name":"shell.task-exit","context":{"localid":0,"rank":0,"state":"Exited","pid":4904,"wait_status":0,"signaled":0,"exitcode":0}}
{"timestamp":1759849461.8552208,"name":"complete","context":{"status":0}}
{"timestamp":1759849461.8552377,"name":"done"}

