# OSU MPI Latency Test v5.8
# Size          Latency (us)
== CALIPER: (0): Available services: adiak_export,adiak_import,aggregate,alloc,allocstats,async_event,cpuinfo,debug,event,io,kokkoslookup,kokkostime,loop_monitor,loop_statistics,memstat,mpi,mpiflush,mpireport,pthread,recorder,region_monitor,report,statistics,sysalloc,timer,timeseries,timestamp,trace,validator
== CALIPER: (0): Initialized
== CALIPER: (0): No manual config specified, disabling default channel
0                      49.23
1                      49.09
2                      49.04
4                      49.05
8                      49.05
16                     49.10
32                     49.17
64                     49.23
128                    49.42
256                    50.37
512                    50.69
1024                   51.08
2048                   51.96
4096                   54.56
8192                   59.26
16384                  65.64
32768                  70.55
65536                 190.93
131072                198.57
262144                234.63
524288                262.29
1048576               316.31
2097152               444.48
4194304               705.09
== CALIPER: (0): Finalizing ... 
== CALIPER: (0): Releasing Caliper global data.
  Max active channels: 0
== CALIPER: (0): Process blackboard: max 1 entries (0.0979432% occupancy).
== CALIPER: (0): Releasing Caliper thread data: 
  Metadata tree: 1 blocks, 55 nodes
   Metadata memory pool: 1 MiB reserved, 18.168 KiB used
  Thread blackboard: max 2 entries (0.195886% occupancy).
== CALIPER: (0): Finished
START OF JOBSPEC
{"resources": [{"type": "node", "count": 2, "with": [{"type": "slot", "count": 1, "with": [{"type": "core", "count": 1}], "label": "task"}]}], "tasks": [{"command": ["osu_latency"], "slot": "task", "count": {"per_slot": 1}}], "attributes": {"system": {"duration": 0, "cwd": "/root", "shell": {"options": {"rlimit": {"cpu": -1, "fsize": -1, "data": -1, "stack": 8388608, "core": 0, "nofile": 1024, "as": -1, "rss": -1, "nproc": 1450578}, "cpu-affinity": "per-task"}}, "constraints": {"hostlist": ["flux-1,flux-6"]}}, "user": {"study_id": "osu-latency-8-iter-0"}}, "version": 1}
START OF EVENTLOG
{"timestamp":1759849522.9916551,"name":"init"}
{"timestamp":1759849523.0017941,"name":"shell.init","context":{"service":"0-shell-fJ1LamodH","leader-rank":1,"size":2}}
{"timestamp":1759849522.9921372,"name":"starting"}
{"timestamp":1759849523.0035632,"name":"shell.start","context":{"taskmap":{"version":1,"map":[[0,2,1,1]]}}}
{"timestamp":1759849543.9229157,"name":"shell.task-exit","context":{"localid":0,"rank":0,"state":"Exited","pid":3767,"wait_status":0,"signaled":0,"exitcode":0}}
{"timestamp":1759849543.9251285,"name":"complete","context":{"status":0}}
{"timestamp":1759849543.925143,"name":"done"}

