# OSU MPI Latency Test v5.8
# Size          Latency (us)
== CALIPER: (0): Available services: adiak_export,adiak_import,aggregate,alloc,allocstats,async_event,cpuinfo,debug,event,io,kokkoslookup,kokkostime,loop_monitor,loop_statistics,memstat,mpi,mpiflush,mpireport,pthread,recorder,region_monitor,report,statistics,sysalloc,timer,timeseries,timestamp,trace,validator
== CALIPER: (0): Initialized
== CALIPER: (0): No manual config specified, disabling default channel
0                      43.66
1                      43.69
2                      43.64
4                      43.66
8                      43.67
16                     43.69
32                     43.84
64                     43.76
128                    44.02
256                    44.86
512                    45.12
1024                   40.67
2048                   40.55
4096                   42.91
8192                   47.84
16384                  51.20
32768                  55.87
65536                 138.77
131072                148.58
262144                193.05
524288                220.27
1048576               274.25
2097152               408.15
4194304               672.83
== CALIPER: (0): Finalizing ... 
== CALIPER: (0): Releasing Caliper global data.
  Max active channels: 0
== CALIPER: (0): Process blackboard: max 1 entries (0.0979432% occupancy).
== CALIPER: (0): Releasing Caliper thread data: 
  Metadata tree: 1 blocks, 55 nodes
   Metadata memory pool: 1 MiB reserved, 18.168 KiB used
  Thread blackboard: max 2 entries (0.195886% occupancy).
== CALIPER: (0): Finished
START OF JOBSPEC
{"resources": [{"type": "node", "count": 2, "with": [{"type": "slot", "count": 1, "with": [{"type": "core", "count": 1}], "label": "task"}]}], "tasks": [{"command": ["osu_latency"], "slot": "task", "count": {"per_slot": 1}}], "attributes": {"system": {"duration": 0, "cwd": "/root", "shell": {"options": {"rlimit": {"cpu": -1, "fsize": -1, "data": -1, "stack": 8388608, "core": 0, "nofile": 1024, "as": -1, "rss": -1, "nproc": 1450578}, "cpu-affinity": "per-task"}}, "constraints": {"hostlist": ["flux-2,flux-6"]}}, "user": {"study_id": "osu-latency-8-iter-0"}}, "version": 1}
START OF EVENTLOG
{"timestamp":1759849591.708945,"name":"init"}
{"timestamp":1759849591.7193253,"name":"shell.init","context":{"service":"0-shell-fJXd4puao","leader-rank":2,"size":2}}
{"timestamp":1759849591.7094491,"name":"starting"}
{"timestamp":1759849591.7211335,"name":"shell.start","context":{"taskmap":{"version":1,"map":[[0,2,1,1]]}}}
{"timestamp":1759849609.8621111,"name":"shell.task-exit","context":{"localid":0,"rank":0,"state":"Exited","pid":3763,"wait_status":0,"signaled":0,"exitcode":0}}
{"timestamp":1759849609.8644226,"name":"complete","context":{"status":0}}
{"timestamp":1759849609.8644381,"name":"done"}

