# OSU MPI Latency Test v5.8
# Size          Latency (us)
== CALIPER: (0): Available services: adiak_export,adiak_import,aggregate,alloc,allocstats,async_event,cpuinfo,debug,event,io,kokkoslookup,kokkostime,loop_monitor,loop_statistics,memstat,mpi,mpiflush,mpireport,pthread,recorder,region_monitor,report,statistics,sysalloc,timer,timeseries,timestamp,trace,validator
== CALIPER: (0): Initialized
== CALIPER: (0): No manual config specified, disabling default channel
0                      14.77
1                      16.50
2                      16.50
4                      16.90
8                      18.24
16                     18.21
32                     18.18
64                     18.10
128                    18.32
256                    19.26
512                    19.47
1024                   19.86
2048                   20.67
4096                   21.75
8192                   24.43
16384                  31.14
32768                  34.74
65536                  90.96
131072                 99.26
262144                118.03
524288                145.77
1048576               213.21
2097152               338.10
4194304               593.25
== CALIPER: (0): Finalizing ... 
== CALIPER: (0): Releasing Caliper global data.
  Max active channels: 0
== CALIPER: (0): Process blackboard: max 1 entries (0.0979432% occupancy).
== CALIPER: (0): Releasing Caliper thread data: 
  Metadata tree: 1 blocks, 55 nodes
   Metadata memory pool: 1 MiB reserved, 18.168 KiB used
  Thread blackboard: max 2 entries (0.195886% occupancy).
== CALIPER: (0): Finished
START OF JOBSPEC
{"resources": [{"type": "node", "count": 2, "with": [{"type": "slot", "count": 1, "with": [{"type": "core", "count": 1}], "label": "task"}]}], "tasks": [{"command": ["osu_latency"], "slot": "task", "count": {"per_slot": 1}}], "attributes": {"system": {"duration": 0, "cwd": "/root", "shell": {"options": {"rlimit": {"cpu": -1, "fsize": -1, "data": -1, "stack": 8388608, "core": 0, "nofile": 1024, "as": -1, "rss": -1, "nproc": 1450578}, "cpu-affinity": "per-task"}}, "constraints": {"hostlist": ["flux-1,flux-0"]}}, "user": {"study_id": "osu-latency-8-iter-0"}}, "version": 1}
START OF EVENTLOG
{"timestamp":1759849544.0915439,"name":"init"}
{"timestamp":1759849544.1010551,"name":"shell.init","context":{"service":"0-shell-fJAdvUXm9","leader-rank":0,"size":2}}
{"timestamp":1759849544.0920169,"name":"starting"}
{"timestamp":1759849544.1027851,"name":"shell.start","context":{"taskmap":{"version":1,"map":[[0,2,1,1]]}}}
{"timestamp":1759849553.6529527,"name":"shell.task-exit","context":{"localid":0,"rank":0,"state":"Exited","pid":4923,"wait_status":0,"signaled":0,"exitcode":0}}
{"timestamp":1759849553.6547663,"name":"complete","context":{"status":0}}
{"timestamp":1759849553.6547844,"name":"done"}

