# OSU MPI Latency Test v5.8
# Size          Latency (us)
== CALIPER: (0): Available services: adiak_export,adiak_import,aggregate,alloc,allocstats,async_event,cpuinfo,debug,event,io,kokkoslookup,kokkostime,loop_monitor,loop_statistics,memstat,mpi,mpiflush,mpireport,pthread,recorder,region_monitor,report,statistics,sysalloc,timer,timeseries,timestamp,trace,validator
== CALIPER: (0): Initialized
== CALIPER: (0): No manual config specified, disabling default channel
0                      46.14
1                      46.13
2                      46.22
4                      46.33
8                      46.28
16                     46.39
32                     46.59
64                     46.52
128                    46.64
256                    47.50
512                    47.82
1024                   48.34
2048                   49.39
4096                   51.79
8192                   56.50
16384                  62.27
32768                  67.36
65536                 180.70
131072                189.60
262144                240.32
524288                253.47
1048576               309.77
2097152               440.38
4194304               695.73
== CALIPER: (0): Finalizing ... 
== CALIPER: (0): Releasing Caliper global data.
  Max active channels: 0
== CALIPER: (0): Process blackboard: max 1 entries (0.0979432% occupancy).
== CALIPER: (0): Releasing Caliper thread data: 
  Metadata tree: 1 blocks, 55 nodes
   Metadata memory pool: 1 MiB reserved, 18.168 KiB used
  Thread blackboard: max 2 entries (0.195886% occupancy).
== CALIPER: (0): Finished
START OF JOBSPEC
{"resources": [{"type": "node", "count": 2, "with": [{"type": "slot", "count": 1, "with": [{"type": "core", "count": 1}], "label": "task"}]}], "tasks": [{"command": ["osu_latency"], "slot": "task", "count": {"per_slot": 1}}], "attributes": {"system": {"duration": 0, "cwd": "/root", "shell": {"options": {"rlimit": {"cpu": -1, "fsize": -1, "data": -1, "stack": 8388608, "core": 0, "nofile": 1024, "as": -1, "rss": -1, "nproc": 1450578}, "cpu-affinity": "per-task"}}, "constraints": {"hostlist": ["flux-5,flux-4"]}}, "user": {"study_id": "osu-latency-8-iter-0"}}, "version": 1}
START OF EVENTLOG
{"timestamp":1759849311.3710477,"name":"init"}
{"timestamp":1759849311.3714688,"name":"starting"}
{"timestamp":1759849311.3818355,"name":"shell.init","context":{"service":"0-shell-fGQ5K6EGX","leader-rank":4,"size":2}}
{"timestamp":1759849311.388926,"name":"shell.start","context":{"taskmap":{"version":1,"map":[[0,2,1,1]]}}}
{"timestamp":1759849331.3621078,"name":"shell.task-exit","context":{"localid":0,"rank":0,"state":"Exited","pid":4509,"wait_status":0,"signaled":0,"exitcode":0}}
{"timestamp":1759849331.3641551,"name":"complete","context":{"status":0}}
{"timestamp":1759849331.3641722,"name":"done"}

