# OSU MPI Latency Test v5.8
# Size          Latency (us)
== CALIPER: (0): Available services: adiak_export,adiak_import,aggregate,alloc,allocstats,async_event,cpuinfo,debug,event,io,kokkoslookup,kokkostime,loop_monitor,loop_statistics,memstat,mpi,mpiflush,mpireport,pthread,recorder,region_monitor,report,statistics,sysalloc,timer,timeseries,timestamp,trace,validator
== CALIPER: (0): Initialized
== CALIPER: (0): No manual config specified, disabling default channel
0                      34.92
1                      34.85
2                      34.84
4                      34.89
8                      34.80
16                     34.85
32                     35.15
64                     35.14
128                    35.31
256                    36.06
512                    36.47
1024                   36.93
2048                   38.15
4096                   40.58
8192                   45.50
16384                  49.93
32768                  53.76
65536                 133.06
131072                140.83
262144                184.60
524288                202.38
1048576               267.41
2097152               400.98
4194304               666.70
== CALIPER: (0): Finalizing ... 
== CALIPER: (0): Releasing Caliper global data.
  Max active channels: 0
== CALIPER: (0): Process blackboard: max 1 entries (0.0979432% occupancy).
== CALIPER: (0): Releasing Caliper thread data: 
  Metadata tree: 1 blocks, 55 nodes
   Metadata memory pool: 1 MiB reserved, 18.168 KiB used
  Thread blackboard: max 2 entries (0.195886% occupancy).
== CALIPER: (0): Finished
START OF JOBSPEC
{"resources": [{"type": "node", "count": 2, "with": [{"type": "slot", "count": 1, "with": [{"type": "core", "count": 1}], "label": "task"}]}], "tasks": [{"command": ["osu_latency"], "slot": "task", "count": {"per_slot": 1}}], "attributes": {"system": {"duration": 0, "cwd": "/root", "shell": {"options": {"rlimit": {"cpu": -1, "fsize": -1, "data": -1, "stack": 8388608, "core": 0, "nofile": 1024, "as": -1, "rss": -1, "nproc": 1450578}, "cpu-affinity": "per-task"}}, "constraints": {"hostlist": ["flux-2,flux-4"]}}, "user": {"study_id": "osu-latency-8-iter-0"}}, "version": 1}
START OF EVENTLOG
{"timestamp":1759849575.6789353,"name":"init"}
{"timestamp":1759849575.6794651,"name":"starting"}
{"timestamp":1759849575.6901703,"name":"shell.init","context":{"service":"0-shell-fJQZKdQDD","leader-rank":2,"size":2}}
{"timestamp":1759849575.6920552,"name":"shell.start","context":{"taskmap":{"version":1,"map":[[0,2,1,1]]}}}
{"timestamp":1759849591.540484,"name":"shell.task-exit","context":{"localid":0,"rank":0,"state":"Exited","pid":3760,"wait_status":0,"signaled":0,"exitcode":0}}
{"timestamp":1759849591.5429025,"name":"complete","context":{"status":0}}
{"timestamp":1759849591.5429199,"name":"done"}

