# OSU MPI Latency Test v5.8
# Size          Latency (us)
== CALIPER: (0): Available services: adiak_export,adiak_import,aggregate,alloc,allocstats,async_event,cpuinfo,debug,event,io,kokkoslookup,kokkostime,loop_monitor,loop_statistics,memstat,mpi,mpiflush,mpireport,pthread,recorder,region_monitor,report,statistics,sysalloc,timer,timeseries,timestamp,trace,validator
== CALIPER: (0): Initialized
== CALIPER: (0): No manual config specified, disabling default channel
0                      47.13
1                      47.21
2                      47.19
4                      47.16
8                      47.15
16                     47.24
32                     47.30
64                     47.35
128                    47.55
256                    48.33
512                    48.59
1024                   49.04
2048                   50.25
4096                   52.43
8192                   57.17
16384                  66.02
32768                  69.90
65536                 198.54
131072                207.29
262144                242.93
524288                252.17
1048576               315.23
2097152               438.55
4194304               688.33
== CALIPER: (0): Finalizing ... 
== CALIPER: (0): Releasing Caliper global data.
  Max active channels: 0
== CALIPER: (0): Process blackboard: max 1 entries (0.0979432% occupancy).
== CALIPER: (0): Releasing Caliper thread data: 
  Metadata tree: 1 blocks, 55 nodes
   Metadata memory pool: 1 MiB reserved, 18.168 KiB used
  Thread blackboard: max 2 entries (0.195886% occupancy).
== CALIPER: (0): Finished
START OF JOBSPEC
{"resources": [{"type": "node", "count": 2, "with": [{"type": "slot", "count": 1, "with": [{"type": "core", "count": 1}], "label": "task"}]}], "tasks": [{"command": ["osu_latency"], "slot": "task", "count": {"per_slot": 1}}], "attributes": {"system": {"duration": 0, "cwd": "/root", "shell": {"options": {"rlimit": {"cpu": -1, "fsize": -1, "data": -1, "stack": 8388608, "core": 0, "nofile": 1024, "as": -1, "rss": -1, "nproc": 1450578}, "cpu-affinity": "per-task"}}, "constraints": {"hostlist": ["flux-6,flux-0"]}}, "user": {"study_id": "osu-latency-8-iter-0"}}, "version": 1}
START OF EVENTLOG
{"timestamp":1759849689.1275947,"name":"init"}
{"timestamp":1759849689.1368961,"name":"shell.init","context":{"service":"0-shell-fKGZCtbyZ","leader-rank":0,"size":2}}
{"timestamp":1759849689.128099,"name":"starting"}
{"timestamp":1759849689.1383922,"name":"shell.start","context":{"taskmap":{"version":1,"map":[[0,2,1,1]]}}}
{"timestamp":1759849709.4497914,"name":"shell.task-exit","context":{"localid":0,"rank":0,"state":"Exited","pid":4960,"wait_status":0,"signaled":0,"exitcode":0}}
{"timestamp":1759849709.4521518,"name":"complete","context":{"status":0}}
{"timestamp":1759849709.4521708,"name":"done"}

