# OSU MPI Latency Test v5.8
# Size          Latency (us)
== CALIPER: (0): Available services: adiak_export,adiak_import,aggregate,alloc,allocstats,async_event,cpuinfo,debug,event,io,kokkoslookup,kokkostime,loop_monitor,loop_statistics,memstat,mpi,mpiflush,mpireport,pthread,recorder,region_monitor,report,statistics,sysalloc,timer,timeseries,timestamp,trace,validator
== CALIPER: (0): Initialized
== CALIPER: (0): No manual config specified, disabling default channel
0                      44.62
1                      44.65
2                      44.68
4                      44.67
8                      44.64
16                     44.69
32                     44.81
64                     44.81
128                    44.98
256                    45.93
512                    46.23
1024                   46.64
2048                   47.82
4096                   50.09
8192                   54.83
16384                  60.96
32768                  65.17
65536                 174.66
131072                185.02
262144                237.08
524288                250.93
1048576               301.53
2097152               431.00
4194304               692.06
== CALIPER: (0): Finalizing ... 
== CALIPER: (0): Releasing Caliper global data.
  Max active channels: 0
== CALIPER: (0): Process blackboard: max 1 entries (0.0979432% occupancy).
== CALIPER: (0): Releasing Caliper thread data: 
  Metadata tree: 1 blocks, 55 nodes
   Metadata memory pool: 1 MiB reserved, 18.168 KiB used
  Thread blackboard: max 2 entries (0.195886% occupancy).
== CALIPER: (0): Finished
START OF JOBSPEC
{"resources": [{"type": "node", "count": 2, "with": [{"type": "slot", "count": 1, "with": [{"type": "core", "count": 1}], "label": "task"}]}], "tasks": [{"command": ["osu_latency"], "slot": "task", "count": {"per_slot": 1}}], "attributes": {"system": {"duration": 0, "cwd": "/root", "shell": {"options": {"rlimit": {"cpu": -1, "fsize": -1, "data": -1, "stack": 8388608, "core": 0, "nofile": 1024, "as": -1, "rss": -1, "nproc": 1450578}, "cpu-affinity": "per-task"}}, "constraints": {"hostlist": ["flux-5,flux-2"]}}, "user": {"study_id": "osu-latency-8-iter-0"}}, "version": 1}
START OF EVENTLOG
{"timestamp":1759849291.7916307,"name":"init"}
{"timestamp":1759849291.7920411,"name":"starting"}
{"timestamp":1759849291.802505,"name":"shell.init","context":{"service":"0-shell-fGFSrLfm9","leader-rank":2,"size":2}}
{"timestamp":1759849291.8057504,"name":"shell.start","context":{"taskmap":{"version":1,"map":[[0,2,1,1]]}}}
{"timestamp":1759849311.2014534,"name":"shell.task-exit","context":{"localid":0,"rank":0,"state":"Exited","pid":3748,"wait_status":0,"signaled":0,"exitcode":0}}
{"timestamp":1759849311.2039042,"name":"complete","context":{"status":0}}
{"timestamp":1759849311.2039201,"name":"done"}

