# OSU MPI Latency Test v5.8
# Size          Latency (us)
== CALIPER: (0): Available services: adiak_export,adiak_import,aggregate,alloc,allocstats,async_event,cpuinfo,debug,event,io,kokkoslookup,kokkostime,loop_monitor,loop_statistics,memstat,mpi,mpiflush,mpireport,pthread,recorder,region_monitor,report,statistics,sysalloc,timer,timeseries,timestamp,trace,validator
== CALIPER: (0): Initialized
== CALIPER: (0): No manual config specified, disabling default channel
0                      14.96
1                      14.92
2                      14.87
4                      14.91
8                      14.87
16                     15.12
32                     16.71
64                     16.70
128                    16.89
256                    17.98
512                    18.19
1024                   19.72
2048                   20.97
4096                   22.26
8192                   24.70
16384                  30.77
32768                  31.65
65536                  83.88
131072                 92.04
262144                109.62
524288                128.32
1048576               195.78
2097152               330.87
4194304               592.90
== CALIPER: (0): Finalizing ... 
== CALIPER: (0): Releasing Caliper global data.
  Max active channels: 0
== CALIPER: (0): Process blackboard: max 1 entries (0.0979432% occupancy).
== CALIPER: (0): Releasing Caliper thread data: 
  Metadata tree: 1 blocks, 55 nodes
   Metadata memory pool: 1 MiB reserved, 18.168 KiB used
  Thread blackboard: max 2 entries (0.195886% occupancy).
== CALIPER: (0): Finished
START OF JOBSPEC
{"resources": [{"type": "node", "count": 2, "with": [{"type": "slot", "count": 1, "with": [{"type": "core", "count": 1}], "label": "task"}]}], "tasks": [{"command": ["osu_latency"], "slot": "task", "count": {"per_slot": 1}}], "attributes": {"system": {"duration": 0, "cwd": "/root", "shell": {"options": {"rlimit": {"cpu": -1, "fsize": -1, "data": -1, "stack": 8388608, "core": 0, "nofile": 1024, "as": -1, "rss": -1, "nproc": 1450578}, "cpu-affinity": "per-task"}}, "constraints": {"hostlist": ["flux-5,flux-1"]}}, "user": {"study_id": "osu-latency-8-iter-0"}}, "version": 1}
START OF EVENTLOG
{"timestamp":1759849282.5383332,"name":"init"}
{"timestamp":1759849282.5483048,"name":"shell.init","context":{"service":"0-shell-fGBNLMFCT","leader-rank":1,"size":2}}
{"timestamp":1759849282.5387096,"name":"starting"}
{"timestamp":1759849282.5513337,"name":"shell.start","context":{"taskmap":{"version":1,"map":[[0,2,1,1]]}}}
{"timestamp":1759849291.6225767,"name":"shell.task-exit","context":{"localid":0,"rank":0,"state":"Exited","pid":3753,"wait_status":0,"signaled":0,"exitcode":0}}
{"timestamp":1759849291.6247768,"name":"complete","context":{"status":0}}
{"timestamp":1759849291.6247911,"name":"done"}

