# OSU MPI Latency Test v5.8
# Size          Latency (us)
== CALIPER: (0): Available services: adiak_export,adiak_import,aggregate,alloc,allocstats,async_event,cpuinfo,debug,event,io,kokkoslookup,kokkostime,loop_monitor,loop_statistics,memstat,mpi,mpiflush,mpireport,pthread,recorder,region_monitor,report,statistics,sysalloc,timer,timeseries,timestamp,trace,validator
== CALIPER: (0): Initialized
== CALIPER: (0): No manual config specified, disabling default channel
0                      44.72
1                      44.65
2                      44.67
4                      44.66
8                      44.68
16                     44.77
32                     44.79
64                     44.81
128                    44.94
256                    45.83
512                    46.17
1024                   46.62
2048                   47.91
4096                   50.23
8192                   54.98
16384                  58.90
32768                  62.85
65536                 159.40
131072                169.34
262144                188.15
524288                224.27
1048576               294.64
2097152               429.52
4194304               695.18
== CALIPER: (0): Finalizing ... 
== CALIPER: (0): Releasing Caliper global data.
  Max active channels: 0
== CALIPER: (0): Process blackboard: max 1 entries (0.0979432% occupancy).
== CALIPER: (0): Releasing Caliper thread data: 
  Metadata tree: 1 blocks, 55 nodes
   Metadata memory pool: 1 MiB reserved, 18.168 KiB used
  Thread blackboard: max 2 entries (0.195886% occupancy).
== CALIPER: (0): Finished
START OF JOBSPEC
{"resources": [{"type": "node", "count": 2, "with": [{"type": "slot", "count": 1, "with": [{"type": "core", "count": 1}], "label": "task"}]}], "tasks": [{"command": ["osu_latency"], "slot": "task", "count": {"per_slot": 1}}], "attributes": {"system": {"duration": 0, "cwd": "/root", "shell": {"options": {"rlimit": {"cpu": -1, "fsize": -1, "data": -1, "stack": 8388608, "core": 0, "nofile": 1024, "as": -1, "rss": -1, "nproc": 1450578}, "cpu-affinity": "per-task"}}, "constraints": {"hostlist": ["flux-7,flux-4"]}}, "user": {"study_id": "osu-latency-8-iter-0"}}, "version": 1}
START OF EVENTLOG
{"timestamp":1759849412.7949333,"name":"init"}
{"timestamp":1759849412.8053985,"name":"shell.init","context":{"service":"0-shell-fHAmpkLJK","leader-rank":4,"size":2}}
{"timestamp":1759849412.7953806,"name":"starting"}
{"timestamp":1759849412.8071735,"name":"shell.start","context":{"taskmap":{"version":1,"map":[[0,2,1,1]]}}}
{"timestamp":1759849431.9705985,"name":"shell.task-exit","context":{"localid":0,"rank":0,"state":"Exited","pid":4520,"wait_status":0,"signaled":0,"exitcode":0}}
{"timestamp":1759849431.9730172,"name":"complete","context":{"status":0}}
{"timestamp":1759849431.9730344,"name":"done"}

