# OSU MPI Latency Test v5.8
# Size          Latency (us)
== CALIPER: (0): Available services: adiak_export,adiak_import,aggregate,alloc,allocstats,async_event,cpuinfo,debug,event,io,kokkoslookup,kokkostime,loop_monitor,loop_statistics,memstat,mpi,mpiflush,mpireport,pthread,recorder,region_monitor,report,statistics,sysalloc,timer,timeseries,timestamp,trace,validator
== CALIPER: (0): Initialized
== CALIPER: (0): No manual config specified, disabling default channel
0                      42.75
1                      42.74
2                      42.57
4                      42.61
8                      42.74
16                     42.81
32                     42.94
64                     42.90
128                    42.96
256                    43.85
512                    44.16
1024                   44.51
2048                   45.82
4096                   48.72
8192                   54.10
16384                  60.44
32768                  65.58
65536                 172.28
131072                178.08
262144                245.92
524288                249.25
1048576               314.25
2097152               454.13
4194304               738.42
== CALIPER: (0): Finalizing ... 
== CALIPER: (0): Releasing Caliper global data.
  Max active channels: 0
== CALIPER: (0): Process blackboard: max 1 entries (0.0979432% occupancy).
== CALIPER: (0): Releasing Caliper thread data: 
  Metadata tree: 1 blocks, 55 nodes
   Metadata memory pool: 1 MiB reserved, 18.168 KiB used
  Thread blackboard: max 2 entries (0.195886% occupancy).
== CALIPER: (0): Finished
START OF JOBSPEC
{"resources": [{"type": "node", "count": 2, "with": [{"type": "slot", "count": 1, "with": [{"type": "core", "count": 1}], "label": "task"}]}], "tasks": [{"command": ["osu_latency"], "slot": "task", "count": {"per_slot": 1}}], "attributes": {"system": {"duration": 0, "cwd": "/root", "shell": {"options": {"rlimit": {"cpu": -1, "fsize": -1, "data": -1, "stack": 8388608, "core": 0, "nofile": 1024, "as": -1, "rss": -1, "nproc": 1450578}, "cpu-affinity": "per-task"}}, "constraints": {"hostlist": ["flux-6,flux-3"]}}, "user": {"study_id": "osu-latency-8-iter-0"}}, "version": 1}
START OF EVENTLOG
{"timestamp":1759849709.621208,"name":"init"}
{"timestamp":1759849709.621717,"name":"starting"}
{"timestamp":1759849709.6319587,"name":"shell.init","context":{"service":"0-shell-fKRb2gr47","leader-rank":3,"size":2}}
{"timestamp":1759849709.6337817,"name":"shell.start","context":{"taskmap":{"version":1,"map":[[0,2,1,1]]}}}
{"timestamp":1759849728.626647,"name":"shell.task-exit","context":{"localid":0,"rank":0,"state":"Exited","pid":3883,"wait_status":0,"signaled":0,"exitcode":0}}
{"timestamp":1759849728.6287591,"name":"complete","context":{"status":0}}
{"timestamp":1759849728.6287744,"name":"done"}

