# OSU MPI Latency Test v5.8
# Size          Latency (us)
== CALIPER: (0): Available services: adiak_export,adiak_import,aggregate,alloc,allocstats,async_event,cpuinfo,debug,event,io,kokkoslookup,kokkostime,loop_monitor,loop_statistics,memstat,mpi,mpiflush,mpireport,pthread,recorder,region_monitor,report,statistics,sysalloc,timer,timeseries,timestamp,trace,validator
== CALIPER: (0): Initialized
== CALIPER: (0): No manual config specified, disabling default channel
0                      43.97
1                      43.96
2                      43.93
4                      43.95
8                      43.93
16                     44.00
32                     44.08
64                     44.10
128                    44.26
256                    45.15
512                    45.54
1024                   45.97
2048                   47.24
4096                   49.50
8192                   54.20
16384                  58.57
32768                  62.40
65536                 157.25
131072                166.62
262144                185.51
524288                222.80
1048576               295.18
2097152               428.02
4194304               694.18
== CALIPER: (0): Finalizing ... 
== CALIPER: (0): Releasing Caliper global data.
  Max active channels: 0
== CALIPER: (0): Process blackboard: max 1 entries (0.0979432% occupancy).
== CALIPER: (0): Releasing Caliper thread data: 
  Metadata tree: 1 blocks, 55 nodes
   Metadata memory pool: 1 MiB reserved, 18.168 KiB used
  Thread blackboard: max 2 entries (0.195886% occupancy).
== CALIPER: (0): Finished
START OF JOBSPEC
{"resources": [{"type": "node", "count": 2, "with": [{"type": "slot", "count": 1, "with": [{"type": "core", "count": 1}], "label": "task"}]}], "tasks": [{"command": ["osu_latency"], "slot": "task", "count": {"per_slot": 1}}], "attributes": {"system": {"duration": 0, "cwd": "/root", "shell": {"options": {"rlimit": {"cpu": -1, "fsize": -1, "data": -1, "stack": 8388608, "core": 0, "nofile": 1024, "as": -1, "rss": -1, "nproc": 1450578}, "cpu-affinity": "per-task"}}, "constraints": {"hostlist": ["flux-1,flux-4"]}}, "user": {"study_id": "osu-latency-8-iter-0"}}, "version": 1}
START OF EVENTLOG
{"timestamp":1759849503.8769052,"name":"init"}
{"timestamp":1759849503.8872457,"name":"shell.init","context":{"service":"0-shell-fHruyvVsu","leader-rank":1,"size":2}}
{"timestamp":1759849503.8773971,"name":"starting"}
{"timestamp":1759849503.8891356,"name":"shell.start","context":{"taskmap":{"version":1,"map":[[0,2,1,1]]}}}
{"timestamp":1759849522.8198583,"name":"shell.task-exit","context":{"localid":0,"rank":0,"state":"Exited","pid":3764,"wait_status":0,"signaled":0,"exitcode":0}}
{"timestamp":1759849522.8223362,"name":"complete","context":{"status":0}}
{"timestamp":1759849522.8223524,"name":"done"}

