# OSU MPI Latency Test v5.8
# Size          Latency (us)
== CALIPER: (0): Available services: adiak_export,adiak_import,aggregate,alloc,allocstats,async_event,cpuinfo,debug,event,io,kokkoslookup,kokkostime,loop_monitor,loop_statistics,memstat,mpi,mpiflush,mpireport,pthread,recorder,region_monitor,report,statistics,sysalloc,timer,timeseries,timestamp,trace,validator
== CALIPER: (0): Initialized
== CALIPER: (0): No manual config specified, disabling default channel
0                      44.28
1                      44.22
2                      44.18
4                      44.19
8                      44.25
16                     44.22
32                     44.33
64                     44.40
128                    44.55
256                    45.42
512                    45.66
1024                   46.05
2048                   47.22
4096                   49.49
8192                   54.19
16384                  60.86
32768                  65.09
65536                 173.33
131072                180.98
262144                210.26
524288                231.23
1048576               298.21
2097152               424.70
4194304               678.15
== CALIPER: (0): Finalizing ... 
== CALIPER: (0): Releasing Caliper global data.
  Max active channels: 0
== CALIPER: (0): Process blackboard: max 1 entries (0.0979432% occupancy).
== CALIPER: (0): Releasing Caliper thread data: 
  Metadata tree: 1 blocks, 55 nodes
   Metadata memory pool: 1 MiB reserved, 18.168 KiB used
  Thread blackboard: max 2 entries (0.195886% occupancy).
== CALIPER: (0): Finished
START OF JOBSPEC
{"resources": [{"type": "node", "count": 2, "with": [{"type": "slot", "count": 1, "with": [{"type": "core", "count": 1}], "label": "task"}]}], "tasks": [{"command": ["osu_latency"], "slot": "task", "count": {"per_slot": 1}}], "attributes": {"system": {"duration": 0, "cwd": "/root", "shell": {"options": {"rlimit": {"cpu": -1, "fsize": -1, "data": -1, "stack": 8388608, "core": 0, "nofile": 1024, "as": -1, "rss": -1, "nproc": 1450578}, "cpu-affinity": "per-task"}}, "constraints": {"hostlist": ["flux-4,flux-0"]}}, "user": {"study_id": "osu-latency-8-iter-0"}}, "version": 1}
START OF EVENTLOG
{"timestamp":1759849652.2821748,"name":"init"}
{"timestamp":1759849652.2923071,"name":"shell.init","context":{"service":"0-shell-fJzKP2rW3","leader-rank":0,"size":2}}
{"timestamp":1759849652.282634,"name":"starting"}
{"timestamp":1759849652.2937717,"name":"shell.start","context":{"taskmap":{"version":1,"map":[[0,2,1,1]]}}}
{"timestamp":1759849671.3834507,"name":"shell.task-exit","context":{"localid":0,"rank":0,"state":"Exited","pid":4951,"wait_status":0,"signaled":0,"exitcode":0}}
{"timestamp":1759849671.3855505,"name":"complete","context":{"status":0}}
{"timestamp":1759849671.38557,"name":"done"}

