
# OSU MPI Allreduce Latency Test v5.8
# Size       Avg Latency(us)
4                      65.42
8                      65.79
16                     66.15
32                     65.75
64                     66.43
128                    66.43
256                    67.36
512                    70.72
1024                   71.87
2048                   74.19
4096                  139.70
8192                  145.49
16384                 152.00
32768                 168.83
65536                 185.31
131072                223.63
262144                280.04
524288                404.95
1048576               921.43
START OF JOBSPEC
{"resources": [{"type": "node", "count": 2, "with": [{"type": "slot", "count": 8, "with": [{"type": "core", "count": 1}], "label": "task"}]}], "tasks": [{"command": ["singularity", "exec", "--bind", "/run/flux:/run/flux", "/opt/containers/google-performance-study_osu-test.sif", "/usr/libexec/osu-micro-benchmarks/mpi/collective/osu_allreduce"], "slot": "task", "count": {"per_slot": 1}}], "attributes": {"system": {"duration": 0, "cwd": "/root", "shell": {"options": {"rlimit": {"cpu": -1, "fsize": -1, "data": -1, "stack": 8388608, "core": 0, "nofile": 1024, "as": -1, "rss": -1, "nproc": 240748}, "cpu-affinity": "per-task"}}}, "user": {"study_id": "osu-latency-2-iter-0"}}, "version": 1}
START OF EVENTLOG
{"timestamp":1759704987.8749766,"name":"init"}
{"timestamp":1759704987.8856008,"name":"shell.init","context":{"service":"0-shell-f29vBxny1h","leader-rank":0,"size":2}}
{"timestamp":1759704987.8756411,"name":"starting"}
{"timestamp":1759704987.8974543,"name":"shell.start","context":{"taskmap":{"version":1,"map":[[0,2,8,1]]}}}
{"timestamp":1759704991.1714442,"name":"shell.task-exit","context":{"localid":0,"rank":0,"state":"Exited","pid":8554,"wait_status":0,"signaled":0,"exitcode":0}}
{"timestamp":1759704991.1813679,"name":"complete","context":{"status":0}}
{"timestamp":1759704991.1813924,"name":"done"}

