# OSU MPI Latency Test v5.8
# Size          Latency (us)
0                      44.74
1                      44.77
2                      44.89
4                      44.73
8                      44.89
16                     44.97
32                     44.82
64                     45.07
128                    45.06
256                    45.94
512                    46.30
1024                   46.61
2048                   63.60
4096                   64.97
8192                   67.43
16384                  69.45
32768                  74.34
65536                 185.69
131072                206.16
262144                233.47
524288                286.45
1048576               390.22
2097152               623.88
4194304              1044.37
START OF JOBSPEC
{"resources": [{"type": "node", "count": 2, "with": [{"type": "slot", "count": 1, "with": [{"type": "core", "count": 1}], "label": "task"}]}], "tasks": [{"command": ["/usr/libexec/osu-micro-benchmarks/mpi/pt2pt/osu_latency"], "slot": "task", "count": {"per_slot": 1}}], "attributes": {"system": {"duration": 0, "cwd": "/", "shell": {"options": {"rlimit": {"cpu": -1, "fsize": -1, "data": -1, "stack": 8388608, "core": -1, "nofile": 1048576, "as": -1, "rss": -1, "nproc": -1}, "cpu-affinity": "per-task"}}, "constraints": {"hostlist": ["osu-14,osu-13"]}}, "user": {"study_id": "osu-latency-16-iter-0"}}, "version": 1}
START OF EVENTLOG
{"timestamp":1759857373.8331141,"name":"init"}
{"timestamp":1759857373.8338633,"name":"starting"}
{"timestamp":1759857373.8454301,"name":"shell.init","context":{"service":"0-shell-fFToZb6pP","leader-rank":13,"size":2}}
{"timestamp":1759857373.8472118,"name":"shell.start","context":{"taskmap":{"version":1,"map":[[0,2,1,1]]}}}
{"timestamp":1759857395.357069,"name":"shell.task-exit","context":{"localid":0,"rank":0,"state":"Exited","pid":95,"wait_status":0,"signaled":0,"exitcode":0}}
{"timestamp":1759857395.359221,"name":"complete","context":{"status":0}}
{"timestamp":1759857395.359242,"name":"done"}

