# OSU MPI Latency Test v5.8
# Size          Latency (us)
0                      16.88
1                      17.46
2                      17.52
4                      17.45
8                      17.44
16                     17.54
32                     17.58
64                     18.58
128                    19.44
256                    20.20
512                    20.42
1024                   20.64
2048                   34.33
4096                   34.91
8192                   35.13
16384                  37.84
32768                  44.04
65536                  93.31
131072                107.16
262144                129.38
524288                171.66
1048576               252.39
2097152               417.94
4194304               733.78
START OF JOBSPEC
{"resources": [{"type": "node", "count": 2, "with": [{"type": "slot", "count": 1, "with": [{"type": "core", "count": 1}], "label": "task"}]}], "tasks": [{"command": ["/usr/libexec/osu-micro-benchmarks/mpi/pt2pt/osu_latency"], "slot": "task", "count": {"per_slot": 1}}], "attributes": {"system": {"duration": 0, "cwd": "/", "shell": {"options": {"rlimit": {"cpu": -1, "fsize": -1, "data": -1, "stack": 8388608, "core": -1, "nofile": 1048576, "as": -1, "rss": -1, "nproc": -1}, "cpu-affinity": "per-task"}}, "constraints": {"hostlist": ["osu-0,osu-15"]}}, "user": {"study_id": "osu-latency-16-iter-0"}}, "version": 1}
START OF EVENTLOG
{"timestamp":1759855799.2749305,"name":"init"}
{"timestamp":1759855799.2851641,"name":"shell.init","context":{"service":"0-shell-f3Vt6JGmM","leader-rank":0,"size":2}}
{"timestamp":1759855799.2753928,"name":"starting"}
{"timestamp":1759855799.2867625,"name":"shell.start","context":{"taskmap":{"version":1,"map":[[0,2,1,1]]}}}
{"timestamp":1759855810.1686158,"name":"shell.task-exit","context":{"localid":0,"rank":0,"state":"Exited","pid":239,"wait_status":0,"signaled":0,"exitcode":0}}
{"timestamp":1759855810.1707187,"name":"complete","context":{"status":0}}
{"timestamp":1759855810.1707366,"name":"done"}

