# OSU MPI Latency Test v5.8
# Size          Latency (us)
0                      50.98
1                      50.70
2                      50.70
4                      50.73
8                      50.76
16                     50.97
32                     50.88
64                     51.00
128                    51.22
256                    51.79
512                    52.06
1024                   52.72
2048                   69.79
4096                   71.70
8192                   72.71
16384                  74.60
32768                  79.08
65536                 205.81
131072                219.21
262144                246.02
524288                294.57
1048576               380.14
2097152               624.04
4194304              1267.79
START OF JOBSPEC
{"resources": [{"type": "node", "count": 2, "with": [{"type": "slot", "count": 1, "with": [{"type": "core", "count": 1}], "label": "task"}]}], "tasks": [{"command": ["/usr/libexec/osu-micro-benchmarks/mpi/pt2pt/osu_latency"], "slot": "task", "count": {"per_slot": 1}}], "attributes": {"system": {"duration": 0, "cwd": "/", "shell": {"options": {"rlimit": {"cpu": -1, "fsize": -1, "data": -1, "stack": 8388608, "core": -1, "nofile": 1048576, "as": -1, "rss": -1, "nproc": -1}, "cpu-affinity": "per-task"}}, "constraints": {"hostlist": ["osu-1,osu-14"]}}, "user": {"study_id": "osu-latency-16-iter-0"}}, "version": 1}
START OF EVENTLOG
{"timestamp":1759856638.2029474,"name":"init"}
{"timestamp":1759856638.2036564,"name":"starting"}
{"timestamp":1759856638.2138288,"name":"shell.init","context":{"service":"0-shell-f9sc4Q89D","leader-rank":1,"size":2}}
{"timestamp":1759856638.2155867,"name":"shell.start","context":{"taskmap":{"version":1,"map":[[0,2,1,1]]}}}
{"timestamp":1759856662.0982497,"name":"shell.task-exit","context":{"localid":0,"rank":0,"state":"Exited","pid":90,"wait_status":0,"signaled":0,"exitcode":0}}
{"timestamp":1759856662.1007888,"name":"complete","context":{"status":0}}
{"timestamp":1759856662.1008091,"name":"done"}

