# OSU MPI Latency Test v5.8
# Size          Latency (us)
0                      49.61
1                      49.42
2                      49.55
4                      49.49
8                      49.65
16                     49.54
32                     49.68
64                     49.66
128                    49.68
256                    50.67
512                    51.18
1024                   51.48
2048                   68.35
4096                   72.65
8192                   72.17
16384                  74.81
32768                  79.63
65536                 202.54
131072                221.12
262144                251.46
524288                308.44
1048576               409.10
2097152               643.26
4194304               985.28
START OF JOBSPEC
{"resources": [{"type": "node", "count": 2, "with": [{"type": "slot", "count": 1, "with": [{"type": "core", "count": 1}], "label": "task"}]}], "tasks": [{"command": ["/usr/libexec/osu-micro-benchmarks/mpi/pt2pt/osu_latency"], "slot": "task", "count": {"per_slot": 1}}], "attributes": {"system": {"duration": 0, "cwd": "/", "shell": {"options": {"rlimit": {"cpu": -1, "fsize": -1, "data": -1, "stack": 8388608, "core": -1, "nofile": 1048576, "as": -1, "rss": -1, "nproc": -1}, "cpu-affinity": "per-task"}}, "constraints": {"hostlist": ["osu-7,osu-13"]}}, "user": {"study_id": "osu-latency-16-iter-0"}}, "version": 1}
START OF EVENTLOG
{"timestamp":1759857542.3307979,"name":"init"}
{"timestamp":1759857542.3411968,"name":"shell.init","context":{"service":"0-shell-fGk4ZUeo9","leader-rank":7,"size":2}}
{"timestamp":1759857542.3316059,"name":"starting"}
{"timestamp":1759857542.3428221,"name":"shell.start","context":{"taskmap":{"version":1,"map":[[0,2,1,1]]}}}
{"timestamp":1759857565.4729402,"name":"shell.task-exit","context":{"localid":0,"rank":0,"state":"Exited","pid":103,"wait_status":0,"signaled":0,"exitcode":0}}
{"timestamp":1759857565.4752991,"name":"complete","context":{"status":0}}
{"timestamp":1759857565.4753172,"name":"done"}

