# OSU MPI Latency Test v5.8
# Size          Latency (us)
0                      45.20
1                      44.94
2                      44.98
4                      45.10
8                      44.91
16                     45.06
32                     45.16
64                     45.18
128                    45.47
256                    46.26
512                    46.59
1024                   47.01
2048                   64.66
4096                   68.40
8192                   67.67
16384                  70.07
32768                  75.28
65536                 190.89
131072                210.26
262144                243.05
524288                300.06
1048576               408.09
2097152               672.60
4194304              1118.24
START OF JOBSPEC
{"resources": [{"type": "node", "count": 2, "with": [{"type": "slot", "count": 1, "with": [{"type": "core", "count": 1}], "label": "task"}]}], "tasks": [{"command": ["/usr/libexec/osu-micro-benchmarks/mpi/pt2pt/osu_latency"], "slot": "task", "count": {"per_slot": 1}}], "attributes": {"system": {"duration": 0, "cwd": "/", "shell": {"options": {"rlimit": {"cpu": -1, "fsize": -1, "data": -1, "stack": 8388608, "core": -1, "nofile": 1048576, "as": -1, "rss": -1, "nproc": -1}, "cpu-affinity": "per-task"}}, "constraints": {"hostlist": ["osu-1,osu-7"]}}, "user": {"study_id": "osu-latency-16-iter-0"}}, "version": 1}
START OF EVENTLOG
{"timestamp":1759856685.9015009,"name":"init"}
{"timestamp":1759856685.9020791,"name":"starting"}
{"timestamp":1759856685.9127421,"name":"shell.init","context":{"service":"0-shell-fAEdGqVno","leader-rank":1,"size":2}}
{"timestamp":1759856685.914433,"name":"shell.start","context":{"taskmap":{"version":1,"map":[[0,2,1,1]]}}}
{"timestamp":1759856707.9379892,"name":"shell.task-exit","context":{"localid":0,"rank":0,"state":"Exited","pid":96,"wait_status":0,"signaled":0,"exitcode":0}}
{"timestamp":1759856707.9406035,"name":"complete","context":{"status":0}}
{"timestamp":1759856707.9406235,"name":"done"}

