# OSU MPI Latency Test v5.8
# Size          Latency (us)
0                      16.89
1                      17.90
2                      17.94
4                      19.49
8                      19.81
16                     19.77
32                     19.81
64                     19.81
128                    19.96
256                    20.82
512                    21.08
1024                   21.24
2048                   34.42
4096                   39.57
8192                   36.72
16384                  39.30
32768                  45.46
65536                  95.18
131072                115.90
262144                142.37
524288                203.44
1048576               287.46
2097152               471.89
4194304               781.16
START OF JOBSPEC
{"resources": [{"type": "node", "count": 2, "with": [{"type": "slot", "count": 1, "with": [{"type": "core", "count": 1}], "label": "task"}]}], "tasks": [{"command": ["/usr/libexec/osu-micro-benchmarks/mpi/pt2pt/osu_latency"], "slot": "task", "count": {"per_slot": 1}}], "attributes": {"system": {"duration": 0, "cwd": "/", "shell": {"options": {"rlimit": {"cpu": -1, "fsize": -1, "data": -1, "stack": 8388608, "core": -1, "nofile": 1048576, "as": -1, "rss": -1, "nproc": -1}, "cpu-affinity": "per-task"}}, "constraints": {"hostlist": ["osu-0,osu-7"]}}, "user": {"study_id": "osu-latency-16-iter-0"}}, "version": 1}
START OF EVENTLOG
{"timestamp":1759855721.3547084,"name":"init"}
{"timestamp":1759855721.3646405,"name":"shell.init","context":{"service":"0-shell-f2uYNP8LP","leader-rank":0,"size":2}}
{"timestamp":1759855721.3551319,"name":"starting"}
{"timestamp":1759855721.3660243,"name":"shell.start","context":{"taskmap":{"version":1,"map":[[0,2,1,1]]}}}
{"timestamp":1759855733.0429072,"name":"shell.task-exit","context":{"localid":0,"rank":0,"state":"Exited","pid":209,"wait_status":0,"signaled":0,"exitcode":0}}
{"timestamp":1759855733.0451667,"name":"complete","context":{"status":0}}
{"timestamp":1759855733.0451841,"name":"done"}

