# OSU MPI Latency Test v5.8
# Size          Latency (us)
0                      44.48
1                      44.77
2                      44.98
4                      45.09
8                      45.27
16                     44.67
32                     44.64
64                     44.56
128                    45.41
256                    46.06
512                    45.92
1024                   46.29
2048                   63.23
4096                   66.97
8192                   64.54
16384                  68.16
32768                  72.89
65536                 180.57
131072                196.31
262144                221.82
524288                266.99
1048576               359.24
2097152               558.94
4194304              1132.27
START OF JOBSPEC
{"resources": [{"type": "node", "count": 2, "with": [{"type": "slot", "count": 1, "with": [{"type": "core", "count": 1}], "label": "task"}]}], "tasks": [{"command": ["/usr/libexec/osu-micro-benchmarks/mpi/pt2pt/osu_latency"], "slot": "task", "count": {"per_slot": 1}}], "attributes": {"system": {"duration": 0, "cwd": "/", "shell": {"options": {"rlimit": {"cpu": -1, "fsize": -1, "data": -1, "stack": 8388608, "core": -1, "nofile": 1048576, "as": -1, "rss": -1, "nproc": -1}, "cpu-affinity": "per-task"}}, "constraints": {"hostlist": ["osu-2,osu-15"]}}, "user": {"study_id": "osu-latency-16-iter-0"}}, "version": 1}
START OF EVENTLOG
{"timestamp":1759857305.3451312,"name":"init"}
{"timestamp":1759857305.3458831,"name":"starting"}
{"timestamp":1759857305.3560038,"name":"shell.init","context":{"service":"0-shell-fEwcw3APq","leader-rank":2,"size":2}}
{"timestamp":1759857305.3576813,"name":"shell.start","context":{"taskmap":{"version":1,"map":[[0,2,1,1]]}}}
{"timestamp":1759857326.7154362,"name":"shell.task-exit","context":{"localid":0,"rank":0,"state":"Exited","pid":112,"wait_status":0,"signaled":0,"exitcode":0}}
{"timestamp":1759857326.7177248,"name":"complete","context":{"status":0}}
{"timestamp":1759857326.7177474,"name":"done"}

