# OSU MPI Latency Test v5.8
# Size          Latency (us)
0                      42.06
1                      41.98
2                      41.80
4                      42.13
8                      42.17
16                     41.99
32                     42.07
64                     42.09
128                    42.32
256                    43.25
512                    43.91
1024                   44.06
2048                   60.79
4096                   57.44
8192                   64.68
16384                  67.30
32768                  72.82
65536                 181.67
131072                201.68
262144                235.29
524288                296.98
1048576               410.41
2097152               665.97
4194304              1033.95
START OF JOBSPEC
{"resources": [{"type": "node", "count": 2, "with": [{"type": "slot", "count": 1, "with": [{"type": "core", "count": 1}], "label": "task"}]}], "tasks": [{"command": ["/usr/libexec/osu-micro-benchmarks/mpi/pt2pt/osu_latency"], "slot": "task", "count": {"per_slot": 1}}], "attributes": {"system": {"duration": 0, "cwd": "/", "shell": {"options": {"rlimit": {"cpu": -1, "fsize": -1, "data": -1, "stack": 8388608, "core": -1, "nofile": 1048576, "as": -1, "rss": -1, "nproc": -1}, "cpu-affinity": "per-task"}}, "constraints": {"hostlist": ["osu-3,osu-13"]}}, "user": {"study_id": "osu-latency-16-iter-0"}}, "version": 1}
START OF EVENTLOG
{"timestamp":1759855989.4406331,"name":"init"}
{"timestamp":1759855989.4510341,"name":"shell.init","context":{"service":"0-shell-f4wgwyWwq","leader-rank":3,"size":2}}
{"timestamp":1759855989.4410889,"name":"starting"}
{"timestamp":1759855989.452719,"name":"shell.start","context":{"taskmap":{"version":1,"map":[[0,2,1,1]]}}}
{"timestamp":1759856010.13484,"name":"shell.task-exit","context":{"localid":0,"rank":0,"state":"Exited","pid":103,"wait_status":0,"signaled":0,"exitcode":0}}
{"timestamp":1759856010.1375136,"name":"complete","context":{"status":0}}
{"timestamp":1759856010.1375325,"name":"done"}

