# OSU MPI Latency Test v5.8
# Size          Latency (us)
0                      50.98
1                      51.96
2                      51.97
4                      51.61
8                      50.52
16                     50.49
32                     50.51
64                     50.66
128                    50.79
256                    51.90
512                    53.44
1024                   53.90
2048                   69.39
4096                   69.20
8192                   72.62
16384                  75.01
32768                  80.06
65536                 202.57
131072                223.93
262144                251.59
524288                307.13
1048576               412.89
2097152               680.09
4194304              1216.88
START OF JOBSPEC
{"resources": [{"type": "node", "count": 2, "with": [{"type": "slot", "count": 1, "with": [{"type": "core", "count": 1}], "label": "task"}]}], "tasks": [{"command": ["/usr/libexec/osu-micro-benchmarks/mpi/pt2pt/osu_latency"], "slot": "task", "count": {"per_slot": 1}}], "attributes": {"system": {"duration": 0, "cwd": "/", "shell": {"options": {"rlimit": {"cpu": -1, "fsize": -1, "data": -1, "stack": 8388608, "core": -1, "nofile": 1048576, "as": -1, "rss": -1, "nproc": -1}, "cpu-affinity": "per-task"}}, "constraints": {"hostlist": ["osu-0,osu-3"]}}, "user": {"study_id": "osu-latency-16-iter-0"}}, "version": 1}
START OF EVENTLOG
{"timestamp":1759855552.7282498,"name":"init"}
{"timestamp":1759855552.7378957,"name":"shell.init","context":{"service":"0-shell-fdE6jAHV","leader-rank":0,"size":2}}
{"timestamp":1759855552.7286098,"name":"starting"}
{"timestamp":1759855552.7395852,"name":"shell.start","context":{"taskmap":{"version":1,"map":[[0,2,1,1]]}}}
{"timestamp":1759855576.7686231,"name":"shell.task-exit","context":{"localid":0,"rank":0,"state":"Exited","pid":155,"wait_status":0,"signaled":0,"exitcode":0}}
{"timestamp":1759855576.7706914,"name":"complete","context":{"status":0}}
{"timestamp":1759855576.7707148,"name":"done"}

