# OSU MPI Latency Test v5.8
# Size          Latency (us)
0                      41.34
1                      41.67
2                      40.81
4                      41.05
8                      40.91
16                     40.90
32                     41.20
64                     41.15
128                    40.87
256                    43.40
512                    43.53
1024                   42.65
2048                   60.11
4096                   56.76
8192                   62.43
16384                  65.43
32768                  70.53
65536                 177.38
131072                192.38
262144                223.32
524288                278.81
1048576               378.29
2097152               621.70
4194304              1138.73
START OF JOBSPEC
{"resources": [{"type": "node", "count": 2, "with": [{"type": "slot", "count": 1, "with": [{"type": "core", "count": 1}], "label": "task"}]}], "tasks": [{"command": ["/usr/libexec/osu-micro-benchmarks/mpi/pt2pt/osu_latency"], "slot": "task", "count": {"per_slot": 1}}], "attributes": {"system": {"duration": 0, "cwd": "/", "shell": {"options": {"rlimit": {"cpu": -1, "fsize": -1, "data": -1, "stack": 8388608, "core": -1, "nofile": 1048576, "as": -1, "rss": -1, "nproc": -1}, "cpu-affinity": "per-task"}}, "constraints": {"hostlist": ["osu-4,osu-2"]}}, "user": {"study_id": "osu-latency-16-iter-0"}}, "version": 1}
START OF EVENTLOG
{"timestamp":1759856144.6694517,"name":"init"}
{"timestamp":1759856144.6699338,"name":"starting"}
{"timestamp":1759856144.6804614,"name":"shell.init","context":{"service":"0-shell-f686myNd5","leader-rank":2,"size":2}}
{"timestamp":1759856144.6822481,"name":"shell.start","context":{"taskmap":{"version":1,"map":[[0,2,1,1]]}}}
{"timestamp":1759856165.0447361,"name":"shell.task-exit","context":{"localid":0,"rank":0,"state":"Exited","pid":76,"wait_status":0,"signaled":0,"exitcode":0}}
{"timestamp":1759856165.0474014,"name":"complete","context":{"status":0}}
{"timestamp":1759856165.0474226,"name":"done"}

