# OSU MPI Latency Test v5.8
# Size          Latency (us)
0                      43.29
1                      43.43
2                      43.29
4                      43.42
8                      43.24
16                     43.46
32                     43.48
64                     43.59
128                    43.61
256                    45.01
512                    44.96
1024                   45.24
2048                   62.17
4096                   66.85
8192                   65.84
16384                  67.68
32768                  71.36
65536                 178.85
131072                195.94
262144                221.40
524288                266.75
1048576               360.23
2097152               570.62
4194304               967.76
START OF JOBSPEC
{"resources": [{"type": "node", "count": 2, "with": [{"type": "slot", "count": 1, "with": [{"type": "core", "count": 1}], "label": "task"}]}], "tasks": [{"command": ["/usr/libexec/osu-micro-benchmarks/mpi/pt2pt/osu_latency"], "slot": "task", "count": {"per_slot": 1}}], "attributes": {"system": {"duration": 0, "cwd": "/", "shell": {"options": {"rlimit": {"cpu": -1, "fsize": -1, "data": -1, "stack": 8388608, "core": -1, "nofile": 1048576, "as": -1, "rss": -1, "nproc": -1}, "cpu-affinity": "per-task"}}, "constraints": {"hostlist": ["osu-0,osu-13"]}}, "user": {"study_id": "osu-latency-16-iter-0"}}, "version": 1}
START OF EVENTLOG
{"timestamp":1759855754.4751911,"name":"init"}
{"timestamp":1759855754.4756534,"name":"starting"}
{"timestamp":1759855754.4857783,"name":"shell.init","context":{"service":"0-shell-f3A8ym15R","leader-rank":0,"size":2}}
{"timestamp":1759855754.4872794,"name":"shell.start","context":{"taskmap":{"version":1,"map":[[0,2,1,1]]}}}
{"timestamp":1759855775.2017286,"name":"shell.task-exit","context":{"localid":0,"rank":0,"state":"Exited","pid":221,"wait_status":0,"signaled":0,"exitcode":0}}
{"timestamp":1759855775.2038336,"name":"complete","context":{"status":0}}
{"timestamp":1759855775.2038543,"name":"done"}

