# OSU MPI Latency Test v5.8
# Size          Latency (us)
0                      19.14
1                      19.35
2                      19.51
4                      19.49
8                      19.46
16                     19.49
32                     19.56
64                     19.60
128                    19.67
256                    20.56
512                    20.83
1024                   20.95
2048                   34.65
4096                   35.03
8192                   35.34
16384                  39.13
32768                  47.37
65536                  98.77
131072                119.80
262144                150.58
524288                213.38
1048576               331.90
2097152               572.07
4194304               983.00
START OF JOBSPEC
{"resources": [{"type": "node", "count": 2, "with": [{"type": "slot", "count": 1, "with": [{"type": "core", "count": 1}], "label": "task"}]}], "tasks": [{"command": ["/usr/libexec/osu-micro-benchmarks/mpi/pt2pt/osu_latency"], "slot": "task", "count": {"per_slot": 1}}], "attributes": {"system": {"duration": 0, "cwd": "/", "shell": {"options": {"rlimit": {"cpu": -1, "fsize": -1, "data": -1, "stack": 8388608, "core": -1, "nofile": 1048576, "as": -1, "rss": -1, "nproc": -1}, "cpu-affinity": "per-task"}}, "constraints": {"hostlist": ["osu-10,osu-7"]}}, "user": {"study_id": "osu-latency-16-iter-0"}}, "version": 1}
START OF EVENTLOG
{"timestamp":1759857060.0560033,"name":"init"}
{"timestamp":1759857060.0566509,"name":"starting"}
{"timestamp":1759857060.0666795,"name":"shell.init","context":{"service":"0-shell-fD5X52V9R","leader-rank":7,"size":2}}
{"timestamp":1759857060.0684121,"name":"shell.start","context":{"taskmap":{"version":1,"map":[[0,2,1,1]]}}}
{"timestamp":1759857072.4488921,"name":"shell.task-exit","context":{"localid":0,"rank":0,"state":"Exited","pid":88,"wait_status":0,"signaled":0,"exitcode":0}}
{"timestamp":1759857072.4511628,"name":"complete","context":{"status":0}}
{"timestamp":1759857072.4511814,"name":"done"}

