# OSU MPI Latency Test v5.8
# Size          Latency (us)
0                      34.88
1                      34.81
2                      34.86
4                      34.97
8                      34.84
16                     34.86
32                     34.98
64                     35.04
128                    35.18
256                    36.33
512                    36.86
1024                   37.49
2048                   53.73
4096                   49.76
8192                   57.21
16384                  58.02
32768                  63.62
65536                 155.28
131072                173.44
262144                198.05
524288                246.20
1048576               338.57
2097152               553.74
4194304               841.88
START OF JOBSPEC
{"resources": [{"type": "node", "count": 2, "with": [{"type": "slot", "count": 1, "with": [{"type": "core", "count": 1}], "label": "task"}]}], "tasks": [{"command": ["/usr/libexec/osu-micro-benchmarks/mpi/pt2pt/osu_latency"], "slot": "task", "count": {"per_slot": 1}}], "attributes": {"system": {"duration": 0, "cwd": "/", "shell": {"options": {"rlimit": {"cpu": -1, "fsize": -1, "data": -1, "stack": 8388608, "core": -1, "nofile": 1048576, "as": -1, "rss": -1, "nproc": -1}, "cpu-affinity": "per-task"}}, "constraints": {"hostlist": ["osu-11,osu-5"]}}, "user": {"study_id": "osu-latency-16-iter-0"}}, "version": 1}
START OF EVENTLOG
{"timestamp":1759856915.023309,"name":"init"}
{"timestamp":1759856915.0240407,"name":"starting"}
{"timestamp":1759856915.0350726,"name":"shell.init","context":{"service":"0-shell-fBybs4Nn3","leader-rank":5,"size":2}}
{"timestamp":1759856915.0369177,"name":"shell.start","context":{"taskmap":{"version":1,"map":[[0,2,1,1]]}}}
{"timestamp":1759856932.4866481,"name":"shell.task-exit","context":{"localid":0,"rank":0,"state":"Exited","pid":85,"wait_status":0,"signaled":0,"exitcode":0}}
{"timestamp":1759856932.4889469,"name":"complete","context":{"status":0}}
{"timestamp":1759856932.4889669,"name":"done"}

