# OSU MPI Latency Test v5.8
# Size          Latency (us)
0                      42.89
1                      42.99
2                      43.05
4                      42.90
8                      42.85
16                     42.99
32                     43.00
64                     43.12
128                    43.23
256                    44.01
512                    44.31
1024                   44.68
2048                   62.17
4096                   63.37
8192                   65.21
16384                  67.00
32768                  71.49
65536                 179.78
131072                197.29
262144                222.21
524288                267.30
1048576               360.71
2097152               575.16
4194304               866.74
START OF JOBSPEC
{"resources": [{"type": "node", "count": 2, "with": [{"type": "slot", "count": 1, "with": [{"type": "core", "count": 1}], "label": "task"}]}], "tasks": [{"command": ["/usr/libexec/osu-micro-benchmarks/mpi/pt2pt/osu_latency"], "slot": "task", "count": {"per_slot": 1}}], "attributes": {"system": {"duration": 0, "cwd": "/", "shell": {"options": {"rlimit": {"cpu": -1, "fsize": -1, "data": -1, "stack": 8388608, "core": -1, "nofile": 1048576, "as": -1, "rss": -1, "nproc": -1}, "cpu-affinity": "per-task"}}, "constraints": {"hostlist": ["osu-8,osu-9"]}}, "user": {"study_id": "osu-latency-16-iter-0"}}, "version": 1}
START OF EVENTLOG
{"timestamp":1759856435.9789987,"name":"init"}
{"timestamp":1759856435.9897258,"name":"shell.init","context":{"service":"0-shell-f8LUxiCeT","leader-rank":8,"size":2}}
{"timestamp":1759856435.9797525,"name":"starting"}
{"timestamp":1759856435.9913411,"name":"shell.start","context":{"taskmap":{"version":1,"map":[[0,2,1,1]]}}}
{"timestamp":1759856456.3288643,"name":"shell.task-exit","context":{"localid":0,"rank":0,"state":"Exited","pid":94,"wait_status":0,"signaled":0,"exitcode":0}}
{"timestamp":1759856456.3315096,"name":"complete","context":{"status":0}}
{"timestamp":1759856456.3315287,"name":"done"}

