# OSU MPI Latency Test v5.8
# Size          Latency (us)
0                      42.95
1                      42.99
2                      43.23
4                      43.22
8                      43.25
16                     43.16
32                     43.34
64                     43.36
128                    43.00
256                    43.77
512                    44.20
1024                   44.53
2048                   62.12
4096                   65.03
8192                   65.35
16384                  68.00
32768                  73.19
65536                 186.22
131072                201.37
262144                238.29
524288                297.23
1048576               410.20
2097152               677.37
4194304              1166.42
START OF JOBSPEC
{"resources": [{"type": "node", "count": 2, "with": [{"type": "slot", "count": 1, "with": [{"type": "core", "count": 1}], "label": "task"}]}], "tasks": [{"command": ["/usr/libexec/osu-micro-benchmarks/mpi/pt2pt/osu_latency"], "slot": "task", "count": {"per_slot": 1}}], "attributes": {"system": {"duration": 0, "cwd": "/", "shell": {"options": {"rlimit": {"cpu": -1, "fsize": -1, "data": -1, "stack": 8388608, "core": -1, "nofile": 1048576, "as": -1, "rss": -1, "nproc": -1}, "cpu-affinity": "per-task"}}, "constraints": {"hostlist": ["osu-1,osu-13"]}}, "user": {"study_id": "osu-latency-16-iter-0"}}, "version": 1}
START OF EVENTLOG
{"timestamp":1759856720.9004214,"name":"init"}
{"timestamp":1759856720.9011931,"name":"starting"}
{"timestamp":1759856720.9111972,"name":"shell.init","context":{"service":"0-shell-fAW3tS7mR","leader-rank":1,"size":2}}
{"timestamp":1759856720.912883,"name":"shell.start","context":{"taskmap":{"version":1,"map":[[0,2,1,1]]}}}
{"timestamp":1759856742.3308444,"name":"shell.task-exit","context":{"localid":0,"rank":0,"state":"Exited","pid":102,"wait_status":0,"signaled":0,"exitcode":0}}
{"timestamp":1759856742.3336308,"name":"complete","context":{"status":0}}
{"timestamp":1759856742.3336554,"name":"done"}

