# OSU MPI Latency Test v5.8
# Size          Latency (us)
0                      41.48
1                      41.80
2                      41.24
4                      41.42
8                      41.24
16                     41.31
32                     41.41
64                     41.47
128                    41.66
256                    42.85
512                    43.17
1024                   43.63
2048                   60.17
4096                   64.68
8192                   63.55
16384                  64.86
32768                  71.23
65536                 174.88
131072                194.64
262144                224.88
524288                280.61
1048576               385.76
2097152               609.26
4194304               952.87
START OF JOBSPEC
{"resources": [{"type": "node", "count": 2, "with": [{"type": "slot", "count": 1, "with": [{"type": "core", "count": 1}], "label": "task"}]}], "tasks": [{"command": ["/usr/libexec/osu-micro-benchmarks/mpi/pt2pt/osu_latency"], "slot": "task", "count": {"per_slot": 1}}], "attributes": {"system": {"duration": 0, "cwd": "/", "shell": {"options": {"rlimit": {"cpu": -1, "fsize": -1, "data": -1, "stack": 8388608, "core": -1, "nofile": 1048576, "as": -1, "rss": -1, "nproc": -1}, "cpu-affinity": "per-task"}}, "constraints": {"hostlist": ["osu-11,osu-12"]}}, "user": {"study_id": "osu-latency-16-iter-0"}}, "version": 1}
START OF EVENTLOG
{"timestamp":1759856945.304213,"name":"init"}
{"timestamp":1759856945.314738,"name":"shell.init","context":{"service":"0-shell-fCCwt1RBm","leader-rank":11,"size":2}}
{"timestamp":1759856945.3048673,"name":"starting"}
{"timestamp":1759856945.3164928,"name":"shell.start","context":{"taskmap":{"version":1,"map":[[0,2,1,1]]}}}
{"timestamp":1759856965.5465698,"name":"shell.task-exit","context":{"localid":0,"rank":0,"state":"Exited","pid":106,"wait_status":0,"signaled":0,"exitcode":0}}
{"timestamp":1759856965.5492356,"name":"complete","context":{"status":0}}
{"timestamp":1759856965.5492527,"name":"done"}

