# OSU MPI Latency Test v5.8
# Size          Latency (us)
0                      43.34
1                      43.43
2                      43.45
4                      43.50
8                      43.65
16                     43.47
32                     43.55
64                     43.64
128                    43.78
256                    44.77
512                    45.19
1024                   45.51
2048                   62.62
4096                   66.73
8192                   65.98
16384                  68.46
32768                  73.03
65536                 187.36
131072                203.17
262144                231.82
524288                285.48
1048576               384.75
2097152               634.39
4194304              1035.91
START OF JOBSPEC
{"resources": [{"type": "node", "count": 2, "with": [{"type": "slot", "count": 1, "with": [{"type": "core", "count": 1}], "label": "task"}]}], "tasks": [{"command": ["/usr/libexec/osu-micro-benchmarks/mpi/pt2pt/osu_latency"], "slot": "task", "count": {"per_slot": 1}}], "attributes": {"system": {"duration": 0, "cwd": "/", "shell": {"options": {"rlimit": {"cpu": -1, "fsize": -1, "data": -1, "stack": 8388608, "core": -1, "nofile": 1048576, "as": -1, "rss": -1, "nproc": -1}, "cpu-affinity": "per-task"}}, "constraints": {"hostlist": ["osu-4,osu-6"]}}, "user": {"study_id": "osu-latency-16-iter-0"}}, "version": 1}
START OF EVENTLOG
{"timestamp":1759856292.6666009,"name":"init"}
{"timestamp":1759856292.6670823,"name":"starting"}
{"timestamp":1759856292.6776237,"name":"shell.init","context":{"service":"0-shell-f7FKkCnGX","leader-rank":4,"size":2}}
{"timestamp":1759856292.6793578,"name":"shell.start","context":{"taskmap":{"version":1,"map":[[0,2,1,1]]}}}
{"timestamp":1759856313.8467331,"name":"shell.task-exit","context":{"localid":0,"rank":0,"state":"Exited","pid":110,"wait_status":0,"signaled":0,"exitcode":0}}
{"timestamp":1759856313.8493953,"name":"complete","context":{"status":0}}
{"timestamp":1759856313.8494146,"name":"done"}

