# OSU MPI Latency Test v5.8
# Size          Latency (us)
0                      18.41
1                      18.86
2                      18.84
4                      18.87
8                      18.88
16                     18.85
32                     18.91
64                     18.98
128                    19.16
256                    19.93
512                    20.05
1024                   20.26
2048                   33.78
4096                   36.36
8192                   34.01
16384                  36.98
32768                  43.33
65536                  92.94
131072                100.94
262144                120.37
524288                165.08
1048576               237.84
2097152               386.77
4194304               634.52
START OF JOBSPEC
{"resources": [{"type": "node", "count": 2, "with": [{"type": "slot", "count": 1, "with": [{"type": "core", "count": 1}], "label": "task"}]}], "tasks": [{"command": ["/usr/libexec/osu-micro-benchmarks/mpi/pt2pt/osu_latency"], "slot": "task", "count": {"per_slot": 1}}], "attributes": {"system": {"duration": 0, "cwd": "/", "shell": {"options": {"rlimit": {"cpu": -1, "fsize": -1, "data": -1, "stack": 8388608, "core": -1, "nofile": 1048576, "as": -1, "rss": -1, "nproc": -1}, "cpu-affinity": "per-task"}}, "constraints": {"hostlist": ["osu-8,osu-5"]}}, "user": {"study_id": "osu-latency-16-iter-0"}}, "version": 1}
START OF EVENTLOG
{"timestamp":1759856478.496141,"name":"init"}
{"timestamp":1759856478.4966769,"name":"starting"}
{"timestamp":1759856478.5076129,"name":"shell.init","context":{"service":"0-shell-f8fDmZiXq","leader-rank":5,"size":2}}
{"timestamp":1759856478.5094826,"name":"shell.start","context":{"taskmap":{"version":1,"map":[[0,2,1,1]]}}}
{"timestamp":1759856489.2354846,"name":"shell.task-exit","context":{"localid":0,"rank":0,"state":"Exited","pid":79,"wait_status":0,"signaled":0,"exitcode":0}}
{"timestamp":1759856489.2377787,"name":"complete","context":{"status":0}}
{"timestamp":1759856489.2377999,"name":"done"}

