# OSU MPI Latency Test v5.8
# Size          Latency (us)
0                      49.14
1                      48.66
2                      48.77
4                      48.67
8                      48.74
16                     49.13
32                     49.18
64                     49.06
128                    49.34
256                    50.14
512                    50.90
1024                   51.98
2048                   67.91
4096                   65.42
8192                   70.69
16384                  73.90
32768                  78.72
65536                 202.43
131072                220.28
262144                249.55
524288                303.09
1048576               412.85
2097152               670.27
4194304              1038.10
START OF JOBSPEC
{"resources": [{"type": "node", "count": 2, "with": [{"type": "slot", "count": 1, "with": [{"type": "core", "count": 1}], "label": "task"}]}], "tasks": [{"command": ["/usr/libexec/osu-micro-benchmarks/mpi/pt2pt/osu_latency"], "slot": "task", "count": {"per_slot": 1}}], "attributes": {"system": {"duration": 0, "cwd": "/", "shell": {"options": {"rlimit": {"cpu": -1, "fsize": -1, "data": -1, "stack": 8388608, "core": -1, "nofile": 1048576, "as": -1, "rss": -1, "nproc": -1}, "cpu-affinity": "per-task"}}, "constraints": {"hostlist": ["osu-4,osu-7"]}}, "user": {"study_id": "osu-latency-16-iter-0"}}, "version": 1}
START OF EVENTLOG
{"timestamp":1759856211.8468158,"name":"init"}
{"timestamp":1759856211.8572619,"name":"shell.init","context":{"service":"0-shell-f6dhtuYbZ","leader-rank":4,"size":2}}
{"timestamp":1759856211.8473132,"name":"starting"}
{"timestamp":1759856211.8589764,"name":"shell.start","context":{"taskmap":{"version":1,"map":[[0,2,1,1]]}}}
{"timestamp":1759856234.831651,"name":"shell.task-exit","context":{"localid":0,"rank":0,"state":"Exited","pid":98,"wait_status":0,"signaled":0,"exitcode":0}}
{"timestamp":1759856234.8342059,"name":"complete","context":{"status":0}}
{"timestamp":1759856234.8342278,"name":"done"}

