# OSU MPI Latency Test v5.8
# Size          Latency (us)
0                      49.00
1                      49.09
2                      48.93
4                      49.42
8                      49.26
16                     49.52
32                     49.19
64                     49.38
128                    49.15
256                    50.12
512                    50.37
1024                   50.83
2048                   68.39
4096                   72.51
8192                   71.83
16384                  73.84
32768                  78.78
65536                 205.71
131072                219.25
262144                246.04
524288                300.16
1048576               398.53
2097152               660.22
4194304              1156.92
START OF JOBSPEC
{"resources": [{"type": "node", "count": 2, "with": [{"type": "slot", "count": 1, "with": [{"type": "core", "count": 1}], "label": "task"}]}], "tasks": [{"command": ["/usr/libexec/osu-micro-benchmarks/mpi/pt2pt/osu_latency"], "slot": "task", "count": {"per_slot": 1}}], "attributes": {"system": {"duration": 0, "cwd": "/", "shell": {"options": {"rlimit": {"cpu": -1, "fsize": -1, "data": -1, "stack": 8388608, "core": -1, "nofile": 1048576, "as": -1, "rss": -1, "nproc": -1}, "cpu-affinity": "per-task"}}, "constraints": {"hostlist": ["osu-4,osu-14"]}}, "user": {"study_id": "osu-latency-16-iter-0"}}, "version": 1}
START OF EVENTLOG
{"timestamp":1759856165.2181752,"name":"init"}
{"timestamp":1759856165.2186928,"name":"starting"}
{"timestamp":1759856165.2292004,"name":"shell.init","context":{"service":"0-shell-f6HA2nvUw","leader-rank":4,"size":2}}
{"timestamp":1759856165.2309108,"name":"shell.start","context":{"taskmap":{"version":1,"map":[[0,2,1,1]]}}}
{"timestamp":1759856188.5730228,"name":"shell.task-exit","context":{"localid":0,"rank":0,"state":"Exited","pid":92,"wait_status":0,"signaled":0,"exitcode":0}}
{"timestamp":1759856188.5754828,"name":"complete","context":{"status":0}}
{"timestamp":1759856188.5755019,"name":"done"}

