# OSU MPI Latency Test v5.8
# Size          Latency (us)
0                      54.53
1                      54.37
2                      54.48
4                      54.45
8                      54.52
16                     54.36
32                     54.51
64                     54.43
128                    54.55
256                    55.52
512                    55.95
1024                   56.25
2048                   72.86
4096                   65.41
8192                   76.04
16384                  78.10
32768                  82.10
65536                 215.25
131072                230.99
262144                257.28
524288                304.83
1048576               389.26
2097152               612.75
4194304              1239.93
START OF JOBSPEC
{"resources": [{"type": "node", "count": 2, "with": [{"type": "slot", "count": 1, "with": [{"type": "core", "count": 1}], "label": "task"}]}], "tasks": [{"command": ["/usr/libexec/osu-micro-benchmarks/mpi/pt2pt/osu_latency"], "slot": "task", "count": {"per_slot": 1}}], "attributes": {"system": {"duration": 0, "cwd": "/", "shell": {"options": {"rlimit": {"cpu": -1, "fsize": -1, "data": -1, "stack": 8388608, "core": -1, "nofile": 1048576, "as": -1, "rss": -1, "nproc": -1}, "cpu-affinity": "per-task"}}, "constraints": {"hostlist": ["osu-8,osu-12"]}}, "user": {"study_id": "osu-latency-16-iter-0"}}, "version": 1}
START OF EVENTLOG
{"timestamp":1759856507.8145945,"name":"init"}
{"timestamp":1759856507.8250804,"name":"shell.init","context":{"service":"0-shell-f8t9ApgZV","leader-rank":8,"size":2}}
{"timestamp":1759856507.8151751,"name":"starting"}
{"timestamp":1759856507.8267684,"name":"shell.start","context":{"taskmap":{"version":1,"map":[[0,2,1,1]]}}}
{"timestamp":1759856532.6276314,"name":"shell.task-exit","context":{"localid":0,"rank":0,"state":"Exited","pid":106,"wait_status":0,"signaled":0,"exitcode":0}}
{"timestamp":1759856532.6305304,"name":"complete","context":{"status":0}}
{"timestamp":1759856532.6305511,"name":"done"}

