# OSU MPI Latency Test v5.8
# Size          Latency (us)
0                      44.66
1                      44.87
2                      44.72
4                      44.66
8                      44.70
16                     44.82
32                     45.01
64                     44.93
128                    45.05
256                    45.86
512                    46.18
1024                   46.54
2048                   64.21
4096                   67.96
8192                   67.24
16384                  68.82
32768                  73.64
65536                 183.27
131072                204.57
262144                233.52
524288                288.01
1048576               392.85
2097152               622.17
4194304              1051.84
START OF JOBSPEC
{"resources": [{"type": "node", "count": 2, "with": [{"type": "slot", "count": 1, "with": [{"type": "core", "count": 1}], "label": "task"}]}], "tasks": [{"command": ["/usr/libexec/osu-micro-benchmarks/mpi/pt2pt/osu_latency"], "slot": "task", "count": {"per_slot": 1}}], "attributes": {"system": {"duration": 0, "cwd": "/", "shell": {"options": {"rlimit": {"cpu": -1, "fsize": -1, "data": -1, "stack": 8388608, "core": -1, "nofile": 1048576, "as": -1, "rss": -1, "nproc": -1}, "cpu-affinity": "per-task"}}, "constraints": {"hostlist": ["osu-8,osu-14"]}}, "user": {"study_id": "osu-latency-16-iter-0"}}, "version": 1}
START OF EVENTLOG
{"timestamp":1759856414.2268367,"name":"init"}
{"timestamp":1759856414.23734,"name":"shell.init","context":{"service":"0-shell-f8AtxPYmm","leader-rank":8,"size":2}}
{"timestamp":1759856414.2274587,"name":"starting"}
{"timestamp":1759856414.2390852,"name":"shell.start","context":{"taskmap":{"version":1,"map":[[0,2,1,1]]}}}
{"timestamp":1759856435.806026,"name":"shell.task-exit","context":{"localid":0,"rank":0,"state":"Exited","pid":91,"wait_status":0,"signaled":0,"exitcode":0}}
{"timestamp":1759856435.8087094,"name":"complete","context":{"status":0}}
{"timestamp":1759856435.8087289,"name":"done"}

