# OSU MPI Latency Test v5.8
# Size          Latency (us)
0                      35.33
1                      35.48
2                      35.56
4                      35.26
8                      35.59
16                     35.33
32                     35.58
64                     35.46
128                    35.65
256                    36.60
512                    36.82
1024                   37.35
2048                   54.88
4096                   58.25
8192                   57.74
16384                  59.36
32768                  65.47
65536                 161.97
131072                179.67
262144                208.27
524288                260.31
1048576               365.87
2097152               580.37
4194304              1071.14
START OF JOBSPEC
{"resources": [{"type": "node", "count": 2, "with": [{"type": "slot", "count": 1, "with": [{"type": "core", "count": 1}], "label": "task"}]}], "tasks": [{"command": ["/usr/libexec/osu-micro-benchmarks/mpi/pt2pt/osu_latency"], "slot": "task", "count": {"per_slot": 1}}], "attributes": {"system": {"duration": 0, "cwd": "/", "shell": {"options": {"rlimit": {"cpu": -1, "fsize": -1, "data": -1, "stack": 8388608, "core": -1, "nofile": 1048576, "as": -1, "rss": -1, "nproc": -1}, "cpu-affinity": "per-task"}}, "constraints": {"hostlist": ["osu-1,osu-11"]}}, "user": {"study_id": "osu-latency-16-iter-0"}}, "version": 1}
START OF EVENTLOG
{"timestamp":1759856579.7291012,"name":"init"}
{"timestamp":1759856579.7296822,"name":"starting"}
{"timestamp":1759856579.7410705,"name":"shell.init","context":{"service":"0-shell-f9RqNaCTR","leader-rank":1,"size":2}}
{"timestamp":1759856579.7429168,"name":"shell.start","context":{"taskmap":{"version":1,"map":[[0,2,1,1]]}}}
{"timestamp":1759856598.1333101,"name":"shell.task-exit","context":{"localid":0,"rank":0,"state":"Exited","pid":81,"wait_status":0,"signaled":0,"exitcode":0}}
{"timestamp":1759856598.1361318,"name":"complete","context":{"status":0}}
{"timestamp":1759856598.1361513,"name":"done"}

