# OSU MPI Latency Test v5.8
# Size          Latency (us)
0                      49.73
1                      49.66
2                      49.64
4                      49.69
8                      49.62
16                     49.83
32                     51.85
64                     51.68
128                    50.58
256                    50.79
512                    51.16
1024                   51.67
2048                   68.69
4096                   73.05
8192                   72.25
16384                  74.49
32768                  79.00
65536                 204.17
131072                220.29
262144                248.64
524288                299.40
1048576               393.22
2097152               619.13
4194304              1118.96
START OF JOBSPEC
{"resources": [{"type": "node", "count": 2, "with": [{"type": "slot", "count": 1, "with": [{"type": "core", "count": 1}], "label": "task"}]}], "tasks": [{"command": ["/usr/libexec/osu-micro-benchmarks/mpi/pt2pt/osu_latency"], "slot": "task", "count": {"per_slot": 1}}], "attributes": {"system": {"duration": 0, "cwd": "/", "shell": {"options": {"rlimit": {"cpu": -1, "fsize": -1, "data": -1, "stack": 8388608, "core": -1, "nofile": 1048576, "as": -1, "rss": -1, "nproc": -1}, "cpu-affinity": "per-task"}}, "constraints": {"hostlist": ["osu-1,osu-9"]}}, "user": {"study_id": "osu-latency-16-iter-0"}}, "version": 1}
START OF EVENTLOG
{"timestamp":1759856662.2725182,"name":"init"}
{"timestamp":1759856662.2731197,"name":"starting"}
{"timestamp":1759856662.2834389,"name":"shell.init","context":{"service":"0-shell-fA4DHn5xs","leader-rank":1,"size":2}}
{"timestamp":1759856662.2851627,"name":"shell.start","context":{"taskmap":{"version":1,"map":[[0,2,1,1]]}}}
{"timestamp":1759856685.7264237,"name":"shell.task-exit","context":{"localid":0,"rank":0,"state":"Exited","pid":93,"wait_status":0,"signaled":0,"exitcode":0}}
{"timestamp":1759856685.7289608,"name":"complete","context":{"status":0}}
{"timestamp":1759856685.728981,"name":"done"}

