# OSU MPI Latency Test v5.8
# Size          Latency (us)
0                      39.92
1                      40.01
2                      39.72
4                      39.80
8                      39.72
16                     39.82
32                     40.01
64                     39.99
128                    40.27
256                    41.05
512                    40.61
1024                   40.66
2048                   57.37
4096                   59.85
8192                   59.57
16384                  62.13
32768                  65.13
65536                 165.70
131072                182.87
262144                206.65
524288                253.97
1048576               346.91
2097152               549.85
4194304               871.51
START OF JOBSPEC
{"resources": [{"type": "node", "count": 2, "with": [{"type": "slot", "count": 1, "with": [{"type": "core", "count": 1}], "label": "task"}]}], "tasks": [{"command": ["/usr/libexec/osu-micro-benchmarks/mpi/pt2pt/osu_latency"], "slot": "task", "count": {"per_slot": 1}}], "attributes": {"system": {"duration": 0, "cwd": "/", "shell": {"options": {"rlimit": {"cpu": -1, "fsize": -1, "data": -1, "stack": 8388608, "core": -1, "nofile": 1048576, "as": -1, "rss": -1, "nproc": -1}, "cpu-affinity": "per-task"}}, "constraints": {"hostlist": ["osu-3,osu-2"]}}, "user": {"study_id": "osu-latency-16-iter-0"}}, "version": 1}
START OF EVENTLOG
{"timestamp":1759855891.7584548,"name":"init"}
{"timestamp":1759855891.7589974,"name":"starting"}
{"timestamp":1759855891.7698665,"name":"shell.init","context":{"service":"0-shell-f4Ce615SP","leader-rank":2,"size":2}}
{"timestamp":1759855891.7716625,"name":"shell.start","context":{"taskmap":{"version":1,"map":[[0,2,1,1]]}}}
{"timestamp":1759855910.8321345,"name":"shell.task-exit","context":{"localid":0,"rank":0,"state":"Exited","pid":73,"wait_status":0,"signaled":0,"exitcode":0}}
{"timestamp":1759855910.8348937,"name":"complete","context":{"status":0}}
{"timestamp":1759855910.8349113,"name":"done"}

