# OSU MPI Latency Test v5.8
# Size          Latency (us)
0                      48.25
1                      48.27
2                      48.38
4                      48.61
8                      48.44
16                     48.25
32                     48.53
64                     48.38
128                    48.53
256                    49.41
512                    49.76
1024                   50.13
2048                   67.74
4096                   71.70
8192                   71.01
16384                  73.67
32768                  78.56
65536                 201.32
131072                219.69
262144                252.80
524288                311.61
1048576               419.61
2097152               685.50
4194304              1079.79
START OF JOBSPEC
{"resources": [{"type": "node", "count": 2, "with": [{"type": "slot", "count": 1, "with": [{"type": "core", "count": 1}], "label": "task"}]}], "tasks": [{"command": ["/usr/libexec/osu-micro-benchmarks/mpi/pt2pt/osu_latency"], "slot": "task", "count": {"per_slot": 1}}], "attributes": {"system": {"duration": 0, "cwd": "/", "shell": {"options": {"rlimit": {"cpu": -1, "fsize": -1, "data": -1, "stack": 8388608, "core": -1, "nofile": 1048576, "as": -1, "rss": -1, "nproc": -1}, "cpu-affinity": "per-task"}}, "constraints": {"hostlist": ["osu-4,osu-15"]}}, "user": {"study_id": "osu-latency-16-iter-0"}}, "version": 1}
START OF EVENTLOG
{"timestamp":1759856314.0200181,"name":"init"}
{"timestamp":1759856314.0205276,"name":"starting"}
{"timestamp":1759856314.0308704,"name":"shell.init","context":{"service":"0-shell-f7QjaUMyy","leader-rank":4,"size":2}}
{"timestamp":1759856314.0325668,"name":"shell.start","context":{"taskmap":{"version":1,"map":[[0,2,1,1]]}}}
{"timestamp":1759856337.1045415,"name":"shell.task-exit","context":{"localid":0,"rank":0,"state":"Exited","pid":113,"wait_status":0,"signaled":0,"exitcode":0}}
{"timestamp":1759856337.1071813,"name":"complete","context":{"status":0}}
{"timestamp":1759856337.1072001,"name":"done"}

