# OSU MPI Latency Test v5.8
# Size          Latency (us)
0                      17.85
1                      19.44
2                      19.48
4                      19.45
8                      19.46
16                     19.49
32                     19.56
64                     19.67
128                    19.78
256                    20.70
512                    20.95
1024                   21.12
2048                   34.30
4096                   34.96
8192                   36.48
16384                  38.59
32768                  44.89
65536                  94.37
131072                112.27
262144                135.65
524288                184.81
1048576               265.89
2097152               477.73
4194304               917.13
START OF JOBSPEC
{"resources": [{"type": "node", "count": 2, "with": [{"type": "slot", "count": 1, "with": [{"type": "core", "count": 1}], "label": "task"}]}], "tasks": [{"command": ["/usr/libexec/osu-micro-benchmarks/mpi/pt2pt/osu_latency"], "slot": "task", "count": {"per_slot": 1}}], "attributes": {"system": {"duration": 0, "cwd": "/", "shell": {"options": {"rlimit": {"cpu": -1, "fsize": -1, "data": -1, "stack": 8388608, "core": -1, "nofile": 1048576, "as": -1, "rss": -1, "nproc": -1}, "cpu-affinity": "per-task"}}, "constraints": {"hostlist": ["osu-0,osu-6"]}}, "user": {"study_id": "osu-latency-16-iter-0"}}, "version": 1}
START OF EVENTLOG
{"timestamp":1759855787.2839773,"name":"init"}
{"timestamp":1759855787.2943478,"name":"shell.init","context":{"service":"0-shell-f3Qbb6kcX","leader-rank":0,"size":2}}
{"timestamp":1759855787.284405,"name":"starting"}
{"timestamp":1759855787.2958424,"name":"shell.start","context":{"taskmap":{"version":1,"map":[[0,2,1,1]]}}}
{"timestamp":1759855799.1035099,"name":"shell.task-exit","context":{"localid":0,"rank":0,"state":"Exited","pid":233,"wait_status":0,"signaled":0,"exitcode":0}}
{"timestamp":1759855799.1057858,"name":"complete","context":{"status":0}}
{"timestamp":1759855799.105804,"name":"done"}

