# OSU MPI Latency Test v5.8
# Size          Latency (us)
0                      40.74
1                      41.04
2                      40.61
4                      40.75
8                      40.56
16                     40.74
32                     41.77
64                     42.57
128                    42.76
256                    43.52
512                    43.90
1024                   44.45
2048                   59.47
4096                   49.73
8192                   62.90
16384                  64.15
32768                  70.07
65536                 174.50
131072                192.69
262144                219.76
524288                269.36
1048576               364.62
2097152               551.42
4194304               932.28
START OF JOBSPEC
{"resources": [{"type": "node", "count": 2, "with": [{"type": "slot", "count": 1, "with": [{"type": "core", "count": 1}], "label": "task"}]}], "tasks": [{"command": ["/usr/libexec/osu-micro-benchmarks/mpi/pt2pt/osu_latency"], "slot": "task", "count": {"per_slot": 1}}], "attributes": {"system": {"duration": 0, "cwd": "/", "shell": {"options": {"rlimit": {"cpu": -1, "fsize": -1, "data": -1, "stack": 8388608, "core": -1, "nofile": 1048576, "as": -1, "rss": -1, "nproc": -1}, "cpu-affinity": "per-task"}}, "constraints": {"hostlist": ["osu-8,osu-11"]}}, "user": {"study_id": "osu-latency-16-iter-0"}}, "version": 1}
START OF EVENTLOG
{"timestamp":1759856350.8064046,"name":"init"}
{"timestamp":1759856350.8167982,"name":"shell.init","context":{"service":"0-shell-f7gwsNrYo","leader-rank":8,"size":2}}
{"timestamp":1759856350.8069751,"name":"starting"}
{"timestamp":1759856350.8185327,"name":"shell.start","context":{"taskmap":{"version":1,"map":[[0,2,1,1]]}}}
{"timestamp":1759856370.4935849,"name":"shell.task-exit","context":{"localid":0,"rank":0,"state":"Exited","pid":82,"wait_status":0,"signaled":0,"exitcode":0}}
{"timestamp":1759856370.4961352,"name":"complete","context":{"status":0}}
{"timestamp":1759856370.4961543,"name":"done"}

