# OSU MPI Latency Test v5.8
# Size          Latency (us)
0                      54.22
1                      54.13
2                      52.77
4                      52.93
8                      53.07
16                     52.84
32                     53.57
64                     54.41
128                    54.50
256                    55.40
512                    55.67
1024                   55.98
2048                   72.04
4096                   66.72
8192                   74.07
16384                  77.39
32768                  81.38
65536                 210.73
131072                228.09
262144                252.07
524288                301.85
1048576               384.45
2097152               577.18
4194304               954.06
START OF JOBSPEC
{"resources": [{"type": "node", "count": 2, "with": [{"type": "slot", "count": 1, "with": [{"type": "core", "count": 1}], "label": "task"}]}], "tasks": [{"command": ["/usr/libexec/osu-micro-benchmarks/mpi/pt2pt/osu_latency"], "slot": "task", "count": {"per_slot": 1}}], "attributes": {"system": {"duration": 0, "cwd": "/", "shell": {"options": {"rlimit": {"cpu": -1, "fsize": -1, "data": -1, "stack": 8388608, "core": -1, "nofile": 1048576, "as": -1, "rss": -1, "nproc": -1}, "cpu-affinity": "per-task"}}, "constraints": {"hostlist": ["osu-7,osu-5"]}}, "user": {"study_id": "osu-latency-16-iter-0"}}, "version": 1}
START OF EVENTLOG
{"timestamp":1759857518.2248077,"name":"init"}
{"timestamp":1759857518.2256737,"name":"starting"}
{"timestamp":1759857518.237288,"name":"shell.init","context":{"service":"0-shell-fGZSPF9Yj","leader-rank":5,"size":2}}
{"timestamp":1759857518.2391918,"name":"shell.start","context":{"taskmap":{"version":1,"map":[[0,2,1,1]]}}}
{"timestamp":1759857542.1522152,"name":"shell.task-exit","context":{"localid":0,"rank":0,"state":"Exited","pid":100,"wait_status":0,"signaled":0,"exitcode":0}}
{"timestamp":1759857542.1547296,"name":"complete","context":{"status":0}}
{"timestamp":1759857542.1547489,"name":"done"}

