# OSU MPI Latency Test v5.8
# Size          Latency (us)
0                      48.46
1                      48.54
2                      48.64
4                      48.60
8                      48.66
16                     48.75
32                     49.01
64                     48.87
128                    49.12
256                    49.87
512                    50.26
1024                   50.60
2048                   68.08
4096                   70.46
8192                   70.87
16384                  73.18
32768                  77.81
65536                 201.53
131072                217.78
262144                245.13
524288                299.24
1048576               398.81
2097152               633.70
4194304              1143.92
START OF JOBSPEC
{"resources": [{"type": "node", "count": 2, "with": [{"type": "slot", "count": 1, "with": [{"type": "core", "count": 1}], "label": "task"}]}], "tasks": [{"command": ["/usr/libexec/osu-micro-benchmarks/mpi/pt2pt/osu_latency"], "slot": "task", "count": {"per_slot": 1}}], "attributes": {"system": {"duration": 0, "cwd": "/", "shell": {"options": {"rlimit": {"cpu": -1, "fsize": -1, "data": -1, "stack": 8388608, "core": -1, "nofile": 1048576, "as": -1, "rss": -1, "nproc": -1}, "cpu-affinity": "per-task"}}, "constraints": {"hostlist": ["osu-1,osu-12"]}}, "user": {"study_id": "osu-latency-16-iter-0"}}, "version": 1}
START OF EVENTLOG
{"timestamp":1759856742.5109844,"name":"init"}
{"timestamp":1759856742.5215185,"name":"shell.init","context":{"service":"0-shell-fAfaGEXd9","leader-rank":1,"size":2}}
{"timestamp":1759856742.5115974,"name":"starting"}
{"timestamp":1759856742.523247,"name":"shell.start","context":{"taskmap":{"version":1,"map":[[0,2,1,1]]}}}
{"timestamp":1759856765.5996206,"name":"shell.task-exit","context":{"localid":0,"rank":0,"state":"Exited","pid":105,"wait_status":0,"signaled":0,"exitcode":0}}
{"timestamp":1759856765.6023927,"name":"complete","context":{"status":0}}
{"timestamp":1759856765.6024146,"name":"done"}

