# OSU MPI Latency Test v5.8
# Size          Latency (us)
0                      51.70
1                      51.86
2                      51.83
4                      51.80
8                      51.78
16                     51.66
32                     51.96
64                     51.91
128                    52.57
256                    53.91
512                    54.20
1024                   54.81
2048                   70.83
4096                   66.89
8192                   74.42
16384                  77.02
32768                  81.53
65536                 211.81
131072                227.61
262144                257.75
524288                314.30
1048576               411.22
2097152               678.76
4194304              1057.70
START OF JOBSPEC
{"resources": [{"type": "node", "count": 2, "with": [{"type": "slot", "count": 1, "with": [{"type": "core", "count": 1}], "label": "task"}]}], "tasks": [{"command": ["/usr/libexec/osu-micro-benchmarks/mpi/pt2pt/osu_latency"], "slot": "task", "count": {"per_slot": 1}}], "attributes": {"system": {"duration": 0, "cwd": "/", "shell": {"options": {"rlimit": {"cpu": -1, "fsize": -1, "data": -1, "stack": 8388608, "core": -1, "nofile": 1048576, "as": -1, "rss": -1, "nproc": -1}, "cpu-affinity": "per-task"}}, "constraints": {"hostlist": ["osu-4,osu-10"]}}, "user": {"study_id": "osu-latency-16-iter-0"}}, "version": 1}
START OF EVENTLOG
{"timestamp":1759856120.4555714,"name":"init"}
{"timestamp":1759856120.4561687,"name":"starting"}
{"timestamp":1759856120.467443,"name":"shell.init","context":{"service":"0-shell-f5wRqdCwR","leader-rank":4,"size":2}}
{"timestamp":1759856120.4693172,"name":"shell.start","context":{"taskmap":{"version":1,"map":[[0,2,1,1]]}}}
{"timestamp":1759856144.4872155,"name":"shell.task-exit","context":{"localid":0,"rank":0,"state":"Exited","pid":86,"wait_status":0,"signaled":0,"exitcode":0}}
{"timestamp":1759856144.4897251,"name":"complete","context":{"status":0}}
{"timestamp":1759856144.4897451,"name":"done"}

