# OSU MPI Latency Test v5.8
# Size          Latency (us)
0                      16.10
1                      17.82
2                      17.93
4                      17.90
8                      17.92
16                     18.07
32                     18.05
64                     19.95
128                    20.00
256                    21.01
512                    21.23
1024                   21.39
2048                   34.53
4096                   39.97
8192                   35.58
16384                  38.81
32768                  45.70
65536                  95.29
131072                117.56
262144                143.29
524288                199.66
1048576               294.86
2097152               516.88
4194304               829.58
START OF JOBSPEC
{"resources": [{"type": "node", "count": 2, "with": [{"type": "slot", "count": 1, "with": [{"type": "core", "count": 1}], "label": "task"}]}], "tasks": [{"command": ["/usr/libexec/osu-micro-benchmarks/mpi/pt2pt/osu_latency"], "slot": "task", "count": {"per_slot": 1}}], "attributes": {"system": {"duration": 0, "cwd": "/", "shell": {"options": {"rlimit": {"cpu": -1, "fsize": -1, "data": -1, "stack": 8388608, "core": -1, "nofile": 1048576, "as": -1, "rss": -1, "nproc": -1}, "cpu-affinity": "per-task"}}, "constraints": {"hostlist": ["osu-0,osu-12"]}}, "user": {"study_id": "osu-latency-16-iter-0"}}, "version": 1}
START OF EVENTLOG
{"timestamp":1759855775.3755083,"name":"init"}
{"timestamp":1759855775.3760157,"name":"starting"}
{"timestamp":1759855775.3861079,"name":"shell.init","context":{"service":"0-shell-f3KMCxCrK","leader-rank":0,"size":2}}
{"timestamp":1759855775.3876126,"name":"shell.start","context":{"taskmap":{"version":1,"map":[[0,2,1,1]]}}}
{"timestamp":1759855787.110343,"name":"shell.task-exit","context":{"localid":0,"rank":0,"state":"Exited","pid":227,"wait_status":0,"signaled":0,"exitcode":0}}
{"timestamp":1759855787.1127203,"name":"complete","context":{"status":0}}
{"timestamp":1759855787.1127403,"name":"done"}

