# OSU MPI Latency Test v5.8
# Size          Latency (us)
0                      11.68
1                      13.10
2                      13.49
4                      14.72
8                      15.47
16                     15.40
32                     15.26
64                     15.34
128                    15.47
256                    16.47
512                    16.66
1024                   16.80
2048                   29.11
4096                   27.98
8192                   34.52
16384                  33.87
32768                  41.19
65536                  83.02
131072                103.02
262144                128.83
524288                179.42
1048576               282.43
2097152               450.32
4194304               778.85
START OF JOBSPEC
{"resources": [{"type": "node", "count": 2, "with": [{"type": "slot", "count": 1, "with": [{"type": "core", "count": 1}], "label": "task"}]}], "tasks": [{"command": ["/usr/libexec/osu-micro-benchmarks/mpi/pt2pt/osu_latency"], "slot": "task", "count": {"per_slot": 1}}], "attributes": {"system": {"duration": 0, "cwd": "/", "shell": {"options": {"rlimit": {"cpu": -1, "fsize": -1, "data": -1, "stack": 8388608, "core": -1, "nofile": 1048576, "as": -1, "rss": -1, "nproc": -1}, "cpu-affinity": "per-task"}}, "constraints": {"hostlist": ["osu-14,osu-6"]}}, "user": {"study_id": "osu-latency-16-iter-0"}}, "version": 1}
START OF EVENTLOG
{"timestamp":1759857407.3243525,"name":"init"}
{"timestamp":1759857407.3250868,"name":"starting"}
{"timestamp":1759857407.3353486,"name":"shell.init","context":{"service":"0-shell-fFiZdWPq1","leader-rank":6,"size":2}}
{"timestamp":1759857407.3370945,"name":"shell.start","context":{"taskmap":{"version":1,"map":[[0,2,1,1]]}}}
{"timestamp":1759857417.3203399,"name":"shell.task-exit","context":{"localid":0,"rank":0,"state":"Exited","pid":95,"wait_status":0,"signaled":0,"exitcode":0}}
{"timestamp":1759857417.322475,"name":"complete","context":{"status":0}}
{"timestamp":1759857417.3224933,"name":"done"}

