# OSU MPI Latency Test v5.8
# Size          Latency (us)
0                      44.71
1                      44.62
2                      45.10
4                      45.45
8                      45.57
16                     45.47
32                     45.67
64                     45.72
128                    45.89
256                    46.59
512                    46.82
1024                   47.31
2048                   63.34
4096                   68.70
8192                   66.59
16384                  68.32
32768                  72.17
65536                 182.52
131072                199.00
262144                221.45
524288                264.42
1048576               348.74
2097152               521.97
4194304               912.68
START OF JOBSPEC
{"resources": [{"type": "node", "count": 2, "with": [{"type": "slot", "count": 1, "with": [{"type": "core", "count": 1}], "label": "task"}]}], "tasks": [{"command": ["/usr/libexec/osu-micro-benchmarks/mpi/pt2pt/osu_latency"], "slot": "task", "count": {"per_slot": 1}}], "attributes": {"system": {"duration": 0, "cwd": "/", "shell": {"options": {"rlimit": {"cpu": -1, "fsize": -1, "data": -1, "stack": 8388608, "core": -1, "nofile": 1048576, "as": -1, "rss": -1, "nproc": -1}, "cpu-affinity": "per-task"}}, "constraints": {"hostlist": ["osu-2,osu-5"]}}, "user": {"study_id": "osu-latency-16-iter-0"}}, "version": 1}
START OF EVENTLOG
{"timestamp":1759857228.2729146,"name":"init"}
{"timestamp":1759857228.2837005,"name":"shell.init","context":{"service":"0-shell-fEMetKWwH","leader-rank":2,"size":2}}
{"timestamp":1759857228.273746,"name":"starting"}
{"timestamp":1759857228.2853379,"name":"shell.start","context":{"taskmap":{"version":1,"map":[[0,2,1,1]]}}}
{"timestamp":1759857249.3218601,"name":"shell.task-exit","context":{"localid":0,"rank":0,"state":"Exited","pid":100,"wait_status":0,"signaled":0,"exitcode":0}}
{"timestamp":1759857249.3243258,"name":"complete","context":{"status":0}}
{"timestamp":1759857249.3243434,"name":"done"}

