# OSU MPI Latency Test v5.8
# Size          Latency (us)
0                      53.64
1                      53.44
2                      53.50
4                      53.37
8                      53.57
16                     53.53
32                     52.97
64                     52.98
128                    53.00
256                    54.41
512                    54.44
1024                   54.85
2048                   71.69
4096                   67.82
8192                   75.41
16384                  77.92
32768                  83.46
65536                 212.19
131072                233.14
262144                267.69
524288                329.63
1048576               439.86
2097152               703.47
4194304              1063.50
START OF JOBSPEC
{"resources": [{"type": "node", "count": 2, "with": [{"type": "slot", "count": 1, "with": [{"type": "core", "count": 1}], "label": "task"}]}], "tasks": [{"command": ["/usr/libexec/osu-micro-benchmarks/mpi/pt2pt/osu_latency"], "slot": "task", "count": {"per_slot": 1}}], "attributes": {"system": {"duration": 0, "cwd": "/", "shell": {"options": {"rlimit": {"cpu": -1, "fsize": -1, "data": -1, "stack": 8388608, "core": -1, "nofile": 1048576, "as": -1, "rss": -1, "nproc": -1}, "cpu-affinity": "per-task"}}, "constraints": {"hostlist": ["osu-10,osu-13"]}}, "user": {"study_id": "osu-latency-16-iter-0"}}, "version": 1}
START OF EVENTLOG
{"timestamp":1759857094.8157609,"name":"init"}
{"timestamp":1759857094.8261626,"name":"shell.init","context":{"service":"0-shell-fDLqaJ4md","leader-rank":10,"size":2}}
{"timestamp":1759857094.8164585,"name":"starting"}
{"timestamp":1759857094.8277037,"name":"shell.start","context":{"taskmap":{"version":1,"map":[[0,2,1,1]]}}}
{"timestamp":1759857119.357044,"name":"shell.task-exit","context":{"localid":0,"rank":0,"state":"Exited","pid":103,"wait_status":0,"signaled":0,"exitcode":0}}
{"timestamp":1759857119.3594458,"name":"complete","context":{"status":0}}
{"timestamp":1759857119.3594661,"name":"done"}

