# OSU MPI Latency Test v5.8
# Size          Latency (us)
0                      52.50
1                      51.96
2                      51.94
4                      51.94
8                      52.01
16                     51.88
32                     52.43
64                     52.00
128                    52.03
256                    52.82
512                    53.21
1024                   53.72
2048                   70.59
4096                   70.12
8192                   73.83
16384                  75.58
32768                  81.21
65536                 206.69
131072                225.93
262144                255.26
524288                309.09
1048576               405.75
2097152               631.19
4194304               961.10
START OF JOBSPEC
{"resources": [{"type": "node", "count": 2, "with": [{"type": "slot", "count": 1, "with": [{"type": "core", "count": 1}], "label": "task"}]}], "tasks": [{"command": ["/usr/libexec/osu-micro-benchmarks/mpi/pt2pt/osu_latency"], "slot": "task", "count": {"per_slot": 1}}], "attributes": {"system": {"duration": 0, "cwd": "/", "shell": {"options": {"rlimit": {"cpu": -1, "fsize": -1, "data": -1, "stack": 8388608, "core": -1, "nofile": 1048576, "as": -1, "rss": -1, "nproc": -1}, "cpu-affinity": "per-task"}}, "constraints": {"hostlist": ["osu-11,osu-9"]}}, "user": {"study_id": "osu-latency-16-iter-0"}}, "version": 1}
START OF EVENTLOG
{"timestamp":1759856867.3858144,"name":"init"}
{"timestamp":1759856867.3866105,"name":"starting"}
{"timestamp":1759856867.3970926,"name":"shell.init","context":{"service":"0-shell-fBccD4FKV","leader-rank":9,"size":2}}
{"timestamp":1759856867.3988907,"name":"shell.start","context":{"taskmap":{"version":1,"map":[[0,2,1,1]]}}}
{"timestamp":1759856891.0955045,"name":"shell.task-exit","context":{"localid":0,"rank":0,"state":"Exited","pid":85,"wait_status":0,"signaled":0,"exitcode":0}}
{"timestamp":1759856891.0978565,"name":"complete","context":{"status":0}}
{"timestamp":1759856891.0978768,"name":"done"}

