# OSU MPI Latency Test v5.8
# Size          Latency (us)
0                      49.45
1                      49.10
2                      49.03
4                      49.09
8                      49.09
16                     49.12
32                     49.35
64                     49.32
128                    49.37
256                    50.26
512                    49.19
1024                   50.61
2048                   68.53
4096                   72.62
8192                   71.31
16384                  73.68
32768                  78.30
65536                 201.14
131072                216.41
262144                244.48
524288                292.77
1048576               384.19
2097152               622.97
4194304              1260.38
START OF JOBSPEC
{"resources": [{"type": "node", "count": 2, "with": [{"type": "slot", "count": 1, "with": [{"type": "core", "count": 1}], "label": "task"}]}], "tasks": [{"command": ["/usr/libexec/osu-micro-benchmarks/mpi/pt2pt/osu_latency"], "slot": "task", "count": {"per_slot": 1}}], "attributes": {"system": {"duration": 0, "cwd": "/", "shell": {"options": {"rlimit": {"cpu": -1, "fsize": -1, "data": -1, "stack": 8388608, "core": -1, "nofile": 1048576, "as": -1, "rss": -1, "nproc": -1}, "cpu-affinity": "per-task"}}, "constraints": {"hostlist": ["osu-1,osu-15"]}}, "user": {"study_id": "osu-latency-16-iter-0"}}, "version": 1}
START OF EVENTLOG
{"timestamp":1759856788.1566348,"name":"init"}
{"timestamp":1759856788.1573126,"name":"starting"}
{"timestamp":1759856788.1677988,"name":"shell.init","context":{"service":"0-shell-fB1h2VK19","leader-rank":1,"size":2}}
{"timestamp":1759856788.169471,"name":"shell.start","context":{"taskmap":{"version":1,"map":[[0,2,1,1]]}}}
{"timestamp":1759856811.5463293,"name":"shell.task-exit","context":{"localid":0,"rank":0,"state":"Exited","pid":111,"wait_status":0,"signaled":0,"exitcode":0}}
{"timestamp":1759856811.5490592,"name":"complete","context":{"status":0}}
{"timestamp":1759856811.549078,"name":"done"}

