# OSU MPI Latency Test v5.8
# Size          Latency (us)
0                      17.65
1                      17.78
2                      17.73
4                      17.70
8                      17.83
16                     18.93
32                     19.59
64                     19.64
128                    19.77
256                    20.69
512                    20.74
1024                   20.83
2048                   34.09
4096                   39.59
8192                   35.52
16384                  37.88
32768                  44.79
65536                  94.00
131072                112.73
262144                137.11
524288                184.22
1048576               272.95
2097152               499.33
4194304               744.42
START OF JOBSPEC
{"resources": [{"type": "node", "count": 2, "with": [{"type": "slot", "count": 1, "with": [{"type": "core", "count": 1}], "label": "task"}]}], "tasks": [{"command": ["/usr/libexec/osu-micro-benchmarks/mpi/pt2pt/osu_latency"], "slot": "task", "count": {"per_slot": 1}}], "attributes": {"system": {"duration": 0, "cwd": "/", "shell": {"options": {"rlimit": {"cpu": -1, "fsize": -1, "data": -1, "stack": 8388608, "core": -1, "nofile": 1048576, "as": -1, "rss": -1, "nproc": -1}, "cpu-affinity": "per-task"}}, "constraints": {"hostlist": ["osu-3,osu-8"]}}, "user": {"study_id": "osu-latency-16-iter-0"}}, "version": 1}
START OF EVENTLOG
{"timestamp":1759855823.8736694,"name":"init"}
{"timestamp":1759855823.8741465,"name":"starting"}
{"timestamp":1759855823.8842249,"name":"shell.init","context":{"service":"0-shell-f3gisRfwm","leader-rank":3,"size":2}}
{"timestamp":1759855823.8860872,"name":"shell.start","context":{"taskmap":{"version":1,"map":[[0,2,1,1]]}}}
{"timestamp":1759855835.3092432,"name":"shell.task-exit","context":{"localid":0,"rank":0,"state":"Exited","pid":76,"wait_status":0,"signaled":0,"exitcode":0}}
{"timestamp":1759855835.3116212,"name":"complete","context":{"status":0}}
{"timestamp":1759855835.3116398,"name":"done"}

