# OSU MPI Latency Test v5.8
# Size          Latency (us)
0                      44.87
1                      44.96
2                      44.96
4                      44.71
8                      44.72
16                     44.73
32                     44.92
64                     45.03
128                    45.07
256                    45.99
512                    46.28
1024                   46.85
2048                   63.96
4096                   68.35
8192                   67.31
16384                  68.87
32768                  74.22
65536                 184.96
131072                205.00
262144                231.50
524288                281.69
1048576               382.29
2097152               612.19
4194304               972.54
START OF JOBSPEC
{"resources": [{"type": "node", "count": 2, "with": [{"type": "slot", "count": 1, "with": [{"type": "core", "count": 1}], "label": "task"}]}], "tasks": [{"command": ["/usr/libexec/osu-micro-benchmarks/mpi/pt2pt/osu_latency"], "slot": "task", "count": {"per_slot": 1}}], "attributes": {"system": {"duration": 0, "cwd": "/", "shell": {"options": {"rlimit": {"cpu": -1, "fsize": -1, "data": -1, "stack": 8388608, "core": -1, "nofile": 1048576, "as": -1, "rss": -1, "nproc": -1}, "cpu-affinity": "per-task"}}, "constraints": {"hostlist": ["osu-3,osu-15"]}}, "user": {"study_id": "osu-latency-16-iter-0"}}, "version": 1}
START OF EVENTLOG
{"timestamp":1759856055.299298,"name":"init"}
{"timestamp":1759856055.2997403,"name":"starting"}
{"timestamp":1759856055.3107402,"name":"shell.init","context":{"service":"0-shell-f5SiNv1Vq","leader-rank":3,"size":2}}
{"timestamp":1759856055.3124893,"name":"shell.start","context":{"taskmap":{"version":1,"map":[[0,2,1,1]]}}}
{"timestamp":1759856076.6982961,"name":"shell.task-exit","context":{"localid":0,"rank":0,"state":"Exited","pid":112,"wait_status":0,"signaled":0,"exitcode":0}}
{"timestamp":1759856076.7010126,"name":"complete","context":{"status":0}}
{"timestamp":1759856076.7010317,"name":"done"}

