# OSU MPI Latency Test v5.8
# Size          Latency (us)
0                      42.41
1                      43.58
2                      43.61
4                      42.90
8                      41.79
16                     42.18
32                     43.69
64                     43.52
128                    41.97
256                    44.04
512                    45.10
1024                   45.44
2048                   60.86
4096                   63.49
8192                   63.58
16384                  66.19
32768                  71.61
65536                 179.15
131072                195.83
262144                223.59
524288                274.82
1048576               369.21
2097152               574.63
4194304               943.43
START OF JOBSPEC
{"resources": [{"type": "node", "count": 2, "with": [{"type": "slot", "count": 1, "with": [{"type": "core", "count": 1}], "label": "task"}]}], "tasks": [{"command": ["/usr/libexec/osu-micro-benchmarks/mpi/pt2pt/osu_latency"], "slot": "task", "count": {"per_slot": 1}}], "attributes": {"system": {"duration": 0, "cwd": "/", "shell": {"options": {"rlimit": {"cpu": -1, "fsize": -1, "data": -1, "stack": 8388608, "core": -1, "nofile": 1048576, "as": -1, "rss": -1, "nproc": -1}, "cpu-affinity": "per-task"}}, "constraints": {"hostlist": ["osu-3,osu-11"]}}, "user": {"study_id": "osu-latency-16-iter-0"}}, "version": 1}
START OF EVENTLOG
{"timestamp":1759855848.4976289,"name":"init"}
{"timestamp":1759855848.4981482,"name":"starting"}
{"timestamp":1759855848.508384,"name":"shell.init","context":{"service":"0-shell-f3saHcmAo","leader-rank":3,"size":2}}
{"timestamp":1759855848.5101004,"name":"shell.start","context":{"taskmap":{"version":1,"map":[[0,2,1,1]]}}}
{"timestamp":1759855868.9661686,"name":"shell.task-exit","context":{"localid":0,"rank":0,"state":"Exited","pid":82,"wait_status":0,"signaled":0,"exitcode":0}}
{"timestamp":1759855868.968812,"name":"complete","context":{"status":0}}
{"timestamp":1759855868.9688299,"name":"done"}

