# OSU MPI Latency Test v5.8
# Size          Latency (us)
0                      12.64
1                      13.65
2                      13.57
4                      13.52
8                      13.75
16                     15.38
32                     15.29
64                     15.39
128                    15.45
256                    16.48
512                    16.62
1024                   16.70
2048                   29.86
4096                   34.75
8192                   33.76
16384                  34.41
32768                  40.88
65536                  81.73
131072                100.28
262144                124.91
524288                175.99
1048576               277.74
2097152               456.04
4194304               767.10
START OF JOBSPEC
{"resources": [{"type": "node", "count": 2, "with": [{"type": "slot", "count": 1, "with": [{"type": "core", "count": 1}], "label": "task"}]}], "tasks": [{"command": ["/usr/libexec/osu-micro-benchmarks/mpi/pt2pt/osu_latency"], "slot": "task", "count": {"per_slot": 1}}], "attributes": {"system": {"duration": 0, "cwd": "/", "shell": {"options": {"rlimit": {"cpu": -1, "fsize": -1, "data": -1, "stack": 8388608, "core": -1, "nofile": 1048576, "as": -1, "rss": -1, "nproc": -1}, "cpu-affinity": "per-task"}}, "constraints": {"hostlist": ["osu-2,osu-13"]}}, "user": {"study_id": "osu-latency-16-iter-0"}}, "version": 1}
START OF EVENTLOG
{"timestamp":1759857249.4949615,"name":"init"}
{"timestamp":1759857249.4957092,"name":"starting"}
{"timestamp":1759857249.5057416,"name":"shell.init","context":{"service":"0-shell-fEX1LtjTD","leader-rank":2,"size":2}}
{"timestamp":1759857249.507411,"name":"shell.start","context":{"taskmap":{"version":1,"map":[[0,2,1,1]]}}}
{"timestamp":1759857259.5539198,"name":"shell.task-exit","context":{"localid":0,"rank":0,"state":"Exited","pid":103,"wait_status":0,"signaled":0,"exitcode":0}}
{"timestamp":1759857259.5563972,"name":"complete","context":{"status":0}}
{"timestamp":1759857259.5564175,"name":"done"}

