# OSU MPI Latency Test v5.8
# Size          Latency (us)
0                      18.16
1                      19.24
2                      19.38
4                      19.53
8                      19.53
16                     19.55
32                     19.21
64                     19.22
128                    19.37
256                    20.35
512                    20.64
1024                   20.76
2048                   34.28
4096                   39.77
8192                   35.03
16384                  38.14
32768                  45.85
65536                  95.80
131072                117.90
262144                146.25
524288                205.70
1048576               314.60
2097152               537.21
4194304               928.77
START OF JOBSPEC
{"resources": [{"type": "node", "count": 2, "with": [{"type": "slot", "count": 1, "with": [{"type": "core", "count": 1}], "label": "task"}]}], "tasks": [{"command": ["/usr/libexec/osu-micro-benchmarks/mpi/pt2pt/osu_latency"], "slot": "task", "count": {"per_slot": 1}}], "attributes": {"system": {"duration": 0, "cwd": "/", "shell": {"options": {"rlimit": {"cpu": -1, "fsize": -1, "data": -1, "stack": 8388608, "core": -1, "nofile": 1048576, "as": -1, "rss": -1, "nproc": -1}, "cpu-affinity": "per-task"}}, "constraints": {"hostlist": ["osu-10,osu-14"]}}, "user": {"study_id": "osu-latency-16-iter-0"}}, "version": 1}
START OF EVENTLOG
{"timestamp":1759857035.2903943,"name":"init"}
{"timestamp":1759857035.3001254,"name":"shell.init","context":{"service":"0-shell-fCtc3o9Bm","leader-rank":10,"size":2}}
{"timestamp":1759857035.2910278,"name":"starting"}
{"timestamp":1759857035.3017447,"name":"shell.start","context":{"taskmap":{"version":1,"map":[[0,2,1,1]]}}}
{"timestamp":1759857047.4548171,"name":"shell.task-exit","context":{"localid":0,"rank":0,"state":"Exited","pid":91,"wait_status":0,"signaled":0,"exitcode":0}}
{"timestamp":1759857047.457355,"name":"complete","context":{"status":0}}
{"timestamp":1759857047.457391,"name":"done"}

