# OSU MPI Latency Test v5.8
# Size          Latency (us)
0                      40.05
1                      40.13
2                      40.04
4                      40.24
8                      40.42
16                     40.13
32                     40.26
64                     40.22
128                    40.37
256                    41.34
512                    41.72
1024                   42.30
2048                   59.91
4096                   59.86
8192                   63.01
16384                  65.85
32768                  70.94
65536                 179.95
131072                197.21
262144                231.13
524288                292.84
1048576               405.67
2097152               674.56
4194304              1075.80
START OF JOBSPEC
{"resources": [{"type": "node", "count": 2, "with": [{"type": "slot", "count": 1, "with": [{"type": "core", "count": 1}], "label": "task"}]}], "tasks": [{"command": ["/usr/libexec/osu-micro-benchmarks/mpi/pt2pt/osu_latency"], "slot": "task", "count": {"per_slot": 1}}], "attributes": {"system": {"duration": 0, "cwd": "/", "shell": {"options": {"rlimit": {"cpu": -1, "fsize": -1, "data": -1, "stack": 8388608, "core": -1, "nofile": 1048576, "as": -1, "rss": -1, "nproc": -1}, "cpu-affinity": "per-task"}}, "constraints": {"hostlist": ["osu-4,osu-13"]}}, "user": {"study_id": "osu-latency-16-iter-0"}}, "version": 1}
START OF EVENTLOG
{"timestamp":1759856248.5157909,"name":"init"}
{"timestamp":1759856248.5162752,"name":"starting"}
{"timestamp":1759856248.5264094,"name":"shell.init","context":{"service":"0-shell-f6usDqUUP","leader-rank":4,"size":2}}
{"timestamp":1759856248.528115,"name":"shell.start","context":{"taskmap":{"version":1,"map":[[0,2,1,1]]}}}
{"timestamp":1759856268.8104622,"name":"shell.task-exit","context":{"localid":0,"rank":0,"state":"Exited","pid":104,"wait_status":0,"signaled":0,"exitcode":0}}
{"timestamp":1759856268.8130996,"name":"complete","context":{"status":0}}
{"timestamp":1759856268.8131177,"name":"done"}

