# OSU MPI Latency Test v5.8
# Size          Latency (us)
0                      17.57
1                      19.54
2                      19.52
4                      19.59
8                      19.71
16                     19.73
32                     19.79
64                     19.76
128                    19.85
256                    20.95
512                    21.03
1024                   21.26
2048                   34.42
4096                   39.53
8192                   36.83
16384                  38.04
32768                  44.47
65536                  95.13
131072                115.67
262144                140.10
524288                190.32
1048576               280.31
2097152               451.42
4194304               894.67
START OF JOBSPEC
{"resources": [{"type": "node", "count": 2, "with": [{"type": "slot", "count": 1, "with": [{"type": "core", "count": 1}], "label": "task"}]}], "tasks": [{"command": ["/usr/libexec/osu-micro-benchmarks/mpi/pt2pt/osu_latency"], "slot": "task", "count": {"per_slot": 1}}], "attributes": {"system": {"duration": 0, "cwd": "/", "shell": {"options": {"rlimit": {"cpu": -1, "fsize": -1, "data": -1, "stack": 8388608, "core": -1, "nofile": 1048576, "as": -1, "rss": -1, "nproc": -1}, "cpu-affinity": "per-task"}}, "constraints": {"hostlist": ["osu-3,osu-5"]}}, "user": {"study_id": "osu-latency-16-iter-0"}}, "version": 1}
START OF EVENTLOG
{"timestamp":1759855977.361136,"name":"init"}
{"timestamp":1759855977.3616188,"name":"starting"}
{"timestamp":1759855977.3719311,"name":"shell.init","context":{"service":"0-shell-f4rNAq6iK","leader-rank":3,"size":2}}
{"timestamp":1759855977.3736622,"name":"shell.start","context":{"taskmap":{"version":1,"map":[[0,2,1,1]]}}}
{"timestamp":1759855989.2693639,"name":"shell.task-exit","context":{"localid":0,"rank":0,"state":"Exited","pid":100,"wait_status":0,"signaled":0,"exitcode":0}}
{"timestamp":1759855989.2718496,"name":"complete","context":{"status":0}}
{"timestamp":1759855989.2718651,"name":"done"}

