# OSU MPI Latency Test v5.8
# Size          Latency (us)
0                      36.08
1                      36.29
2                      36.06
4                      36.09
8                      36.20
16                     36.36
32                     36.63
64                     36.43
128                    36.78
256                    37.86
512                    38.26
1024                   38.44
2048                   55.59
4096                   58.05
8192                   57.72
16384                  60.09
32768                  64.16
65536                 164.60
131072                181.11
262144                208.93
524288                261.09
1048576               364.29
2097152               619.23
4194304               930.92
START OF JOBSPEC
{"resources": [{"type": "node", "count": 2, "with": [{"type": "slot", "count": 1, "with": [{"type": "core", "count": 1}], "label": "task"}]}], "tasks": [{"command": ["/usr/libexec/osu-micro-benchmarks/mpi/pt2pt/osu_latency"], "slot": "task", "count": {"per_slot": 1}}], "attributes": {"system": {"duration": 0, "cwd": "/", "shell": {"options": {"rlimit": {"cpu": -1, "fsize": -1, "data": -1, "stack": 8388608, "core": -1, "nofile": 1048576, "as": -1, "rss": -1, "nproc": -1}, "cpu-affinity": "per-task"}}, "constraints": {"hostlist": ["osu-5,osu-13"]}}, "user": {"study_id": "osu-latency-16-iter-0"}}, "version": 1}
START OF EVENTLOG
{"timestamp":1759857601.9740956,"name":"init"}
{"timestamp":1759857601.9748166,"name":"starting"}
{"timestamp":1759857601.9862163,"name":"shell.init","context":{"service":"0-shell-fHCM6v7dh","leader-rank":5,"size":2}}
{"timestamp":1759857601.9880373,"name":"shell.start","context":{"taskmap":{"version":1,"map":[[0,2,1,1]]}}}
{"timestamp":1759857620.4408379,"name":"shell.task-exit","context":{"localid":0,"rank":0,"state":"Exited","pid":103,"wait_status":0,"signaled":0,"exitcode":0}}
{"timestamp":1759857620.4432569,"name":"complete","context":{"status":0}}
{"timestamp":1759857620.4432755,"name":"done"}

