# OSU MPI Latency Test v5.8
# Size          Latency (us)
0                      36.34
1                      36.15
2                      36.14
4                      36.28
8                      36.53
16                     36.51
32                     36.45
64                     36.31
128                    36.66
256                    37.30
512                    37.75
1024                   38.11
2048                   55.51
4096                   59.45
8192                   58.49
16384                  61.07
32768                  65.31
65536                 161.85
131072                179.05
262144                205.33
524288                252.94
1048576               350.39
2097152               568.22
4194304               886.83
START OF JOBSPEC
{"resources": [{"type": "node", "count": 2, "with": [{"type": "slot", "count": 1, "with": [{"type": "core", "count": 1}], "label": "task"}]}], "tasks": [{"command": ["/usr/libexec/osu-micro-benchmarks/mpi/pt2pt/osu_latency"], "slot": "task", "count": {"per_slot": 1}}], "attributes": {"system": {"duration": 0, "cwd": "/", "shell": {"options": {"rlimit": {"cpu": -1, "fsize": -1, "data": -1, "stack": 8388608, "core": -1, "nofile": 1048576, "as": -1, "rss": -1, "nproc": -1}, "cpu-affinity": "per-task"}}, "constraints": {"hostlist": ["osu-8,osu-13"]}}, "user": {"study_id": "osu-latency-16-iter-0"}}, "version": 1}
START OF EVENTLOG
{"timestamp":1759856489.4077196,"name":"init"}
{"timestamp":1759856489.4082882,"name":"starting"}
{"timestamp":1759856489.4188235,"name":"shell.init","context":{"service":"0-shell-f8k2fccLF","leader-rank":8,"size":2}}
{"timestamp":1759856489.4206924,"name":"shell.start","context":{"taskmap":{"version":1,"map":[[0,2,1,1]]}}}
{"timestamp":1759856507.6349819,"name":"shell.task-exit","context":{"localid":0,"rank":0,"state":"Exited","pid":103,"wait_status":0,"signaled":0,"exitcode":0}}
{"timestamp":1759856507.6378398,"name":"complete","context":{"status":0}}
{"timestamp":1759856507.6378629,"name":"done"}

