# OSU MPI Latency Test v5.8
# Size          Latency (us)
0                      19.17
1                      19.58
2                      19.70
4                      19.67
8                      19.70
16                     19.70
32                     19.74
64                     19.65
128                    19.85
256                    20.83
512                    21.12
1024                   21.28
2048                   34.59
4096                   30.96
8192                   36.08
16384                  40.35
32768                  47.35
65536                  96.89
131072                119.36
262144                148.32
524288                205.18
1048576               319.41
2097152               539.04
4194304               974.06
START OF JOBSPEC
{"resources": [{"type": "node", "count": 2, "with": [{"type": "slot", "count": 1, "with": [{"type": "core", "count": 1}], "label": "task"}]}], "tasks": [{"command": ["/usr/libexec/osu-micro-benchmarks/mpi/pt2pt/osu_latency"], "slot": "task", "count": {"per_slot": 1}}], "attributes": {"system": {"duration": 0, "cwd": "/", "shell": {"options": {"rlimit": {"cpu": -1, "fsize": -1, "data": -1, "stack": 8388608, "core": -1, "nofile": 1048576, "as": -1, "rss": -1, "nproc": -1}, "cpu-affinity": "per-task"}}, "constraints": {"hostlist": ["osu-10,osu-9"]}}, "user": {"study_id": "osu-latency-16-iter-0"}}, "version": 1}
START OF EVENTLOG
{"timestamp":1759857047.6296976,"name":"init"}
{"timestamp":1759857047.630378,"name":"starting"}
{"timestamp":1759857047.6407461,"name":"shell.init","context":{"service":"0-shell-fCz3SvMQb","leader-rank":9,"size":2}}
{"timestamp":1759857047.6426039,"name":"shell.start","context":{"taskmap":{"version":1,"map":[[0,2,1,1]]}}}
{"timestamp":1759857059.8796544,"name":"shell.task-exit","context":{"localid":0,"rank":0,"state":"Exited","pid":88,"wait_status":0,"signaled":0,"exitcode":0}}
{"timestamp":1759857059.8819783,"name":"complete","context":{"status":0}}
{"timestamp":1759857059.8819954,"name":"done"}

