# OSU MPI Latency Test v5.8
# Size          Latency (us)
== CALIPER: (0): Available services: aggregate,alloc,allocstats,async_event,cpuinfo,debug,event,io,kokkoslookup,kokkostime,loop_monitor,loop_statistics,memstat,mpi,mpiflush,mpireport,pthread,recorder,region_monitor,report,statistics,sysalloc,timer,timeseries,timestamp,trace,validator
== CALIPER: (0): Initialized
== CALIPER: (0): No manual config specified, disabling default channel
== CALIPER: (0): Creating channel builtin.configmgr
== CALIPER: (0): builtin.configmgr: mpiwrap: Using GOTCHA wrappers.
== CALIPER: (0): builtin.configmgr: Registered MPI service
== CALIPER: (0): builtin.configmgr: Registered mpiflush service
== CALIPER: (0): Creating channel spot
== CALIPER: (0): spot: Registered aggregation service
== CALIPER: (0): spot: event: Using region level 0
== CALIPER: (0): spot: event: Marked attribute comm.region
== CALIPER: (0): spot: event: Marked attribute loop
== CALIPER: (0): spot: event: Marked attribute phase
== CALIPER: (0): spot: event: Marked attribute region
== CALIPER: (0): spot: Registered event trigger service
== CALIPER: (0): spot: mpiwrap: Using GOTCHA wrappers.
== CALIPER: (0): spot: Registered MPI service
== CALIPER: (0): spot: Registered timer service
== CALIPER: (0): spot: event: Marked attribute mpi.function
== CALIPER: (0): spot: Enabling MPI message tracing
== CALIPER: (0): Registered builtin ConfigManager
== CALIPER: (0): spot: event: Marked attribute msg_size
0                      53.46
1                      53.31
2                      53.26
4                      53.71
8                      53.10
16                     53.19
32                     53.52
64                     53.27
128                    53.84
256                    55.34
512                    55.32
1024                   56.26
2048                   56.77
4096                   59.21
8192                   65.60
16384                  70.05
32768                  75.30
65536                 184.24
131072                193.67
262144                216.66
524288                311.95
1048576               504.45
2097152               877.29
4194304              1613.19
== CALIPER: (0): builtin.configmgr: Flushing Caliper data
== CALIPER: (0): spot: CustomOutputController::flush(): using MPI
== CALIPER: (0): OutputCommMpi: MPI is available
== CALIPER: (0): spot: Flushing Caliper data
== CALIPER: (0): spot: Aggregate: flushed 288 snapshots.
== CALIPER: (0): spot: Wrote 147 records.
== CALIPER: (0): Finalizing ... 
== CALIPER: (0): builtin.configmgr: Flushing Caliper data
== CALIPER: (0): Releasing channel builtin.configmgr
== CALIPER: (0): builtin.configmgr: Finishing mpi service
== CALIPER: (0): builtin.configmgr channel blackboard: max 2 entries (0.195886% occupancy).
== CALIPER: (0): CaliperMetadataDB: stored 237 nodes, 145 strings.
== CALIPER: (0): Releasing channel spot
== CALIPER: (0): spot: Aggregate: Releasing aggregation DB.
  max hash len: 6, 294 entries, 2051 kernels, 1.5 MiB reserved.
== CALIPER: (0): spot: Finishing mpi service
== CALIPER: (0): spot channel blackboard: max 1 entries (0.0979432% occupancy).
== CALIPER: (0): Releasing Caliper global data.
  Max active channels: 1
== CALIPER: (0): Process blackboard: max 2 entries (0.195886% occupancy).
== CALIPER: (0): Releasing Caliper thread data: 
  Metadata tree: 1 blocks, 232 nodes
   Metadata memory pool: 1 MiB reserved, 20.0088 KiB used
  Thread blackboard: max 4 entries (0.391773% occupancy).
== CALIPER: (0): Finished
START OF JOBSPEC
{"resources": [{"type": "node", "count": 2, "with": [{"type": "slot", "count": 1, "with": [{"type": "core", "count": 1}], "label": "task"}]}], "tasks": [{"command": ["singularity", "exec", "--bind", "/run/flux:/run/flux", "/opt/containers/google-performance-study_osu-caliper-test.sif", "/usr/libexec/osu-micro-benchmarks/mpi/pt2pt/osu_latency"], "slot": "task", "count": {"per_slot": 1}}], "attributes": {"system": {"duration": 0, "cwd": "/root", "shell": {"options": {"rlimit": {"cpu": -1, "fsize": -1, "data": -1, "stack": 8388608, "core": 0, "nofile": 1024, "as": -1, "rss": -1, "nproc": 240748}, "cpu-affinity": "per-task"}}, "constraints": {"hostlist": ["flux-0,flux-1"]}}, "user": {"study_id": "osu-latency-2-iter-0"}}, "version": 1}
START OF EVENTLOG
{"timestamp":1759707113.6081169,"name":"init"}
{"timestamp":1759707113.6185203,"name":"shell.init","context":{"service":"0-shell-f2S527NnXR","leader-rank":0,"size":2}}
{"timestamp":1759707113.6088045,"name":"starting"}
{"timestamp":1759707113.620218,"name":"shell.start","context":{"taskmap":{"version":1,"map":[[0,2,1,1]]}}}
{"timestamp":1759707140.086596,"name":"shell.task-exit","context":{"localid":0,"rank":0,"state":"Exited","pid":9737,"wait_status":0,"signaled":0,"exitcode":0}}
{"timestamp":1759707140.0896013,"name":"complete","context":{"status":0}}
{"timestamp":1759707140.0896242,"name":"done"}

