# OSU MPI Latency Test v5.8
# Size          Latency (us)
0                      36.52
1                      36.18
2                      36.40
4                      36.13
8                      36.29
16                     36.58
32                     36.51
64                     36.63
128                    36.69
256                    37.70
512                    38.06
1024                   38.49
2048                   56.00
4096                   60.00
8192                   59.37
16384                  61.67
32768                  67.01
65536                 165.06
131072                184.51
262144                217.31
524288                276.05
1048576               392.84
2097152               619.80
4194304              1035.15
START OF JOBSPEC
{"resources": [{"type": "node", "count": 2, "with": [{"type": "slot", "count": 1, "with": [{"type": "core", "count": 1}], "label": "task"}]}], "tasks": [{"command": ["/usr/libexec/osu-micro-benchmarks/mpi/pt2pt/osu_latency"], "slot": "task", "count": {"per_slot": 1}}], "attributes": {"system": {"duration": 0, "cwd": "/", "shell": {"options": {"rlimit": {"cpu": -1, "fsize": -1, "data": -1, "stack": 8388608, "core": -1, "nofile": 1048576, "as": -1, "rss": -1, "nproc": -1}, "cpu-affinity": "per-task"}}, "constraints": {"hostlist": ["osu-2,osu-1"]}}, "user": {"study_id": "osu-latency-4-iter-0"}}, "version": 1}
START OF EVENTLOG
{"timestamp":1759802021.5602193,"name":"init"}
{"timestamp":1759802021.5705736,"name":"shell.init","context":{"service":"0-shell-f3KPiEzU7","leader-rank":1,"size":2}}
{"timestamp":1759802021.5606477,"name":"starting"}
{"timestamp":1759802021.572278,"name":"shell.start","context":{"taskmap":{"version":1,"map":[[0,2,1,1]]}}}
{"timestamp":1759802040.4492173,"name":"shell.task-exit","context":{"localid":0,"rank":0,"state":"Exited","pid":82,"wait_status":0,"signaled":0,"exitcode":0}}
{"timestamp":1759802040.4516449,"name":"complete","context":{"status":0}}
{"timestamp":1759802040.4516702,"name":"done"}

