# OSU MPI Latency Test v5.8
# Size          Latency (us)
0                      43.79
1                      43.92
2                      43.73
4                      43.75
8                      43.85
16                     43.93
32                     44.09
64                     44.04
128                    44.12
256                    45.32
512                    45.46
1024                   46.06
2048                   47.33
4096                   49.83
8192                   54.64
16384                  61.42
32768                  66.86
65536                 166.65
131072                177.82
262144                199.02
524288                291.33
1048576               477.24
2097152               846.30
4194304              1582.22
START OF JOBSPEC
{"resources": [{"type": "node", "count": 2, "with": [{"type": "slot", "count": 1, "with": [{"type": "core", "count": 1}], "label": "task"}]}], "tasks": [{"command": ["singularity", "exec", "--bind", "/run/flux:/run/flux", "/opt/containers/google-performance-study_osu-test.sif", "/opt/osu-benchmark/build.openmpi/mpi/pt2pt/osu_latency"], "slot": "task", "count": {"per_slot": 1}}], "attributes": {"system": {"duration": 0, "cwd": "/root", "shell": {"options": {"rlimit": {"cpu": -1, "fsize": -1, "data": -1, "stack": 8388608, "core": 0, "nofile": 1024, "as": -1, "rss": -1, "nproc": 240748}, "cpu-affinity": "per-task"}}, "constraints": {"hostlist": ["flux-0,flux-1"]}}, "user": {"study_id": "osu-latency-2-iter-0"}}, "version": 1}
START OF EVENTLOG
{"timestamp":1759704658.5229342,"name":"init"}
{"timestamp":1759704658.5326939,"name":"shell.init","context":{"service":"0-shell-f27R3P5CUP","leader-rank":0,"size":2}}
{"timestamp":1759704658.5235274,"name":"starting"}
{"timestamp":1759704658.5346925,"name":"shell.start","context":{"taskmap":{"version":1,"map":[[0,2,1,1]]}}}
{"timestamp":1759704680.642561,"name":"shell.task-exit","context":{"localid":0,"rank":0,"state":"Exited","pid":8348,"wait_status":0,"signaled":0,"exitcode":0}}
{"timestamp":1759704680.6454227,"name":"complete","context":{"status":0}}
{"timestamp":1759704680.6454437,"name":"done"}

