# OSU MPI Latency Test v5.8
# Size          Latency (us)
== CALIPER: (0): Available services: aggregate,alloc,allocstats,async_event,cpuinfo,debug,event,io,kokkoslookup,kokkostime,loop_monitor,loop_statistics,memstat,mpi,mpiflush,mpireport,pthread,recorder,region_monitor,report,statistics,sysalloc,timer,timeseries,timestamp,trace,validator
== CALIPER: (0): Initialized
== CALIPER: (0): No manual config specified, disabling default channel
== CALIPER: (0): Creating channel builtin.configmgr
== CALIPER: (0): builtin.configmgr: mpiwrap: Using GOTCHA wrappers.
== CALIPER: (0): builtin.configmgr: Registered MPI service
== CALIPER: (0): builtin.configmgr: Registered mpiflush service
== CALIPER: (0): Creating channel event-trace
== CALIPER: (0): event-trace: registered async_event service
== CALIPER: (0): event-trace: event: Using region level 0
== CALIPER: (0): event-trace: event: Marked attribute comm.region
== CALIPER: (0): event-trace: event: Marked attribute loop
== CALIPER: (0): event-trace: event: Marked attribute phase
== CALIPER: (0): event-trace: event: Marked attribute region
== CALIPER: (0): event-trace: Registered event trigger service
== CALIPER: (0): event-trace: mpiwrap: Using GOTCHA wrappers.
== CALIPER: (0): event-trace: Registered MPI service
== CALIPER: (0): event-trace: Registered timer service
== CALIPER: (0): event-trace: Registered trace service
== CALIPER: (0): event-trace: event: Marked attribute mpi.function
== CALIPER: (0): Registered builtin ConfigManager
== CALIPER: (0): event-trace: event: Marked attribute msg_size
0                      51.63
1                      51.64
2                      52.88
4                      52.97
8                      52.12
16                     51.58
32                     51.72
64                     51.29
128                    51.81
256                    54.25
512                    54.64
1024                   55.02
2048                   68.59
4096                   69.21
8192                   69.98
16384                  71.69
32768                  77.14
65536                 195.55
131072                213.84
262144                239.90
524288                288.35
1048576               374.50
2097152               595.69
4194304               844.59
== CALIPER: (0): builtin.configmgr: Flushing Caliper data
== CALIPER: (0): event-trace: Flushing Caliper data
== CALIPER: (0): event-trace: trace: Flushed 1119008 snapshots.
== CALIPER: (0): event-trace: Recorder: Wrote 1119151 records.
== CALIPER: (0): Finalizing ... 
== CALIPER: (0): builtin.configmgr: Flushing Caliper data
== CALIPER: (0): Releasing channel builtin.configmgr
== CALIPER: (0): builtin.configmgr: Finishing mpi service
== CALIPER: (0): builtin.configmgr channel blackboard: max 2 entries (0.195886% occupancy).
== CALIPER: (0): Releasing channel event-trace
== CALIPER: (0): event-trace: Finishing mpi service
== CALIPER: (0): event-trace: trace: 24 MiB reserved, 22.499 MiB used, 12 chunks.
== CALIPER: (0): event-trace: Trace: 1 thread trace buffers acquired, 0 retired, 0 released.
== CALIPER: (0): event-trace channel blackboard: max 1 entries (0.0979432% occupancy).
== CALIPER: (0): Releasing Caliper global data.
  Max active channels: 1
== CALIPER: (0): Process blackboard: max 2 entries (0.195886% occupancy).
== CALIPER: (0): Releasing Caliper thread data: 
  Metadata tree: 1 blocks, 217 nodes
   Metadata memory pool: 1 MiB reserved, 19.1455 KiB used
  Thread blackboard: max 4 entries (0.391773% occupancy).
== CALIPER: (0): Finished
START OF JOBSPEC
{"resources": [{"type": "node", "count": 2, "with": [{"type": "slot", "count": 1, "with": [{"type": "core", "count": 1}], "label": "task"}]}], "tasks": [{"command": ["/usr/libexec/osu-micro-benchmarks/mpi/pt2pt/osu_latency"], "slot": "task", "count": {"per_slot": 1}}], "attributes": {"system": {"duration": 0, "cwd": "/", "shell": {"options": {"rlimit": {"cpu": -1, "fsize": -1, "data": -1, "stack": 8388608, "core": -1, "nofile": 1048576, "as": -1, "rss": -1, "nproc": -1}, "cpu-affinity": "per-task"}}, "constraints": {"hostlist": ["osu-0,osu-2"]}}, "user": {"study_id": "osu-latency-8-iter-0"}}, "version": 1}
START OF EVENTLOG
{"timestamp":1759818234.1649139,"name":"init"}
{"timestamp":1759818234.1751277,"name":"shell.init","context":{"service":"0-shell-fnYYBMYB","leader-rank":0,"size":2}}
{"timestamp":1759818234.165314,"name":"starting"}
{"timestamp":1759818234.1765275,"name":"shell.start","context":{"taskmap":{"version":1,"map":[[0,2,1,1]]}}}
{"timestamp":1759818260.4180069,"name":"shell.task-exit","context":{"localid":0,"rank":0,"state":"Exited","pid":141,"wait_status":0,"signaled":0,"exitcode":0}}
{"timestamp":1759818260.4203861,"name":"complete","context":{"status":0}}
{"timestamp":1759818260.4204087,"name":"done"}

