# OSU MPI Latency Test v5.8
# Size          Latency (us)
== CALIPER: (0): Available services: adiak_export,adiak_import,aggregate,alloc,allocstats,async_event,cpuinfo,debug,event,io,kokkoslookup,kokkostime,loop_monitor,loop_statistics,memstat,mpi,mpiflush,mpireport,pthread,recorder,region_monitor,report,statistics,sysalloc,timer,timeseries,timestamp,trace,validator
== CALIPER: (0): Initialized
== CALIPER: (0): No manual config specified, disabling default channel
0                      34.81
1                      34.82
2                      34.84
4                      34.80
8                      34.78
16                     34.81
32                     34.98
64                     34.94
128                    35.11
256                    36.02
512                    36.37
1024                   36.92
2048                   38.22
4096                   40.99
8192                   46.63
16384                  52.68
32768                  59.09
65536                 149.06
131072                158.25
262144                232.88
524288                229.25
1048576               285.07
2097152               421.26
4194304               697.54
== CALIPER: (0): Finalizing ... 
== CALIPER: (0): Releasing Caliper global data.
  Max active channels: 0
== CALIPER: (0): Process blackboard: max 1 entries (0.0979432% occupancy).
== CALIPER: (0): Releasing Caliper thread data: 
  Metadata tree: 1 blocks, 55 nodes
   Metadata memory pool: 1 MiB reserved, 18.168 KiB used
  Thread blackboard: max 2 entries (0.195886% occupancy).
== CALIPER: (0): Finished
START OF JOBSPEC
{"resources": [{"type": "node", "count": 2, "with": [{"type": "slot", "count": 1, "with": [{"type": "core", "count": 1}], "label": "task"}]}], "tasks": [{"command": ["osu_latency"], "slot": "task", "count": {"per_slot": 1}}], "attributes": {"system": {"duration": 0, "cwd": "/root", "shell": {"options": {"rlimit": {"cpu": -1, "fsize": -1, "data": -1, "stack": 8388608, "core": 0, "nofile": 1024, "as": -1, "rss": -1, "nproc": 1450578}, "cpu-affinity": "per-task"}}, "constraints": {"hostlist": ["flux-2,flux-3"]}}, "user": {"study_id": "osu-latency-4-iter-0"}}, "version": 1}
START OF EVENTLOG
{"timestamp":1759777877.4521418,"name":"init"}
{"timestamp":1759777877.4616115,"name":"shell.init","context":{"service":"0-shell-fT1TEDv3h","leader-rank":2,"size":2}}
{"timestamp":1759777877.4525819,"name":"starting"}
{"timestamp":1759777877.4634807,"name":"shell.start","context":{"taskmap":{"version":1,"map":[[0,2,1,1]]}}}
{"timestamp":1759777893.6877868,"name":"shell.task-exit","context":{"localid":0,"rank":0,"state":"Exited","pid":5157,"wait_status":0,"signaled":0,"exitcode":0}}
{"timestamp":1759777893.6900601,"name":"complete","context":{"status":0}}
{"timestamp":1759777893.6900787,"name":"done"}

