# OSU MPI Latency Test v5.8
# Size          Latency (us)
== CALIPER: (0): Available services: adiak_export,adiak_import,aggregate,alloc,allocstats,async_event,cpuinfo,debug,event,io,kokkoslookup,kokkostime,loop_monitor,loop_statistics,memstat,mpi,mpiflush,mpireport,pthread,recorder,region_monitor,report,statistics,sysalloc,timer,timeseries,timestamp,trace,validator
== CALIPER: (0): Initialized
== CALIPER: (0): No manual config specified, disabling default channel
0                      14.96
1                      14.91
2                      15.87
4                      16.23
8                      16.25
16                     16.26
32                     16.38
64                     18.24
128                    18.35
256                    19.41
512                    19.48
1024                   19.76
2048                   20.92
4096                   22.13
8192                   24.06
16384                  32.69
32768                  34.74
65536                  84.85
131072                 93.04
262144                120.66
524288                144.13
1048576               203.64
2097152               332.86
4194304               590.94
== CALIPER: (0): Finalizing ... 
== CALIPER: (0): Releasing Caliper global data.
  Max active channels: 0
== CALIPER: (0): Process blackboard: max 1 entries (0.0979432% occupancy).
== CALIPER: (0): Releasing Caliper thread data: 
  Metadata tree: 1 blocks, 55 nodes
   Metadata memory pool: 1 MiB reserved, 18.168 KiB used
  Thread blackboard: max 2 entries (0.195886% occupancy).
== CALIPER: (0): Finished
START OF JOBSPEC
{"resources": [{"type": "node", "count": 2, "with": [{"type": "slot", "count": 1, "with": [{"type": "core", "count": 1}], "label": "task"}]}], "tasks": [{"command": ["osu_latency"], "slot": "task", "count": {"per_slot": 1}}], "attributes": {"system": {"duration": 0, "cwd": "/root", "shell": {"options": {"rlimit": {"cpu": -1, "fsize": -1, "data": -1, "stack": 8388608, "core": 0, "nofile": 1024, "as": -1, "rss": -1, "nproc": 1450578}, "cpu-affinity": "per-task"}}, "constraints": {"hostlist": ["flux-0,flux-3"]}}, "user": {"study_id": "osu-latency-4-iter-0"}}, "version": 1}
START OF EVENTLOG
{"timestamp":1759777837.1329269,"name":"init"}
{"timestamp":1759777837.1423073,"name":"shell.init","context":{"service":"0-shell-fShgdVArb","leader-rank":0,"size":2}}
{"timestamp":1759777837.1333966,"name":"starting"}
{"timestamp":1759777837.1454661,"name":"shell.start","context":{"taskmap":{"version":1,"map":[[0,2,1,1]]}}}
{"timestamp":1759777846.4836986,"name":"shell.task-exit","context":{"localid":0,"rank":0,"state":"Exited","pid":4205,"wait_status":0,"signaled":0,"exitcode":0}}
{"timestamp":1759777846.4856925,"name":"complete","context":{"status":0}}
{"timestamp":1759777846.4857118,"name":"done"}

