
   _  __       _         _
  | |/ /      (_)       | |
  | ' /  _ __  _  _ __  | | __ ___
  |  <  | '__|| || '_ \ | |/ // _ \ 
  | . \ | |   | || |_) ||   <|  __/
  |_|\_\|_|   |_|| .__/ |_|\_\\___|
                 | |
                 |_|        Version 1.2.5-dev

LLNL-CODE-775068

Copyright (c) 2014-25, Lawrence Livermore National Security, LLC

Kripke is released under the BSD 3-Clause License, please see the
LICENSE file for the full license

This work was produced under the auspices of the U.S. Department of
Energy by Lawrence Livermore National Laboratory under Contract
DE-AC52-07NA27344.

Author: Adam J. Kunen <kunen1@llnl.gov>

Compilation Options:
  Architecture:           Sequential
  Compiler:               /usr/bin/mpicxx
  Compiler Flags:         "-I/opt/Caliper-2.13.1/src/interface/c_fortran -I/opt/Caliper-2.13.1/src/include    "
  Linker Flags:           " "
  CHAI Enabled:           No
  CUDA Enabled:           No
  MPI Enabled:            Yes
  OpenMP Enabled:         No
  Caliper Enabled:        Yes

Input Parameters
================

  Problem Size:
    Zones:                 256 x 192 x 128  (6291456 total)
    Groups:                16
    Legendre Order:        2
    Quadrature Set:        Dummy S2 with 16 points

  Physical Properties:
    Total X-Sec:           sigt=[0.100000, 0.000100, 0.100000]
    Scattering X-Sec:      sigs=[0.050000, 0.000050, 0.050000]

  Solver Options:
    Number iterations:     500

  MPI Decomposition Options:
    Total MPI tasks:       6144
    Spatial decomp:        16 x 24 x 16 MPI tasks
    Block solve method:    Sweep

  Per-Task Options:
    DirSets/Directions:    16 sets, 1 directions/set
    GroupSet/Groups:       16 sets, 1 groups/set
    Zone Sets:             1 x 1 x 1
    Architecture:          Sequential
    Data Layout:           DGZ

Generating Problem
==================

  Decomposition Space:   Procs:      Subdomains (local/global):
  ---------------------  ----------  --------------------------
  (P) Energy:            1           16 / 16
  (Q) Direction:         1           16 / 16
  (R) Space:             6144        1 / 6144
  (Rx,Ry,Rz) R in XYZ:   16x24x16       1x1x1 / 16x24x16
  (PQR) TOTAL:           6144        256 / 1572864

  Material Volumes=[8.051920e+03, 1.204771e+05, 2.751471e+06]

  Memory breakdown of Field variables:
  Field Variable            Num Elements    Megabytes
  --------------            ------------    ---------
  data/sigs                         2304        0.018
  dx                                 256        0.002
  dy                                 192        0.001
  dz                                 128        0.001
  ell                                144        0.001
  ell_plus                           144        0.001
  i_plane                        6291456       48.000
  j_plane                        8388608       64.000
  k_plane                       12582912       96.000
  mixelem_to_fraction            6336144       48.341
  phi                          905969664     6912.000
  phi_out                      905969664     6912.000
  psi                         1610612736    12288.000
  quadrature/w                        16        0.000
  quadrature/xcos                     16        0.000
  quadrature/ycos                     16        0.000
  quadrature/zcos                     16        0.000
  rhs                         1610612736    12288.000
  sigt_zonal                   100663296      768.000
  volume                         6291456       48.000
  --------                  ------------    ---------
  TOTAL                       5173721904    39472.366

  Generation Complete!

Steady State Solve
==================

  iter 0: particle count=1.827531e+07, change=1.000000e+00
  iter 1: particle count=2.732132e+07, change=3.310969e-01
  iter 2: particle count=3.178842e+07, change=1.405262e-01
  iter 3: particle count=3.399020e+07, change=6.477675e-02
  iter 4: particle count=3.507329e+07, change=3.088076e-02
  iter 5: particle count=3.560492e+07, change=1.493146e-02
  iter 6: particle count=3.586527e+07, change=7.259184e-03
  iter 7: particle count=3.599248e+07, change=3.534248e-03
  iter 8: particle count=3.605449e+07, change=1.719994e-03
  iter 9: particle count=3.608466e+07, change=8.360451e-04
  iter 10: particle count=3.609931e+07, change=4.057685e-04
  iter 11: particle count=3.610641e+07, change=1.966305e-04
  iter 12: particle count=3.610984e+07, change=9.514227e-05
  iter 13: particle count=3.611150e+07, change=4.597188e-05
  iter 14: particle count=3.611230e+07, change=2.218500e-05
  iter 15: particle count=3.611269e+07, change=1.069367e-05
  iter 16: particle count=3.611288e+07, change=5.149237e-06
  iter 17: particle count=3.611297e+07, change=2.477149e-06
  iter 18: particle count=3.611301e+07, change=1.190678e-06
  iter 19: particle count=3.611303e+07, change=5.718796e-07
  iter 20: particle count=3.611304e+07, change=2.744825e-07
  iter 21: particle count=3.611304e+07, change=1.316595e-07
  iter 22: particle count=3.611305e+07, change=6.311637e-08
  iter 23: particle count=3.611305e+07, change=3.024168e-08
  iter 24: particle count=3.611305e+07, change=1.448316e-08
  iter 25: particle count=3.611305e+07, change=6.933171e-09
  iter 26: particle count=3.611305e+07, change=3.317621e-09
  iter 27: particle count=3.611305e+07, change=1.586946e-09
  iter 28: particle count=3.611305e+07, change=7.588400e-10
  iter 29: particle count=3.611305e+07, change=3.627454e-10
  iter 30: particle count=3.611305e+07, change=1.733524e-10
  iter 31: particle count=3.611305e+07, change=8.281990e-11
  iter 32: particle count=3.611305e+07, change=3.955902e-11
  iter 33: particle count=3.611305e+07, change=1.889020e-11
  iter 34: particle count=3.611305e+07, change=9.018547e-12
  iter 35: particle count=3.611305e+07, change=4.305333e-12
  iter 36: particle count=3.611305e+07, change=2.054256e-12
  iter 37: particle count=3.611305e+07, change=9.803980e-13
  iter 38: particle count=3.611305e+07, change=4.670920e-13
  iter 39: particle count=3.611305e+07, change=2.234367e-13
  iter 40: particle count=3.611305e+07, change=1.060447e-13
  iter 41: particle count=3.611305e+07, change=5.095924e-14
  iter 42: particle count=3.611305e+07, change=2.413859e-14
  iter 43: particle count=3.611305e+07, change=1.155351e-14
  iter 44: particle count=3.611305e+07, change=5.364130e-15
  iter 45: particle count=3.611305e+07, change=2.682065e-15
  iter 46: particle count=3.611305e+07, change=1.444189e-15
  iter 47: particle count=3.611305e+07, change=6.189381e-16
  iter 48: particle count=3.611305e+07, change=2.063127e-16
  iter 49: particle count=3.611305e+07, change=0.000000e+00
  iter 50: particle count=3.611305e+07, change=2.063127e-16
  iter 51: particle count=3.611305e+07, change=-2.063127e-16
  iter 52: particle count=3.611305e+07, change=2.063127e-16
  iter 53: particle count=3.611305e+07, change=0.000000e+00
  iter 54: particle count=3.611305e+07, change=-2.063127e-16
  iter 55: particle count=3.611305e+07, change=2.063127e-16
  iter 56: particle count=3.611305e+07, change=0.000000e+00
  iter 57: particle count=3.611305e+07, change=-2.063127e-16
  iter 58: particle count=3.611305e+07, change=2.063127e-16
  iter 59: particle count=3.611305e+07, change=0.000000e+00
  iter 60: particle count=3.611305e+07, change=0.000000e+00
  iter 61: particle count=3.611305e+07, change=0.000000e+00
  iter 62: particle count=3.611305e+07, change=0.000000e+00
  iter 63: particle count=3.611305e+07, change=0.000000e+00
  iter 64: particle count=3.611305e+07, change=0.000000e+00
  iter 65: particle count=3.611305e+07, change=0.000000e+00
  iter 66: particle count=3.611305e+07, change=0.000000e+00
  iter 67: particle count=3.611305e+07, change=0.000000e+00
  iter 68: particle count=3.611305e+07, change=0.000000e+00
  iter 69: particle count=3.611305e+07, change=0.000000e+00
  iter 70: particle count=3.611305e+07, change=0.000000e+00
  iter 71: particle count=3.611305e+07, change=0.000000e+00
  iter 72: particle count=3.611305e+07, change=0.000000e+00
  iter 73: particle count=3.611305e+07, change=0.000000e+00
  iter 74: particle count=3.611305e+07, change=0.000000e+00
  iter 75: particle count=3.611305e+07, change=0.000000e+00
  iter 76: particle count=3.611305e+07, change=0.000000e+00
  iter 77: particle count=3.611305e+07, change=0.000000e+00
  iter 78: particle count=3.611305e+07, change=0.000000e+00
  iter 79: particle count=3.611305e+07, change=0.000000e+00
  iter 80: particle count=3.611305e+07, change=-2.063127e-16
  iter 81: particle count=3.611305e+07, change=0.000000e+00
  iter 82: particle count=3.611305e+07, change=2.063127e-16
  iter 83: particle count=3.611305e+07, change=-2.063127e-16
  iter 84: particle count=3.611305e+07, change=0.000000e+00
  iter 85: particle count=3.611305e+07, change=2.063127e-16
  iter 86: particle count=3.611305e+07, change=0.000000e+00
  iter 87: particle count=3.611305e+07, change=-2.063127e-16
  iter 88: particle count=3.611305e+07, change=0.000000e+00
  iter 89: particle count=3.611305e+07, change=2.063127e-16
  iter 90: particle count=3.611305e+07, change=0.000000e+00
  iter 91: particle count=3.611305e+07, change=0.000000e+00
  iter 92: particle count=3.611305e+07, change=0.000000e+00
  iter 93: particle count=3.611305e+07, change=0.000000e+00
  iter 94: particle count=3.611305e+07, change=0.000000e+00
  iter 95: particle count=3.611305e+07, change=-2.063127e-16
  iter 96: particle count=3.611305e+07, change=2.063127e-16
  iter 97: particle count=3.611305e+07, change=0.000000e+00
  iter 98: particle count=3.611305e+07, change=0.000000e+00
  iter 99: particle count=3.611305e+07, change=0.000000e+00
  iter 100: particle count=3.611305e+07, change=0.000000e+00
  iter 101: particle count=3.611305e+07, change=0.000000e+00
  iter 102: particle count=3.611305e+07, change=0.000000e+00
  iter 103: particle count=3.611305e+07, change=0.000000e+00
  iter 104: particle count=3.611305e+07, change=-2.063127e-16
  iter 105: particle count=3.611305e+07, change=0.000000e+00
  iter 106: particle count=3.611305e+07, change=0.000000e+00
  iter 107: particle count=3.611305e+07, change=2.063127e-16
  iter 108: particle count=3.611305e+07, change=0.000000e+00
  iter 109: particle count=3.611305e+07, change=-2.063127e-16
  iter 110: particle count=3.611305e+07, change=2.063127e-16
  iter 111: particle count=3.611305e+07, change=0.000000e+00
  iter 112: particle count=3.611305e+07, change=0.000000e+00
  iter 113: particle count=3.611305e+07, change=0.000000e+00
  iter 114: particle count=3.611305e+07, change=0.000000e+00
  iter 115: particle count=3.611305e+07, change=0.000000e+00
  iter 116: particle count=3.611305e+07, change=0.000000e+00
  iter 117: particle count=3.611305e+07, change=0.000000e+00
  iter 118: particle count=3.611305e+07, change=0.000000e+00
  iter 119: particle count=3.611305e+07, change=0.000000e+00
  iter 120: particle count=3.611305e+07, change=0.000000e+00
  iter 121: particle count=3.611305e+07, change=0.000000e+00
  iter 122: particle count=3.611305e+07, change=-2.063127e-16
  iter 123: particle count=3.611305e+07, change=2.063127e-16
  iter 124: particle count=3.611305e+07, change=0.000000e+00
  iter 125: particle count=3.611305e+07, change=0.000000e+00
  iter 126: particle count=3.611305e+07, change=0.000000e+00
  iter 127: particle count=3.611305e+07, change=0.000000e+00
  iter 128: particle count=3.611305e+07, change=0.000000e+00
  iter 129: particle count=3.611305e+07, change=0.000000e+00
  iter 130: particle count=3.611305e+07, change=0.000000e+00
  iter 131: particle count=3.611305e+07, change=0.000000e+00
  iter 132: particle count=3.611305e+07, change=-2.063127e-16
  iter 133: particle count=3.611305e+07, change=2.063127e-16
  iter 134: particle count=3.611305e+07, change=0.000000e+00
  iter 135: particle count=3.611305e+07, change=0.000000e+00
  iter 136: particle count=3.611305e+07, change=0.000000e+00
  iter 137: particle count=3.611305e+07, change=0.000000e+00
  iter 138: particle count=3.611305e+07, change=-2.063127e-16
  iter 139: particle count=3.611305e+07, change=2.063127e-16
  iter 140: particle count=3.611305e+07, change=0.000000e+00
  iter 141: particle count=3.611305e+07, change=0.000000e+00
  iter 142: particle count=3.611305e+07, change=-2.063127e-16
  iter 143: particle count=3.611305e+07, change=2.063127e-16
  iter 144: particle count=3.611305e+07, change=0.000000e+00
  iter 145: particle count=3.611305e+07, change=0.000000e+00
  iter 146: particle count=3.611305e+07, change=0.000000e+00
  iter 147: particle count=3.611305e+07, change=0.000000e+00
  iter 148: particle count=3.611305e+07, change=0.000000e+00
  iter 149: particle count=3.611305e+07, change=0.000000e+00
  iter 150: particle count=3.611305e+07, change=0.000000e+00
  iter 151: particle count=3.611305e+07, change=0.000000e+00
  iter 152: particle count=3.611305e+07, change=0.000000e+00
  iter 153: particle count=3.611305e+07, change=0.000000e+00
  iter 154: particle count=3.611305e+07, change=0.000000e+00
  iter 155: particle count=3.611305e+07, change=-2.063127e-16
  iter 156: particle count=3.611305e+07, change=0.000000e+00
  iter 157: particle count=3.611305e+07, change=0.000000e+00
  iter 158: particle count=3.611305e+07, change=2.063127e-16
  iter 159: particle count=3.611305e+07, change=0.000000e+00
  iter 160: particle count=3.611305e+07, change=0.000000e+00
  iter 161: particle count=3.611305e+07, change=0.000000e+00
  iter 162: particle count=3.611305e+07, change=0.000000e+00
  iter 163: particle count=3.611305e+07, change=0.000000e+00
  iter 164: particle count=3.611305e+07, change=0.000000e+00
  iter 165: particle count=3.611305e+07, change=-2.063127e-16
  iter 166: particle count=3.611305e+07, change=2.063127e-16
  iter 167: particle count=3.611305e+07, change=0.000000e+00
  iter 168: particle count=3.611305e+07, change=0.000000e+00
  iter 169: particle count=3.611305e+07, change=0.000000e+00
  iter 170: particle count=3.611305e+07, change=0.000000e+00
  iter 171: particle count=3.611305e+07, change=0.000000e+00
  iter 172: particle count=3.611305e+07, change=0.000000e+00
  iter 173: particle count=3.611305e+07, change=0.000000e+00
  iter 174: particle count=3.611305e+07, change=-2.063127e-16
  iter 175: particle count=3.611305e+07, change=2.063127e-16
  iter 176: particle count=3.611305e+07, change=0.000000e+00
  iter 177: particle count=3.611305e+07, change=0.000000e+00
  iter 178: particle count=3.611305e+07, change=-2.063127e-16
  iter 179: particle count=3.611305e+07, change=2.063127e-16
  iter 180: particle count=3.611305e+07, change=0.000000e+00
  iter 181: particle count=3.611305e+07, change=0.000000e+00
  iter 182: particle count=3.611305e+07, change=0.000000e+00
  iter 183: particle count=3.611305e+07, change=0.000000e+00
  iter 184: particle count=3.611305e+07, change=0.000000e+00
  iter 185: particle count=3.611305e+07, change=0.000000e+00
  iter 186: particle count=3.611305e+07, change=0.000000e+00
  iter 187: particle count=3.611305e+07, change=-2.063127e-16
  iter 188: particle count=3.611305e+07, change=2.063127e-16
  iter 189: particle count=3.611305e+07, change=-2.063127e-16
  iter 190: particle count=3.611305e+07, change=2.063127e-16
  iter 191: particle count=3.611305e+07, change=0.000000e+00
  iter 192: particle count=3.611305e+07, change=0.000000e+00
  iter 193: particle count=3.611305e+07, change=0.000000e+00
  iter 194: particle count=3.611305e+07, change=0.000000e+00
  iter 195: particle count=3.611305e+07, change=0.000000e+00
  iter 196: particle count=3.611305e+07, change=0.000000e+00
  iter 197: particle count=3.611305e+07, change=0.000000e+00
  iter 198: particle count=3.611305e+07, change=0.000000e+00
  iter 199: particle count=3.611305e+07, change=0.000000e+00
  iter 200: particle count=3.611305e+07, change=0.000000e+00
  iter 201: particle count=3.611305e+07, change=0.000000e+00
  iter 202: particle count=3.611305e+07, change=0.000000e+00
  iter 203: particle count=3.611305e+07, change=0.000000e+00
  iter 204: particle count=3.611305e+07, change=0.000000e+00
  iter 205: particle count=3.611305e+07, change=0.000000e+00
  iter 206: particle count=3.611305e+07, change=0.000000e+00
  iter 207: particle count=3.611305e+07, change=0.000000e+00
  iter 208: particle count=3.611305e+07, change=0.000000e+00
  iter 209: particle count=3.611305e+07, change=0.000000e+00
  iter 210: particle count=3.611305e+07, change=-2.063127e-16
  iter 211: particle count=3.611305e+07, change=2.063127e-16
  iter 212: particle count=3.611305e+07, change=0.000000e+00
  iter 213: particle count=3.611305e+07, change=0.000000e+00
  iter 214: particle count=3.611305e+07, change=0.000000e+00
  iter 215: particle count=3.611305e+07, change=0.000000e+00
  iter 216: particle count=3.611305e+07, change=0.000000e+00
  iter 217: particle count=3.611305e+07, change=0.000000e+00
  iter 218: particle count=3.611305e+07, change=0.000000e+00
  iter 219: particle count=3.611305e+07, change=0.000000e+00
  iter 220: particle count=3.611305e+07, change=0.000000e+00
  iter 221: particle count=3.611305e+07, change=0.000000e+00
  iter 222: particle count=3.611305e+07, change=0.000000e+00
  iter 223: particle count=3.611305e+07, change=0.000000e+00
  iter 224: particle count=3.611305e+07, change=0.000000e+00
  iter 225: particle count=3.611305e+07, change=0.000000e+00
  iter 226: particle count=3.611305e+07, change=0.000000e+00
  iter 227: particle count=3.611305e+07, change=0.000000e+00
  iter 228: particle count=3.611305e+07, change=0.000000e+00
  iter 229: particle count=3.611305e+07, change=-2.063127e-16
  iter 230: particle count=3.611305e+07, change=2.063127e-16
  iter 231: particle count=3.611305e+07, change=0.000000e+00
  iter 232: particle count=3.611305e+07, change=0.000000e+00
  iter 233: particle count=3.611305e+07, change=0.000000e+00
  iter 234: particle count=3.611305e+07, change=0.000000e+00
  iter 235: particle count=3.611305e+07, change=0.000000e+00
  iter 236: particle count=3.611305e+07, change=-2.063127e-16
  iter 237: particle count=3.611305e+07, change=2.063127e-16
  iter 238: particle count=3.611305e+07, change=0.000000e+00
  iter 239: particle count=3.611305e+07, change=0.000000e+00
  iter 240: particle count=3.611305e+07, change=0.000000e+00
  iter 241: particle count=3.611305e+07, change=0.000000e+00
  iter 242: particle count=3.611305e+07, change=0.000000e+00
  iter 243: particle count=3.611305e+07, change=0.000000e+00
  iter 244: particle count=3.611305e+07, change=0.000000e+00
  iter 245: particle count=3.611305e+07, change=0.000000e+00
  iter 246: particle count=3.611305e+07, change=0.000000e+00
  iter 247: particle count=3.611305e+07, change=0.000000e+00
  iter 248: particle count=3.611305e+07, change=0.000000e+00
  iter 249: particle count=3.611305e+07, change=0.000000e+00
  iter 250: particle count=3.611305e+07, change=0.000000e+00
  iter 251: particle count=3.611305e+07, change=0.000000e+00
  iter 252: particle count=3.611305e+07, change=0.000000e+00
  iter 253: particle count=3.611305e+07, change=0.000000e+00
  iter 254: particle count=3.611305e+07, change=-2.063127e-16
  iter 255: particle count=3.611305e+07, change=2.063127e-16
  iter 256: particle count=3.611305e+07, change=0.000000e+00
  iter 257: particle count=3.611305e+07, change=0.000000e+00
  iter 258: particle count=3.611305e+07, change=0.000000e+00
  iter 259: particle count=3.611305e+07, change=0.000000e+00
  iter 260: particle count=3.611305e+07, change=-2.063127e-16
  iter 261: particle count=3.611305e+07, change=2.063127e-16
  iter 262: particle count=3.611305e+07, change=0.000000e+00
  iter 263: particle count=3.611305e+07, change=0.000000e+00
  iter 264: particle count=3.611305e+07, change=0.000000e+00
  iter 265: particle count=3.611305e+07, change=0.000000e+00
  iter 266: particle count=3.611305e+07, change=0.000000e+00
  iter 267: particle count=3.611305e+07, change=0.000000e+00
  iter 268: particle count=3.611305e+07, change=-2.063127e-16
  iter 269: particle count=3.611305e+07, change=2.063127e-16
  iter 270: particle count=3.611305e+07, change=0.000000e+00
  iter 271: particle count=3.611305e+07, change=0.000000e+00
  iter 272: particle count=3.611305e+07, change=0.000000e+00
  iter 273: particle count=3.611305e+07, change=0.000000e+00
  iter 274: particle count=3.611305e+07, change=0.000000e+00
  iter 275: particle count=3.611305e+07, change=0.000000e+00
  iter 276: particle count=3.611305e+07, change=0.000000e+00
  iter 277: particle count=3.611305e+07, change=-2.063127e-16
  iter 278: particle count=3.611305e+07, change=2.063127e-16
  iter 279: particle count=3.611305e+07, change=0.000000e+00
  iter 280: particle count=3.611305e+07, change=0.000000e+00
  iter 281: particle count=3.611305e+07, change=0.000000e+00
  iter 282: particle count=3.611305e+07, change=0.000000e+00
  iter 283: particle count=3.611305e+07, change=0.000000e+00
  iter 284: particle count=3.611305e+07, change=0.000000e+00
  iter 285: particle count=3.611305e+07, change=0.000000e+00
  iter 286: particle count=3.611305e+07, change=0.000000e+00
  iter 287: particle count=3.611305e+07, change=0.000000e+00
  iter 288: particle count=3.611305e+07, change=0.000000e+00
  iter 289: particle count=3.611305e+07, change=0.000000e+00
  iter 290: particle count=3.611305e+07, change=0.000000e+00
  iter 291: particle count=3.611305e+07, change=0.000000e+00
  iter 292: particle count=3.611305e+07, change=0.000000e+00
  iter 293: particle count=3.611305e+07, change=0.000000e+00
  iter 294: particle count=3.611305e+07, change=0.000000e+00
  iter 295: particle count=3.611305e+07, change=0.000000e+00
  iter 296: particle count=3.611305e+07, change=0.000000e+00
  iter 297: particle count=3.611305e+07, change=0.000000e+00
  iter 298: particle count=3.611305e+07, change=0.000000e+00
  iter 299: particle count=3.611305e+07, change=0.000000e+00
  iter 300: particle count=3.611305e+07, change=-2.063127e-16
  iter 301: particle count=3.611305e+07, change=2.063127e-16
  iter 302: particle count=3.611305e+07, change=0.000000e+00
  iter 303: particle count=3.611305e+07, change=-2.063127e-16
  iter 304: particle count=3.611305e+07, change=2.063127e-16
  iter 305: particle count=3.611305e+07, change=0.000000e+00
  iter 306: particle count=3.611305e+07, change=-2.063127e-16
  iter 307: particle count=3.611305e+07, change=2.063127e-16
  iter 308: particle count=3.611305e+07, change=0.000000e+00
  iter 309: particle count=3.611305e+07, change=0.000000e+00
  iter 310: particle count=3.611305e+07, change=0.000000e+00
  iter 311: particle count=3.611305e+07, change=0.000000e+00
  iter 312: particle count=3.611305e+07, change=0.000000e+00
  iter 313: particle count=3.611305e+07, change=-2.063127e-16
  iter 314: particle count=3.611305e+07, change=2.063127e-16
  iter 315: particle count=3.611305e+07, change=0.000000e+00
  iter 316: particle count=3.611305e+07, change=0.000000e+00
  iter 317: particle count=3.611305e+07, change=0.000000e+00
  iter 318: particle count=3.611305e+07, change=0.000000e+00
  iter 319: particle count=3.611305e+07, change=0.000000e+00
  iter 320: particle count=3.611305e+07, change=0.000000e+00
  iter 321: particle count=3.611305e+07, change=0.000000e+00
  iter 322: particle count=3.611305e+07, change=0.000000e+00
  iter 323: particle count=3.611305e+07, change=0.000000e+00
  iter 324: particle count=3.611305e+07, change=0.000000e+00
  iter 325: particle count=3.611305e+07, change=0.000000e+00
  iter 326: particle count=3.611305e+07, change=0.000000e+00
  iter 327: particle count=3.611305e+07, change=0.000000e+00
  iter 328: particle count=3.611305e+07, change=0.000000e+00
  iter 329: particle count=3.611305e+07, change=0.000000e+00
  iter 330: particle count=3.611305e+07, change=0.000000e+00
  iter 331: particle count=3.611305e+07, change=0.000000e+00
  iter 332: particle count=3.611305e+07, change=0.000000e+00
  iter 333: particle count=3.611305e+07, change=0.000000e+00
  iter 334: particle count=3.611305e+07, change=0.000000e+00
  iter 335: particle count=3.611305e+07, change=0.000000e+00
  iter 336: particle count=3.611305e+07, change=0.000000e+00
  iter 337: particle count=3.611305e+07, change=0.000000e+00
  iter 338: particle count=3.611305e+07, change=-2.063127e-16
  iter 339: particle count=3.611305e+07, change=2.063127e-16
  iter 340: particle count=3.611305e+07, change=0.000000e+00
  iter 341: particle count=3.611305e+07, change=-2.063127e-16
  iter 342: particle count=3.611305e+07, change=2.063127e-16
  iter 343: particle count=3.611305e+07, change=-2.063127e-16
  iter 344: particle count=3.611305e+07, change=2.063127e-16
  iter 345: particle count=3.611305e+07, change=0.000000e+00
  iter 346: particle count=3.611305e+07, change=0.000000e+00
  iter 347: particle count=3.611305e+07, change=0.000000e+00
  iter 348: particle count=3.611305e+07, change=0.000000e+00
  iter 349: particle count=3.611305e+07, change=-2.063127e-16
  iter 350: particle count=3.611305e+07, change=2.063127e-16
  iter 351: particle count=3.611305e+07, change=0.000000e+00
  iter 352: particle count=3.611305e+07, change=0.000000e+00
  iter 353: particle count=3.611305e+07, change=0.000000e+00
  iter 354: particle count=3.611305e+07, change=0.000000e+00
  iter 355: particle count=3.611305e+07, change=-2.063127e-16
  iter 356: particle count=3.611305e+07, change=2.063127e-16
  iter 357: particle count=3.611305e+07, change=0.000000e+00
  iter 358: particle count=3.611305e+07, change=0.000000e+00
  iter 359: particle count=3.611305e+07, change=0.000000e+00
  iter 360: particle count=3.611305e+07, change=0.000000e+00
  iter 361: particle count=3.611305e+07, change=0.000000e+00
  iter 362: particle count=3.611305e+07, change=0.000000e+00
  iter 363: particle count=3.611305e+07, change=0.000000e+00
  iter 364: particle count=3.611305e+07, change=0.000000e+00
  iter 365: particle count=3.611305e+07, change=0.000000e+00
  iter 366: particle count=3.611305e+07, change=0.000000e+00
  iter 367: particle count=3.611305e+07, change=0.000000e+00
  iter 368: particle count=3.611305e+07, change=0.000000e+00
  iter 369: particle count=3.611305e+07, change=0.000000e+00
  iter 370: particle count=3.611305e+07, change=0.000000e+00
  iter 371: particle count=3.611305e+07, change=-2.063127e-16
  iter 372: particle count=3.611305e+07, change=2.063127e-16
  iter 373: particle count=3.611305e+07, change=0.000000e+00
  iter 374: particle count=3.611305e+07, change=0.000000e+00
  iter 375: particle count=3.611305e+07, change=0.000000e+00
  iter 376: particle count=3.611305e+07, change=0.000000e+00
  iter 377: particle count=3.611305e+07, change=0.000000e+00
  iter 378: particle count=3.611305e+07, change=0.000000e+00
  iter 379: particle count=3.611305e+07, change=-2.063127e-16
  iter 380: particle count=3.611305e+07, change=0.000000e+00
  iter 381: particle count=3.611305e+07, change=0.000000e+00
  iter 382: particle count=3.611305e+07, change=2.063127e-16
  iter 383: particle count=3.611305e+07, change=0.000000e+00
  iter 384: particle count=3.611305e+07, change=0.000000e+00
  iter 385: particle count=3.611305e+07, change=0.000000e+00
  iter 386: particle count=3.611305e+07, change=0.000000e+00
  iter 387: particle count=3.611305e+07, change=0.000000e+00
  iter 388: particle count=3.611305e+07, change=0.000000e+00
  iter 389: particle count=3.611305e+07, change=0.000000e+00
  iter 390: particle count=3.611305e+07, change=0.000000e+00
  iter 391: particle count=3.611305e+07, change=-2.063127e-16
  iter 392: particle count=3.611305e+07, change=0.000000e+00
  iter 393: particle count=3.611305e+07, change=0.000000e+00
  iter 394: particle count=3.611305e+07, change=0.000000e+00
  iter 395: particle count=3.611305e+07, change=2.063127e-16
  iter 396: particle count=3.611305e+07, change=0.000000e+00
  iter 397: particle count=3.611305e+07, change=0.000000e+00
  iter 398: particle count=3.611305e+07, change=0.000000e+00
  iter 399: particle count=3.611305e+07, change=0.000000e+00
  iter 400: particle count=3.611305e+07, change=0.000000e+00
  iter 401: particle count=3.611305e+07, change=0.000000e+00
  iter 402: particle count=3.611305e+07, change=0.000000e+00
  iter 403: particle count=3.611305e+07, change=0.000000e+00
  iter 404: particle count=3.611305e+07, change=0.000000e+00
  iter 405: particle count=3.611305e+07, change=0.000000e+00
  iter 406: particle count=3.611305e+07, change=-2.063127e-16
  iter 407: particle count=3.611305e+07, change=2.063127e-16
  iter 408: particle count=3.611305e+07, change=0.000000e+00
  iter 409: particle count=3.611305e+07, change=0.000000e+00
  iter 410: particle count=3.611305e+07, change=0.000000e+00
  iter 411: particle count=3.611305e+07, change=0.000000e+00
  iter 412: particle count=3.611305e+07, change=0.000000e+00
  iter 413: particle count=3.611305e+07, change=0.000000e+00
  iter 414: particle count=3.611305e+07, change=0.000000e+00
  iter 415: particle count=3.611305e+07, change=0.000000e+00
  iter 416: particle count=3.611305e+07, change=0.000000e+00
  iter 417: particle count=3.611305e+07, change=0.000000e+00
  iter 418: particle count=3.611305e+07, change=0.000000e+00
  iter 419: particle count=3.611305e+07, change=0.000000e+00
  iter 420: particle count=3.611305e+07, change=0.000000e+00
  iter 421: particle count=3.611305e+07, change=0.000000e+00
  iter 422: particle count=3.611305e+07, change=0.000000e+00
  iter 423: particle count=3.611305e+07, change=0.000000e+00
  iter 424: particle count=3.611305e+07, change=0.000000e+00
  iter 425: particle count=3.611305e+07, change=0.000000e+00
  iter 426: particle count=3.611305e+07, change=0.000000e+00
  iter 427: particle count=3.611305e+07, change=0.000000e+00
  iter 428: particle count=3.611305e+07, change=0.000000e+00
  iter 429: particle count=3.611305e+07, change=0.000000e+00
  iter 430: particle count=3.611305e+07, change=0.000000e+00
  iter 431: particle count=3.611305e+07, change=0.000000e+00
  iter 432: particle count=3.611305e+07, change=0.000000e+00
  iter 433: particle count=3.611305e+07, change=0.000000e+00
  iter 434: particle count=3.611305e+07, change=0.000000e+00
  iter 435: particle count=3.611305e+07, change=-2.063127e-16
  iter 436: particle count=3.611305e+07, change=2.063127e-16
  iter 437: particle count=3.611305e+07, change=0.000000e+00
  iter 438: particle count=3.611305e+07, change=0.000000e+00
  iter 439: particle count=3.611305e+07, change=0.000000e+00
  iter 440: particle count=3.611305e+07, change=-2.063127e-16
  iter 441: particle count=3.611305e+07, change=0.000000e+00
  iter 442: particle count=3.611305e+07, change=2.063127e-16
  iter 443: particle count=3.611305e+07, change=0.000000e+00
  iter 444: particle count=3.611305e+07, change=0.000000e+00
  iter 445: particle count=3.611305e+07, change=0.000000e+00
  iter 446: particle count=3.611305e+07, change=0.000000e+00
  iter 447: particle count=3.611305e+07, change=0.000000e+00
  iter 448: particle count=3.611305e+07, change=0.000000e+00
  iter 449: particle count=3.611305e+07, change=0.000000e+00
  iter 450: particle count=3.611305e+07, change=0.000000e+00
  iter 451: particle count=3.611305e+07, change=0.000000e+00
  iter 452: particle count=3.611305e+07, change=0.000000e+00
  iter 453: particle count=3.611305e+07, change=0.000000e+00
  iter 454: particle count=3.611305e+07, change=0.000000e+00
  iter 455: particle count=3.611305e+07, change=0.000000e+00
  iter 456: particle count=3.611305e+07, change=0.000000e+00
  iter 457: particle count=3.611305e+07, change=0.000000e+00
  iter 458: particle count=3.611305e+07, change=-2.063127e-16
  iter 459: particle count=3.611305e+07, change=0.000000e+00
  iter 460: particle count=3.611305e+07, change=0.000000e+00
  iter 461: particle count=3.611305e+07, change=2.063127e-16
  iter 462: particle count=3.611305e+07, change=0.000000e+00
  iter 463: particle count=3.611305e+07, change=0.000000e+00
  iter 464: particle count=3.611305e+07, change=0.000000e+00
  iter 465: particle count=3.611305e+07, change=0.000000e+00
  iter 466: particle count=3.611305e+07, change=0.000000e+00
  iter 467: particle count=3.611305e+07, change=0.000000e+00
  iter 468: particle count=3.611305e+07, change=-2.063127e-16
  iter 469: particle count=3.611305e+07, change=2.063127e-16
  iter 470: particle count=3.611305e+07, change=0.000000e+00
  iter 471: particle count=3.611305e+07, change=0.000000e+00
  iter 472: particle count=3.611305e+07, change=0.000000e+00
  iter 473: particle count=3.611305e+07, change=0.000000e+00
  iter 474: particle count=3.611305e+07, change=0.000000e+00
  iter 475: particle count=3.611305e+07, change=-2.063127e-16
  iter 476: particle count=3.611305e+07, change=2.063127e-16
  iter 477: particle count=3.611305e+07, change=0.000000e+00
  iter 478: particle count=3.611305e+07, change=0.000000e+00
  iter 479: particle count=3.611305e+07, change=0.000000e+00
  iter 480: particle count=3.611305e+07, change=-2.063127e-16
  iter 481: particle count=3.611305e+07, change=2.063127e-16
  iter 482: particle count=3.611305e+07, change=0.000000e+00
  iter 483: particle count=3.611305e+07, change=0.000000e+00
  iter 484: particle count=3.611305e+07, change=0.000000e+00
  iter 485: particle count=3.611305e+07, change=0.000000e+00
  iter 486: particle count=3.611305e+07, change=0.000000e+00
  iter 487: particle count=3.611305e+07, change=0.000000e+00
  iter 488: particle count=3.611305e+07, change=0.000000e+00
  iter 489: particle count=3.611305e+07, change=0.000000e+00
  iter 490: particle count=3.611305e+07, change=0.000000e+00
  iter 491: particle count=3.611305e+07, change=0.000000e+00
  iter 492: particle count=3.611305e+07, change=-2.063127e-16
  iter 493: particle count=3.611305e+07, change=2.063127e-16
  iter 494: particle count=3.611305e+07, change=0.000000e+00
  iter 495: particle count=3.611305e+07, change=-2.063127e-16
  iter 496: particle count=3.611305e+07, change=2.063127e-16
  iter 497: particle count=3.611305e+07, change=0.000000e+00
  iter 498: particle count=3.611305e+07, change=0.000000e+00
  iter 499: particle count=3.611305e+07, change=0.000000e+00
  Solver terminated

Timers
======

  Timer                    Count       Seconds
  ----------------  ------------  ------------
  Generate                     1       0.29739
  LPlusTimes                 500       0.38342
  LTimes                     500       0.31902
  Population                 500       0.79774
  Scattering                 500       2.10622
  Solve                        1      12.94769
  Source                     500       0.00647
  SweepSolver                500       8.96441
  SweepSubdomain          128000       1.47972

TIMER_NAMES:Generate,LPlusTimes,LTimes,Population,Scattering,Solve,Source,SweepSolver,SweepSubdomain
TIMER_DATA:0.297393,0.383425,0.319021,0.797738,2.106220,12.947691,0.006471,8.964409,1.479719

Figures of Merit
================

  Throughput:         6.219691e+10 [unknowns/(second/iteration)]
  Grind time :        1.607797e-11 [(seconds/iteration)/unknowns]
  Sweep efficiency :  16.50660 [100.0 * SweepSubdomain time / SweepSolver time]
  Number of unknowns: 1610612736

END
START OF JOBSPEC
{"resources": [{"type": "node", "count": 128, "with": [{"type": "slot", "count": 48, "with": [{"type": "core", "count": 1}], "label": "task"}]}], "tasks": [{"command": ["kripke", "--layout", "DGZ", "--dset", "16", "--gset", "16", "--groups", "16", "--niter", "500", "--legendre", "2", "--quad", "16", "--zones", "256,192,128", "--procs", "16,24,16"], "slot": "task", "count": {"per_slot": 1}}], "attributes": {"system": {"duration": 0, "cwd": "/root", "shell": {"options": {"rlimit": {"cpu": -1, "fsize": -1, "data": -1, "stack": 8388608, "core": 0, "nofile": 1024, "as": -1, "rss": -1, "nproc": 1450578}, "cpu-affinity": "per-task"}}}, "user": {"study_id": "kripke-128-iter-5"}}, "version": 1}
START OF EVENTLOG
{"timestamp":1760469063.9540429,"name":"init"}
{"timestamp":1760469063.9546885,"name":"starting"}
{"timestamp":1760469063.988795,"name":"shell.init","context":{"service":"0-shell-f4j6ETVvF","leader-rank":0,"size":128}}
{"timestamp":1760469064.0738757,"name":"shell.start","context":{"taskmap":{"version":1,"map":[[0,128,48,1]]}}}
{"timestamp":1760469095.8943117,"name":"shell.task-exit","context":{"localid":42,"rank":42,"state":"Exited","pid":3476,"wait_status":0,"signaled":0,"exitcode":0}}
{"timestamp":1760469096.150346,"name":"complete","context":{"status":0}}
{"timestamp":1760469096.1503668,"name":"done"}

