Defaulted container "osu" out of: osu, flux-view (init)
ðŸŸ§ï¸  wait-fs: 2025/09/29 05:41:07 wait-fs.go:40: /mnt/flux/flux-operator-done.txt
ðŸŸ§ï¸  wait-fs: 2025/09/29 05:41:07 wait-fs.go:49: Found existing path /mnt/flux/flux-operator-done.txt

Hello user root

ðŸŒŸï¸ Curve Certificate
curve.cert
#   ****  Generated on 2023-04-26 22:54:42 by CZMQ  ****
#   ZeroMQ CURVE **Secret** Certificate
#   DO NOT PROVIDE THIS FILE TO OTHER USERS nor change its permissions.
    
metadata
    name = "flux-cert-generator"
    keygen.hostname = "osu-0"
curve
    public-key = "6Xh-Hzk70e7Uf+^//B6$1qQ7cl&ReLOgBr(Bt64$"
    secret-key = "*kVPB:f4(7C{G{@[+js>lCTqhRWj>zSU)(H&}R$H"

ðŸ“¦ Resources
flux R encode --hosts=osu-[0-1] --local
{"version": 1, "execution": {"R_lite": [{"rank": "0-1", "children": {"core": "0-47"}}], "starttime": 0.0, "expiration": 0.0, "nodelist": ["osu-[0-1]"]}}
ðŸ‘‹ Hello, I'm osu-0
The main host is osu-0
The working directory is /, contents include:
bin			dev		   lib64  run		      usr
bin.usr-is-merged	etc		   media  sbin		      var
boot			flux_operator	   mnt	  sbin.usr-is-merged
build			home		   opt	  srv
caliper-allreduce.conf	lib		   proc   sys
caliper-latency.conf	lib.usr-is-merged  root   tmp
ðŸš©ï¸ Flux Option Flags defined
Command provided is: /usr/libexec/osu-micro-benchmarks/mpi/pt2pt/osu_latency
Flags for flux are -N 2 -n2 -o cpu-affinity=per-task 

ðŸŒ€ Submit Mode: flux start -o --config /mnt/flux/view/etc/flux/config -Scron.directory=/etc/flux/system/cron.d   -Stbon.fanout=256   -Srundir=/mnt/flux/view/run/flux    -Sstatedir=/mnt/flux/view/var/lib/flux -Slocal-uri=local:///mnt/flux/view/run/flux/local -Stbon.connect_timeout=5s     -Slog-stderr-level=6    -Slog-stderr-mode=local  flux submit  -N 2 -n2 -o cpu-affinity=per-task  --quiet --watch /usr/libexec/osu-micro-benchmarks/mpi/pt2pt/osu_latency
Flags for flux are -N 2 -n2 -o cpu-affinity=per-task 
broker.info[0]: start: none->join 0.387197ms
broker.info[0]: parent-none: join->init 0.008925ms
cron.info[0]: synchronizing cron tasks to event heartbeat.pulse
job-manager.info[0]: restart: 0 jobs
job-manager.info[0]: restart: 0 running jobs
job-manager.info[0]: restart: checkpoint.job-manager not found
broker.info[0]: rc1.0: running /etc/flux/rc1.d/01-sched-fluxion
sched-fluxion-resource.info[0]: version 0.45.0
sched-fluxion-resource.warning[0]: create_reader: allowlist unsupported
sched-fluxion-resource.info[0]: populate_resource_db: loaded resources from core's resource.acquire
sched-fluxion-qmanager.info[0]: version 0.45.0
broker.info[0]: rc1.0: running /etc/flux/rc1.d/02-cron
broker.info[0]: rc1.0: tab: cron-1 created: scheduled in 76732.149s at Tue Sep 30 03:00:00 2025
broker.info[0]: rc1.0: /etc/flux/rc1 Exited (rc=0) 0.2s
broker.info[0]: rc1-success: init->quorum 0.247173s
broker.info[0]: online: osu-0 (ranks 0)
broker.info[0]: online: osu-[0-1] (ranks 0-1)
broker.info[0]: quorum-full: quorum->run 0.579524s
# OSU MPI Latency Test v5.8
# Size          Latency (us)
0                      52.75
1                      52.58
2                      52.41
4                      52.75
8                      52.42
16                     51.99
32                     52.28
64                     52.55
128                    52.52
256                    53.24
512                    53.83
1024                   54.38
2048                   70.09
4096                   67.51
8192                   73.51
16384                  75.17
32768                  80.63
65536                 205.31
131072                224.59
262144                252.58
524288                304.28
1048576               400.51
2097152               615.74
4194304              1080.66
broker.info[0]: rc2.0: flux submit -N 2 -n2 -o cpu-affinity=per-task --quiet --watch /usr/libexec/osu-micro-benchmarks/mpi/pt2pt/osu_latency Exited (rc=0) 24.1s
broker.info[0]: rc2-success: run->cleanup 24.1027s
broker.info[0]: cleanup.0: flux queue stop --quiet --all --nocheckpoint Exited (rc=0) 0.1s
broker.info[0]: cleanup.1: flux resource acquire-mute Exited (rc=0) 0.1s
broker.info[0]: cleanup.2: flux cancel --user=all --quiet --states RUN Exited (rc=0) 0.1s
broker.info[0]: cleanup.3: flux queue idle --quiet Exited (rc=0) 0.1s
broker.info[0]: cleanup-success: cleanup->shutdown 0.316758s
broker.info[0]: children-complete: shutdown->finalize 44.1752ms
broker.info[0]: rc3.0: running /etc/flux/rc3.d/01-sched-fluxion
broker.info[0]: rc3.0: /etc/flux/rc3 Exited (rc=0) 0.1s
broker.info[0]: rc3-success: finalize->goodbye 81.0105ms
broker.info[0]: goodbye: goodbye->exit 0.020214ms
