# OSU MPI Latency Test v5.8
# Size          Latency (us)
0                      52.24
1                      51.94
2                      53.52
4                      52.96
8                      52.12
16                     52.14
32                     52.24
64                     52.23
128                    53.52
256                    54.81
512                    55.15
1024                   54.36
2048                   71.08
4096                   75.31
8192                   75.17
16384                  77.56
32768                  81.29
65536                 205.64
131072                225.84
262144                251.12
524288                301.20
1048576               390.33
2097152               577.08
4194304               975.32
START OF JOBSPEC
{"resources": [{"type": "node", "count": 2, "with": [{"type": "slot", "count": 1, "with": [{"type": "core", "count": 1}], "label": "task"}]}], "tasks": [{"command": ["/usr/libexec/osu-micro-benchmarks/mpi/pt2pt/osu_latency"], "slot": "task", "count": {"per_slot": 1}}], "attributes": {"system": {"duration": 0, "cwd": "/", "shell": {"options": {"rlimit": {"cpu": -1, "fsize": -1, "data": -1, "stack": 8388608, "core": -1, "nofile": 1048576, "as": -1, "rss": -1, "nproc": -1}, "cpu-affinity": "per-task"}}, "constraints": {"hostlist": ["osu-63,osu-35"]}}, "user": {"study_id": "osu-latency-64-iter-0"}}, "version": 1}
START OF EVENTLOG
{"timestamp":1760418256.2253721,"name":"init"}
{"timestamp":1760418256.2259526,"name":"starting"}
{"timestamp":1760418256.2381067,"name":"shell.init","context":{"service":"0-shell-f3BtwdcCw","leader-rank":35,"size":2}}
{"timestamp":1760418256.2402267,"name":"shell.start","context":{"taskmap":{"version":1,"map":[[0,2,1,1]]}}}
{"timestamp":1760418280.1145957,"name":"shell.task-exit","context":{"localid":0,"rank":0,"state":"Exited","pid":76,"wait_status":0,"signaled":0,"exitcode":0}}
{"timestamp":1760418280.1175616,"name":"complete","context":{"status":0}}
{"timestamp":1760418280.117584,"name":"done"}

