# OSU MPI Latency Test v5.8
# Size          Latency (us)
0                      48.43
1                      49.12
2                      50.12
4                      50.13
8                      50.06
16                     50.02
32                     50.81
64                     51.92
128                    52.03
256                    52.82
512                    53.23
1024                   52.65
2048                   69.43
4096                   66.04
8192                   72.72
16384                  75.11
32768                  79.35
65536                 199.63
131072                217.97
262144                242.93
524288                289.49
1048576               374.71
2097152               562.75
4194304               919.37
START OF JOBSPEC
{"resources": [{"type": "node", "count": 2, "with": [{"type": "slot", "count": 1, "with": [{"type": "core", "count": 1}], "label": "task"}]}], "tasks": [{"command": ["/usr/libexec/osu-micro-benchmarks/mpi/pt2pt/osu_latency"], "slot": "task", "count": {"per_slot": 1}}], "attributes": {"system": {"duration": 0, "cwd": "/", "shell": {"options": {"rlimit": {"cpu": -1, "fsize": -1, "data": -1, "stack": 8388608, "core": -1, "nofile": 1048576, "as": -1, "rss": -1, "nproc": -1}, "cpu-affinity": "per-task"}}, "constraints": {"hostlist": ["osu-35,osu-22"]}}, "user": {"study_id": "osu-latency-64-iter-0"}}, "version": 1}
START OF EVENTLOG
{"timestamp":1760418330.2986913,"name":"init"}
{"timestamp":1760418330.2992995,"name":"starting"}
{"timestamp":1760418330.3107302,"name":"shell.init","context":{"service":"0-shell-f3kYLCPXM","leader-rank":22,"size":2}}
{"timestamp":1760418330.3125529,"name":"shell.start","context":{"taskmap":{"version":1,"map":[[0,2,1,1]]}}}
{"timestamp":1760418353.142236,"name":"shell.task-exit","context":{"localid":0,"rank":0,"state":"Exited","pid":79,"wait_status":0,"signaled":0,"exitcode":0}}
{"timestamp":1760418353.1450434,"name":"complete","context":{"status":0}}
{"timestamp":1760418353.1450677,"name":"done"}

