# OSU MPI Latency Test v5.8
# Size          Latency (us)
0                      49.39
1                      49.39
2                      49.38
4                      49.34
8                      49.32
16                     49.46
32                     49.56
64                     49.58
128                    49.62
256                    50.60
512                    50.99
1024                   51.44
2048                   69.20
4096                   69.17
8192                   72.66
16384                  75.28
32768                  79.49
65536                 200.48
131072                221.01
262144                253.26
524288                309.94
1048576               417.93
2097152               638.28
4194304               989.64
START OF JOBSPEC
{"resources": [{"type": "node", "count": 2, "with": [{"type": "slot", "count": 1, "with": [{"type": "core", "count": 1}], "label": "task"}]}], "tasks": [{"command": ["/usr/libexec/osu-micro-benchmarks/mpi/pt2pt/osu_latency"], "slot": "task", "count": {"per_slot": 1}}], "attributes": {"system": {"duration": 0, "cwd": "/", "shell": {"options": {"rlimit": {"cpu": -1, "fsize": -1, "data": -1, "stack": 8388608, "core": -1, "nofile": 1048576, "as": -1, "rss": -1, "nproc": -1}, "cpu-affinity": "per-task"}}, "constraints": {"hostlist": ["osu-35,osu-60"]}}, "user": {"study_id": "osu-latency-64-iter-0"}}, "version": 1}
START OF EVENTLOG
{"timestamp":1760418374.6723218,"name":"init"}
{"timestamp":1760418374.6729743,"name":"starting"}
{"timestamp":1760418374.6845131,"name":"shell.init","context":{"service":"0-shell-f466ZAwAP","leader-rank":35,"size":2}}
{"timestamp":1760418374.6864767,"name":"shell.start","context":{"taskmap":{"version":1,"map":[[0,2,1,1]]}}}
{"timestamp":1760418397.7600234,"name":"shell.task-exit","context":{"localid":0,"rank":0,"state":"Exited","pid":85,"wait_status":0,"signaled":0,"exitcode":0}}
{"timestamp":1760418397.7634208,"name":"complete","context":{"status":0}}
{"timestamp":1760418397.763442,"name":"done"}

