# OSU MPI Latency Test v5.8
# Size          Latency (us)
0                      12.19
1                      13.19
2                      14.08
4                      14.10
8                      14.10
16                     14.13
32                     14.10
64                     14.18
128                    14.19
256                    15.68
512                    17.00
1024                   17.15
2048                   29.80
4096                   32.23
8192                   34.52
16384                  36.10
32768                  41.77
65536                  86.76
131072                107.56
262144                133.13
524288                187.94
1048576               286.64
2097152               515.52
4194304               866.74
START OF JOBSPEC
{"resources": [{"type": "node", "count": 2, "with": [{"type": "slot", "count": 1, "with": [{"type": "core", "count": 1}], "label": "task"}]}], "tasks": [{"command": ["/usr/libexec/osu-micro-benchmarks/mpi/pt2pt/osu_latency"], "slot": "task", "count": {"per_slot": 1}}], "attributes": {"system": {"duration": 0, "cwd": "/", "shell": {"options": {"rlimit": {"cpu": -1, "fsize": -1, "data": -1, "stack": 8388608, "core": -1, "nofile": 1048576, "as": -1, "rss": -1, "nproc": -1}, "cpu-affinity": "per-task"}}, "constraints": {"hostlist": ["osu-19,osu-35"]}}, "user": {"study_id": "osu-latency-64-iter-0"}}, "version": 1}
START OF EVENTLOG
{"timestamp":1760418070.1892471,"name":"init"}
{"timestamp":1760418070.1897612,"name":"starting"}
{"timestamp":1760418070.2005446,"name":"shell.init","context":{"service":"0-shell-fmuesDtb","leader-rank":19,"size":2}}
{"timestamp":1760418070.2023857,"name":"shell.start","context":{"taskmap":{"version":1,"map":[[0,2,1,1]]}}}
{"timestamp":1760418080.5367999,"name":"shell.task-exit","context":{"localid":0,"rank":0,"state":"Exited","pid":77,"wait_status":0,"signaled":0,"exitcode":0}}
{"timestamp":1760418080.5397704,"name":"complete","context":{"status":0}}
{"timestamp":1760418080.5397933,"name":"done"}

