# OSU MPI Latency Test v5.8
# Size          Latency (us)
0                      19.57
1                      19.96
2                      19.95
4                      20.02
8                      21.79
16                     21.88
32                     21.94
64                     21.80
128                    21.85
256                    22.74
512                    23.08
1024                   23.27
2048                   36.59
4096                   23.61
8192                   38.45
16384                  41.27
32768                  46.45
65536                 100.15
131072                117.27
262144                141.76
524288                189.67
1048576               272.23
2097152               467.20
4194304               735.40
START OF JOBSPEC
{"resources": [{"type": "node", "count": 2, "with": [{"type": "slot", "count": 1, "with": [{"type": "core", "count": 1}], "label": "task"}]}], "tasks": [{"command": ["/usr/libexec/osu-micro-benchmarks/mpi/pt2pt/osu_latency"], "slot": "task", "count": {"per_slot": 1}}], "attributes": {"system": {"duration": 0, "cwd": "/", "shell": {"options": {"rlimit": {"cpu": -1, "fsize": -1, "data": -1, "stack": 8388608, "core": -1, "nofile": 1048576, "as": -1, "rss": -1, "nproc": -1}, "cpu-affinity": "per-task"}}, "constraints": {"hostlist": ["osu-53,osu-22"]}}, "user": {"study_id": "osu-latency-64-iter-0"}}, "version": 1}
START OF EVENTLOG
{"timestamp":1760418207.5936737,"name":"init"}
{"timestamp":1760418207.5942733,"name":"starting"}
{"timestamp":1760418207.6050227,"name":"shell.init","context":{"service":"0-shell-f2pTrVoMH","leader-rank":22,"size":2}}
{"timestamp":1760418207.6068208,"name":"shell.start","context":{"taskmap":{"version":1,"map":[[0,2,1,1]]}}}
{"timestamp":1760418219.3681283,"name":"shell.task-exit","context":{"localid":0,"rank":0,"state":"Exited","pid":73,"wait_status":0,"signaled":0,"exitcode":0}}
{"timestamp":1760418219.3707497,"name":"complete","context":{"status":0}}
{"timestamp":1760418219.370765,"name":"done"}

