# OSU MPI Latency Test v5.8
# Size          Latency (us)
0                      46.30
1                      46.62
2                      46.10
4                      46.46
8                      46.58
16                     46.25
32                     46.51
64                     46.81
128                    46.98
256                    47.28
512                    47.46
1024                   48.02
2048                   65.26
4096                   61.41
8192                   69.05
16384                  71.06
32768                  75.50
65536                 189.50
131072                209.99
262144                236.48
524288                287.49
1048576               389.26
2097152               628.41
4194304               939.71
START OF JOBSPEC
{"resources": [{"type": "node", "count": 2, "with": [{"type": "slot", "count": 1, "with": [{"type": "core", "count": 1}], "label": "task"}]}], "tasks": [{"command": ["/usr/libexec/osu-micro-benchmarks/mpi/pt2pt/osu_latency"], "slot": "task", "count": {"per_slot": 1}}], "attributes": {"system": {"duration": 0, "cwd": "/", "shell": {"options": {"rlimit": {"cpu": -1, "fsize": -1, "data": -1, "stack": 8388608, "core": -1, "nofile": 1048576, "as": -1, "rss": -1, "nproc": -1}, "cpu-affinity": "per-task"}}, "constraints": {"hostlist": ["osu-19,osu-63"]}}, "user": {"study_id": "osu-latency-64-iter-0"}}, "version": 1}
START OF EVENTLOG
{"timestamp":1760418048.2940271,"name":"init"}
{"timestamp":1760418048.2945817,"name":"starting"}
{"timestamp":1760418048.3053222,"name":"shell.init","context":{"service":"0-shell-fcFzYLib","leader-rank":19,"size":2}}
{"timestamp":1760418048.3075068,"name":"shell.start","context":{"taskmap":{"version":1,"map":[[0,2,1,1]]}}}
{"timestamp":1760418070.0120082,"name":"shell.task-exit","context":{"localid":0,"rank":0,"state":"Exited","pid":74,"wait_status":0,"signaled":0,"exitcode":0}}
{"timestamp":1760418070.0150206,"name":"complete","context":{"status":0}}
{"timestamp":1760418070.015043,"name":"done"}

