# OSU MPI Latency Test v5.8
# Size          Latency (us)
0                      54.03
1                      54.07
2                      54.14
4                      53.98
8                      53.88
16                     54.10
32                     54.09
64                     54.10
128                    54.17
256                    55.07
512                    55.30
1024                   55.76
2048                   73.51
4096                   69.94
8192                   76.77
16384                  78.97
32768                  82.22
65536                 210.42
131072                224.03
262144                245.52
524288                285.87
1048576               358.55
2097152               571.56
4194304               988.17
START OF JOBSPEC
{"resources": [{"type": "node", "count": 2, "with": [{"type": "slot", "count": 1, "with": [{"type": "core", "count": 1}], "label": "task"}]}], "tasks": [{"command": ["/usr/libexec/osu-micro-benchmarks/mpi/pt2pt/osu_latency"], "slot": "task", "count": {"per_slot": 1}}], "attributes": {"system": {"duration": 0, "cwd": "/", "shell": {"options": {"rlimit": {"cpu": -1, "fsize": -1, "data": -1, "stack": 8388608, "core": -1, "nofile": 1048576, "as": -1, "rss": -1, "nproc": -1}, "cpu-affinity": "per-task"}}, "constraints": {"hostlist": ["osu-19,osu-9"]}}, "user": {"study_id": "osu-latency-64-iter-0"}}, "version": 1}
START OF EVENTLOG
{"timestamp":1760418102.298238,"name":"init"}
{"timestamp":1760418102.2987721,"name":"starting"}
{"timestamp":1760418102.3094969,"name":"shell.init","context":{"service":"0-shell-f224PudSf","leader-rank":9,"size":2}}
{"timestamp":1760418102.3117383,"name":"shell.start","context":{"taskmap":{"version":1,"map":[[0,2,1,1]]}}}
{"timestamp":1760418126.401505,"name":"shell.task-exit","context":{"localid":0,"rank":0,"state":"Exited","pid":71,"wait_status":0,"signaled":0,"exitcode":0}}
{"timestamp":1760418126.4043884,"name":"complete","context":{"status":0}}
{"timestamp":1760418126.4044113,"name":"done"}

