# OSU MPI Latency Test v5.8
# Size          Latency (us)
0                      45.07
1                      44.98
2                      45.08
4                      45.20
8                      45.16
16                     45.33
32                     45.33
64                     45.25
128                    45.46
256                    46.30
512                    46.64
1024                   46.91
2048                   63.99
4096                   67.65
8192                   67.60
16384                  69.32
32768                  73.43
65536                 183.44
131072                202.56
262144                227.55
524288                274.62
1048576               371.76
2097152               593.89
4194304               872.91
START OF JOBSPEC
{"resources": [{"type": "node", "count": 2, "with": [{"type": "slot", "count": 1, "with": [{"type": "core", "count": 1}], "label": "task"}]}], "tasks": [{"command": ["/usr/libexec/osu-micro-benchmarks/mpi/pt2pt/osu_latency"], "slot": "task", "count": {"per_slot": 1}}], "attributes": {"system": {"duration": 0, "cwd": "/", "shell": {"options": {"rlimit": {"cpu": -1, "fsize": -1, "data": -1, "stack": 8388608, "core": -1, "nofile": 1048576, "as": -1, "rss": -1, "nproc": -1}, "cpu-affinity": "per-task"}}, "constraints": {"hostlist": ["osu-35,osu-9"]}}, "user": {"study_id": "osu-latency-64-iter-0"}}, "version": 1}
START OF EVENTLOG
{"timestamp":1760418353.3205094,"name":"init"}
{"timestamp":1760418353.321173,"name":"starting"}
{"timestamp":1760418353.3326354,"name":"shell.init","context":{"service":"0-shell-f3vgoMKHy","leader-rank":9,"size":2}}
{"timestamp":1760418353.3344052,"name":"shell.start","context":{"taskmap":{"version":1,"map":[[0,2,1,1]]}}}
{"timestamp":1760418374.4953294,"name":"shell.task-exit","context":{"localid":0,"rank":0,"state":"Exited","pid":80,"wait_status":0,"signaled":0,"exitcode":0}}
{"timestamp":1760418374.498147,"name":"complete","context":{"status":0}}
{"timestamp":1760418374.4981685,"name":"done"}

