# OSU MPI Latency Test v5.8
# Size          Latency (us)
0                      50.87
1                      51.18
2                      51.04
4                      51.02
8                      51.00
16                     51.05
32                     51.31
64                     51.22
128                    51.30
256                    52.16
512                    52.86
1024                   52.86
2048                   70.23
4096                   72.59
8192                   73.16
16384                  76.01
32768                  79.50
65536                 204.77
131072                222.40
262144                246.80
524288                294.22
1048576               380.15
2097152               620.54
4194304               995.36
START OF JOBSPEC
{"resources": [{"type": "node", "count": 2, "with": [{"type": "slot", "count": 1, "with": [{"type": "core", "count": 1}], "label": "task"}]}], "tasks": [{"command": ["/usr/libexec/osu-micro-benchmarks/mpi/pt2pt/osu_latency"], "slot": "task", "count": {"per_slot": 1}}], "attributes": {"system": {"duration": 0, "cwd": "/", "shell": {"options": {"rlimit": {"cpu": -1, "fsize": -1, "data": -1, "stack": 8388608, "core": -1, "nofile": 1048576, "as": -1, "rss": -1, "nproc": -1}, "cpu-affinity": "per-task"}}, "constraints": {"hostlist": ["osu-19,osu-60"]}}, "user": {"study_id": "osu-latency-64-iter-0"}}, "version": 1}
START OF EVENTLOG
{"timestamp":1760418126.5795012,"name":"init"}
{"timestamp":1760418126.5800707,"name":"starting"}
{"timestamp":1760418126.5908194,"name":"shell.init","context":{"service":"0-shell-f2Cm3ay1R","leader-rank":19,"size":2}}
{"timestamp":1760418126.5928915,"name":"shell.start","context":{"taskmap":{"version":1,"map":[[0,2,1,1]]}}}
{"timestamp":1760418150.0412242,"name":"shell.task-exit","context":{"localid":0,"rank":0,"state":"Exited","pid":86,"wait_status":0,"signaled":0,"exitcode":0}}
{"timestamp":1760418150.0441711,"name":"complete","context":{"status":0}}
{"timestamp":1760418150.0441957,"name":"done"}

