# OSU MPI Latency Test v5.8
# Size          Latency (us)
0                      49.91
1                      49.79
2                      50.09
4                      49.84
8                      49.88
16                     49.87
32                     50.10
64                     50.07
128                    50.26
256                    51.21
512                    51.35
1024                   51.83
2048                   69.14
4096                   63.62
8192                   72.55
16384                  75.06
32768                  79.15
65536                 203.29
131072                220.40
262144                246.52
524288                297.95
1048576               391.47
2097152               595.98
4194304              1052.43
START OF JOBSPEC
{"resources": [{"type": "node", "count": 2, "with": [{"type": "slot", "count": 1, "with": [{"type": "core", "count": 1}], "label": "task"}]}], "tasks": [{"command": ["/usr/libexec/osu-micro-benchmarks/mpi/pt2pt/osu_latency"], "slot": "task", "count": {"per_slot": 1}}], "attributes": {"system": {"duration": 0, "cwd": "/", "shell": {"options": {"rlimit": {"cpu": -1, "fsize": -1, "data": -1, "stack": 8388608, "core": -1, "nofile": 1048576, "as": -1, "rss": -1, "nproc": -1}, "cpu-affinity": "per-task"}}, "constraints": {"hostlist": ["osu-19,osu-53"]}}, "user": {"study_id": "osu-latency-64-iter-0"}}, "version": 1}
START OF EVENTLOG
{"timestamp":1760418025.0699742,"name":"init"}
{"timestamp":1760418025.0803404,"name":"shell.init","context":{"service":"0-shell-fS2LRvjy","leader-rank":19,"size":2}}
{"timestamp":1760418025.0704875,"name":"starting"}
{"timestamp":1760418025.0824842,"name":"shell.start","context":{"taskmap":{"version":1,"map":[[0,2,1,1]]}}}
{"timestamp":1760418048.1176724,"name":"shell.task-exit","context":{"localid":0,"rank":0,"state":"Exited","pid":71,"wait_status":0,"signaled":0,"exitcode":0}}
{"timestamp":1760418048.1205432,"name":"complete","context":{"status":0}}
{"timestamp":1760418048.1205685,"name":"done"}

