# OSU MPI Latency Test v5.8
# Size          Latency (us)
0                      47.28
1                      47.32
2                      47.29
4                      47.27
8                      47.31
16                     47.34
32                     47.49
64                     47.45
128                    47.62
256                    48.43
512                    48.64
1024                   49.02
2048                   66.62
4096                   64.11
8192                   70.03
16384                  71.65
32768                  75.15
65536                 190.55
131072                204.45
262144                225.46
524288                265.80
1048576               350.76
2097152               536.79
4194304               787.89
START OF JOBSPEC
{"resources": [{"type": "node", "count": 2, "with": [{"type": "slot", "count": 1, "with": [{"type": "core", "count": 1}], "label": "task"}]}], "tasks": [{"command": ["/usr/libexec/osu-micro-benchmarks/mpi/pt2pt/osu_latency"], "slot": "task", "count": {"per_slot": 1}}], "attributes": {"system": {"duration": 0, "cwd": "/", "shell": {"options": {"rlimit": {"cpu": -1, "fsize": -1, "data": -1, "stack": 8388608, "core": -1, "nofile": 1048576, "as": -1, "rss": -1, "nproc": -1}, "cpu-affinity": "per-task"}}, "constraints": {"hostlist": ["osu-19,osu-22"]}}, "user": {"study_id": "osu-latency-64-iter-0"}}, "version": 1}
START OF EVENTLOG
{"timestamp":1760418080.7122941,"name":"init"}
{"timestamp":1760418080.7128308,"name":"starting"}
{"timestamp":1760418080.7231209,"name":"shell.init","context":{"service":"0-shell-frYdgvMD","leader-rank":19,"size":2}}
{"timestamp":1760418080.7251213,"name":"shell.start","context":{"taskmap":{"version":1,"map":[[0,2,1,1]]}}}
{"timestamp":1760418102.119143,"name":"shell.task-exit","context":{"localid":0,"rank":0,"state":"Exited","pid":80,"wait_status":0,"signaled":0,"exitcode":0}}
{"timestamp":1760418102.1219962,"name":"complete","context":{"status":0}}
{"timestamp":1760418102.1220322,"name":"done"}

