# OSU MPI Latency Test v5.8
# Size          Latency (us)
0                      45.54
1                      45.47
2                      45.54
4                      45.47
8                      45.55
16                     45.51
32                     45.61
64                     45.65
128                    45.79
256                    46.47
512                    46.83
1024                   47.40
2048                   64.85
4096                   69.11
8192                   68.23
16384                  69.88
32768                  73.68
65536                 185.43
131072                201.08
262144                221.73
524288                264.87
1048576               359.94
2097152               571.67
4194304              1111.21
START OF JOBSPEC
{"resources": [{"type": "node", "count": 2, "with": [{"type": "slot", "count": 1, "with": [{"type": "core", "count": 1}], "label": "task"}]}], "tasks": [{"command": ["/usr/libexec/osu-micro-benchmarks/mpi/pt2pt/osu_latency"], "slot": "task", "count": {"per_slot": 1}}], "attributes": {"system": {"duration": 0, "cwd": "/", "shell": {"options": {"rlimit": {"cpu": -1, "fsize": -1, "data": -1, "stack": 8388608, "core": -1, "nofile": 1048576, "as": -1, "rss": -1, "nproc": -1}, "cpu-affinity": "per-task"}}, "constraints": {"hostlist": ["osu-19,osu-48"]}}, "user": {"study_id": "osu-latency-64-iter-0"}}, "version": 1}
START OF EVENTLOG
{"timestamp":1760418150.2202876,"name":"init"}
{"timestamp":1760418150.2208147,"name":"starting"}
{"timestamp":1760418150.2320385,"name":"shell.init","context":{"service":"0-shell-f2PBLSEDV","leader-rank":19,"size":2}}
{"timestamp":1760418150.233834,"name":"shell.start","context":{"taskmap":{"version":1,"map":[[0,2,1,1]]}}}
{"timestamp":1760418171.9230728,"name":"shell.task-exit","context":{"localid":0,"rank":0,"state":"Exited","pid":89,"wait_status":0,"signaled":0,"exitcode":0}}
{"timestamp":1760418171.9257305,"name":"complete","context":{"status":0}}
{"timestamp":1760418171.9257541,"name":"done"}

