Defaulted container "osu" out of: osu, flux-view (init)
ðŸŸ§ï¸  wait-fs: 2025/09/29 06:12:37 wait-fs.go:40: /mnt/flux/flux-operator-done.txt
ðŸŸ§ï¸  wait-fs: 2025/09/29 06:12:37 wait-fs.go:49: Found existing path /mnt/flux/flux-operator-done.txt

Hello user root

ðŸŒŸï¸ Curve Certificate
curve.cert
#   ****  Generated on 2023-04-26 22:54:42 by CZMQ  ****
#   ZeroMQ CURVE **Secret** Certificate
#   DO NOT PROVIDE THIS FILE TO OTHER USERS nor change its permissions.
    
metadata
    name = "flux-cert-generator"
    keygen.hostname = "osu-0"
curve
    public-key = "/E=]z+7BuYUr2Df9$][Xb+q@0+04m]QG^@2iS8oF"
    secret-key = "Cy:{r@+0i)CZYqN(c-$lHu+}P^B243h*7*n@rc:?"

ðŸ“¦ Resources
flux R encode --hosts=osu-[0-3] --local
{"version": 1, "execution": {"R_lite": [{"rank": "0-3", "children": {"core": "0-47"}}], "starttime": 0.0, "expiration": 0.0, "nodelist": ["osu-[0-3]"]}}
ðŸ‘‹ Hello, I'm osu-0
The main host is osu-0
The working directory is /, contents include:
bin		   entrypoint.sh  lib.usr-is-merged  proc		 srv
bin.usr-is-merged  etc		  lib64		     root		 sys
boot		   flux_operator  media		     run		 tmp
build		   home		  mnt		     sbin		 usr
dev		   lib		  opt		     sbin.usr-is-merged  var
ðŸš©ï¸ Flux Option Flags defined
Command provided is: /bin/bash /entrypoint.sh

ðŸŒ€ Launcher Mode: flux start -o --config /mnt/flux/view/etc/flux/config -Scron.directory=/etc/flux/system/cron.d   -Stbon.fanout=256   -Srundir=/mnt/flux/view/run/flux    -Sstatedir=/mnt/flux/view/var/lib/flux -Slocal-uri=local:///mnt/flux/view/run/flux/local -Stbon.connect_timeout=5s     -Slog-stderr-level=6    -Slog-stderr-mode=local  
broker.info[0]: start: none->join 0.600399ms
broker.info[0]: parent-none: join->init 0.013941ms
cron.info[0]: synchronizing cron tasks to event heartbeat.pulse
job-manager.info[0]: restart: 0 jobs
job-manager.info[0]: restart: 0 running jobs
job-manager.info[0]: restart: checkpoint.job-manager not found
broker.info[0]: rc1.0: running /etc/flux/rc1.d/01-sched-fluxion
sched-fluxion-resource.info[0]: version 0.45.0
sched-fluxion-resource.warning[0]: create_reader: allowlist unsupported
sched-fluxion-resource.info[0]: populate_resource_db: loaded resources from core's resource.acquire
sched-fluxion-qmanager.info[0]: version 0.45.0
broker.info[0]: rc1.0: running /etc/flux/rc1.d/02-cron
broker.info[0]: rc1.0: tab: cron-1 created: scheduled in 74841.836s at Tue Sep 30 03:00:00 2025
broker.info[0]: rc1.0: /etc/flux/rc1 Exited (rc=0) 0.5s
broker.info[0]: rc1-success: init->quorum 0.497802s
broker.info[0]: online: osu-0 (ranks 0)
broker.info[0]: online: osu-[0-3] (ranks 0-3)
broker.info[0]: quorum-full: quorum->run 0.925815s
# OSU MPI Latency Test v5.8
# Size          Latency (us)
== CALIPER: (0): Available services: aggregate,alloc,allocstats,async_event,cpuinfo,debug,event,io,kokkoslookup,kokkostime,loop_monitor,loop_statistics,memstat,mpi,mpiflush,mpireport,pthread,recorder,region_monitor,report,statistics,sysalloc,timer,timeseries,timestamp,trace,validator
== CALIPER: (0): Initialized
== CALIPER: (0): No manual config specified, disabling default channel
== CALIPER: (0): Creating channel builtin.configmgr
== CALIPER: (0): builtin.configmgr: mpiwrap: Using GOTCHA wrappers.
== CALIPER: (0): builtin.configmgr: Registered MPI service
== CALIPER: (0): builtin.configmgr: Registered mpiflush service
== CALIPER: (0): Creating channel event-trace
== CALIPER: (0): event-trace: registered async_event service
== CALIPER: (0): event-trace: event: Using region level 0
== CALIPER: (0): event-trace: event: Marked attribute comm.region
== CALIPER: (0): event-trace: event: Marked attribute loop
== CALIPER: (0): event-trace: event: Marked attribute phase
== CALIPER: (0): event-trace: event: Marked attribute region
== CALIPER: (0): event-trace: Registered event trigger service
== CALIPER: (0): event-trace: mpiwrap: Using GOTCHA wrappers.
== CALIPER: (0): event-trace: Registered MPI service
== CALIPER: (0): event-trace: Registered timer service
== CALIPER: (0): event-trace: Registered trace service
== CALIPER: (0): event-trace: event: Marked attribute mpi.function
== CALIPER: (0): Registered builtin ConfigManager
== CALIPER: (0): event-trace: event: Marked attribute msg_size
0                      24.76
1                      25.84
2                      26.47
4                      28.27
8                     126.41
16                     23.79
32                     25.53
64                     25.90
128                    26.03
256                    27.95
512                    28.05
1024                   28.25
2048                   40.21
4096                   39.75
8192                   43.30
16384                  46.39
32768                  52.49
65536                 116.37
131072                140.18
262144                178.38
524288                243.82
1048576               389.00
2097152               811.63
4194304              1334.02
== CALIPER: (0): builtin.configmgr: Flushing Caliper data
== CALIPER: (0): event-trace: Flushing Caliper data
== CALIPER: (0): event-trace: trace: Flushed 1278008 snapshots.
== CALIPER: (0): event-trace: Recorder: Wrote 1278154 records.
== CALIPER: (0): Finalizing ... 
== CALIPER: (0): builtin.configmgr: Flushing Caliper data
== CALIPER: (0): Releasing channel builtin.configmgr
== CALIPER: (0): builtin.configmgr: Finishing mpi service
== CALIPER: (0): builtin.configmgr channel blackboard: max 2 entries (0.195886% occupancy).
== CALIPER: (0): Releasing channel event-trace
== CALIPER: (0): event-trace: Finishing mpi service
== CALIPER: (0): event-trace: trace: 26 MiB reserved, 25.2107 MiB used, 13 chunks.
== CALIPER: (0): event-trace: Trace: 1 thread trace buffers acquired, 0 retired, 0 released.
== CALIPER: (0): event-trace channel blackboard: max 1 entries (0.0979432% occupancy).
== CALIPER: (0): Releasing Caliper global data.
  Max active channels: 1
== CALIPER: (0): Process blackboard: max 2 entries (0.195886% occupancy).
== CALIPER: (0): Releasing Caliper thread data: 
  Metadata tree: 1 blocks, 217 nodes
   Metadata memory pool: 1 MiB reserved, 19.1455 KiB used
  Thread blackboard: max 4 entries (0.391773% occupancy).
== CALIPER: (0): Finished

START
cali-query -Gj /data/out.cali
cali-query: Error reading /data/out.cali: Cannot open file /data/out.cali
[

]
END

START
cali-query -T /data/out.cali
cali-query: Error reading /data/out.cali: Cannot open file /data/out.cali
Path 
END
rm: cannot remove '/data/out.cali': No such file or directory
OSU-ALLREDUCE

# OSU MPI Allreduce Latency Test v5.8
# Size       Avg Latency(us)
== CALIPER: (0): Available services: aggregate,alloc,allocstats,async_event,cpuinfo,debug,event,io,kokkoslookup,kokkostime,loop_monitor,loop_statistics,memstat,mpi,mpiflush,mpireport,pthread,recorder,region_monitor,report,statistics,sysalloc,timer,timeseries,timestamp,trace,validator
== CALIPER: (0): Initialized
== CALIPER: (0): No manual config specified, disabling default channel
== CALIPER: (0): Creating channel builtin.configmgr
== CALIPER: (0): builtin.configmgr: mpiwrap: Using GOTCHA wrappers.
== CALIPER: (0): builtin.configmgr: Registered MPI service
== CALIPER: (0): builtin.configmgr: Registered mpiflush service
== CALIPER: (0): Creating channel spot
== CALIPER: (0): spot: Registered aggregation service
== CALIPER: (0): spot: event: Using region level 0
== CALIPER: (0): spot: event: Marked attribute comm.region
== CALIPER: (0): spot: event: Marked attribute loop
== CALIPER: (0): spot: event: Marked attribute phase
== CALIPER: (0): spot: event: Marked attribute region
== CALIPER: (0): spot: Registered event trigger service
== CALIPER: (0): spot: mpiwrap: Using GOTCHA wrappers.
== CALIPER: (0): spot: Registered MPI service
== CALIPER: (0): spot: Registered timer service
== CALIPER: (0): spot: event: Marked attribute mpi.function
== CALIPER: (0): spot: Enabling MPI message tracing
== CALIPER: (0): Registered builtin ConfigManager
== CALIPER: (0): spot: event: Marked attribute msg_size
== CALIPER: (0): spot: event: Marked attribute num_procs
4                     361.13
8                     356.33
16                    389.80
32                    340.47
64                    359.18
128                   357.67
256                   375.15
512                   368.19
1024                  356.86
2048                  418.76
4096                  463.54
8192                  457.33
16384                 768.10
32768                 573.51
65536                 840.88
131072               1767.17
262144                934.20
524288               1175.11
1048576              2122.86
== CALIPER: (0): builtin.configmgr: Flushing Caliper data
== CALIPER: (0): spot: CustomOutputController::flush(): using MPI
== CALIPER: (0): OutputCommMpi: MPI is available
== CALIPER: (0): spot: Flushing Caliper data
== CALIPER: (0): spot: Aggregate: flushed 88 snapshots.
== CALIPER: (0): spot: Wrote 129 records.
== CALIPER: (0): Finalizing ... 
== CALIPER: (0): builtin.configmgr: Flushing Caliper data
== CALIPER: (0): Releasing channel builtin.configmgr
== CALIPER: (0): builtin.configmgr: Finishing mpi service
== CALIPER: (0): builtin.configmgr channel blackboard: max 2 entries (0.195886% occupancy).
== CALIPER: (0): CaliperMetadataDB: stored 225 nodes, 122 strings.
== CALIPER: (0): Releasing channel spot
== CALIPER: (0): spot: Aggregate: Releasing aggregation DB.
  max hash len: 3, 94 entries, 651 kernels, 1.5 MiB reserved.
== CALIPER: (0): spot: Finishing mpi service
== CALIPER: (0): spot channel blackboard: max 1 entries (0.0979432% occupancy).
== CALIPER: (0): Releasing Caliper global data.
  Max active channels: 1
== CALIPER: (0): Process blackboard: max 2 entries (0.195886% occupancy).
== CALIPER: (0): Releasing Caliper thread data: 
  Metadata tree: 2 blocks, 259 nodes
   Metadata memory pool: 1 MiB reserved, 38.123 KiB used
  Thread blackboard: max 4 entries (0.391773% occupancy).
== CALIPER: (0): Finished

START
cali-query -Gj /data/out.cali
[
{"cali.caliper.version":"2.13.0","cali.channel":"spot","mpi.world.size":"192","opts:mpi.message.count":"true","opts:mpi.message.size":"true","opts:node.order":"true","opts:output":"/data/out.cali","opts:profile.mpi":"true","opts:region.count":"true","opts:time.exclusive":"true","spot.channels":"regionprofile","spot.format.version":"2","spot.metrics":"min#inclusive#sum#time.duration,max#inclusive#sum#time.duration,avg#inclusive#sum#time.duration,sum#inclusive#sum#time.duration,avg#sum#mmc.send,max#sum#mmc.send,avg#sum#mmc.recv,max#sum#mmc.recv,max#sum#mmc.coll,min#min#mms.min,avg#avg#mms.avg,max#max#mms.avg,min#min#aggregate.slot,min#sum#rc.count,avg#sum#rc.count,max#sum#rc.count,sum#sum#rc.count,min#scale#sum#time.duration.ns,max#scale#sum#time.duration.ns,avg#scale#sum#time.duration.ns,sum#scale#sum#time.duration.ns","spot.options":"profile.mpi,mpi.message.count,mpi.message.size,node.order,region.count,time.exclusive","spot.timeseries.metrics":""}
]
END

START
cali-query -T /data/out.cali
Path            Min time/rank Max time/rank Avg time/rank Total time  Node order Min time/rank (exc) Max time/rank (exc) Avg time/rank (exc) Total time (exc) spot.channel  Calls/rank (min) Calls/rank (avg) Calls/rank (max) Calls (total) Collectives (max) Msg size (min) Msg size (avg) 
MPI_Comm_dup         0.000630      0.001100      0.000845    0.162312         87            0.000630            0.001100            0.000845         0.162312 regionprofile                1                1                1           192                                                 
MPI_Finalized        0.000003      0.000018      0.000003    0.000664         86            0.000003            0.000018            0.000003         0.000664 regionprofile                1                1                1           192                                                 
MPI_Initialized      0.000004      0.000017      0.000005    0.000877         85            0.000004            0.000017            0.000005         0.000877 regionprofile                1                1                1           192                                                 
MPI_Finalize         0.000007      0.000022      0.000009    0.001822         84            0.000007            0.000022            0.000009         0.001822 regionprofile                1                1                1           192                                                 
MPI_Allreduce        0.360179      0.925964      0.687512  132.002000         10            0.360179            0.925964            0.687512       132.002000 regionprofile             1350             1350             1350        259200              1350              8          19902 
MPI_Reduce           0.000281      0.010040      0.001274    0.244659          8            0.000281            0.010040            0.001274         0.244659 regionprofile               57               57               57         10944                57              0              7 
MPI_Barrier          4.051790      8.976540      6.333910 1216.110000          6            4.051790            8.976540            6.333910      1216.110000 regionprofile            15887            15887            15887       3050304             15887                               
allreduce_op         4.469180      8.863060      6.821340 1309.700000          1            0.205854            0.292715            0.223892        42.987300 regionprofile            43500            43500            43500       8352000                                                 
  MPI_Allreduce      4.238700      8.630410      6.597450 1266.710000          4            4.238700            8.630410            6.597450      1266.710000 regionprofile            14500            14500            14500       2784000             14500              4         110376 
END

# OSU MPI Allreduce Latency Test v5.8
# Size       Avg Latency(us)
== CALIPER: (0): Available services: aggregate,alloc,allocstats,async_event,cpuinfo,debug,event,io,kokkoslookup,kokkostime,loop_monitor,loop_statistics,memstat,mpi,mpiflush,mpireport,pthread,recorder,region_monitor,report,statistics,sysalloc,timer,timeseries,timestamp,trace,validator
== CALIPER: (0): Initialized
== CALIPER: (0): No manual config specified, disabling default channel
== CALIPER: (0): Creating channel builtin.configmgr
== CALIPER: (0): builtin.configmgr: mpiwrap: Using GOTCHA wrappers.
== CALIPER: (0): builtin.configmgr: Registered MPI service
== CALIPER: (0): builtin.configmgr: Registered mpiflush service
== CALIPER: (0): Creating channel event-trace
== CALIPER: (0): event-trace: registered async_event service
== CALIPER: (0): event-trace: event: Using region level 0
== CALIPER: (0): event-trace: event: Marked attribute comm.region
== CALIPER: (0): event-trace: event: Marked attribute loop
== CALIPER: (0): event-trace: event: Marked attribute phase
== CALIPER: (0): event-trace: event: Marked attribute region
== CALIPER: (0): event-trace: Registered event trigger service
== CALIPER: (0): event-trace: mpiwrap: Using GOTCHA wrappers.
== CALIPER: (0): event-trace: Registered MPI service
== CALIPER: (0): event-trace: Registered timer service
== CALIPER: (0): event-trace: Registered trace service
== CALIPER: (0): event-trace: event: Marked attribute mpi.function
== CALIPER: (0): Registered builtin ConfigManager
== CALIPER: (0): event-trace: event: Marked attribute msg_size
== CALIPER: (0): event-trace: event: Marked attribute num_procs
4                     364.09
8                     360.71
16                    336.98
32                    354.08
64                    386.88
128                   357.27
256                   369.10
512                   390.83
1024                  377.89
2048                  459.91
4096                  463.83
8192                  502.48
16384                 768.88
32768                 600.76
65536                 837.09
131072               1845.69
262144                907.36
524288               1153.87
1048576              2137.01
== CALIPER: (0): builtin.configmgr: Flushing Caliper data
== CALIPER: (0): event-trace: Flushing Caliper data
== CALIPER: (0): event-trace: trace: Flushed 150590 snapshots.
== CALIPER: (0): event-trace: Recorder: Wrote 150782 records.
== CALIPER: (0): Finalizing ... 
== CALIPER: (0): builtin.configmgr: Flushing Caliper data
== CALIPER: (0): Releasing channel builtin.configmgr
== CALIPER: (0): builtin.configmgr: Finishing mpi service
== CALIPER: (0): builtin.configmgr channel blackboard: max 2 entries (0.195886% occupancy).
== CALIPER: (0): Releasing channel event-trace
== CALIPER: (0): event-trace: Finishing mpi service
== CALIPER: (0): event-trace: trace: 4 MiB reserved, 2.92326 MiB used, 2 chunks.
== CALIPER: (0): event-trace: Trace: 1 thread trace buffers acquired, 0 retired, 0 released.
== CALIPER: (0): event-trace channel blackboard: max 1 entries (0.0979432% occupancy).
== CALIPER: (0): Releasing Caliper global data.
  Max active channels: 1
== CALIPER: (0): Process blackboard: max 2 entries (0.195886% occupancy).
== CALIPER: (0): Releasing Caliper thread data: 
  Metadata tree: 2 blocks, 267 nodes
   Metadata memory pool: 1 MiB reserved, 37.2568 KiB used
  Thread blackboard: max 4 entries (0.391773% occupancy).
== CALIPER: (0): Finished

START
cali-query -Gj /data/out.cali
cali-query: Error reading /data/out.cali: Cannot open file /data/out.cali
[

]
END

START
cali-query -T /data/out.cali
cali-query: Error reading /data/out.cali: Cannot open file /data/out.cali
Path 
END
broker.info[0]: rc2.0: /bin/bash /entrypoint.sh Exited (rc=0) 58.4s
broker.info[0]: rc2-success: run->cleanup 58.4051s
broker.info[0]: cleanup.0: flux queue stop --quiet --all --nocheckpoint Exited (rc=0) 0.1s
broker.info[0]: cleanup.1: flux resource acquire-mute Exited (rc=0) 0.1s
