Defaulted container "osu" out of: osu, flux-view (init)
ðŸŸ§ï¸  wait-fs: 2025/09/29 06:13:11 wait-fs.go:40: /mnt/flux/flux-operator-done.txt
ðŸŸ§ï¸  wait-fs: 2025/09/29 06:13:11 wait-fs.go:49: Found existing path /mnt/flux/flux-operator-done.txt

Hello user root

ðŸŒŸï¸ Curve Certificate
curve.cert
#   ****  Generated on 2023-04-26 22:54:42 by CZMQ  ****
#   ZeroMQ CURVE **Secret** Certificate
#   DO NOT PROVIDE THIS FILE TO OTHER USERS nor change its permissions.
    
metadata
    name = "flux-cert-generator"
    keygen.hostname = "osu-0"
curve
    public-key = "(vBab^rR#:S[/:R@9x9Bsq8IHz?8/N+Mq=E/eTGG"
    secret-key = "c[.+/45%bd>y:ErP!oM1-rp9{F$3MIGW]zF8A)rv"

ðŸ“¦ Resources
flux R encode --hosts=osu-[0-3] --local
{"version": 1, "execution": {"R_lite": [{"rank": "0-3", "children": {"core": "0-47"}}], "starttime": 0.0, "expiration": 0.0, "nodelist": ["osu-[0-3]"]}}
ðŸ‘‹ Hello, I'm osu-0
The main host is osu-0
The working directory is /, contents include:
bin		   entrypoint.sh  lib.usr-is-merged  proc		 srv
bin.usr-is-merged  etc		  lib64		     root		 sys
boot		   flux_operator  media		     run		 tmp
build		   home		  mnt		     sbin		 usr
dev		   lib		  opt		     sbin.usr-is-merged  var
ðŸš©ï¸ Flux Option Flags defined
Command provided is: /bin/bash /entrypoint.sh

ðŸŒ€ Launcher Mode: flux start -o --config /mnt/flux/view/etc/flux/config -Scron.directory=/etc/flux/system/cron.d   -Stbon.fanout=256   -Srundir=/mnt/flux/view/run/flux    -Sstatedir=/mnt/flux/view/var/lib/flux -Slocal-uri=local:///mnt/flux/view/run/flux/local -Stbon.connect_timeout=5s     -Slog-stderr-level=6    -Slog-stderr-mode=local  
broker.info[0]: start: none->join 0.615148ms
broker.info[0]: parent-none: join->init 0.014031ms
cron.info[0]: synchronizing cron tasks to event heartbeat.pulse
job-manager.info[0]: restart: 0 jobs
job-manager.info[0]: restart: 0 running jobs
job-manager.info[0]: restart: checkpoint.job-manager not found
broker.info[0]: rc1.0: running /etc/flux/rc1.d/01-sched-fluxion
sched-fluxion-resource.info[0]: version 0.45.0
sched-fluxion-resource.warning[0]: create_reader: allowlist unsupported
sched-fluxion-resource.info[0]: populate_resource_db: loaded resources from core's resource.acquire
sched-fluxion-qmanager.info[0]: version 0.45.0
broker.info[0]: rc1.0: running /etc/flux/rc1.d/02-cron
broker.info[0]: rc1.0: tab: cron-1 created: scheduled in 74807.973s at Tue Sep 30 03:00:00 2025
broker.info[0]: rc1.0: /etc/flux/rc1 Exited (rc=0) 0.5s
broker.info[0]: rc1-success: init->quorum 0.452351s
broker.info[0]: online: osu-0 (ranks 0)
broker.info[0]: online: osu-[0-3] (ranks 0-3)
broker.info[0]: quorum-full: quorum->run 2.20875s
# OSU MPI Latency Test v5.8
# Size          Latency (us)
== CALIPER: (0): Available services: aggregate,alloc,allocstats,async_event,cpuinfo,debug,event,io,kokkoslookup,kokkostime,loop_monitor,loop_statistics,memstat,mpi,mpiflush,mpireport,pthread,recorder,region_monitor,report,statistics,sysalloc,timer,timeseries,timestamp,trace,validator
== CALIPER: (0): Initialized
== CALIPER: (0): No manual config specified, disabling default channel
== CALIPER: (0): Creating channel builtin.configmgr
== CALIPER: (0): builtin.configmgr: mpiwrap: Using GOTCHA wrappers.
== CALIPER: (0): builtin.configmgr: Registered MPI service
== CALIPER: (0): builtin.configmgr: Registered mpiflush service
== CALIPER: (0): Creating channel event-trace
== CALIPER: (0): event-trace: registered async_event service
== CALIPER: (0): event-trace: event: Using region level 0
== CALIPER: (0): event-trace: event: Marked attribute comm.region
== CALIPER: (0): event-trace: event: Marked attribute loop
== CALIPER: (0): event-trace: event: Marked attribute phase
== CALIPER: (0): event-trace: event: Marked attribute region
== CALIPER: (0): event-trace: Registered event trigger service
== CALIPER: (0): event-trace: mpiwrap: Using GOTCHA wrappers.
== CALIPER: (0): event-trace: Registered MPI service
== CALIPER: (0): event-trace: Registered timer service
== CALIPER: (0): event-trace: Registered trace service
== CALIPER: (0): event-trace: event: Marked attribute mpi.function
== CALIPER: (0): Registered builtin ConfigManager
== CALIPER: (0): event-trace: event: Marked attribute msg_size
0                      24.23
1                      23.73
2                      23.74
4                      24.58
8                      25.05
16                     28.57
32                     26.68
64                     72.59
128                    75.77
256                    26.64
512                    27.15
1024                   26.40
2048                   40.88
4096                   40.63
8192                   43.90
16384                  45.61
32768                  50.74
65536                 110.21
131072                135.70
262144                169.83
524288                235.22
1048576               357.35
2097152               686.27
4194304              1265.05
== CALIPER: (0): builtin.configmgr: Flushing Caliper data
== CALIPER: (0): event-trace: Flushing Caliper data
== CALIPER: (0): event-trace: trace: Flushed 1278008 snapshots.
== CALIPER: (0): event-trace: Recorder: Wrote 1278154 records.
== CALIPER: (0): Finalizing ... 
== CALIPER: (0): builtin.configmgr: Flushing Caliper data
== CALIPER: (0): Releasing channel builtin.configmgr
== CALIPER: (0): builtin.configmgr: Finishing mpi service
== CALIPER: (0): builtin.configmgr channel blackboard: max 2 entries (0.195886% occupancy).
== CALIPER: (0): Releasing channel event-trace
== CALIPER: (0): event-trace: Finishing mpi service
== CALIPER: (0): event-trace: trace: 26 MiB reserved, 25.2107 MiB used, 13 chunks.
== CALIPER: (0): event-trace: Trace: 1 thread trace buffers acquired, 0 retired, 0 released.
== CALIPER: (0): event-trace channel blackboard: max 1 entries (0.0979432% occupancy).
== CALIPER: (0): Releasing Caliper global data.
  Max active channels: 1
== CALIPER: (0): Process blackboard: max 2 entries (0.195886% occupancy).
== CALIPER: (0): Releasing Caliper thread data: 
  Metadata tree: 1 blocks, 217 nodes
   Metadata memory pool: 1 MiB reserved, 19.1455 KiB used
  Thread blackboard: max 4 entries (0.391773% occupancy).
== CALIPER: (0): Finished

START
cali-query -Gj /data/out.cali
cali-query: Error reading /data/out.cali: Cannot open file /data/out.cali
[

]
END

START
cali-query -T /data/out.cali
cali-query: Error reading /data/out.cali: Cannot open file /data/out.cali
Path 
END
rm: cannot remove '/data/out.cali': No such file or directory
OSU-ALLREDUCE

# OSU MPI Allreduce Latency Test v5.8
# Size       Avg Latency(us)
== CALIPER: (0): Available services: aggregate,alloc,allocstats,async_event,cpuinfo,debug,event,io,kokkoslookup,kokkostime,loop_monitor,loop_statistics,memstat,mpi,mpiflush,mpireport,pthread,recorder,region_monitor,report,statistics,sysalloc,timer,timeseries,timestamp,trace,validator
== CALIPER: (0): Initialized
== CALIPER: (0): No manual config specified, disabling default channel
== CALIPER: (0): Creating channel builtin.configmgr
== CALIPER: (0): builtin.configmgr: mpiwrap: Using GOTCHA wrappers.
== CALIPER: (0): builtin.configmgr: Registered MPI service
== CALIPER: (0): builtin.configmgr: Registered mpiflush service
== CALIPER: (0): Creating channel spot
== CALIPER: (0): spot: Registered aggregation service
== CALIPER: (0): spot: event: Using region level 0
== CALIPER: (0): spot: event: Marked attribute comm.region
== CALIPER: (0): spot: event: Marked attribute loop
== CALIPER: (0): spot: event: Marked attribute phase
== CALIPER: (0): spot: event: Marked attribute region
== CALIPER: (0): spot: Registered event trigger service
== CALIPER: (0): spot: mpiwrap: Using GOTCHA wrappers.
== CALIPER: (0): spot: Registered MPI service
== CALIPER: (0): spot: Registered timer service
== CALIPER: (0): spot: event: Marked attribute mpi.function
== CALIPER: (0): spot: Enabling MPI message tracing
== CALIPER: (0): Registered builtin ConfigManager
== CALIPER: (0): spot: event: Marked attribute msg_size
== CALIPER: (0): spot: event: Marked attribute num_procs
4                     339.65
8                     363.43
16                    339.81
32                    367.54
64                    333.72
128                   364.56
256                   392.32
512                   391.40
1024                  451.96
2048                  455.83
4096                  422.73
8192                  466.87
16384                 715.97
32768                 625.88
65536                 864.40
131072               1838.04
262144               1021.35
524288               1166.55
1048576              2137.30
== CALIPER: (0): builtin.configmgr: Flushing Caliper data
== CALIPER: (0): spot: CustomOutputController::flush(): using MPI
== CALIPER: (0): OutputCommMpi: MPI is available
== CALIPER: (0): spot: Flushing Caliper data
== CALIPER: (0): spot: Aggregate: flushed 88 snapshots.
== CALIPER: (0): spot: Wrote 129 records.
== CALIPER: (0): Finalizing ... 
== CALIPER: (0): builtin.configmgr: Flushing Caliper data
== CALIPER: (0): Releasing channel builtin.configmgr
== CALIPER: (0): builtin.configmgr: Finishing mpi service
== CALIPER: (0): builtin.configmgr channel blackboard: max 2 entries (0.195886% occupancy).
== CALIPER: (0): CaliperMetadataDB: stored 225 nodes, 122 strings.
== CALIPER: (0): Releasing channel spot
== CALIPER: (0): spot: Aggregate: Releasing aggregation DB.
  max hash len: 3, 94 entries, 651 kernels, 1.5 MiB reserved.
== CALIPER: (0): spot: Finishing mpi service
== CALIPER: (0): spot channel blackboard: max 1 entries (0.0979432% occupancy).
== CALIPER: (0): Releasing Caliper global data.
  Max active channels: 1
== CALIPER: (0): Process blackboard: max 2 entries (0.195886% occupancy).
== CALIPER: (0): Releasing Caliper thread data: 
  Metadata tree: 2 blocks, 259 nodes
   Metadata memory pool: 1 MiB reserved, 38.123 KiB used
  Thread blackboard: max 4 entries (0.391773% occupancy).
== CALIPER: (0): Finished

START
cali-query -Gj /data/out.cali
[
{"cali.caliper.version":"2.13.0","cali.channel":"spot","mpi.world.size":"192","opts:mpi.message.count":"true","opts:mpi.message.size":"true","opts:node.order":"true","opts:output":"/data/out.cali","opts:profile.mpi":"true","opts:region.count":"true","opts:time.exclusive":"true","spot.channels":"regionprofile","spot.format.version":"2","spot.metrics":"min#inclusive#sum#time.duration,max#inclusive#sum#time.duration,avg#inclusive#sum#time.duration,sum#inclusive#sum#time.duration,avg#sum#mmc.send,max#sum#mmc.send,avg#sum#mmc.recv,max#sum#mmc.recv,max#sum#mmc.coll,min#min#mms.min,avg#avg#mms.avg,max#max#mms.avg,min#min#aggregate.slot,min#sum#rc.count,avg#sum#rc.count,max#sum#rc.count,sum#sum#rc.count,min#scale#sum#time.duration.ns,max#scale#sum#time.duration.ns,avg#scale#sum#time.duration.ns,sum#scale#sum#time.duration.ns","spot.options":"profile.mpi,mpi.message.count,mpi.message.size,node.order,region.count,time.exclusive","spot.timeseries.metrics":""}
]
END

START
cali-query -T /data/out.cali
Path            Min time/rank Max time/rank Avg time/rank Total time  Node order Min time/rank (exc) Max time/rank (exc) Avg time/rank (exc) Total time (exc) spot.channel  Calls/rank (min) Calls/rank (avg) Calls/rank (max) Calls (total) Collectives (max) Msg size (min) Msg size (avg) 
MPI_Comm_dup         0.000677      0.001193      0.000899    0.172543         87            0.000677            0.001193            0.000899         0.172543 regionprofile                1                1                1           192                                                 
MPI_Finalized        0.000003      0.000005      0.000003    0.000635         86            0.000003            0.000005            0.000003         0.000635 regionprofile                1                1                1           192                                                 
MPI_Initialized      0.000004      0.000005      0.000004    0.000783         85            0.000004            0.000005            0.000004         0.000783 regionprofile                1                1                1           192                                                 
MPI_Finalize         0.000007      0.000020      0.000010    0.001843         84            0.000007            0.000020            0.000010         0.001843 regionprofile                1                1                1           192                                                 
MPI_Allreduce        0.796537      1.451440      1.142770  219.413000         10            0.796537            1.451440            1.142770       219.413000 regionprofile             1350             1350             1350        259200              1350              8          19902 
MPI_Reduce           0.000283      0.004221      0.000533    0.102405          8            0.000283            0.004221            0.000533         0.102405 regionprofile               57               57               57         10944                57              0              7 
MPI_Barrier          4.097300      8.939160      6.399700 1228.740000          6            4.097300            8.939160            6.399700      1228.740000 regionprofile            15887            15887            15887       3050304             15887                               
allreduce_op         4.732410      8.913040      6.924670 1329.540000          1            0.205973            0.324532            0.223024        42.820700 regionprofile            43500            43500            43500       8352000                                                 
  MPI_Allreduce      4.506200      8.655860      6.701640 1286.720000          4            4.506200            8.655860            6.701640      1286.720000 regionprofile            14500            14500            14500       2784000             14500              4         110376 
END

# OSU MPI Allreduce Latency Test v5.8
# Size       Avg Latency(us)
== CALIPER: (0): Available services: aggregate,alloc,allocstats,async_event,cpuinfo,debug,event,io,kokkoslookup,kokkostime,loop_monitor,loop_statistics,memstat,mpi,mpiflush,mpireport,pthread,recorder,region_monitor,report,statistics,sysalloc,timer,timeseries,timestamp,trace,validator
== CALIPER: (0): Initialized
== CALIPER: (0): No manual config specified, disabling default channel
== CALIPER: (0): Creating channel builtin.configmgr
== CALIPER: (0): builtin.configmgr: mpiwrap: Using GOTCHA wrappers.
== CALIPER: (0): builtin.configmgr: Registered MPI service
== CALIPER: (0): builtin.configmgr: Registered mpiflush service
== CALIPER: (0): Creating channel event-trace
== CALIPER: (0): event-trace: registered async_event service
== CALIPER: (0): event-trace: event: Using region level 0
== CALIPER: (0): event-trace: event: Marked attribute comm.region
== CALIPER: (0): event-trace: event: Marked attribute loop
== CALIPER: (0): event-trace: event: Marked attribute phase
== CALIPER: (0): event-trace: event: Marked attribute region
== CALIPER: (0): event-trace: Registered event trigger service
== CALIPER: (0): event-trace: mpiwrap: Using GOTCHA wrappers.
== CALIPER: (0): event-trace: Registered MPI service
== CALIPER: (0): event-trace: Registered timer service
== CALIPER: (0): event-trace: Registered trace service
== CALIPER: (0): event-trace: event: Marked attribute mpi.function
== CALIPER: (0): Registered builtin ConfigManager
== CALIPER: (0): event-trace: event: Marked attribute msg_size
== CALIPER: (0): event-trace: event: Marked attribute num_procs
4                     357.48
8                     349.99
16                    331.33
32                    354.66
64                    360.86
128                   337.77
256                   337.09
512                   331.77
1024                  338.42
2048                  494.32
4096                  723.32
8192                  569.21
16384                 780.29
32768                 572.31
65536                 928.26
131072               2021.25
262144                956.02
524288               1185.29
1048576              2182.59
== CALIPER: (0): builtin.configmgr: Flushing Caliper data
== CALIPER: (0): event-trace: Flushing Caliper data
== CALIPER: (0): event-trace: trace: Flushed 150590 snapshots.
== CALIPER: (0): event-trace: Recorder: Wrote 150782 records.
== CALIPER: (0): Finalizing ... 
== CALIPER: (0): builtin.configmgr: Flushing Caliper data
== CALIPER: (0): Releasing channel builtin.configmgr
== CALIPER: (0): builtin.configmgr: Finishing mpi service
== CALIPER: (0): builtin.configmgr channel blackboard: max 2 entries (0.195886% occupancy).
== CALIPER: (0): Releasing channel event-trace
== CALIPER: (0): event-trace: Finishing mpi service
== CALIPER: (0): event-trace: trace: 4 MiB reserved, 2.92343 MiB used, 2 chunks.
== CALIPER: (0): event-trace: Trace: 1 thread trace buffers acquired, 0 retired, 0 released.
== CALIPER: (0): event-trace channel blackboard: max 1 entries (0.0979432% occupancy).
== CALIPER: (0): Releasing Caliper global data.
  Max active channels: 1
== CALIPER: (0): Process blackboard: max 2 entries (0.195886% occupancy).
== CALIPER: (0): Releasing Caliper thread data: 
  Metadata tree: 2 blocks, 267 nodes
   Metadata memory pool: 1 MiB reserved, 37.2568 KiB used
  Thread blackboard: max 4 entries (0.391773% occupancy).
== CALIPER: (0): Finished

START
cali-query -Gj /data/out.cali
cali-query: Error reading /data/out.cali: Cannot open file /data/out.cali
[

]
END

START
cali-query -T /data/out.cali
cali-query: Error reading /data/out.cali: Cannot open file /data/out.cali
Path 
END
broker.info[0]: rc2.0: /bin/bash /entrypoint.sh Exited (rc=0) 60.1s
broker.info[0]: rc2-success: run->cleanup 1.00178m
broker.info[0]: cleanup.0: flux queue stop --quiet --all --nocheckpoint Exited (rc=0) 0.1s
broker.info[0]: cleanup.1: flux resource acquire-mute Exited (rc=0) 0.1s
broker.info[0]: cleanup.2: flux cancel --user=all --quiet --states RUN Exited (rc=0) 0.1s
broker.info[0]: cleanup.3: flux queue idle --quiet Exited (rc=0) 0.1s
broker.info[0]: cleanup-success: cleanup->shutdown 0.313459s
broker.info[0]: children-complete: shutdown->finalize 44.5659ms
broker.info[0]: rc3.0: running /etc/flux/rc3.d/01-sched-fluxion
broker.info[0]: rc3.0: /etc/flux/rc3 Exited (rc=0) 0.1s
broker.info[0]: rc3-success: finalize->goodbye 83.3719ms
broker.info[0]: goodbye: goodbye->exit 0.020487ms
