
# OSU MPI Allreduce Latency Test v5.8
# Size       Avg Latency(us)
== CALIPER: (0): Available services: adiak_export,adiak_import,aggregate,alloc,allocstats,async_event,cpuinfo,debug,event,io,kokkoslookup,kokkostime,loop_monitor,loop_statistics,memstat,mpi,mpiflush,mpireport,pthread,recorder,region_monitor,report,statistics,sysalloc,timer,timeseries,timestamp,trace,validator
== CALIPER: (0): Initialized
== CALIPER: (0): No manual config specified, disabling default channel
4                     280.05
8                     280.12
16                    280.34
32                    280.90
64                    281.14
128                   281.88
256                   286.77
512                   288.48
1024                  292.26
2048                  301.66
4096                  495.03
8192                  520.98
16384                 517.41
32768                 533.85
65536                 563.16
131072                603.82
262144                691.00
524288                886.55
1048576              1477.42
== CALIPER: (0): Finalizing ... 
== CALIPER: (0): Releasing Caliper global data.
  Max active channels: 0
== CALIPER: (0): Process blackboard: max 1 entries (0.0979432% occupancy).
== CALIPER: (0): Releasing Caliper thread data: 
  Metadata tree: 1 blocks, 70 nodes
   Metadata memory pool: 1 MiB reserved, 18.1797 KiB used
  Thread blackboard: max 2 entries (0.195886% occupancy).
== CALIPER: (0): Finished
START OF JOBSPEC
{"resources": [{"type": "node", "count": 8, "with": [{"type": "slot", "count": 48, "with": [{"type": "core", "count": 1}], "label": "task"}]}], "tasks": [{"command": ["osu_allreduce"], "slot": "task", "count": {"per_slot": 1}}], "attributes": {"system": {"duration": 0, "cwd": "/root", "shell": {"options": {"rlimit": {"cpu": -1, "fsize": -1, "data": -1, "stack": 8388608, "core": 0, "nofile": 1024, "as": -1, "rss": -1, "nproc": 1450578}, "cpu-affinity": "per-task"}}}, "user": {"study_id": "kripke-8-iter-1"}}, "version": 1}
START OF EVENTLOG
{"timestamp":1759849821.9062858,"name":"init"}
{"timestamp":1759849821.9068515,"name":"starting"}
{"timestamp":1759849821.9182844,"name":"shell.init","context":{"service":"0-shell-fLH58nUWj","leader-rank":0,"size":8}}
{"timestamp":1759849822.0055609,"name":"shell.start","context":{"taskmap":{"version":1,"map":[[0,8,48,1]]}}}
{"timestamp":1759849836.5494668,"name":"shell.task-exit","context":{"localid":44,"rank":44,"state":"Exited","pid":5268,"wait_status":0,"signaled":0,"exitcode":0}}
{"timestamp":1759849836.5753922,"name":"complete","context":{"status":0}}
{"timestamp":1759849836.5754163,"name":"done"}

