
# OSU MPI Allreduce Latency Test v5.8
# Size       Avg Latency(us)
== CALIPER: (0): Available services: adiak_export,adiak_import,aggregate,alloc,allocstats,async_event,cpuinfo,debug,event,io,kokkoslookup,kokkostime,loop_monitor,loop_statistics,memstat,mpi,mpiflush,mpireport,pthread,recorder,region_monitor,report,statistics,sysalloc,timer,timeseries,timestamp,trace,validator
== CALIPER: (0): Initialized
== CALIPER: (0): No manual config specified, disabling default channel
4                     258.74
8                     259.29
16                    258.98
32                    259.68
64                    259.58
128                   259.56
256                   264.64
512                   267.06
1024                  269.45
2048                  277.34
4096                  469.97
8192                  480.95
16384                 496.82
32768                 515.61
65536                 548.46
131072                595.10
262144                679.67
524288                869.52
1048576              1444.31
== CALIPER: (0): Finalizing ... 
== CALIPER: (0): Releasing Caliper global data.
  Max active channels: 0
== CALIPER: (0): Process blackboard: max 1 entries (0.0979432% occupancy).
== CALIPER: (0): Releasing Caliper thread data: 
  Metadata tree: 1 blocks, 70 nodes
   Metadata memory pool: 1 MiB reserved, 18.1797 KiB used
  Thread blackboard: max 2 entries (0.195886% occupancy).
== CALIPER: (0): Finished
START OF JOBSPEC
{"resources": [{"type": "node", "count": 8, "with": [{"type": "slot", "count": 48, "with": [{"type": "core", "count": 1}], "label": "task"}]}], "tasks": [{"command": ["osu_allreduce"], "slot": "task", "count": {"per_slot": 1}}], "attributes": {"system": {"duration": 0, "cwd": "/root", "shell": {"options": {"rlimit": {"cpu": -1, "fsize": -1, "data": -1, "stack": 8388608, "core": 0, "nofile": 1024, "as": -1, "rss": -1, "nproc": 1450578}, "cpu-affinity": "per-task"}}}, "user": {"study_id": "kripke-8-iter-3"}}, "version": 1}
START OF EVENTLOG
{"timestamp":1759849851.5216961,"name":"init"}
{"timestamp":1759849851.5222478,"name":"starting"}
{"timestamp":1759849851.5334332,"name":"shell.init","context":{"service":"0-shell-fLW88MmEo","leader-rank":0,"size":8}}
{"timestamp":1759849851.6173832,"name":"shell.start","context":{"taskmap":{"version":1,"map":[[0,8,48,1]]}}}
{"timestamp":1759849865.6072853,"name":"shell.task-exit","context":{"localid":20,"rank":20,"state":"Exited","pid":5431,"wait_status":0,"signaled":0,"exitcode":0}}
{"timestamp":1759849865.6347251,"name":"complete","context":{"status":0}}
{"timestamp":1759849865.6347468,"name":"done"}

