
# OSU MPI Allreduce Latency Test v5.8
# Size       Avg Latency(us)
== CALIPER: (0): Available services: adiak_export,adiak_import,aggregate,alloc,allocstats,async_event,cpuinfo,debug,event,io,kokkoslookup,kokkostime,loop_monitor,loop_statistics,memstat,mpi,mpiflush,mpireport,pthread,recorder,region_monitor,report,statistics,sysalloc,timer,timeseries,timestamp,trace,validator
== CALIPER: (0): Initialized
== CALIPER: (0): No manual config specified, disabling default channel
4                     280.02
8                     281.76
16                    282.32
32                    283.30
64                    283.16
128                   283.77
256                   285.84
512                   288.82
1024                  293.30
2048                  300.81
4096                  486.63
8192                  496.81
16384                 512.92
32768                 532.74
65536                 561.93
131072                608.20
262144                701.28
524288                893.63
1048576              1463.11
== CALIPER: (0): Finalizing ... 
== CALIPER: (0): Releasing Caliper global data.
  Max active channels: 0
== CALIPER: (0): Process blackboard: max 1 entries (0.0979432% occupancy).
== CALIPER: (0): Releasing Caliper thread data: 
  Metadata tree: 1 blocks, 70 nodes
   Metadata memory pool: 1 MiB reserved, 18.1797 KiB used
  Thread blackboard: max 2 entries (0.195886% occupancy).
== CALIPER: (0): Finished
START OF JOBSPEC
{"resources": [{"type": "node", "count": 8, "with": [{"type": "slot", "count": 48, "with": [{"type": "core", "count": 1}], "label": "task"}]}], "tasks": [{"command": ["osu_allreduce"], "slot": "task", "count": {"per_slot": 1}}], "attributes": {"system": {"duration": 0, "cwd": "/root", "shell": {"options": {"rlimit": {"cpu": -1, "fsize": -1, "data": -1, "stack": 8388608, "core": 0, "nofile": 1024, "as": -1, "rss": -1, "nproc": 1450578}, "cpu-affinity": "per-task"}}}, "user": {"study_id": "kripke-8-iter-2"}}, "version": 1}
START OF EVENTLOG
{"timestamp":1759849836.7500224,"name":"init"}
{"timestamp":1759849836.7505686,"name":"starting"}
{"timestamp":1759849836.7616453,"name":"shell.init","context":{"service":"0-shell-fLPcZgffM","leader-rank":0,"size":8}}
{"timestamp":1759849836.8450868,"name":"shell.start","context":{"taskmap":{"version":1,"map":[[0,8,48,1]]}}}
{"timestamp":1759849851.3167496,"name":"shell.task-exit","context":{"localid":38,"rank":38,"state":"Exited","pid":5362,"wait_status":0,"signaled":0,"exitcode":0}}
{"timestamp":1759849851.3438447,"name":"complete","context":{"status":0}}
{"timestamp":1759849851.3438637,"name":"done"}

