
# OSU MPI Allreduce Latency Test v5.8
# Size       Avg Latency(us)
== CALIPER: (0): Available services: adiak_export,adiak_import,aggregate,alloc,allocstats,async_event,cpuinfo,debug,event,io,kokkoslookup,kokkostime,loop_monitor,loop_statistics,memstat,mpi,mpiflush,mpireport,pthread,recorder,region_monitor,report,statistics,sysalloc,timer,timeseries,timestamp,trace,validator
== CALIPER: (0): Initialized
== CALIPER: (0): No manual config specified, disabling default channel
4                     266.95
8                     266.92
16                    268.20
32                    272.84
64                    268.34
128                   268.87
256                   273.08
512                   275.21
1024                  279.47
2048                  289.27
4096                  483.99
8192                  494.23
16384                 510.33
32768                 542.79
65536                 570.09
131072                617.09
262144                775.35
524288                900.06
1048576              1482.65
== CALIPER: (0): Finalizing ... 
== CALIPER: (0): Releasing Caliper global data.
  Max active channels: 0
== CALIPER: (0): Process blackboard: max 1 entries (0.0979432% occupancy).
== CALIPER: (0): Releasing Caliper thread data: 
  Metadata tree: 1 blocks, 70 nodes
   Metadata memory pool: 1 MiB reserved, 18.1797 KiB used
  Thread blackboard: max 2 entries (0.195886% occupancy).
== CALIPER: (0): Finished
START OF JOBSPEC
{"resources": [{"type": "node", "count": 8, "with": [{"type": "slot", "count": 48, "with": [{"type": "core", "count": 1}], "label": "task"}]}], "tasks": [{"command": ["osu_allreduce"], "slot": "task", "count": {"per_slot": 1}}], "attributes": {"system": {"duration": 0, "cwd": "/root", "shell": {"options": {"rlimit": {"cpu": -1, "fsize": -1, "data": -1, "stack": 8388608, "core": 0, "nofile": 1024, "as": -1, "rss": -1, "nproc": 1450578}, "cpu-affinity": "per-task"}}}, "user": {"study_id": "kripke-8-iter-4"}}, "version": 1}
START OF EVENTLOG
{"timestamp":1759849865.8094852,"name":"init"}
{"timestamp":1759849865.8100665,"name":"starting"}
{"timestamp":1759849865.8211272,"name":"shell.init","context":{"service":"0-shell-fLcRLxqhh","leader-rank":0,"size":8}}
{"timestamp":1759849865.9043772,"name":"shell.start","context":{"taskmap":{"version":1,"map":[[0,8,48,1]]}}}
{"timestamp":1759849880.052531,"name":"shell.task-exit","context":{"localid":44,"rank":44,"state":"Exited","pid":5583,"wait_status":0,"signaled":0,"exitcode":0}}
{"timestamp":1759849880.0779848,"name":"complete","context":{"status":0}}
{"timestamp":1759849880.0780129,"name":"done"}

