# OSU MPI Latency Test v5.8
# Size          Latency (us)
== CALIPER: (0): Available services: adiak_export,adiak_import,aggregate,alloc,allocstats,async_event,cpuinfo,debug,event,io,kokkoslookup,kokkostime,loop_monitor,loop_statistics,memstat,mpi,mpiflush,mpireport,pthread,recorder,region_monitor,report,statistics,sysalloc,timer,timeseries,timestamp,trace,validator
== CALIPER: (0): Initialized
== CALIPER: (0): No manual config specified, disabling default channel
0                      10.67
1                      10.72
2                      10.65
4                      10.70
8                      10.67
16                     11.54
32                     12.28
64                     12.25
128                    12.51
256                    13.35
512                    13.24
1024                   13.53
2048                   14.06
4096                   16.68
8192                   19.26
16384                  33.72
32768                  36.09
65536                  88.85
131072                 94.34
262144                112.82
524288                145.35
1048576               212.29
2097152               330.86
4194304               573.52
== CALIPER: (0): Finalizing ... 
== CALIPER: (0): Releasing Caliper global data.
  Max active channels: 0
== CALIPER: (0): Process blackboard: max 1 entries (0.0979432% occupancy).
== CALIPER: (0): Releasing Caliper thread data: 
  Metadata tree: 1 blocks, 55 nodes
   Metadata memory pool: 1 MiB reserved, 18.168 KiB used
  Thread blackboard: max 2 entries (0.195886% occupancy).
== CALIPER: (0): Finished
START OF JOBSPEC
{"resources": [{"type": "node", "count": 2, "with": [{"type": "slot", "count": 1, "with": [{"type": "core", "count": 1}], "label": "task"}]}], "tasks": [{"command": ["osu_latency"], "slot": "task", "count": {"per_slot": 1}}], "attributes": {"system": {"duration": 0, "cwd": "/root", "shell": {"options": {"rlimit": {"cpu": -1, "fsize": -1, "data": -1, "stack": 8388608, "core": 0, "nofile": 1024, "as": -1, "rss": -1, "nproc": 1450578}, "cpu-affinity": "per-task"}}, "constraints": {"hostlist": ["flux-0,flux-9"]}}, "user": {"study_id": "osu-latency-32-iter-0"}}, "version": 1}
START OF EVENTLOG
{"timestamp":1759898484.4435182,"name":"init"}
{"timestamp":1759898484.4539008,"name":"shell.init","context":{"service":"0-shell-f7gMQuYfy","leader-rank":0,"size":2}}
{"timestamp":1759898484.4441025,"name":"starting"}
{"timestamp":1759898484.4568067,"name":"shell.start","context":{"taskmap":{"version":1,"map":[[0,2,1,1]]}}}
{"timestamp":1759898492.1336315,"name":"shell.task-exit","context":{"localid":0,"rank":0,"state":"Exited","pid":4119,"wait_status":0,"signaled":0,"exitcode":0}}
{"timestamp":1759898492.1360462,"name":"complete","context":{"status":0}}
{"timestamp":1759898492.1360612,"name":"done"}

