# OSU MPI Latency Test v5.8
# Size          Latency (us)
== CALIPER: (0): Available services: adiak_export,adiak_import,aggregate,alloc,allocstats,async_event,cpuinfo,debug,event,io,kokkoslookup,kokkostime,loop_monitor,loop_statistics,memstat,mpi,mpiflush,mpireport,pthread,recorder,region_monitor,report,statistics,sysalloc,timer,timeseries,timestamp,trace,validator
== CALIPER: (0): Initialized
== CALIPER: (0): No manual config specified, disabling default channel
0                      17.79
1                      17.99
2                      17.95
4                      18.02
8                      18.11
16                     18.17
32                     18.37
64                     19.66
128                    20.29
256                    21.12
512                    21.30
1024                   21.51
2048                   21.97
4096                   23.55
8192                   26.19
16384                  37.60
32768                  38.54
65536                 101.53
131072                111.48
262144                140.09
524288                153.45
1048576               219.03
2097152               338.49
4194304               599.05
== CALIPER: (0): Finalizing ... 
== CALIPER: (0): Releasing Caliper global data.
  Max active channels: 0
== CALIPER: (0): Process blackboard: max 1 entries (0.0979432% occupancy).
== CALIPER: (0): Releasing Caliper thread data: 
  Metadata tree: 1 blocks, 55 nodes
   Metadata memory pool: 1 MiB reserved, 18.168 KiB used
  Thread blackboard: max 2 entries (0.195886% occupancy).
== CALIPER: (0): Finished
START OF JOBSPEC
{"resources": [{"type": "node", "count": 2, "with": [{"type": "slot", "count": 1, "with": [{"type": "core", "count": 1}], "label": "task"}]}], "tasks": [{"command": ["osu_latency"], "slot": "task", "count": {"per_slot": 1}}], "attributes": {"system": {"duration": 0, "cwd": "/root", "shell": {"options": {"rlimit": {"cpu": -1, "fsize": -1, "data": -1, "stack": 8388608, "core": 0, "nofile": 1024, "as": -1, "rss": -1, "nproc": 1450578}, "cpu-affinity": "per-task"}}, "constraints": {"hostlist": ["flux-18,flux-9"]}}, "user": {"study_id": "osu-latency-32-iter-0"}}, "version": 1}
START OF EVENTLOG
{"timestamp":1759898589.9811103,"name":"init"}
{"timestamp":1759898589.9909902,"name":"shell.init","context":{"service":"0-shell-f8Us4Gin3","leader-rank":9,"size":2}}
{"timestamp":1759898589.9816582,"name":"starting"}
{"timestamp":1759898589.9929581,"name":"shell.start","context":{"taskmap":{"version":1,"map":[[0,2,1,1]]}}}
{"timestamp":1759898600.1100998,"name":"shell.task-exit","context":{"localid":0,"rank":0,"state":"Exited","pid":3829,"wait_status":0,"signaled":0,"exitcode":0}}
{"timestamp":1759898600.1130903,"name":"complete","context":{"status":0}}
{"timestamp":1759898600.1131084,"name":"done"}

