# OSU MPI Latency Test v5.8
# Size          Latency (us)
== CALIPER: (0): Available services: adiak_export,adiak_import,aggregate,alloc,allocstats,async_event,cpuinfo,debug,event,io,kokkoslookup,kokkostime,loop_monitor,loop_statistics,memstat,mpi,mpiflush,mpireport,pthread,recorder,region_monitor,report,statistics,sysalloc,timer,timeseries,timestamp,trace,validator
== CALIPER: (0): Initialized
== CALIPER: (0): No manual config specified, disabling default channel
0                      14.83
1                      14.98
2                      14.97
4                      14.80
8                      14.80
16                     14.70
32                     14.87
64                     14.93
128                    15.16
256                    16.12
512                    17.56
1024                   18.51
2048                   20.59
4096                   21.77
8192                   23.03
16384                  33.64
32768                  37.27
65536                  95.89
131072                103.02
262144                140.08
524288                150.16
1048576               217.56
2097152               344.95
4194304               600.40
== CALIPER: (0): Finalizing ... 
== CALIPER: (0): Releasing Caliper global data.
  Max active channels: 0
== CALIPER: (0): Process blackboard: max 1 entries (0.0979432% occupancy).
== CALIPER: (0): Releasing Caliper thread data: 
  Metadata tree: 1 blocks, 55 nodes
   Metadata memory pool: 1 MiB reserved, 18.168 KiB used
  Thread blackboard: max 2 entries (0.195886% occupancy).
== CALIPER: (0): Finished
START OF JOBSPEC
{"resources": [{"type": "node", "count": 2, "with": [{"type": "slot", "count": 1, "with": [{"type": "core", "count": 1}], "label": "task"}]}], "tasks": [{"command": ["osu_latency"], "slot": "task", "count": {"per_slot": 1}}], "attributes": {"system": {"duration": 0, "cwd": "/root", "shell": {"options": {"rlimit": {"cpu": -1, "fsize": -1, "data": -1, "stack": 8388608, "core": 0, "nofile": 1024, "as": -1, "rss": -1, "nproc": 1450578}, "cpu-affinity": "per-task"}}, "constraints": {"hostlist": ["flux-23,flux-19"]}}, "user": {"study_id": "osu-latency-32-iter-0"}}, "version": 1}
START OF EVENTLOG
{"timestamp":1759898657.2137723,"name":"init"}
{"timestamp":1759898657.2143469,"name":"starting"}
{"timestamp":1759898657.2245479,"name":"shell.init","context":{"service":"0-shell-f8zVakDFV","leader-rank":19,"size":2}}
{"timestamp":1759898657.2264922,"name":"shell.start","context":{"taskmap":{"version":1,"map":[[0,2,1,1]]}}}
{"timestamp":1759898666.2932351,"name":"shell.task-exit","context":{"localid":0,"rank":0,"state":"Exited","pid":3824,"wait_status":0,"signaled":0,"exitcode":0}}
{"timestamp":1759898666.2964308,"name":"complete","context":{"status":0}}
{"timestamp":1759898666.2964463,"name":"done"}

