# OSU MPI Latency Test v5.8
# Size          Latency (us)
== CALIPER: (0): Available services: adiak_export,adiak_import,aggregate,alloc,allocstats,async_event,cpuinfo,debug,event,io,kokkoslookup,kokkostime,loop_monitor,loop_statistics,memstat,mpi,mpiflush,mpireport,pthread,recorder,region_monitor,report,statistics,sysalloc,timer,timeseries,timestamp,trace,validator
== CALIPER: (0): Initialized
== CALIPER: (0): No manual config specified, disabling default channel
0                      16.44
1                      16.78
2                      16.74
4                      16.84
8                      16.98
16                     17.03
32                     16.55
64                     16.48
128                    16.99
256                    19.22
512                    19.44
1024                   19.78
2048                   20.23
4096                   21.67
8192                   24.23
16384                  33.49
32768                  33.76
65536                  81.20
131072                 89.90
262144                112.20
524288                136.68
1048576               199.21
2097152               329.06
4194304               575.02
== CALIPER: (0): Finalizing ... 
== CALIPER: (0): Releasing Caliper global data.
  Max active channels: 0
== CALIPER: (0): Process blackboard: max 1 entries (0.0979432% occupancy).
== CALIPER: (0): Releasing Caliper thread data: 
  Metadata tree: 1 blocks, 55 nodes
   Metadata memory pool: 1 MiB reserved, 18.168 KiB used
  Thread blackboard: max 2 entries (0.195886% occupancy).
== CALIPER: (0): Finished
START OF JOBSPEC
{"resources": [{"type": "node", "count": 2, "with": [{"type": "slot", "count": 1, "with": [{"type": "core", "count": 1}], "label": "task"}]}], "tasks": [{"command": ["osu_latency"], "slot": "task", "count": {"per_slot": 1}}], "attributes": {"system": {"duration": 0, "cwd": "/root", "shell": {"options": {"rlimit": {"cpu": -1, "fsize": -1, "data": -1, "stack": 8388608, "core": 0, "nofile": 1024, "as": -1, "rss": -1, "nproc": 1450578}, "cpu-affinity": "per-task"}}, "constraints": {"hostlist": ["flux-16,flux-29"]}}, "user": {"study_id": "osu-latency-32-iter-0"}}, "version": 1}
START OF EVENTLOG
{"timestamp":1759898744.3037775,"name":"init"}
{"timestamp":1759898744.3141043,"name":"shell.init","context":{"service":"0-shell-f9esj5o8s","leader-rank":16,"size":2}}
{"timestamp":1759898744.3043895,"name":"starting"}
{"timestamp":1759898744.3159399,"name":"shell.start","context":{"taskmap":{"version":1,"map":[[0,2,1,1]]}}}
{"timestamp":1759898753.5942307,"name":"shell.task-exit","context":{"localid":0,"rank":0,"state":"Exited","pid":3828,"wait_status":0,"signaled":0,"exitcode":0}}
{"timestamp":1759898753.5971732,"name":"complete","context":{"status":0}}
{"timestamp":1759898753.5971868,"name":"done"}

