# OSU MPI Latency Test v5.8
# Size          Latency (us)
== CALIPER: (0): Available services: adiak_export,adiak_import,aggregate,alloc,allocstats,async_event,cpuinfo,debug,event,io,kokkoslookup,kokkostime,loop_monitor,loop_statistics,memstat,mpi,mpiflush,mpireport,pthread,recorder,region_monitor,report,statistics,sysalloc,timer,timeseries,timestamp,trace,validator
== CALIPER: (0): Initialized
== CALIPER: (0): No manual config specified, disabling default channel
0                      46.98
1                      47.20
2                      47.12
4                      47.11
8                      47.02
16                     47.16
32                     47.26
64                     47.22
128                    47.43
256                    48.35
512                    48.53
1024                   48.77
2048                   50.09
4096                   52.42
8192                   57.13
16384                  64.05
32768                  68.29
65536                 182.95
131072                190.73
262144                219.03
524288                257.57
1048576               310.57
2097152               438.48
4194304               685.11
== CALIPER: (0): Finalizing ... 
== CALIPER: (0): Releasing Caliper global data.
  Max active channels: 0
== CALIPER: (0): Process blackboard: max 1 entries (0.0979432% occupancy).
== CALIPER: (0): Releasing Caliper thread data: 
  Metadata tree: 1 blocks, 55 nodes
   Metadata memory pool: 1 MiB reserved, 18.168 KiB used
  Thread blackboard: max 2 entries (0.195886% occupancy).
== CALIPER: (0): Finished
START OF JOBSPEC
{"resources": [{"type": "node", "count": 2, "with": [{"type": "slot", "count": 1, "with": [{"type": "core", "count": 1}], "label": "task"}]}], "tasks": [{"command": ["osu_latency"], "slot": "task", "count": {"per_slot": 1}}], "attributes": {"system": {"duration": 0, "cwd": "/root", "shell": {"options": {"rlimit": {"cpu": -1, "fsize": -1, "data": -1, "stack": 8388608, "core": 0, "nofile": 1024, "as": -1, "rss": -1, "nproc": 1450578}, "cpu-affinity": "per-task"}}, "constraints": {"hostlist": ["flux-0,flux-16"]}}, "user": {"study_id": "osu-latency-32-iter-0"}}, "version": 1}
START OF EVENTLOG
{"timestamp":1759898441.7781351,"name":"init"}
{"timestamp":1759898441.7884374,"name":"shell.init","context":{"service":"0-shell-f7MYpds5Z","leader-rank":0,"size":2}}
{"timestamp":1759898441.7786565,"name":"starting"}
{"timestamp":1759898441.7918255,"name":"shell.start","context":{"taskmap":{"version":1,"map":[[0,2,1,1]]}}}
{"timestamp":1759898461.9405339,"name":"shell.task-exit","context":{"localid":0,"rank":0,"state":"Exited","pid":4107,"wait_status":0,"signaled":0,"exitcode":0}}
{"timestamp":1759898461.9423907,"name":"complete","context":{"status":0}}
{"timestamp":1759898461.9424067,"name":"done"}

