# OSU MPI Latency Test v5.8
# Size          Latency (us)
== CALIPER: (0): Available services: adiak_export,adiak_import,aggregate,alloc,allocstats,async_event,cpuinfo,debug,event,io,kokkoslookup,kokkostime,loop_monitor,loop_statistics,memstat,mpi,mpiflush,mpireport,pthread,recorder,region_monitor,report,statistics,sysalloc,timer,timeseries,timestamp,trace,validator
== CALIPER: (0): Initialized
== CALIPER: (0): No manual config specified, disabling default channel
0                      52.37
1                      52.29
2                      52.40
4                      52.24
8                      52.23
16                     52.32
32                     52.36
64                     52.46
128                    52.59
256                    53.39
512                    53.75
1024                   54.24
2048                   55.62
4096                   57.62
8192                   62.59
16384                  69.34
32768                  74.09
65536                 201.49
131072                208.75
262144                242.42
524288                261.05
1048576               334.15
2097152               469.03
4194304               755.05
== CALIPER: (0): Finalizing ... 
== CALIPER: (0): Releasing Caliper global data.
  Max active channels: 0
== CALIPER: (0): Process blackboard: max 1 entries (0.0979432% occupancy).
== CALIPER: (0): Releasing Caliper thread data: 
  Metadata tree: 1 blocks, 55 nodes
   Metadata memory pool: 1 MiB reserved, 18.168 KiB used
  Thread blackboard: max 2 entries (0.195886% occupancy).
== CALIPER: (0): Finished
START OF JOBSPEC
{"resources": [{"type": "node", "count": 2, "with": [{"type": "slot", "count": 1, "with": [{"type": "core", "count": 1}], "label": "task"}]}], "tasks": [{"command": ["osu_latency"], "slot": "task", "count": {"per_slot": 1}}], "attributes": {"system": {"duration": 0, "cwd": "/root", "shell": {"options": {"rlimit": {"cpu": -1, "fsize": -1, "data": -1, "stack": 8388608, "core": 0, "nofile": 1024, "as": -1, "rss": -1, "nproc": 1450578}, "cpu-affinity": "per-task"}}, "constraints": {"hostlist": ["flux-0,flux-29"]}}, "user": {"study_id": "osu-latency-32-iter-0"}}, "version": 1}
START OF EVENTLOG
{"timestamp":1759898462.1112897,"name":"init"}
{"timestamp":1759898462.1215386,"name":"shell.init","context":{"service":"0-shell-f7WWZE64w","leader-rank":0,"size":2}}
{"timestamp":1759898462.111855,"name":"starting"}
{"timestamp":1759898462.124608,"name":"shell.start","context":{"taskmap":{"version":1,"map":[[0,2,1,1]]}}}
{"timestamp":1759898484.2712469,"name":"shell.task-exit","context":{"localid":0,"rank":0,"state":"Exited","pid":4113,"wait_status":0,"signaled":0,"exitcode":0}}
{"timestamp":1759898484.2732923,"name":"complete","context":{"status":0}}
{"timestamp":1759898484.273309,"name":"done"}

