# OSU MPI Latency Test v5.8
# Size          Latency (us)
== CALIPER: (0): Available services: adiak_export,adiak_import,aggregate,alloc,allocstats,async_event,cpuinfo,debug,event,io,kokkoslookup,kokkostime,loop_monitor,loop_statistics,memstat,mpi,mpiflush,mpireport,pthread,recorder,region_monitor,report,statistics,sysalloc,timer,timeseries,timestamp,trace,validator
== CALIPER: (0): Initialized
== CALIPER: (0): No manual config specified, disabling default channel
0                      43.69
1                      43.78
2                      43.83
4                      43.75
8                      43.77
16                     43.76
32                     43.99
64                     43.97
128                    44.01
256                    45.04
512                    45.52
1024                   45.89
2048                   47.18
4096                   49.48
8192                   54.49
16384                  64.09
32768                  69.87
65536                 189.25
131072                196.75
262144                249.81
524288                260.33
1048576               316.55
2097152               469.30
4194304               729.94
== CALIPER: (0): Finalizing ... 
== CALIPER: (0): Releasing Caliper global data.
  Max active channels: 0
== CALIPER: (0): Process blackboard: max 1 entries (0.0979432% occupancy).
== CALIPER: (0): Releasing Caliper thread data: 
  Metadata tree: 1 blocks, 55 nodes
   Metadata memory pool: 1 MiB reserved, 18.168 KiB used
  Thread blackboard: max 2 entries (0.195886% occupancy).
== CALIPER: (0): Finished
START OF JOBSPEC
{"resources": [{"type": "node", "count": 2, "with": [{"type": "slot", "count": 1, "with": [{"type": "core", "count": 1}], "label": "task"}]}], "tasks": [{"command": ["osu_latency"], "slot": "task", "count": {"per_slot": 1}}], "attributes": {"system": {"duration": 0, "cwd": "/root", "shell": {"options": {"rlimit": {"cpu": -1, "fsize": -1, "data": -1, "stack": 8388608, "core": 0, "nofile": 1024, "as": -1, "rss": -1, "nproc": 1450578}, "cpu-affinity": "per-task"}}, "constraints": {"hostlist": ["flux-18,flux-23"]}}, "user": {"study_id": "osu-latency-32-iter-0"}}, "version": 1}
START OF EVENTLOG
{"timestamp":1759898510.9363477,"name":"init"}
{"timestamp":1759898510.946974,"name":"shell.init","context":{"service":"0-shell-f7t2aVWK9","leader-rank":18,"size":2}}
{"timestamp":1759898510.9368811,"name":"starting"}
{"timestamp":1759898510.9485986,"name":"shell.start","context":{"taskmap":{"version":1,"map":[[0,2,1,1]]}}}
{"timestamp":1759898530.3959498,"name":"shell.task-exit","context":{"localid":0,"rank":0,"state":"Exited","pid":3707,"wait_status":0,"signaled":0,"exitcode":0}}
{"timestamp":1759898530.3992541,"name":"complete","context":{"status":0}}
{"timestamp":1759898530.3992696,"name":"done"}

