# OSU MPI Latency Test v5.8
# Size          Latency (us)
== CALIPER: (0): Available services: adiak_export,adiak_import,aggregate,alloc,allocstats,async_event,cpuinfo,debug,event,io,kokkoslookup,kokkostime,loop_monitor,loop_statistics,memstat,mpi,mpiflush,mpireport,pthread,recorder,region_monitor,report,statistics,sysalloc,timer,timeseries,timestamp,trace,validator
== CALIPER: (0): Initialized
== CALIPER: (0): No manual config specified, disabling default channel
0                      47.75
1                      47.68
2                      47.89
4                      47.80
8                      47.79
16                     47.76
32                     48.08
64                     48.22
128                    48.23
256                    49.09
512                    49.20
1024                   49.66
2048                   51.04
4096                   53.34
8192                   57.92
16384                  64.61
32768                  68.66
65536                 185.52
131072                190.89
262144                248.19
524288                263.09
1048576               306.97
2097152               433.41
4194304               685.28
== CALIPER: (0): Finalizing ... 
== CALIPER: (0): Releasing Caliper global data.
  Max active channels: 0
== CALIPER: (0): Process blackboard: max 1 entries (0.0979432% occupancy).
== CALIPER: (0): Releasing Caliper thread data: 
  Metadata tree: 1 blocks, 55 nodes
   Metadata memory pool: 1 MiB reserved, 18.168 KiB used
  Thread blackboard: max 2 entries (0.195886% occupancy).
== CALIPER: (0): Finished
START OF JOBSPEC
{"resources": [{"type": "node", "count": 2, "with": [{"type": "slot", "count": 1, "with": [{"type": "core", "count": 1}], "label": "task"}]}], "tasks": [{"command": ["osu_latency"], "slot": "task", "count": {"per_slot": 1}}], "attributes": {"system": {"duration": 0, "cwd": "/root", "shell": {"options": {"rlimit": {"cpu": -1, "fsize": -1, "data": -1, "stack": 8388608, "core": 0, "nofile": 1024, "as": -1, "rss": -1, "nproc": 1450578}, "cpu-affinity": "per-task"}}, "constraints": {"hostlist": ["flux-16,flux-9"]}}, "user": {"study_id": "osu-latency-32-iter-0"}}, "version": 1}
START OF EVENTLOG
{"timestamp":1759898753.7684608,"name":"init"}
{"timestamp":1759898753.7780778,"name":"shell.init","context":{"service":"0-shell-f9j3dtcAK","leader-rank":9,"size":2}}
{"timestamp":1759898753.7690277,"name":"starting"}
{"timestamp":1759898753.7796962,"name":"shell.start","context":{"taskmap":{"version":1,"map":[[0,2,1,1]]}}}
{"timestamp":1759898774.2250943,"name":"shell.task-exit","context":{"localid":0,"rank":0,"state":"Exited","pid":3841,"wait_status":0,"signaled":0,"exitcode":0}}
{"timestamp":1759898774.2273135,"name":"complete","context":{"status":0}}
{"timestamp":1759898774.2273297,"name":"done"}

