# OSU MPI Latency Test v5.8
# Size          Latency (us)
== CALIPER: (0): Available services: adiak_export,adiak_import,aggregate,alloc,allocstats,async_event,cpuinfo,debug,event,io,kokkoslookup,kokkostime,loop_monitor,loop_statistics,memstat,mpi,mpiflush,mpireport,pthread,recorder,region_monitor,report,statistics,sysalloc,timer,timeseries,timestamp,trace,validator
== CALIPER: (0): Initialized
== CALIPER: (0): No manual config specified, disabling default channel
0                      15.00
1                      14.95
2                      16.04
4                      16.65
8                      16.61
16                     16.69
32                     16.73
64                     16.69
128                    17.13
256                    19.63
512                    19.85
1024                   20.11
2048                   21.21
4096                   22.55
8192                   25.14
16384                  36.39
32768                  38.16
65536                  95.70
131072                103.81
262144                132.29
524288                148.83
1048576               213.21
2097152               339.00
4194304               608.13
== CALIPER: (0): Finalizing ... 
== CALIPER: (0): Releasing Caliper global data.
  Max active channels: 0
== CALIPER: (0): Process blackboard: max 1 entries (0.0979432% occupancy).
== CALIPER: (0): Releasing Caliper thread data: 
  Metadata tree: 1 blocks, 55 nodes
   Metadata memory pool: 1 MiB reserved, 18.168 KiB used
  Thread blackboard: max 2 entries (0.195886% occupancy).
== CALIPER: (0): Finished
START OF JOBSPEC
{"resources": [{"type": "node", "count": 2, "with": [{"type": "slot", "count": 1, "with": [{"type": "core", "count": 1}], "label": "task"}]}], "tasks": [{"command": ["osu_latency"], "slot": "task", "count": {"per_slot": 1}}], "attributes": {"system": {"duration": 0, "cwd": "/root", "shell": {"options": {"rlimit": {"cpu": -1, "fsize": -1, "data": -1, "stack": 8388608, "core": 0, "nofile": 1024, "as": -1, "rss": -1, "nproc": 1450578}, "cpu-affinity": "per-task"}}, "constraints": {"hostlist": ["flux-23,flux-29"]}}, "user": {"study_id": "osu-latency-32-iter-0"}}, "version": 1}
START OF EVENTLOG
{"timestamp":1759898676.4020867,"name":"init"}
{"timestamp":1759898676.4120259,"name":"shell.init","context":{"service":"0-shell-f98x5JbrP","leader-rank":23,"size":2}}
{"timestamp":1759898676.4026542,"name":"starting"}
{"timestamp":1759898676.4138906,"name":"shell.start","context":{"taskmap":{"version":1,"map":[[0,2,1,1]]}}}
{"timestamp":1759898685.9420686,"name":"shell.task-exit","context":{"localid":0,"rank":0,"state":"Exited","pid":3851,"wait_status":0,"signaled":0,"exitcode":0}}
{"timestamp":1759898685.9445066,"name":"complete","context":{"status":0}}
{"timestamp":1759898685.9445238,"name":"done"}

