# OSU MPI Latency Test v5.8
# Size          Latency (us)
== CALIPER: (0): Available services: adiak_export,adiak_import,aggregate,alloc,allocstats,async_event,cpuinfo,debug,event,io,kokkoslookup,kokkostime,loop_monitor,loop_statistics,memstat,mpi,mpiflush,mpireport,pthread,recorder,region_monitor,report,statistics,sysalloc,timer,timeseries,timestamp,trace,validator
== CALIPER: (0): Initialized
== CALIPER: (0): No manual config specified, disabling default channel
0                      10.80
1                      10.72
2                      12.30
4                      13.15
8                      14.45
16                     14.32
32                     14.35
64                     14.28
128                    14.58
256                    15.38
512                    15.60
1024                   15.68
2048                   16.23
4096                   17.67
8192                   19.91
16384                  34.42
32768                  36.72
65536                  89.59
131072                 96.02
262144                115.04
524288                147.73
1048576               206.54
2097152               334.92
4194304               588.25
== CALIPER: (0): Finalizing ... 
== CALIPER: (0): Releasing Caliper global data.
  Max active channels: 0
== CALIPER: (0): Process blackboard: max 1 entries (0.0979432% occupancy).
== CALIPER: (0): Releasing Caliper thread data: 
  Metadata tree: 1 blocks, 55 nodes
   Metadata memory pool: 1 MiB reserved, 18.168 KiB used
  Thread blackboard: max 2 entries (0.195886% occupancy).
== CALIPER: (0): Finished
START OF JOBSPEC
{"resources": [{"type": "node", "count": 2, "with": [{"type": "slot", "count": 1, "with": [{"type": "core", "count": 1}], "label": "task"}]}], "tasks": [{"command": ["osu_latency"], "slot": "task", "count": {"per_slot": 1}}], "attributes": {"system": {"duration": 0, "cwd": "/root", "shell": {"options": {"rlimit": {"cpu": -1, "fsize": -1, "data": -1, "stack": 8388608, "core": 0, "nofile": 1024, "as": -1, "rss": -1, "nproc": 1450578}, "cpu-affinity": "per-task"}}, "constraints": {"hostlist": ["flux-4,flux-23"]}}, "user": {"study_id": "osu-latency-32-iter-0"}}, "version": 1}
START OF EVENTLOG
{"timestamp":1759898600.2853665,"name":"init"}
{"timestamp":1759898600.2958918,"name":"shell.init","context":{"service":"0-shell-f8ZQSR8X9","leader-rank":4,"size":2}}
{"timestamp":1759898600.285948,"name":"starting"}
{"timestamp":1759898600.2977247,"name":"shell.start","context":{"taskmap":{"version":1,"map":[[0,2,1,1]]}}}
{"timestamp":1759898608.5694506,"name":"shell.task-exit","context":{"localid":0,"rank":0,"state":"Exited","pid":4390,"wait_status":0,"signaled":0,"exitcode":0}}
{"timestamp":1759898608.5721016,"name":"complete","context":{"status":0}}
{"timestamp":1759898608.5721164,"name":"done"}

