# OSU MPI Latency Test v5.8
# Size          Latency (us)
== CALIPER: (0): Available services: adiak_export,adiak_import,aggregate,alloc,allocstats,async_event,cpuinfo,debug,event,io,kokkoslookup,kokkostime,loop_monitor,loop_statistics,memstat,mpi,mpiflush,mpireport,pthread,recorder,region_monitor,report,statistics,sysalloc,timer,timeseries,timestamp,trace,validator
== CALIPER: (0): Initialized
== CALIPER: (0): No manual config specified, disabling default channel
0                      14.47
1                      15.92
2                      15.91
4                      15.89
8                      17.33
16                     17.52
32                     17.60
64                     17.69
128                    17.90
256                    18.39
512                    18.66
1024                   18.93
2048                   19.44
4096                   21.10
8192                   22.87
16384                  34.34
32768                  36.12
65536                  97.64
131072                102.11
262144                138.54
524288                144.01
1048576               208.34
2097152               323.29
4194304               574.76
== CALIPER: (0): Finalizing ... 
== CALIPER: (0): Releasing Caliper global data.
  Max active channels: 0
== CALIPER: (0): Process blackboard: max 1 entries (0.0979432% occupancy).
== CALIPER: (0): Releasing Caliper thread data: 
  Metadata tree: 1 blocks, 55 nodes
   Metadata memory pool: 1 MiB reserved, 18.168 KiB used
  Thread blackboard: max 2 entries (0.195886% occupancy).
== CALIPER: (0): Finished
START OF JOBSPEC
{"resources": [{"type": "node", "count": 2, "with": [{"type": "slot", "count": 1, "with": [{"type": "core", "count": 1}], "label": "task"}]}], "tasks": [{"command": ["osu_latency"], "slot": "task", "count": {"per_slot": 1}}], "attributes": {"system": {"duration": 0, "cwd": "/root", "shell": {"options": {"rlimit": {"cpu": -1, "fsize": -1, "data": -1, "stack": 8388608, "core": 0, "nofile": 1024, "as": -1, "rss": -1, "nproc": 1450578}, "cpu-affinity": "per-task"}}, "constraints": {"hostlist": ["flux-19,flux-29"]}}, "user": {"study_id": "osu-latency-32-iter-0"}}, "version": 1}
START OF EVENTLOG
{"timestamp":1759898715.1379511,"name":"init"}
{"timestamp":1759898715.1481478,"name":"shell.init","context":{"service":"0-shell-f9S2DAwwd","leader-rank":19,"size":2}}
{"timestamp":1759898715.1385427,"name":"starting"}
{"timestamp":1759898715.1499176,"name":"shell.start","context":{"taskmap":{"version":1,"map":[[0,2,1,1]]}}}
{"timestamp":1759898724.4525042,"name":"shell.task-exit","context":{"localid":0,"rank":0,"state":"Exited","pid":3830,"wait_status":0,"signaled":0,"exitcode":0}}
{"timestamp":1759898724.4553134,"name":"complete","context":{"status":0}}
{"timestamp":1759898724.4553301,"name":"done"}

