# OSU MPI Latency Test v5.8
# Size          Latency (us)
== CALIPER: (0): Available services: adiak_export,adiak_import,aggregate,alloc,allocstats,async_event,cpuinfo,debug,event,io,kokkoslookup,kokkostime,loop_monitor,loop_statistics,memstat,mpi,mpiflush,mpireport,pthread,recorder,region_monitor,report,statistics,sysalloc,timer,timeseries,timestamp,trace,validator
== CALIPER: (0): Initialized
== CALIPER: (0): No manual config specified, disabling default channel
0                      45.25
1                      45.28
2                      45.23
4                      45.27
8                      45.34
16                     45.47
32                     45.29
64                     45.34
128                    45.52
256                    46.51
512                    46.73
1024                   47.18
2048                   48.42
4096                   50.73
8192                   55.16
16384                  65.33
32768                  67.74
65536                 192.67
131072                200.87
262144                271.57
524288                264.31
1048576               312.71
2097152               446.85
4194304               699.29
== CALIPER: (0): Finalizing ... 
== CALIPER: (0): Releasing Caliper global data.
  Max active channels: 0
== CALIPER: (0): Process blackboard: max 1 entries (0.0979432% occupancy).
== CALIPER: (0): Releasing Caliper thread data: 
  Metadata tree: 1 blocks, 55 nodes
   Metadata memory pool: 1 MiB reserved, 18.168 KiB used
  Thread blackboard: max 2 entries (0.195886% occupancy).
== CALIPER: (0): Finished
START OF JOBSPEC
{"resources": [{"type": "node", "count": 2, "with": [{"type": "slot", "count": 1, "with": [{"type": "core", "count": 1}], "label": "task"}]}], "tasks": [{"command": ["osu_latency"], "slot": "task", "count": {"per_slot": 1}}], "attributes": {"system": {"duration": 0, "cwd": "/root", "shell": {"options": {"rlimit": {"cpu": -1, "fsize": -1, "data": -1, "stack": 8388608, "core": 0, "nofile": 1024, "as": -1, "rss": -1, "nproc": 1450578}, "cpu-affinity": "per-task"}}, "constraints": {"hostlist": ["flux-23,flux-9"]}}, "user": {"study_id": "osu-latency-32-iter-0"}}, "version": 1}
START OF EVENTLOG
{"timestamp":1759898686.118223,"name":"init"}
{"timestamp":1759898686.1282606,"name":"shell.init","context":{"service":"0-shell-f9DERiHtj","leader-rank":9,"size":2}}
{"timestamp":1759898686.1187427,"name":"starting"}
{"timestamp":1759898686.1300702,"name":"shell.start","context":{"taskmap":{"version":1,"map":[[0,2,1,1]]}}}
{"timestamp":1759898705.9441485,"name":"shell.task-exit","context":{"localid":0,"rank":0,"state":"Exited","pid":3835,"wait_status":0,"signaled":0,"exitcode":0}}
{"timestamp":1759898705.9467046,"name":"complete","context":{"status":0}}
{"timestamp":1759898705.9467275,"name":"done"}

