# OSU MPI Latency Test v5.8
# Size          Latency (us)
== CALIPER: (0): Available services: adiak_export,adiak_import,aggregate,alloc,allocstats,async_event,cpuinfo,debug,event,io,kokkoslookup,kokkostime,loop_monitor,loop_statistics,memstat,mpi,mpiflush,mpireport,pthread,recorder,region_monitor,report,statistics,sysalloc,timer,timeseries,timestamp,trace,validator
== CALIPER: (0): Initialized
== CALIPER: (0): No manual config specified, disabling default channel
0                      46.03
1                      45.92
2                      46.04
4                      46.05
8                      45.95
16                     46.05
32                     46.19
64                     46.24
128                    46.48
256                    47.32
512                    47.51
1024                   47.93
2048                   49.09
4096                   51.39
8192                   56.37
16384                  62.78
32768                  67.00
65536                 181.08
131072                186.83
262144                243.79
524288                244.84
1048576               299.65
2097152               423.96
4194304               673.22
== CALIPER: (0): Finalizing ... 
== CALIPER: (0): Releasing Caliper global data.
  Max active channels: 0
== CALIPER: (0): Process blackboard: max 1 entries (0.0979432% occupancy).
== CALIPER: (0): Releasing Caliper thread data: 
  Metadata tree: 1 blocks, 55 nodes
   Metadata memory pool: 1 MiB reserved, 18.168 KiB used
  Thread blackboard: max 2 entries (0.195886% occupancy).
== CALIPER: (0): Finished
START OF JOBSPEC
{"resources": [{"type": "node", "count": 2, "with": [{"type": "slot", "count": 1, "with": [{"type": "core", "count": 1}], "label": "task"}]}], "tasks": [{"command": ["osu_latency"], "slot": "task", "count": {"per_slot": 1}}], "attributes": {"system": {"duration": 0, "cwd": "/root", "shell": {"options": {"rlimit": {"cpu": -1, "fsize": -1, "data": -1, "stack": 8388608, "core": 0, "nofile": 1024, "as": -1, "rss": -1, "nproc": 1450578}, "cpu-affinity": "per-task"}}, "constraints": {"hostlist": ["flux-29,flux-9"]}}, "user": {"study_id": "osu-latency-32-iter-0"}}, "version": 1}
START OF EVENTLOG
{"timestamp":1759898774.398181,"name":"init"}
{"timestamp":1759898774.4079192,"name":"shell.init","context":{"service":"0-shell-f9t8xo9r7","leader-rank":9,"size":2}}
{"timestamp":1759898774.398886,"name":"starting"}
{"timestamp":1759898774.4096746,"name":"shell.start","context":{"taskmap":{"version":1,"map":[[0,2,1,1]]}}}
{"timestamp":1759898794.1854911,"name":"shell.task-exit","context":{"localid":0,"rank":0,"state":"Exited","pid":3844,"wait_status":0,"signaled":0,"exitcode":0}}
{"timestamp":1759898794.1879113,"name":"complete","context":{"status":0}}
{"timestamp":1759898794.1879296,"name":"done"}

