# OSU MPI Latency Test v5.8
# Size          Latency (us)
== CALIPER: (0): Available services: adiak_export,adiak_import,aggregate,alloc,allocstats,async_event,cpuinfo,debug,event,io,kokkoslookup,kokkostime,loop_monitor,loop_statistics,memstat,mpi,mpiflush,mpireport,pthread,recorder,region_monitor,report,statistics,sysalloc,timer,timeseries,timestamp,trace,validator
== CALIPER: (0): Initialized
== CALIPER: (0): No manual config specified, disabling default channel
0                      43.94
1                      44.09
2                      44.07
4                      44.05
8                      43.88
16                     43.91
32                     43.94
64                     44.06
128                    44.42
256                    45.32
512                    45.56
1024                   46.07
2048                   47.46
4096                   50.05
8192                   55.33
16384                  64.14
32768                  68.53
65536                 190.41
131072                199.58
262144                277.99
524288                268.46
1048576               323.79
2097152               466.31
4194304               734.51
== CALIPER: (0): Finalizing ... 
== CALIPER: (0): Releasing Caliper global data.
  Max active channels: 0
== CALIPER: (0): Process blackboard: max 1 entries (0.0979432% occupancy).
== CALIPER: (0): Releasing Caliper thread data: 
  Metadata tree: 1 blocks, 55 nodes
   Metadata memory pool: 1 MiB reserved, 18.168 KiB used
  Thread blackboard: max 2 entries (0.195886% occupancy).
== CALIPER: (0): Finished
START OF JOBSPEC
{"resources": [{"type": "node", "count": 2, "with": [{"type": "slot", "count": 1, "with": [{"type": "core", "count": 1}], "label": "task"}]}], "tasks": [{"command": ["osu_latency"], "slot": "task", "count": {"per_slot": 1}}], "attributes": {"system": {"duration": 0, "cwd": "/root", "shell": {"options": {"rlimit": {"cpu": -1, "fsize": -1, "data": -1, "stack": 8388608, "core": 0, "nofile": 1024, "as": -1, "rss": -1, "nproc": 1450578}, "cpu-affinity": "per-task"}}, "constraints": {"hostlist": ["flux-0,flux-23"]}}, "user": {"study_id": "osu-latency-32-iter-0"}}, "version": 1}
START OF EVENTLOG
{"timestamp":1759898403.5555787,"name":"init"}
{"timestamp":1759898403.556118,"name":"starting"}
{"timestamp":1759898403.5663822,"name":"shell.init","context":{"service":"0-shell-f74hoKAZD","leader-rank":0,"size":2}}
{"timestamp":1759898403.57004,"name":"shell.start","context":{"taskmap":{"version":1,"map":[[0,2,1,1]]}}}
{"timestamp":1759898423.200954,"name":"shell.task-exit","context":{"localid":0,"rank":0,"state":"Exited","pid":4095,"wait_status":0,"signaled":0,"exitcode":0}}
{"timestamp":1759898423.203083,"name":"complete","context":{"status":0}}
{"timestamp":1759898423.2030995,"name":"done"}

