# OSU MPI Latency Test v5.8
# Size          Latency (us)
== CALIPER: (0): Available services: adiak_export,adiak_import,aggregate,alloc,allocstats,async_event,cpuinfo,debug,event,io,kokkoslookup,kokkostime,loop_monitor,loop_statistics,memstat,mpi,mpiflush,mpireport,pthread,recorder,region_monitor,report,statistics,sysalloc,timer,timeseries,timestamp,trace,validator
== CALIPER: (0): Initialized
== CALIPER: (0): No manual config specified, disabling default channel
0                      14.65
1                      14.46
2                      14.52
4                      16.36
8                      16.53
16                     16.46
32                     16.69
64                     16.53
128                    16.85
256                    17.38
512                    18.92
1024                   19.75
2048                   20.20
4096                   21.03
8192                   21.04
16384                  29.64
32768                  32.91
65536                  81.32
131072                 88.67
262144                105.64
524288                139.08
1048576               209.32
2097152               329.57
4194304               578.09
== CALIPER: (0): Finalizing ... 
== CALIPER: (0): Releasing Caliper global data.
  Max active channels: 0
== CALIPER: (0): Process blackboard: max 1 entries (0.0979432% occupancy).
== CALIPER: (0): Releasing Caliper thread data: 
  Metadata tree: 1 blocks, 55 nodes
   Metadata memory pool: 1 MiB reserved, 18.168 KiB used
  Thread blackboard: max 2 entries (0.195886% occupancy).
== CALIPER: (0): Finished
START OF JOBSPEC
{"resources": [{"type": "node", "count": 2, "with": [{"type": "slot", "count": 1, "with": [{"type": "core", "count": 1}], "label": "task"}]}], "tasks": [{"command": ["osu_latency"], "slot": "task", "count": {"per_slot": 1}}], "attributes": {"system": {"duration": 0, "cwd": "/root", "shell": {"options": {"rlimit": {"cpu": -1, "fsize": -1, "data": -1, "stack": 8388608, "core": 0, "nofile": 1024, "as": -1, "rss": -1, "nproc": 1450578}, "cpu-affinity": "per-task"}}, "constraints": {"hostlist": ["flux-4,flux-16"]}}, "user": {"study_id": "osu-latency-32-iter-0"}}, "version": 1}
START OF EVENTLOG
{"timestamp":1759898617.996841,"name":"init"}
{"timestamp":1759898618.0063138,"name":"shell.init","context":{"service":"0-shell-f8hDBFotj","leader-rank":4,"size":2}}
{"timestamp":1759898617.9973531,"name":"starting"}
{"timestamp":1759898618.0080366,"name":"shell.start","context":{"taskmap":{"version":1,"map":[[0,2,1,1]]}}}
{"timestamp":1759898627.0156865,"name":"shell.task-exit","context":{"localid":0,"rank":0,"state":"Exited","pid":4396,"wait_status":0,"signaled":0,"exitcode":0}}
{"timestamp":1759898627.0182662,"name":"complete","context":{"status":0}}
{"timestamp":1759898627.0182812,"name":"done"}

