# OSU MPI Latency Test v5.8
# Size          Latency (us)
== CALIPER: (0): Available services: adiak_export,adiak_import,aggregate,alloc,allocstats,async_event,cpuinfo,debug,event,io,kokkoslookup,kokkostime,loop_monitor,loop_statistics,memstat,mpi,mpiflush,mpireport,pthread,recorder,region_monitor,report,statistics,sysalloc,timer,timeseries,timestamp,trace,validator
== CALIPER: (0): Initialized
== CALIPER: (0): No manual config specified, disabling default channel
0                      39.11
1                      39.09
2                      39.21
4                      39.21
8                      39.20
16                     39.17
32                     39.25
64                     39.26
128                    39.43
256                    40.29
512                    40.59
1024                   41.02
2048                   42.16
4096                   44.45
8192                   48.99
16384                  57.28
32768                  61.87
65536                 174.04
131072                182.50
262144                260.04
524288                250.25
1048576               288.93
2097152               409.94
4194304               659.69
== CALIPER: (0): Finalizing ... 
== CALIPER: (0): Releasing Caliper global data.
  Max active channels: 0
== CALIPER: (0): Process blackboard: max 1 entries (0.0979432% occupancy).
== CALIPER: (0): Releasing Caliper thread data: 
  Metadata tree: 1 blocks, 55 nodes
   Metadata memory pool: 1 MiB reserved, 18.168 KiB used
  Thread blackboard: max 2 entries (0.195886% occupancy).
== CALIPER: (0): Finished
START OF JOBSPEC
{"resources": [{"type": "node", "count": 2, "with": [{"type": "slot", "count": 1, "with": [{"type": "core", "count": 1}], "label": "task"}]}], "tasks": [{"command": ["osu_latency"], "slot": "task", "count": {"per_slot": 1}}], "attributes": {"system": {"duration": 0, "cwd": "/root", "shell": {"options": {"rlimit": {"cpu": -1, "fsize": -1, "data": -1, "stack": 8388608, "core": 0, "nofile": 1024, "as": -1, "rss": -1, "nproc": 1450578}, "cpu-affinity": "per-task"}}, "constraints": {"hostlist": ["flux-18,flux-19"]}}, "user": {"study_id": "osu-latency-32-iter-0"}}, "version": 1}
START OF EVENTLOG
{"timestamp":1759898530.5680971,"name":"init"}
{"timestamp":1759898530.5780916,"name":"shell.init","context":{"service":"0-shell-f82gPpQko","leader-rank":18,"size":2}}
{"timestamp":1759898530.5687053,"name":"starting"}
{"timestamp":1759898530.5796337,"name":"shell.start","context":{"taskmap":{"version":1,"map":[[0,2,1,1]]}}}
{"timestamp":1759898548.1713212,"name":"shell.task-exit","context":{"localid":0,"rank":0,"state":"Exited","pid":3710,"wait_status":0,"signaled":0,"exitcode":0}}
{"timestamp":1759898548.1738079,"name":"complete","context":{"status":0}}
{"timestamp":1759898548.1738245,"name":"done"}

