# OSU MPI Latency Test v5.8
# Size          Latency (us)
== CALIPER: (0): Available services: adiak_export,adiak_import,aggregate,alloc,allocstats,async_event,cpuinfo,debug,event,io,kokkoslookup,kokkostime,loop_monitor,loop_statistics,memstat,mpi,mpiflush,mpireport,pthread,recorder,region_monitor,report,statistics,sysalloc,timer,timeseries,timestamp,trace,validator
== CALIPER: (0): Initialized
== CALIPER: (0): No manual config specified, disabling default channel
0                      16.85
1                      16.69
2                      16.78
4                      16.61
8                      16.88
16                     16.92
32                     16.97
64                     17.68
128                    19.12
256                    20.04
512                    20.30
1024                   20.54
2048                   21.52
4096                   22.69
8192                   24.17
16384                  35.91
32768                  38.12
65536                 100.82
131072                106.02
262144                136.76
524288                153.53
1048576               219.84
2097152               348.17
4194304               604.61
== CALIPER: (0): Finalizing ... 
== CALIPER: (0): Releasing Caliper global data.
  Max active channels: 0
== CALIPER: (0): Process blackboard: max 1 entries (0.0979432% occupancy).
== CALIPER: (0): Releasing Caliper thread data: 
  Metadata tree: 1 blocks, 55 nodes
   Metadata memory pool: 1 MiB reserved, 18.168 KiB used
  Thread blackboard: max 2 entries (0.195886% occupancy).
== CALIPER: (0): Finished
START OF JOBSPEC
{"resources": [{"type": "node", "count": 2, "with": [{"type": "slot", "count": 1, "with": [{"type": "core", "count": 1}], "label": "task"}]}], "tasks": [{"command": ["osu_latency"], "slot": "task", "count": {"per_slot": 1}}], "attributes": {"system": {"duration": 0, "cwd": "/root", "shell": {"options": {"rlimit": {"cpu": -1, "fsize": -1, "data": -1, "stack": 8388608, "core": 0, "nofile": 1024, "as": -1, "rss": -1, "nproc": 1450578}, "cpu-affinity": "per-task"}}, "constraints": {"hostlist": ["flux-23,flux-16"]}}, "user": {"study_id": "osu-latency-32-iter-0"}}, "version": 1}
START OF EVENTLOG
{"timestamp":1759898666.4648416,"name":"init"}
{"timestamp":1759898666.4753113,"name":"shell.init","context":{"service":"0-shell-f94a5FeXq","leader-rank":16,"size":2}}
{"timestamp":1759898666.465445,"name":"starting"}
{"timestamp":1759898666.4771926,"name":"shell.start","context":{"taskmap":{"version":1,"map":[[0,2,1,1]]}}}
{"timestamp":1759898676.2333431,"name":"shell.task-exit","context":{"localid":0,"rank":0,"state":"Exited","pid":3822,"wait_status":0,"signaled":0,"exitcode":0}}
{"timestamp":1759898676.2361176,"name":"complete","context":{"status":0}}
{"timestamp":1759898676.2361317,"name":"done"}

