# OSU MPI Latency Test v5.8
# Size          Latency (us)
== CALIPER: (0): Available services: adiak_export,adiak_import,aggregate,alloc,allocstats,async_event,cpuinfo,debug,event,io,kokkoslookup,kokkostime,loop_monitor,loop_statistics,memstat,mpi,mpiflush,mpireport,pthread,recorder,region_monitor,report,statistics,sysalloc,timer,timeseries,timestamp,trace,validator
== CALIPER: (0): Initialized
== CALIPER: (0): No manual config specified, disabling default channel
0                      14.35
1                      14.37
2                      14.38
4                      14.32
8                      14.50
16                     14.70
32                     14.54
64                     14.97
128                    16.74
256                    17.49
512                    18.18
1024                   19.68
2048                   20.39
4096                   19.80
8192                   22.47
16384                  28.84
32768                  32.36
65536                  82.13
131072                 89.39
262144                117.69
524288                139.88
1048576               206.55
2097152               338.37
4194304               581.25
== CALIPER: (0): Finalizing ... 
== CALIPER: (0): Releasing Caliper global data.
  Max active channels: 0
== CALIPER: (0): Process blackboard: max 1 entries (0.0979432% occupancy).
== CALIPER: (0): Releasing Caliper thread data: 
  Metadata tree: 1 blocks, 55 nodes
   Metadata memory pool: 1 MiB reserved, 18.168 KiB used
  Thread blackboard: max 2 entries (0.195886% occupancy).
== CALIPER: (0): Finished
START OF JOBSPEC
{"resources": [{"type": "node", "count": 2, "with": [{"type": "slot", "count": 1, "with": [{"type": "core", "count": 1}], "label": "task"}]}], "tasks": [{"command": ["osu_latency"], "slot": "task", "count": {"per_slot": 1}}], "attributes": {"system": {"duration": 0, "cwd": "/root", "shell": {"options": {"rlimit": {"cpu": -1, "fsize": -1, "data": -1, "stack": 8388608, "core": 0, "nofile": 1024, "as": -1, "rss": -1, "nproc": 1450578}, "cpu-affinity": "per-task"}}, "constraints": {"hostlist": ["flux-19,flux-16"]}}, "user": {"study_id": "osu-latency-32-iter-0"}}, "version": 1}
START OF EVENTLOG
{"timestamp":1759898706.1144757,"name":"init"}
{"timestamp":1759898706.1151145,"name":"starting"}
{"timestamp":1759898706.1252909,"name":"shell.init","context":{"service":"0-shell-f9N3Ygguu","leader-rank":16,"size":2}}
{"timestamp":1759898706.1272459,"name":"shell.start","context":{"taskmap":{"version":1,"map":[[0,2,1,1]]}}}
{"timestamp":1759898714.9660685,"name":"shell.task-exit","context":{"localid":0,"rank":0,"state":"Exited","pid":3825,"wait_status":0,"signaled":0,"exitcode":0}}
{"timestamp":1759898714.9685616,"name":"complete","context":{"status":0}}
{"timestamp":1759898714.9685762,"name":"done"}

