# OSU MPI Latency Test v5.8
# Size          Latency (us)
== CALIPER: (0): Available services: adiak_export,adiak_import,aggregate,alloc,allocstats,async_event,cpuinfo,debug,event,io,kokkoslookup,kokkostime,loop_monitor,loop_statistics,memstat,mpi,mpiflush,mpireport,pthread,recorder,region_monitor,report,statistics,sysalloc,timer,timeseries,timestamp,trace,validator
== CALIPER: (0): Initialized
== CALIPER: (0): No manual config specified, disabling default channel
0                      16.84
1                      19.82
2                      19.86
4                      19.83
8                      19.94
16                     20.04
32                     17.27
64                     16.47
128                    16.50
256                    17.27
512                    19.14
1024                   18.87
2048                   18.90
4096                   20.09
8192                   22.74
16384                  34.39
32768                  38.58
65536                  99.85
131072                108.80
262144                140.12
524288                153.68
1048576               219.96
2097152               338.14
4194304               596.98
== CALIPER: (0): Finalizing ... 
== CALIPER: (0): Releasing Caliper global data.
  Max active channels: 0
== CALIPER: (0): Process blackboard: max 1 entries (0.0979432% occupancy).
== CALIPER: (0): Releasing Caliper thread data: 
  Metadata tree: 1 blocks, 55 nodes
   Metadata memory pool: 1 MiB reserved, 18.168 KiB used
  Thread blackboard: max 2 entries (0.195886% occupancy).
== CALIPER: (0): Finished
START OF JOBSPEC
{"resources": [{"type": "node", "count": 2, "with": [{"type": "slot", "count": 1, "with": [{"type": "core", "count": 1}], "label": "task"}]}], "tasks": [{"command": ["osu_latency"], "slot": "task", "count": {"per_slot": 1}}], "attributes": {"system": {"duration": 0, "cwd": "/root", "shell": {"options": {"rlimit": {"cpu": -1, "fsize": -1, "data": -1, "stack": 8388608, "core": 0, "nofile": 1024, "as": -1, "rss": -1, "nproc": 1450578}, "cpu-affinity": "per-task"}}, "constraints": {"hostlist": ["flux-0,flux-18"]}}, "user": {"study_id": "osu-latency-32-iter-0"}}, "version": 1}
START OF EVENTLOG
{"timestamp":1759898371.9017079,"name":"init"}
{"timestamp":1759898371.9106929,"name":"shell.init","context":{"service":"0-shell-f6pkiK7WP","leader-rank":0,"size":2}}
{"timestamp":1759898371.9021318,"name":"starting"}
{"timestamp":1759898371.9140475,"name":"shell.start","context":{"taskmap":{"version":1,"map":[[0,2,1,1]]}}}
{"timestamp":1759898381.6448431,"name":"shell.task-exit","context":{"localid":0,"rank":1,"state":"Exited","pid":3701,"wait_status":0,"signaled":0,"exitcode":0}}
{"timestamp":1759898381.6465313,"name":"complete","context":{"status":0}}
{"timestamp":1759898381.646548,"name":"done"}

