# OSU MPI Latency Test v5.8
# Size          Latency (us)
== CALIPER: (0): Available services: adiak_export,adiak_import,aggregate,alloc,allocstats,async_event,cpuinfo,debug,event,io,kokkoslookup,kokkostime,loop_monitor,loop_statistics,memstat,mpi,mpiflush,mpireport,pthread,recorder,region_monitor,report,statistics,sysalloc,timer,timeseries,timestamp,trace,validator
== CALIPER: (0): Initialized
== CALIPER: (0): No manual config specified, disabling default channel
0                      50.18
1                      50.22
2                      50.31
4                      50.33
8                      50.28
16                     50.30
32                     50.46
64                     50.51
128                    50.63
256                    51.58
512                    51.61
1024                   52.04
2048                   53.47
4096                   55.70
8192                   60.39
16384                  66.53
32768                  70.78
65536                 191.46
131072                200.13
262144                243.00
524288                249.02
1048576               311.82
2097152               436.90
4194304               692.77
== CALIPER: (0): Finalizing ... 
== CALIPER: (0): Releasing Caliper global data.
  Max active channels: 0
== CALIPER: (0): Process blackboard: max 1 entries (0.0979432% occupancy).
== CALIPER: (0): Releasing Caliper thread data: 
  Metadata tree: 1 blocks, 55 nodes
   Metadata memory pool: 1 MiB reserved, 18.168 KiB used
  Thread blackboard: max 2 entries (0.195886% occupancy).
== CALIPER: (0): Finished
START OF JOBSPEC
{"resources": [{"type": "node", "count": 2, "with": [{"type": "slot", "count": 1, "with": [{"type": "core", "count": 1}], "label": "task"}]}], "tasks": [{"command": ["osu_latency"], "slot": "task", "count": {"per_slot": 1}}], "attributes": {"system": {"duration": 0, "cwd": "/root", "shell": {"options": {"rlimit": {"cpu": -1, "fsize": -1, "data": -1, "stack": 8388608, "core": 0, "nofile": 1024, "as": -1, "rss": -1, "nproc": 1450578}, "cpu-affinity": "per-task"}}, "constraints": {"hostlist": ["flux-18,flux-16"]}}, "user": {"study_id": "osu-latency-32-iter-0"}}, "version": 1}
START OF EVENTLOG
{"timestamp":1759898548.3417196,"name":"init"}
{"timestamp":1759898548.3422368,"name":"starting"}
{"timestamp":1759898548.3525732,"name":"shell.init","context":{"service":"0-shell-f8AWiaKbm","leader-rank":16,"size":2}}
{"timestamp":1759898548.3544831,"name":"shell.start","context":{"taskmap":{"version":1,"map":[[0,2,1,1]]}}}
{"timestamp":1759898569.5693324,"name":"shell.task-exit","context":{"localid":0,"rank":0,"state":"Exited","pid":3816,"wait_status":0,"signaled":0,"exitcode":0}}
{"timestamp":1759898569.5714502,"name":"complete","context":{"status":0}}
{"timestamp":1759898569.5714672,"name":"done"}

