__rec=node,id=12,attr=10,data=64,parent=3
__rec=node,id=13,attr=8,data=attribute.alias,parent=12
__rec=node,id=14,attr=8,data=attribute.unit,parent=12
__rec=node,id=130,attr=14,data=sec,parent=5
__rec=node,id=131,attr=13,data=Min time/rank,parent=130
__rec=node,id=132,attr=10,data=2113,parent=131
__rec=node,id=133,attr=8,data=min#inclusive#sum#time.duration,parent=132
__rec=node,id=134,attr=13,data=Max time/rank,parent=130
__rec=node,id=135,attr=10,data=2113,parent=134
__rec=node,id=136,attr=8,data=max#inclusive#sum#time.duration,parent=135
__rec=node,id=190,attr=13,data=Avg time/rank,parent=130
__rec=node,id=191,attr=10,data=2113,parent=190
__rec=node,id=192,attr=8,data=avg#inclusive#sum#time.duration,parent=191
__rec=node,id=137,attr=10,data=2241,parent=5
__rec=node,id=138,attr=8,data=avg.sum#inclusive#sum#time.duration,parent=137
__rec=node,id=35,attr=10,data=2241,parent=2
__rec=node,id=139,attr=8,data=avg.count#inclusive#sum#time.duration,parent=35
__rec=node,id=140,attr=13,data=Total time,parent=130
__rec=node,id=141,attr=10,data=2113,parent=140
__rec=node,id=142,attr=8,data=sum#inclusive#sum#time.duration,parent=141
__rec=node,id=161,attr=13,data=Node order,parent=2
__rec=node,id=162,attr=10,data=2113,parent=161
__rec=node,id=163,attr=8,data=min#min#aggregate.slot,parent=162
__rec=node,id=176,attr=13,data=Min time/rank (exc),parent=130
__rec=node,id=177,attr=10,data=2113,parent=176
__rec=node,id=178,attr=8,data=min#scale#sum#time.duration.ns,parent=177
__rec=node,id=179,attr=13,data=Max time/rank (exc),parent=130
__rec=node,id=180,attr=10,data=2113,parent=179
__rec=node,id=181,attr=8,data=max#scale#sum#time.duration.ns,parent=180
__rec=node,id=193,attr=13,data=Avg time/rank (exc),parent=130
__rec=node,id=194,attr=10,data=2113,parent=193
__rec=node,id=195,attr=8,data=avg#scale#sum#time.duration.ns,parent=194
__rec=node,id=182,attr=8,data=avg.sum#scale#sum#time.duration.ns,parent=137
__rec=node,id=183,attr=8,data=avg.count#scale#sum#time.duration.ns,parent=35
__rec=node,id=184,attr=13,data=Total time (exc),parent=130
__rec=node,id=185,attr=10,data=2113,parent=184
__rec=node,id=186,attr=8,data=sum#scale#sum#time.duration.ns,parent=185
__rec=node,id=15,attr=8,data=spot.channel,parent=12
__rec=node,id=208,attr=15,data=regionprofile
__rec=ctx,ref=208,attr=133=136=192=138=139=142=163=178=181=195=182=183=186,data=0.24179=0.243563=0.242676=0.485352=2=0.485352=0=0.24179=0.243563=0.242676=0.485352=2=0.485352
__rec=node,id=37,attr=10,data=276,parent=3
__rec=node,id=38,attr=8,data=region,parent=37
__rec=node,id=39,attr=38,data=round_trip
__rec=node,id=164,attr=14,data=count,parent=2
__rec=node,id=165,attr=13,data=Calls/rank (min),parent=164
__rec=node,id=166,attr=10,data=2113,parent=165
__rec=node,id=167,attr=8,data=min#sum#rc.count,parent=166
__rec=node,id=196,attr=13,data=Calls/rank (avg),parent=164
__rec=node,id=197,attr=10,data=2113,parent=196
__rec=node,id=198,attr=8,data=avg#sum#rc.count,parent=197
__rec=node,id=168,attr=8,data=avg.sum#sum#rc.count,parent=35
__rec=node,id=169,attr=8,data=avg.count#sum#rc.count,parent=35
__rec=node,id=170,attr=13,data=Calls/rank (max),parent=164
__rec=node,id=171,attr=10,data=2113,parent=170
__rec=node,id=172,attr=8,data=max#sum#rc.count,parent=171
__rec=node,id=173,attr=13,data=Calls (total),parent=164
__rec=node,id=174,attr=10,data=2113,parent=173
__rec=node,id=175,attr=8,data=sum#sum#rc.count,parent=174
__rec=ctx,ref=39=208,attr=133=136=192=138=139=142=163=167=198=168=169=172=175=178=181=195=182=183=186,data=20.8161=20.8174=20.8167=41.6335=2=41.6335=1=159000=159000=318000=2=159000=318000=1.05579=1.06231=1.05905=2.1181=2=2.1181
__rec=node,id=50,attr=10,data=84,parent=6
__rec=node,id=51,attr=8,data=subscription_event,parent=50
__rec=node,id=52,attr=51,data=true,parent=3
__rec=node,id=53,attr=10,data=276,parent=52
__rec=node,id=54,attr=8,data=mpi.function,parent=53
__rec=node,id=55,attr=54,data=MPI_Send,parent=39
__rec=node,id=145,attr=14,data=count,parent=1
__rec=node,id=205,attr=13,data=Msgs sent (avg),parent=145
__rec=node,id=206,attr=10,data=2113,parent=205
__rec=node,id=207,attr=8,data=avg#sum#mmc.send,parent=206
__rec=node,id=80,attr=10,data=2241,parent=1
__rec=node,id=143,attr=8,data=avg.sum#sum#mmc.send,parent=80
__rec=node,id=144,attr=8,data=avg.count#sum#mmc.send,parent=35
__rec=node,id=146,attr=13,data=Msgs sent (max),parent=145
__rec=node,id=147,attr=10,data=2113,parent=146
__rec=node,id=148,attr=8,data=max#sum#mmc.send,parent=147
__rec=node,id=157,attr=14,data=Byte,parent=1
__rec=node,id=158,attr=13,data=Msg size (min),parent=157
__rec=node,id=159,attr=10,data=2113,parent=158
__rec=node,id=160,attr=8,data=min#min#mms.min,parent=159
__rec=node,id=202,attr=13,data=Msg size (avg),parent=157
__rec=node,id=203,attr=10,data=2113,parent=202
__rec=node,id=204,attr=8,data=avg#avg#mms.avg,parent=203
__rec=node,id=188,attr=8,data=avg.sum#avg#mms.avg,parent=80
__rec=node,id=189,attr=8,data=avg.count#avg#mms.avg,parent=35
__rec=ctx,ref=55=208,attr=133=136=192=138=139=142=207=143=144=148=160=204=188=189=163=167=198=168=169=172=175=178=181=195=182=183=186,data=2.25421=2.42934=2.34177=4.68355=2=4.68355=159000=318000=2=159000=0=349525=699050=2=3=159000=159000=318000=2=159000=318000=2.25421=2.42934=2.34177=4.68355=2=4.68355
__rec=node,id=84,attr=54,data=MPI_Recv,parent=39
__rec=node,id=199,attr=13,data=Msgs recvd (avg),parent=145
__rec=node,id=200,attr=10,data=2113,parent=199
__rec=node,id=201,attr=8,data=avg#sum#mmc.recv,parent=200
__rec=node,id=149,attr=8,data=avg.sum#sum#mmc.recv,parent=80
__rec=node,id=150,attr=8,data=avg.count#sum#mmc.recv,parent=35
__rec=node,id=151,attr=13,data=Msgs recvd (max),parent=145
__rec=node,id=152,attr=10,data=2113,parent=151
__rec=node,id=153,attr=8,data=max#sum#mmc.recv,parent=152
__rec=ctx,ref=84=208,attr=133=136=192=138=139=142=201=149=150=153=160=204=188=189=163=167=198=168=169=172=175=178=181=195=182=183=186,data=17.3323=17.4995=17.4159=34.8318=2=34.8318=159000=318000=2=159000=0=349525=699050=2=3=159000=159000=318000=2=159000=318000=17.3323=17.4995=17.4159=34.8318=2=34.8318
__rec=node,id=91,attr=54,data=MPI_Barrier
__rec=node,id=154,attr=13,data=Collectives (max),parent=145
__rec=node,id=155,attr=10,data=2113,parent=154
__rec=node,id=156,attr=8,data=max#sum#mmc.coll,parent=155
__rec=ctx,ref=91=208,attr=133=136=192=138=139=142=156=163=167=198=168=169=172=175=178=181=195=182=183=186,data=0.000663258=0.00255284=0.00160805=0.0032161=2=0.0032161=23=8=23=23=46=2=23=46=0.000663258=0.00255284=0.00160805=0.0032161=2=0.0032161
__rec=node,id=100,attr=54,data=MPI_Send
__rec=ctx,ref=100=208,attr=133=136=192=138=139=142=207=143=144=148=160=204=188=189=163=167=198=168=169=172=175=178=181=195=182=183=186,data=0.0226305=0.0248466=0.0237386=0.0474771=2=0.0474771=1490=2980=2=1490=1=364722=729444=2=10=1490=1490=2980=2=1490=2980=0.0226305=0.0248466=0.0237386=0.0474771=2=0.0474771
__rec=node,id=101,attr=54,data=MPI_Recv
__rec=ctx,ref=101=208,attr=133=136=192=138=139=142=201=149=150=153=160=204=188=189=163=167=198=168=169=172=175=178=181=195=182=183=186,data=0.166191=0.170388=0.168289=0.336579=2=0.336579=1490=2980=2=1490=1=364722=729444=2=10=1490=1490=2980=2=1490=2980=0.166191=0.170388=0.168289=0.336579=2=0.336579
__rec=node,id=125,attr=54,data=MPI_Finalize
__rec=ctx,ref=125=208,attr=133=136=192=138=139=142=163=167=198=168=169=172=175=178=181=195=182=183=186,data=8.477e-06=1.048e-05=9.4785e-06=1.8957e-05=2=1.8957e-05=284=1=1=2=2=1=2=8.477e-06=1.048e-05=9.4785e-06=1.8957e-05=2=1.8957e-05
__rec=node,id=126,attr=54,data=MPI_Initialized
__rec=ctx,ref=126=208,attr=133=136=192=138=139=142=163=167=198=168=169=172=175=178=181=195=182=183=186,data=5.955e-06=1.0183e-05=8.069e-06=1.6138e-05=2=1.6138e-05=285=1=1=2=2=1=2=5.955e-06=1.0183e-05=8.069e-06=1.6138e-05=2=1.6138e-05
__rec=node,id=127,attr=54,data=MPI_Finalized
__rec=ctx,ref=127=208,attr=133=136=192=138=139=142=163=167=198=168=169=172=175=178=181=195=182=183=186,data=3.355e-06=4.391e-06=3.873e-06=7.746e-06=2=7.746e-06=286=1=1=2=2=1=2=3.355e-06=4.391e-06=3.873e-06=7.746e-06=2=7.746e-06
__rec=node,id=128,attr=54,data=MPI_Comm_dup
__rec=ctx,ref=128=208,attr=133=136=192=138=139=142=163=167=198=168=169=172=175=178=181=195=182=183=186,data=0.000303127=0.000611846=0.000457487=0.000914973=2=0.000914973=287=1=1=2=2=1=2=0.000303127=0.000611846=0.000457487=0.000914973=2=0.000914973
__rec=node,id=225,attr=10,data=512,parent=3
__rec=node,id=231,attr=8,data=spot.channels,parent=225
__rec=node,id=230,attr=8,data=spot.options,parent=225
__rec=node,id=228,attr=10,data=512,parent=1
__rec=node,id=229,attr=8,data=spot.format.version,parent=228
__rec=node,id=227,attr=8,data=spot.timeseries.metrics,parent=225
__rec=node,id=226,attr=8,data=spot.metrics,parent=225
__rec=node,id=16,attr=10,data=1612,parent=1
__rec=node,id=17,attr=8,data=mpi.world.size,parent=16
__rec=node,id=18,attr=10,data=1612,parent=3
__rec=node,id=19,attr=8,data=cali.caliper.version,parent=18
__rec=node,id=20,attr=19,data=2.13.1
__rec=node,id=21,attr=17,data=2,parent=20
__rec=node,id=232,attr=226,data=min#inclusive#sum#time.duration\,max#inclusive#sum#time.duration\,avg#inclusive#sum#time.duration\,sum#inclusive#sum#time.duration\,avg#sum#mmc.send\,max#sum#mmc.send\,avg#sum#mmc.recv\,max#sum#mmc.recv\,max#sum#mmc.coll\,min#min#mms.min\,avg#avg#mms.avg\,max#max#mms.avg\,min#min#aggregate.slot\,min#sum#rc.count\,avg#sum#rc.count\,max#sum#rc.count\,sum#sum#rc.count\,min#scale#sum#time.duration.ns\,max#scale#sum#time.duration.ns\,avg#scale#sum#time.duration.ns\,sum#scale#sum#time.duration.ns,parent=21
__rec=node,id=233,attr=227,data=,parent=232
__rec=node,id=234,attr=229,data=2,parent=233
__rec=node,id=235,attr=230,data=profile.mpi\,mpi.message.count\,mpi.message.size\,node.order\,region.count\,time.exclusive,parent=234
__rec=node,id=236,attr=231,data=regionprofile,parent=235
__rec=node,id=209,attr=8,data=opts:time.exclusive,parent=18
__rec=node,id=210,attr=8,data=opts:region.count,parent=18
__rec=node,id=211,attr=8,data=opts:profile.mpi,parent=18
__rec=node,id=212,attr=8,data=opts:output,parent=18
__rec=node,id=213,attr=8,data=opts:node.order,parent=18
__rec=node,id=214,attr=8,data=opts:mpi.message.size,parent=18
__rec=node,id=215,attr=8,data=opts:mpi.message.count,parent=18
__rec=node,id=216,attr=8,data=cali.channel,parent=18
__rec=node,id=217,attr=216,data=spot
__rec=node,id=218,attr=215,data=true,parent=217
__rec=node,id=219,attr=214,data=true,parent=218
__rec=node,id=220,attr=213,data=true,parent=219
__rec=node,id=221,attr=212,data=/tmp/out.cali,parent=220
__rec=node,id=222,attr=211,data=true,parent=221
__rec=node,id=223,attr=210,data=true,parent=222
__rec=node,id=224,attr=209,data=true,parent=223
__rec=globals,ref=236=224
