# OSU MPI Latency Test v5.8
# Size          Latency (us)
== CALIPER: (0): Available services: adiak_export,adiak_import,aggregate,alloc,allocstats,async_event,cpuinfo,debug,event,io,kokkoslookup,kokkostime,loop_monitor,loop_statistics,memstat,mpi,mpiflush,mpireport,pthread,recorder,region_monitor,report,statistics,sysalloc,timer,timeseries,timestamp,trace,validator
== CALIPER: (0): Initialized
== CALIPER: (0): No manual config specified, disabling default channel
== CALIPER: (0): Creating channel builtin.configmgr
== CALIPER: (0): builtin.configmgr: mpiwrap: Using GOTCHA wrappers.
== CALIPER: (0): builtin.configmgr: Registered MPI service
== CALIPER: (0): builtin.configmgr: Registered mpiflush service
== CALIPER: (0): Creating channel event-trace
== CALIPER: (0): event-trace: registered async_event service
== CALIPER: (0): event-trace: event: Using region level 0
== CALIPER: (0): event-trace: event: Marked attribute comm.region
== CALIPER: (0): event-trace: event: Marked attribute loop
== CALIPER: (0): event-trace: event: Marked attribute phase
== CALIPER: (0): event-trace: event: Marked attribute region
== CALIPER: (0): event-trace: Registered event trigger service
== CALIPER: (0): event-trace: mpiwrap: Using GOTCHA wrappers.
== CALIPER: (0): event-trace: Registered MPI service
== CALIPER: (0): event-trace: Registered timer service
== CALIPER: (0): event-trace: Registered trace service
== CALIPER: (0): event-trace: event: Marked attribute mpi.function
== CALIPER: (0): Registered builtin ConfigManager
== CALIPER: (0): event-trace: event: Marked attribute msg_size
0                      46.71
1                      46.74
2                      46.73
4                      46.77
8                      46.64
16                     46.86
32                     46.84
64                     46.90
128                    46.98
256                    48.02
512                    48.30
1024                   48.75
2048                   49.72
4096                   52.45
8192                   57.62
16384                  65.60
32768                  77.54
65536                 189.90
131072                198.61
262144                279.62
524288                266.30
1048576               321.66
2097152               456.32
4194304               723.07
== CALIPER: (0): builtin.configmgr: Flushing Caliper data
== CALIPER: (0): event-trace: Flushing Caliper data
== CALIPER: (0): event-trace: trace: Flushed 1119008 snapshots.
== CALIPER: (0): event-trace: Recorder: Wrote 1119151 records.
== CALIPER: (0): Finalizing ... 
== CALIPER: (0): builtin.configmgr: Flushing Caliper data
== CALIPER: (0): Releasing channel builtin.configmgr
== CALIPER: (0): builtin.configmgr: Finishing mpi service
== CALIPER: (0): builtin.configmgr channel blackboard: max 2 entries (0.195886% occupancy).
== CALIPER: (0): Releasing channel event-trace
== CALIPER: (0): event-trace: Finishing mpi service
== CALIPER: (0): event-trace: trace: 24 MiB reserved, 22.4972 MiB used, 12 chunks.
== CALIPER: (0): event-trace: Trace: 1 thread trace buffers acquired, 0 retired, 0 released.
== CALIPER: (0): event-trace channel blackboard: max 1 entries (0.0979432% occupancy).
== CALIPER: (0): Releasing Caliper global data.
  Max active channels: 1
== CALIPER: (0): Process blackboard: max 2 entries (0.195886% occupancy).
== CALIPER: (0): Releasing Caliper thread data: 
  Metadata tree: 1 blocks, 217 nodes
   Metadata memory pool: 1 MiB reserved, 19.1455 KiB used
  Thread blackboard: max 4 entries (0.391773% occupancy).
== CALIPER: (0): Finished
START OF JOBSPEC
{"resources": [{"type": "node", "count": 2, "with": [{"type": "slot", "count": 1, "with": [{"type": "core", "count": 1}], "label": "task"}]}], "tasks": [{"command": ["osu_latency"], "slot": "task", "count": {"per_slot": 1}}], "attributes": {"system": {"duration": 0, "cwd": "/root", "shell": {"options": {"rlimit": {"cpu": -1, "fsize": -1, "data": -1, "stack": 8388608, "core": 0, "nofile": 1024, "as": -1, "rss": -1, "nproc": 1450578}, "cpu-affinity": "per-task"}}, "constraints": {"hostlist": ["flux-0,flux-3"]}}, "user": {"study_id": "osu-latency-8-iter-0"}}, "version": 1}
START OF EVENTLOG
{"timestamp":1759850226.2693062,"name":"init"}
{"timestamp":1759850226.2795811,"name":"shell.init","context":{"service":"0-shell-fPMH8fPGb","leader-rank":0,"size":2}}
{"timestamp":1759850226.2700479,"name":"starting"}
{"timestamp":1759850226.2810316,"name":"shell.start","context":{"taskmap":{"version":1,"map":[[0,2,1,1]]}}}
{"timestamp":1759850249.5849781,"name":"shell.task-exit","context":{"localid":0,"rank":0,"state":"Exited","pid":5885,"wait_status":0,"signaled":0,"exitcode":0}}
{"timestamp":1759850249.5886946,"name":"complete","context":{"status":0}}
{"timestamp":1759850249.588711,"name":"done"}

