
# OSU MPI Allreduce Latency Test v5.8
# Size       Avg Latency(us)
== CALIPER: (0): Available services: adiak_export,adiak_import,aggregate,alloc,allocstats,async_event,cpuinfo,debug,event,io,kokkoslookup,kokkostime,loop_monitor,loop_statistics,memstat,mpi,mpiflush,mpireport,pthread,recorder,region_monitor,report,statistics,sysalloc,timer,timeseries,timestamp,trace,validator
== CALIPER: (0): Initialized
== CALIPER: (0): No manual config specified, disabling default channel
4                     190.45
8                     190.26
16                    193.20
32                    196.49
64                    188.79
128                   185.85
256                   191.90
512                   197.42
1024                  200.96
2048                  210.89
4096                  239.66
8192                  272.08
16384                 618.46
32768                 416.24
65536                 692.80
131072               1506.18
262144                592.68
524288                784.77
1048576              1245.36
== CALIPER: (0): Finalizing ... 
== CALIPER: (0): Releasing Caliper global data.
  Max active channels: 0
== CALIPER: (0): Process blackboard: max 1 entries (0.0979432% occupancy).
== CALIPER: (0): Releasing Caliper thread data: 
  Metadata tree: 1 blocks, 70 nodes
   Metadata memory pool: 1 MiB reserved, 18.1797 KiB used
  Thread blackboard: max 2 entries (0.195886% occupancy).
== CALIPER: (0): Finished
START OF JOBSPEC
{"resources": [{"type": "node", "count": 4, "with": [{"type": "slot", "count": 48, "with": [{"type": "core", "count": 1}], "label": "task"}]}], "tasks": [{"command": ["osu_allreduce"], "slot": "task", "count": {"per_slot": 1}}], "attributes": {"system": {"duration": 0, "cwd": "/root", "shell": {"options": {"rlimit": {"cpu": -1, "fsize": -1, "data": -1, "stack": 8388608, "core": 0, "nofile": 1024, "as": -1, "rss": -1, "nproc": 1450578}, "cpu-affinity": "per-task"}}}, "user": {"study_id": "kripke-4-iter-5"}}, "version": 1}
START OF EVENTLOG
{"timestamp":1759777998.2606759,"name":"init"}
{"timestamp":1759777998.2612314,"name":"starting"}
{"timestamp":1759777998.2717392,"name":"shell.init","context":{"service":"0-shell-fTvhDXzdd","leader-rank":0,"size":4}}
{"timestamp":1759777998.3539839,"name":"shell.start","context":{"taskmap":{"version":1,"map":[[0,4,48,1]]}}}
{"timestamp":1759778010.9167142,"name":"shell.task-exit","context":{"localid":38,"rank":38,"state":"Exited","pid":4763,"wait_status":0,"signaled":0,"exitcode":0}}
{"timestamp":1759778010.933835,"name":"complete","context":{"status":0}}
{"timestamp":1759778010.9338565,"name":"done"}

