
# OSU MPI Allreduce Latency Test v5.8
# Size       Avg Latency(us)
== CALIPER: (0): Available services: adiak_export,adiak_import,aggregate,alloc,allocstats,async_event,cpuinfo,debug,event,io,kokkoslookup,kokkostime,loop_monitor,loop_statistics,memstat,mpi,mpiflush,mpireport,pthread,recorder,region_monitor,report,statistics,sysalloc,timer,timeseries,timestamp,trace,validator
== CALIPER: (0): Initialized
== CALIPER: (0): No manual config specified, disabling default channel
4                     191.22
8                     190.90
16                    192.09
32                    192.97
64                    191.73
128                   192.23
256                   197.03
512                   200.44
1024                  203.33
2048                  212.12
4096                  233.82
8192                  266.18
16384                 616.76
32768                 407.68
65536                 704.48
131072               1540.19
262144                601.72
524288                782.83
1048576              1246.65
== CALIPER: (0): Finalizing ... 
== CALIPER: (0): Releasing Caliper global data.
  Max active channels: 0
== CALIPER: (0): Process blackboard: max 1 entries (0.0979432% occupancy).
== CALIPER: (0): Releasing Caliper thread data: 
  Metadata tree: 1 blocks, 70 nodes
   Metadata memory pool: 1 MiB reserved, 18.1797 KiB used
  Thread blackboard: max 2 entries (0.195886% occupancy).
== CALIPER: (0): Finished
START OF JOBSPEC
{"resources": [{"type": "node", "count": 4, "with": [{"type": "slot", "count": 48, "with": [{"type": "core", "count": 1}], "label": "task"}]}], "tasks": [{"command": ["osu_allreduce"], "slot": "task", "count": {"per_slot": 1}}], "attributes": {"system": {"duration": 0, "cwd": "/root", "shell": {"options": {"rlimit": {"cpu": -1, "fsize": -1, "data": -1, "stack": 8388608, "core": 0, "nofile": 1024, "as": -1, "rss": -1, "nproc": 1450578}, "cpu-affinity": "per-task"}}}, "user": {"study_id": "kripke-4-iter-3"}}, "version": 1}
START OF EVENTLOG
{"timestamp":1759777972.7404017,"name":"init"}
{"timestamp":1759777972.740885,"name":"starting"}
{"timestamp":1759777972.7515197,"name":"shell.init","context":{"service":"0-shell-fTjStyzud","leader-rank":0,"size":4}}
{"timestamp":1759777972.8338604,"name":"shell.start","context":{"taskmap":{"version":1,"map":[[0,4,48,1]]}}}
{"timestamp":1759777985.3557172,"name":"shell.task-exit","context":{"localid":8,"rank":8,"state":"Exited","pid":4496,"wait_status":0,"signaled":0,"exitcode":0}}
{"timestamp":1759777985.3734753,"name":"complete","context":{"status":0}}
{"timestamp":1759777985.3734994,"name":"done"}

