
# OSU MPI Allreduce Latency Test v5.8
# Size       Avg Latency(us)
== CALIPER: (0): Available services: adiak_export,adiak_import,aggregate,alloc,allocstats,async_event,cpuinfo,debug,event,io,kokkoslookup,kokkostime,loop_monitor,loop_statistics,memstat,mpi,mpiflush,mpireport,pthread,recorder,region_monitor,report,statistics,sysalloc,timer,timeseries,timestamp,trace,validator
== CALIPER: (0): Initialized
== CALIPER: (0): No manual config specified, disabling default channel
4                     190.02
8                     187.70
16                    188.35
32                    189.65
64                    188.39
128                   189.13
256                   194.23
512                   197.89
1024                  201.78
2048                  209.53
4096                  235.23
8192                  267.08
16384                 605.45
32768                 416.21
65536                 684.31
131072               1498.86
262144                602.20
524288                781.97
1048576              1259.81
== CALIPER: (0): Finalizing ... 
== CALIPER: (0): Releasing Caliper global data.
  Max active channels: 0
== CALIPER: (0): Process blackboard: max 1 entries (0.0979432% occupancy).
== CALIPER: (0): Releasing Caliper thread data: 
  Metadata tree: 1 blocks, 70 nodes
   Metadata memory pool: 1 MiB reserved, 18.1797 KiB used
  Thread blackboard: max 2 entries (0.195886% occupancy).
== CALIPER: (0): Finished
START OF JOBSPEC
{"resources": [{"type": "node", "count": 4, "with": [{"type": "slot", "count": 48, "with": [{"type": "core", "count": 1}], "label": "task"}]}], "tasks": [{"command": ["osu_allreduce"], "slot": "task", "count": {"per_slot": 1}}], "attributes": {"system": {"duration": 0, "cwd": "/root", "shell": {"options": {"rlimit": {"cpu": -1, "fsize": -1, "data": -1, "stack": 8388608, "core": 0, "nofile": 1024, "as": -1, "rss": -1, "nproc": 1450578}, "cpu-affinity": "per-task"}}}, "user": {"study_id": "kripke-4-iter-2"}}, "version": 1}
START OF EVENTLOG
{"timestamp":1759777959.8141744,"name":"init"}
{"timestamp":1759777959.8146586,"name":"starting"}
{"timestamp":1759777959.8252668,"name":"shell.init","context":{"service":"0-shell-fTdkVc4GP","leader-rank":0,"size":4}}
{"timestamp":1759777959.9064124,"name":"shell.start","context":{"taskmap":{"version":1,"map":[[0,4,48,1]]}}}
{"timestamp":1759777972.5490847,"name":"shell.task-exit","context":{"localid":22,"rank":22,"state":"Exited","pid":4418,"wait_status":0,"signaled":0,"exitcode":0}}
{"timestamp":1759777972.5671997,"name":"complete","context":{"status":0}}
{"timestamp":1759777972.5672202,"name":"done"}

