
# OSU MPI Allreduce Latency Test v5.8
# Size       Avg Latency(us)
== CALIPER: (0): Available services: adiak_export,adiak_import,aggregate,alloc,allocstats,async_event,cpuinfo,debug,event,io,kokkoslookup,kokkostime,loop_monitor,loop_statistics,memstat,mpi,mpiflush,mpireport,pthread,recorder,region_monitor,report,statistics,sysalloc,timer,timeseries,timestamp,trace,validator
== CALIPER: (0): Initialized
== CALIPER: (0): No manual config specified, disabling default channel
4                     186.93
8                     187.25
16                    188.27
32                    190.24
64                    190.04
128                   189.95
256                   192.12
512                   194.33
1024                  199.88
2048                  208.14
4096                  229.23
8192                  260.63
16384                 608.44
32768                 398.55
65536                 690.22
131072               1532.88
262144                602.36
524288                771.55
1048576              1235.19
== CALIPER: (0): Finalizing ... 
== CALIPER: (0): Releasing Caliper global data.
  Max active channels: 0
== CALIPER: (0): Process blackboard: max 1 entries (0.0979432% occupancy).
== CALIPER: (0): Releasing Caliper thread data: 
  Metadata tree: 1 blocks, 70 nodes
   Metadata memory pool: 1 MiB reserved, 18.1797 KiB used
  Thread blackboard: max 2 entries (0.195886% occupancy).
== CALIPER: (0): Finished
START OF JOBSPEC
{"resources": [{"type": "node", "count": 4, "with": [{"type": "slot", "count": 48, "with": [{"type": "core", "count": 1}], "label": "task"}]}], "tasks": [{"command": ["osu_allreduce"], "slot": "task", "count": {"per_slot": 1}}], "attributes": {"system": {"duration": 0, "cwd": "/root", "shell": {"options": {"rlimit": {"cpu": -1, "fsize": -1, "data": -1, "stack": 8388608, "core": 0, "nofile": 1024, "as": -1, "rss": -1, "nproc": 1450578}, "cpu-affinity": "per-task"}}}, "user": {"study_id": "kripke-4-iter-4"}}, "version": 1}
START OF EVENTLOG
{"timestamp":1759777985.5435705,"name":"init"}
{"timestamp":1759777985.5440745,"name":"starting"}
{"timestamp":1759777985.5552263,"name":"shell.init","context":{"service":"0-shell-fTq6A1TtT","leader-rank":0,"size":4}}
{"timestamp":1759777985.6373122,"name":"shell.start","context":{"taskmap":{"version":1,"map":[[0,4,48,1]]}}}
{"timestamp":1759777998.0646248,"name":"shell.task-exit","context":{"localid":16,"rank":16,"state":"Exited","pid":4615,"wait_status":0,"signaled":0,"exitcode":0}}
{"timestamp":1759777998.0842299,"name":"complete","context":{"status":0}}
{"timestamp":1759777998.0842516,"name":"done"}

