
# OSU MPI Allreduce Latency Test v5.8
# Size       Avg Latency(us)
== CALIPER: (0): Available services: adiak_export,adiak_import,aggregate,alloc,allocstats,async_event,cpuinfo,debug,event,io,kokkoslookup,kokkostime,loop_monitor,loop_statistics,memstat,mpi,mpiflush,mpireport,pthread,recorder,region_monitor,report,statistics,sysalloc,timer,timeseries,timestamp,trace,validator
== CALIPER: (0): Initialized
== CALIPER: (0): No manual config specified, disabling default channel
== CALIPER: (0): Creating channel builtin.configmgr
== CALIPER: (0): builtin.configmgr: mpiwrap: Using GOTCHA wrappers.
== CALIPER: (0): builtin.configmgr: Registered MPI service
== CALIPER: (0): builtin.configmgr: Registered mpiflush service
== CALIPER: (0): Creating channel event-trace
== CALIPER: (0): event-trace: registered async_event service
== CALIPER: (0): event-trace: event: Using region level 0
== CALIPER: (0): event-trace: event: Marked attribute comm.region
== CALIPER: (0): event-trace: event: Marked attribute loop
== CALIPER: (0): event-trace: event: Marked attribute phase
== CALIPER: (0): event-trace: event: Marked attribute region
== CALIPER: (0): event-trace: Registered event trigger service
== CALIPER: (0): event-trace: mpiwrap: Using GOTCHA wrappers.
== CALIPER: (0): event-trace: Registered MPI service
== CALIPER: (0): event-trace: Registered timer service
== CALIPER: (0): event-trace: Registered trace service
== CALIPER: (0): event-trace: event: Marked attribute mpi.function
== CALIPER: (0): Registered builtin ConfigManager
== CALIPER: (0): event-trace: event: Marked attribute msg_size
== CALIPER: (0): event-trace: event: Marked attribute num_procs
4                     424.90
8                     422.79
16                    421.40
32                    422.08
64                    423.58
128                   421.60
256                   427.90
512                   429.63
1024                  435.58
2048                  348.57
4096                  370.90
8192                  416.72
16384                 728.67
32768                 749.11
65536                 781.02
131072                832.39
262144                930.18
524288               1130.57
1048576              1749.22
== CALIPER: (0): builtin.configmgr: Flushing Caliper data
== CALIPER: (0): event-trace: Flushing Caliper data
== CALIPER: (0): event-trace: trace: Flushed 150590 snapshots.
== CALIPER: (0): event-trace: Recorder: Wrote 150782 records.
== CALIPER: (0): Finalizing ... 
== CALIPER: (0): builtin.configmgr: Flushing Caliper data
== CALIPER: (0): Releasing channel builtin.configmgr
== CALIPER: (0): builtin.configmgr: Finishing mpi service
== CALIPER: (0): builtin.configmgr channel blackboard: max 2 entries (0.195886% occupancy).
== CALIPER: (0): Releasing channel event-trace
== CALIPER: (0): event-trace: Finishing mpi service
== CALIPER: (0): event-trace: trace: 4 MiB reserved, 2.92348 MiB used, 2 chunks.
== CALIPER: (0): event-trace: Trace: 1 thread trace buffers acquired, 0 retired, 0 released.
== CALIPER: (0): event-trace channel blackboard: max 1 entries (0.0979432% occupancy).
== CALIPER: (0): Releasing Caliper global data.
  Max active channels: 1
== CALIPER: (0): Process blackboard: max 2 entries (0.195886% occupancy).
== CALIPER: (0): Releasing Caliper thread data: 
  Metadata tree: 2 blocks, 267 nodes
   Metadata memory pool: 1 MiB reserved, 37.2568 KiB used
  Thread blackboard: max 4 entries (0.391773% occupancy).
== CALIPER: (0): Finished
