
# OSU MPI Allreduce Latency Test v5.8
# Size       Avg Latency(us)
== CALIPER: (0): Available services: adiak_export,adiak_import,aggregate,alloc,allocstats,async_event,cpuinfo,debug,event,io,kokkoslookup,kokkostime,loop_monitor,loop_statistics,memstat,mpi,mpiflush,mpireport,pthread,recorder,region_monitor,report,statistics,sysalloc,timer,timeseries,timestamp,trace,validator
== CALIPER: (0): Initialized
== CALIPER: (0): No manual config specified, disabling default channel
4                     392.35
8                     390.90
16                    389.18
32                    389.53
64                    390.03
128                   392.04
256                   399.52
512                   402.20
1024                  414.24
2048                  341.22
4096                  366.10
8192                  405.99
16384                 727.79
32768                 747.51
65536                 779.86
131072                830.93
262144                921.90
524288               1129.85
1048576              1739.04
== CALIPER: (0): Finalizing ... 
== CALIPER: (0): Releasing Caliper global data.
  Max active channels: 0
== CALIPER: (0): Process blackboard: max 1 entries (0.0979432% occupancy).
== CALIPER: (0): Releasing Caliper thread data: 
  Metadata tree: 1 blocks, 70 nodes
   Metadata memory pool: 1 MiB reserved, 18.1797 KiB used
  Thread blackboard: max 2 entries (0.195886% occupancy).
== CALIPER: (0): Finished
START OF JOBSPEC
{"resources": [{"type": "node", "count": 32, "with": [{"type": "slot", "count": 48, "with": [{"type": "core", "count": 1}], "label": "task"}]}], "tasks": [{"command": ["osu_allreduce"], "slot": "task", "count": {"per_slot": 1}}], "attributes": {"system": {"duration": 0, "cwd": "/root", "shell": {"options": {"rlimit": {"cpu": -1, "fsize": -1, "data": -1, "stack": 8388608, "core": 0, "nofile": 1024, "as": -1, "rss": -1, "nproc": 1450578}, "cpu-affinity": "per-task"}}}, "user": {"study_id": "osu-allreduce-32-iter-4"}}, "version": 1}
START OF EVENTLOG
{"timestamp":1759898879.8983629,"name":"init"}
{"timestamp":1759898879.8990231,"name":"starting"}
{"timestamp":1759898879.9122412,"name":"shell.init","context":{"service":"0-shell-fAgdarpgP","leader-rank":0,"size":32}}
{"timestamp":1759898879.9952357,"name":"shell.start","context":{"taskmap":{"version":1,"map":[[0,32,48,1]]}}}
{"timestamp":1759898898.1175272,"name":"shell.task-exit","context":{"localid":23,"rank":695,"state":"Exited","pid":4062,"wait_status":0,"signaled":0,"exitcode":0}}
{"timestamp":1759898898.1822834,"name":"complete","context":{"status":0}}
{"timestamp":1759898898.1823053,"name":"done"}

