
# OSU MPI Allreduce Latency Test v5.8
# Size       Avg Latency(us)
== CALIPER: (0): Available services: adiak_export,adiak_import,aggregate,alloc,allocstats,async_event,cpuinfo,debug,event,io,kokkoslookup,kokkostime,loop_monitor,loop_statistics,memstat,mpi,mpiflush,mpireport,pthread,recorder,region_monitor,report,statistics,sysalloc,timer,timeseries,timestamp,trace,validator
== CALIPER: (0): Initialized
== CALIPER: (0): No manual config specified, disabling default channel
4                     400.67
8                     399.36
16                    400.31
32                    400.95
64                    402.01
128                   409.51
256                   414.78
512                   412.49
1024                  417.64
2048                  341.57
4096                  362.06
8192                  405.15
16384                 723.03
32768                 739.70
65536                 772.97
131072                823.31
262144                907.99
524288               1108.18
1048576              1707.71
== CALIPER: (0): Finalizing ... 
== CALIPER: (0): Releasing Caliper global data.
  Max active channels: 0
== CALIPER: (0): Process blackboard: max 1 entries (0.0979432% occupancy).
== CALIPER: (0): Releasing Caliper thread data: 
  Metadata tree: 1 blocks, 70 nodes
   Metadata memory pool: 1 MiB reserved, 18.1797 KiB used
  Thread blackboard: max 2 entries (0.195886% occupancy).
== CALIPER: (0): Finished
START OF JOBSPEC
{"resources": [{"type": "node", "count": 32, "with": [{"type": "slot", "count": 48, "with": [{"type": "core", "count": 1}], "label": "task"}]}], "tasks": [{"command": ["osu_allreduce"], "slot": "task", "count": {"per_slot": 1}}], "attributes": {"system": {"duration": 0, "cwd": "/root", "shell": {"options": {"rlimit": {"cpu": -1, "fsize": -1, "data": -1, "stack": 8388608, "core": 0, "nofile": 1024, "as": -1, "rss": -1, "nproc": 1450578}, "cpu-affinity": "per-task"}}}, "user": {"study_id": "osu-allreduce-32-iter-5"}}, "version": 1}
START OF EVENTLOG
{"timestamp":1759898898.3947453,"name":"init"}
{"timestamp":1759898898.3953333,"name":"starting"}
{"timestamp":1759898898.408788,"name":"shell.init","context":{"service":"0-shell-fApnN1nzK","leader-rank":0,"size":32}}
{"timestamp":1759898898.4910846,"name":"shell.start","context":{"taskmap":{"version":1,"map":[[0,32,48,1]]}}}
{"timestamp":1759898916.8841574,"name":"shell.task-exit","context":{"localid":23,"rank":119,"state":"Exited","pid":4293,"wait_status":0,"signaled":0,"exitcode":0}}
{"timestamp":1759898916.9500053,"name":"complete","context":{"status":0}}
{"timestamp":1759898916.9500246,"name":"done"}

