
# OSU MPI Allreduce Latency Test v5.8
# Size       Avg Latency(us)
== CALIPER: (0): Available services: adiak_export,adiak_import,aggregate,alloc,allocstats,async_event,cpuinfo,debug,event,io,kokkoslookup,kokkostime,loop_monitor,loop_statistics,memstat,mpi,mpiflush,mpireport,pthread,recorder,region_monitor,report,statistics,sysalloc,timer,timeseries,timestamp,trace,validator
== CALIPER: (0): Initialized
== CALIPER: (0): No manual config specified, disabling default channel
4                     420.11
8                     420.64
16                    422.13
32                    423.64
64                    424.39
128                   425.06
256                   431.95
512                   435.71
1024                  440.40
2048                  348.44
4096                  364.92
8192                  406.55
16384                 726.48
32768                 748.40
65536                 781.01
131072                833.64
262144                924.18
524288               1110.95
1048576              1726.14
== CALIPER: (0): Finalizing ... 
== CALIPER: (0): Releasing Caliper global data.
  Max active channels: 0
== CALIPER: (0): Process blackboard: max 1 entries (0.0979432% occupancy).
== CALIPER: (0): Releasing Caliper thread data: 
  Metadata tree: 1 blocks, 70 nodes
   Metadata memory pool: 1 MiB reserved, 18.1797 KiB used
  Thread blackboard: max 2 entries (0.195886% occupancy).
== CALIPER: (0): Finished
START OF JOBSPEC
{"resources": [{"type": "node", "count": 32, "with": [{"type": "slot", "count": 48, "with": [{"type": "core", "count": 1}], "label": "task"}]}], "tasks": [{"command": ["osu_allreduce"], "slot": "task", "count": {"per_slot": 1}}], "attributes": {"system": {"duration": 0, "cwd": "/root", "shell": {"options": {"rlimit": {"cpu": -1, "fsize": -1, "data": -1, "stack": 8388608, "core": 0, "nofile": 1024, "as": -1, "rss": -1, "nproc": 1450578}, "cpu-affinity": "per-task"}}}, "user": {"study_id": "osu-allreduce-32-iter-2"}}, "version": 1}
START OF EVENTLOG
{"timestamp":1759898841.7541566,"name":"init"}
{"timestamp":1759898841.7547896,"name":"starting"}
{"timestamp":1759898841.7684412,"name":"shell.init","context":{"service":"0-shell-fAPpaf9RH","leader-rank":0,"size":32}}
{"timestamp":1759898841.8508084,"name":"shell.start","context":{"taskmap":{"version":1,"map":[[0,32,48,1]]}}}
{"timestamp":1759898860.6533868,"name":"shell.task-exit","context":{"localid":23,"rank":23,"state":"Exited","pid":4537,"wait_status":0,"signaled":0,"exitcode":0}}
{"timestamp":1759898860.7199059,"name":"complete","context":{"status":0}}
{"timestamp":1759898860.7199278,"name":"done"}

