
# OSU MPI Allreduce Latency Test v5.8
# Size       Avg Latency(us)
== CALIPER: (0): Available services: adiak_export,adiak_import,aggregate,alloc,allocstats,async_event,cpuinfo,debug,event,io,kokkoslookup,kokkostime,loop_monitor,loop_statistics,memstat,mpi,mpiflush,mpireport,pthread,recorder,region_monitor,report,statistics,sysalloc,timer,timeseries,timestamp,trace,validator
== CALIPER: (0): Initialized
== CALIPER: (0): No manual config specified, disabling default channel
4                     407.11
8                     406.38
16                    405.43
32                    407.25
64                    405.62
128                   405.62
256                   412.84
512                   422.88
1024                  419.85
2048                  339.63
4096                  357.81
8192                  399.58
16384                 725.65
32768                 743.80
65536                 777.56
131072                822.41
262144                919.94
524288               1119.82
1048576              1698.86
== CALIPER: (0): Finalizing ... 
== CALIPER: (0): Releasing Caliper global data.
  Max active channels: 0
== CALIPER: (0): Process blackboard: max 1 entries (0.0979432% occupancy).
== CALIPER: (0): Releasing Caliper thread data: 
  Metadata tree: 1 blocks, 70 nodes
   Metadata memory pool: 1 MiB reserved, 18.1797 KiB used
  Thread blackboard: max 2 entries (0.195886% occupancy).
== CALIPER: (0): Finished
START OF JOBSPEC
{"resources": [{"type": "node", "count": 32, "with": [{"type": "slot", "count": 48, "with": [{"type": "core", "count": 1}], "label": "task"}]}], "tasks": [{"command": ["osu_allreduce"], "slot": "task", "count": {"per_slot": 1}}], "attributes": {"system": {"duration": 0, "cwd": "/root", "shell": {"options": {"rlimit": {"cpu": -1, "fsize": -1, "data": -1, "stack": 8388608, "core": 0, "nofile": 1024, "as": -1, "rss": -1, "nproc": 1450578}, "cpu-affinity": "per-task"}}}, "user": {"study_id": "osu-allreduce-32-iter-1"}}, "version": 1}
START OF EVENTLOG
{"timestamp":1759898822.6366959,"name":"init"}
{"timestamp":1759898822.6373098,"name":"starting"}
{"timestamp":1759898822.6516068,"name":"shell.init","context":{"service":"0-shell-fAFPuMsps","leader-rank":0,"size":32}}
{"timestamp":1759898822.7433605,"name":"shell.start","context":{"taskmap":{"version":1,"map":[[0,32,48,1]]}}}
{"timestamp":1759898841.4747567,"name":"shell.task-exit","context":{"localid":21,"rank":693,"state":"Exited","pid":3754,"wait_status":0,"signaled":0,"exitcode":0}}
{"timestamp":1759898841.5408261,"name":"complete","context":{"status":0}}
{"timestamp":1759898841.5408487,"name":"done"}

