
# OSU MPI Allreduce Latency Test v5.8
# Size       Avg Latency(us)
== CALIPER: (0): Available services: adiak_export,adiak_import,aggregate,alloc,allocstats,async_event,cpuinfo,debug,event,io,kokkoslookup,kokkostime,loop_monitor,loop_statistics,memstat,mpi,mpiflush,mpireport,pthread,recorder,region_monitor,report,statistics,sysalloc,timer,timeseries,timestamp,trace,validator
== CALIPER: (0): Initialized
== CALIPER: (0): No manual config specified, disabling default channel
4                     409.31
8                     411.38
16                    413.40
32                    414.70
64                    414.86
128                   416.59
256                   423.31
512                   426.82
1024                  429.21
2048                  339.84
4096                  362.21
8192                  405.74
16384                 724.20
32768                 748.76
65536                 778.15
131072                836.32
262144                923.53
524288               1113.58
1048576              1723.30
== CALIPER: (0): Finalizing ... 
== CALIPER: (0): Releasing Caliper global data.
  Max active channels: 0
== CALIPER: (0): Process blackboard: max 1 entries (0.0979432% occupancy).
== CALIPER: (0): Releasing Caliper thread data: 
  Metadata tree: 1 blocks, 70 nodes
   Metadata memory pool: 1 MiB reserved, 18.1797 KiB used
  Thread blackboard: max 2 entries (0.195886% occupancy).
== CALIPER: (0): Finished
START OF JOBSPEC
{"resources": [{"type": "node", "count": 32, "with": [{"type": "slot", "count": 48, "with": [{"type": "core", "count": 1}], "label": "task"}]}], "tasks": [{"command": ["osu_allreduce"], "slot": "task", "count": {"per_slot": 1}}], "attributes": {"system": {"duration": 0, "cwd": "/root", "shell": {"options": {"rlimit": {"cpu": -1, "fsize": -1, "data": -1, "stack": 8388608, "core": 0, "nofile": 1024, "as": -1, "rss": -1, "nproc": 1450578}, "cpu-affinity": "per-task"}}}, "user": {"study_id": "osu-allreduce-32-iter-3"}}, "version": 1}
START OF EVENTLOG
{"timestamp":1759898860.9280419,"name":"init"}
{"timestamp":1759898860.9286873,"name":"starting"}
{"timestamp":1759898860.9421372,"name":"shell.init","context":{"service":"0-shell-fAYGgyio1","leader-rank":0,"size":32}}
{"timestamp":1759898861.0244997,"name":"shell.start","context":{"taskmap":{"version":1,"map":[[0,32,48,1]]}}}
{"timestamp":1759898879.6187634,"name":"shell.task-exit","context":{"localid":11,"rank":203,"state":"Exited","pid":4632,"wait_status":0,"signaled":0,"exitcode":0}}
{"timestamp":1759898879.6841106,"name":"complete","context":{"status":0}}
{"timestamp":1759898879.684134,"name":"done"}

