
# OSU MPI Allreduce Latency Test v5.8
# Size       Avg Latency(us)
== CALIPER: (0): Available services: adiak_export,adiak_import,aggregate,alloc,allocstats,async_event,cpuinfo,debug,event,io,kokkoslookup,kokkostime,loop_monitor,loop_statistics,memstat,mpi,mpiflush,mpireport,pthread,recorder,region_monitor,report,statistics,sysalloc,timer,timeseries,timestamp,trace,validator
== CALIPER: (0): Initialized
== CALIPER: (0): No manual config specified, disabling default channel
== CALIPER: (0): Creating channel builtin.configmgr
== CALIPER: (0): builtin.configmgr: mpiwrap: Using GOTCHA wrappers.
== CALIPER: (0): builtin.configmgr: Registered MPI service
== CALIPER: (0): builtin.configmgr: Registered mpiflush service
== CALIPER: (0): Creating channel spot
== CALIPER: (0): spot: Registered adiak_import service
== CALIPER: (0): spot: Registered aggregation service
== CALIPER: (0): spot: event: Using region level 0
== CALIPER: (0): spot: event: Marked attribute comm.region
== CALIPER: (0): spot: event: Marked attribute loop
== CALIPER: (0): spot: event: Marked attribute phase
== CALIPER: (0): spot: event: Marked attribute region
== CALIPER: (0): spot: Registered event trigger service
== CALIPER: (0): spot: mpiwrap: Using GOTCHA wrappers.
== CALIPER: (0): spot: Registered MPI service
== CALIPER: (0): spot: Registered timer service
== CALIPER: (0): spot: event: Marked attribute mpi.function
== CALIPER: (0): spot: Enabling MPI message tracing
== CALIPER: (0): Registered builtin ConfigManager
== CALIPER: (0): spot: event: Marked attribute msg_size
== CALIPER: (0): spot: event: Marked attribute num_procs
4                     727.06
8                    2446.86
16                   1241.42
32                   1575.67
64                   1211.13
128                   788.87
256                  1209.52
512                  1388.71
1024                 1196.70
2048                  925.13
4096                 1368.81
8192                 1009.26
16384                2071.12
32768                1552.77
65536                1306.35
131072               1447.89
262144               1534.29
524288               3769.67
1048576              2243.68
== CALIPER: (0): builtin.configmgr: Flushing Caliper data
== CALIPER: (0): spot: CustomOutputController::flush(): using MPI
== CALIPER: (0): OutputCommMpi: MPI is available
== CALIPER: (0): spot: Flushing Caliper data
== CALIPER: (0): spot: adiak_import: Imported 0 adiak values
== CALIPER: (0): spot: Aggregate: flushed 88 snapshots.
== CALIPER: (0): spot: Wrote 129 records.
== CALIPER: (0): Finalizing ... 
== CALIPER: (0): builtin.configmgr: Flushing Caliper data
== CALIPER: (0): Releasing channel builtin.configmgr
== CALIPER: (0): builtin.configmgr: Finishing mpi service
== CALIPER: (0): builtin.configmgr channel blackboard: max 2 entries (0.195886% occupancy).
== CALIPER: (0): CaliperMetadataDB: stored 225 nodes, 122 strings.
== CALIPER: (0): Releasing channel spot
== CALIPER: (0): spot: Aggregate: Releasing aggregation DB.
  max hash len: 3, 94 entries, 651 kernels, 1.5 MiB reserved.
== CALIPER: (0): spot: Finishing mpi service
== CALIPER: (0): spot channel blackboard: max 1 entries (0.0979432% occupancy).
== CALIPER: (0): Releasing Caliper global data.
  Max active channels: 1
== CALIPER: (0): Process blackboard: max 2 entries (0.195886% occupancy).
== CALIPER: (0): Releasing Caliper thread data: 
  Metadata tree: 2 blocks, 262 nodes
   Metadata memory pool: 1 MiB reserved, 38.166 KiB used
  Thread blackboard: max 4 entries (0.391773% occupancy).
== CALIPER: (0): Finished
