# OSU MPI Latency Test v5.8
# Size          Latency (us)
0                      46.15
1                      46.18
2                      46.24
4                      46.06
8                      46.17
16                     46.52
32                     46.21
64                     46.33
128                    46.37
256                    47.26
512                    47.83
1024                   48.22
2048                   65.40
4096                   61.62
8192                   68.85
16384                  71.40
32768                  75.74
65536                 194.76
131072                210.94
262144                240.43
524288                294.03
1048576               397.34
2097152               628.27
4194304              1031.46
START OF JOBSPEC
{"resources": [{"type": "node", "count": 2, "with": [{"type": "slot", "count": 1, "with": [{"type": "core", "count": 1}], "label": "task"}]}], "tasks": [{"command": ["/usr/libexec/osu-micro-benchmarks/mpi/pt2pt/osu_latency"], "slot": "task", "count": {"per_slot": 1}}], "attributes": {"system": {"duration": 0, "cwd": "/", "shell": {"options": {"rlimit": {"cpu": -1, "fsize": -1, "data": -1, "stack": 8388608, "core": -1, "nofile": 1048576, "as": -1, "rss": -1, "nproc": -1}, "cpu-affinity": "per-task"}}, "constraints": {"hostlist": ["osu-1,osu-3"]}}, "user": {"study_id": "osu-latency-8-iter-0"}}, "version": 1}
START OF EVENTLOG
{"timestamp":1759817750.2259035,"name":"init"}
{"timestamp":1759817750.2264445,"name":"starting"}
{"timestamp":1759817750.2366633,"name":"shell.init","context":{"service":"0-shell-f5FXqnBUs","leader-rank":1,"size":2}}
{"timestamp":1759817750.2384045,"name":"shell.start","context":{"taskmap":{"version":1,"map":[[0,2,1,1]]}}}
{"timestamp":1759817772.1436505,"name":"shell.task-exit","context":{"localid":0,"rank":0,"state":"Exited","pid":89,"wait_status":0,"signaled":0,"exitcode":0}}
{"timestamp":1759817772.1460042,"name":"complete","context":{"status":0}}
{"timestamp":1759817772.1460233,"name":"done"}

