# OSU MPI Latency Test v5.8
# Size          Latency (us)
0                      50.49
1                      50.12
2                      50.08
4                      50.13
8                      50.10
16                     50.20
32                     50.28
64                     50.28
128                    50.37
256                    51.41
512                    51.74
1024                   52.54
2048                   69.48
4096                   73.51
8192                   72.76
16384                  75.23
32768                  79.78
65536                 202.40
131072                223.05
262144                251.06
524288                304.72
1048576               406.16
2097152               668.37
4194304               972.38
START OF JOBSPEC
{"resources": [{"type": "node", "count": 2, "with": [{"type": "slot", "count": 1, "with": [{"type": "core", "count": 1}], "label": "task"}]}], "tasks": [{"command": ["/usr/libexec/osu-micro-benchmarks/mpi/pt2pt/osu_latency"], "slot": "task", "count": {"per_slot": 1}}], "attributes": {"system": {"duration": 0, "cwd": "/", "shell": {"options": {"rlimit": {"cpu": -1, "fsize": -1, "data": -1, "stack": 8388608, "core": -1, "nofile": 1048576, "as": -1, "rss": -1, "nproc": -1}, "cpu-affinity": "per-task"}}, "constraints": {"hostlist": ["osu-7,osu-0"]}}, "user": {"study_id": "osu-latency-8-iter-0"}}, "version": 1}
START OF EVENTLOG
{"timestamp":1759817519.8752198,"name":"init"}
{"timestamp":1759817519.8851581,"name":"shell.init","context":{"service":"0-shell-f3W1qWX9q","leader-rank":0,"size":2}}
{"timestamp":1759817519.8756542,"name":"starting"}
{"timestamp":1759817519.886658,"name":"shell.start","context":{"taskmap":{"version":1,"map":[[0,2,1,1]]}}}
{"timestamp":1759817543.2464619,"name":"shell.task-exit","context":{"localid":0,"rank":0,"state":"Exited","pid":178,"wait_status":0,"signaled":0,"exitcode":0}}
{"timestamp":1759817543.2484229,"name":"complete","context":{"status":0}}
{"timestamp":1759817543.2484455,"name":"done"}

