# OSU MPI Latency Test v5.8
# Size          Latency (us)
0                      20.77
1                      22.18
2                      23.13
4                      23.14
8                      23.14
16                     23.16
32                     23.17
64                     23.22
128                    23.31
256                    24.30
512                    24.71
1024                   24.88
2048                   38.01
4096                   44.25
8192                   40.05
16384                  43.44
32768                  48.76
65536                 108.47
131072                128.95
262144                156.68
524288                206.94
1048576               306.85
2097152               524.86
4194304               954.19
START OF JOBSPEC
{"resources": [{"type": "node", "count": 2, "with": [{"type": "slot", "count": 1, "with": [{"type": "core", "count": 1}], "label": "task"}]}], "tasks": [{"command": ["/usr/libexec/osu-micro-benchmarks/mpi/pt2pt/osu_latency"], "slot": "task", "count": {"per_slot": 1}}], "attributes": {"system": {"duration": 0, "cwd": "/", "shell": {"options": {"rlimit": {"cpu": -1, "fsize": -1, "data": -1, "stack": 8388608, "core": -1, "nofile": 1048576, "as": -1, "rss": -1, "nproc": -1}, "cpu-affinity": "per-task"}}, "constraints": {"hostlist": ["osu-6,osu-4"]}}, "user": {"study_id": "osu-latency-8-iter-0"}}, "version": 1}
START OF EVENTLOG
{"timestamp":1759817269.608855,"name":"init"}
{"timestamp":1759817269.6092534,"name":"starting"}
{"timestamp":1759817269.6200399,"name":"shell.init","context":{"service":"0-shell-fbijPV4s","leader-rank":4,"size":2}}
{"timestamp":1759817269.621841,"name":"shell.start","context":{"taskmap":{"version":1,"map":[[0,2,1,1]]}}}
{"timestamp":1759817283.0378802,"name":"shell.task-exit","context":{"localid":0,"rank":0,"state":"Exited","pid":70,"wait_status":0,"signaled":0,"exitcode":0}}
{"timestamp":1759817283.040746,"name":"complete","context":{"status":0}}
{"timestamp":1759817283.0407667,"name":"done"}

