# OSU MPI Latency Test v5.8
# Size          Latency (us)
0                      47.08
1                      47.02
2                      47.12
4                      47.09
8                      47.16
16                     47.05
32                     47.19
64                     47.25
128                    47.36
256                    48.26
512                    48.64
1024                   49.04
2048                   64.75
4096                   71.74
8192                   71.21
16384                  73.37
32768                  74.98
65536                 179.29
131072                200.02
262144                232.01
524288                278.88
1048576               382.59
2097152               621.25
4194304              1018.13
START OF JOBSPEC
{"resources": [{"type": "node", "count": 2, "with": [{"type": "slot", "count": 1, "with": [{"type": "core", "count": 1}], "label": "task"}]}], "tasks": [{"command": ["/usr/libexec/osu-micro-benchmarks/mpi/pt2pt/osu_latency"], "slot": "task", "count": {"per_slot": 1}}], "attributes": {"system": {"duration": 0, "cwd": "/", "shell": {"options": {"rlimit": {"cpu": -1, "fsize": -1, "data": -1, "stack": 8388608, "core": -1, "nofile": 1048576, "as": -1, "rss": -1, "nproc": -1}, "cpu-affinity": "per-task"}}, "constraints": {"hostlist": ["osu-5,osu-3"]}}, "user": {"study_id": "osu-latency-8-iter-0"}}, "version": 1}
START OF EVENTLOG
{"timestamp":1759817692.6613302,"name":"init"}
{"timestamp":1759817692.6618161,"name":"starting"}
{"timestamp":1759817692.6729217,"name":"shell.init","context":{"service":"0-shell-f4pAR4zEs","leader-rank":3,"size":2}}
{"timestamp":1759817692.6747034,"name":"shell.start","context":{"taskmap":{"version":1,"map":[[0,2,1,1]]}}}
{"timestamp":1759817714.8706124,"name":"shell.task-exit","context":{"localid":0,"rank":0,"state":"Exited","pid":82,"wait_status":0,"signaled":0,"exitcode":0}}
{"timestamp":1759817714.8727863,"name":"complete","context":{"status":0}}
{"timestamp":1759817714.8728094,"name":"done"}

