# OSU MPI Latency Test v5.8
# Size          Latency (us)
0                      20.96
1                      21.48
2                      21.49
4                      21.48
8                      21.51
16                     21.40
32                     21.28
64                     21.43
128                    21.53
256                    22.35
512                    22.74
1024                   22.97
2048                   36.12
4096                   32.23
8192                   38.69
16384                  40.48
32768                  46.23
65536                  99.62
131072                118.36
262144                142.85
524288                189.53
1048576               273.53
2097152               506.38
4194304               766.50
START OF JOBSPEC
{"resources": [{"type": "node", "count": 2, "with": [{"type": "slot", "count": 1, "with": [{"type": "core", "count": 1}], "label": "task"}]}], "tasks": [{"command": ["/usr/libexec/osu-micro-benchmarks/mpi/pt2pt/osu_latency"], "slot": "task", "count": {"per_slot": 1}}], "attributes": {"system": {"duration": 0, "cwd": "/", "shell": {"options": {"rlimit": {"cpu": -1, "fsize": -1, "data": -1, "stack": 8388608, "core": -1, "nofile": 1048576, "as": -1, "rss": -1, "nproc": -1}, "cpu-affinity": "per-task"}}, "constraints": {"hostlist": ["osu-2,osu-4"]}}, "user": {"study_id": "osu-latency-8-iter-0"}}, "version": 1}
START OF EVENTLOG
{"timestamp":1759817385.1838095,"name":"init"}
{"timestamp":1759817385.1842339,"name":"starting"}
{"timestamp":1759817385.1945741,"name":"shell.init","context":{"service":"0-shell-f2UexYMxK","leader-rank":2,"size":2}}
{"timestamp":1759817385.1962571,"name":"shell.start","context":{"taskmap":{"version":1,"map":[[0,2,1,1]]}}}
{"timestamp":1759817397.3289948,"name":"shell.task-exit","context":{"localid":0,"rank":0,"state":"Exited","pid":76,"wait_status":0,"signaled":0,"exitcode":0}}
{"timestamp":1759817397.3317513,"name":"complete","context":{"status":0}}
{"timestamp":1759817397.3317719,"name":"done"}

