# OSU MPI Latency Test v5.8
# Size          Latency (us)
0                      17.40
1                      18.82
2                      19.72
4                      19.74
8                      19.95
16                     19.99
32                     20.00
64                     20.02
128                    20.06
256                    21.12
512                    21.39
1024                   21.61
2048                   34.62
4096                   28.95
8192                   35.47
16384                  39.15
32768                  45.69
65536                  97.17
131072                119.26
262144                147.15
524288                201.00
1048576               309.67
2097152               535.15
4194304               899.85
START OF JOBSPEC
{"resources": [{"type": "node", "count": 2, "with": [{"type": "slot", "count": 1, "with": [{"type": "core", "count": 1}], "label": "task"}]}], "tasks": [{"command": ["/usr/libexec/osu-micro-benchmarks/mpi/pt2pt/osu_latency"], "slot": "task", "count": {"per_slot": 1}}], "attributes": {"system": {"duration": 0, "cwd": "/", "shell": {"options": {"rlimit": {"cpu": -1, "fsize": -1, "data": -1, "stack": 8388608, "core": -1, "nofile": 1048576, "as": -1, "rss": -1, "nproc": -1}, "cpu-affinity": "per-task"}}, "constraints": {"hostlist": ["osu-5,osu-0"]}}, "user": {"study_id": "osu-latency-8-iter-0"}}, "version": 1}
START OF EVENTLOG
{"timestamp":1759817668.0085309,"name":"init"}
{"timestamp":1759817668.0188632,"name":"shell.init","context":{"service":"0-shell-f4dJHNF8B","leader-rank":0,"size":2}}
{"timestamp":1759817668.008976,"name":"starting"}
{"timestamp":1759817668.020376,"name":"shell.start","context":{"taskmap":{"version":1,"map":[[0,2,1,1]]}}}
{"timestamp":1759817680.0019457,"name":"shell.task-exit","context":{"localid":0,"rank":0,"state":"Exited","pid":205,"wait_status":0,"signaled":0,"exitcode":0}}
{"timestamp":1759817680.003581,"name":"complete","context":{"status":0}}
{"timestamp":1759817680.003598,"name":"done"}

