# OSU MPI Latency Test v5.8
# Size          Latency (us)
0                      42.60
1                      42.65
2                      42.64
4                      42.61
8                      42.98
16                     43.17
32                     43.50
64                     43.25
128                    43.45
256                    44.43
512                    44.20
1024                   44.61
2048                   61.51
4096                   64.59
8192                   64.69
16384                  66.44
32768                  70.95
65536                 176.31
131072                195.67
262144                218.00
524288                262.46
1048576               353.29
2097152               583.81
4194304               846.32
START OF JOBSPEC
{"resources": [{"type": "node", "count": 2, "with": [{"type": "slot", "count": 1, "with": [{"type": "core", "count": 1}], "label": "task"}]}], "tasks": [{"command": ["/usr/libexec/osu-micro-benchmarks/mpi/pt2pt/osu_latency"], "slot": "task", "count": {"per_slot": 1}}], "attributes": {"system": {"duration": 0, "cwd": "/", "shell": {"options": {"rlimit": {"cpu": -1, "fsize": -1, "data": -1, "stack": 8388608, "core": -1, "nofile": 1048576, "as": -1, "rss": -1, "nproc": -1}, "cpu-affinity": "per-task"}}, "constraints": {"hostlist": ["osu-2,osu-0"]}}, "user": {"study_id": "osu-latency-8-iter-0"}}, "version": 1}
START OF EVENTLOG
{"timestamp":1759817420.257396,"name":"init"}
{"timestamp":1759817420.2674365,"name":"shell.init","context":{"service":"0-shell-f2k7Tr4nT","leader-rank":0,"size":2}}
{"timestamp":1759817420.257863,"name":"starting"}
{"timestamp":1759817420.2690094,"name":"shell.start","context":{"taskmap":{"version":1,"map":[[0,2,1,1]]}}}
{"timestamp":1759817440.5292895,"name":"shell.task-exit","context":{"localid":0,"rank":0,"state":"Exited","pid":160,"wait_status":0,"signaled":0,"exitcode":0}}
{"timestamp":1759817440.5312884,"name":"complete","context":{"status":0}}
{"timestamp":1759817440.5313101,"name":"done"}

