# OSU MPI Latency Test v5.8
# Size          Latency (us)
0                      46.46
1                      45.04
2                      44.97
4                      44.81
8                      44.74
16                     46.39
32                     48.63
64                     49.67
128                    49.78
256                    50.72
512                    51.27
1024                   51.95
2048                   68.53
4096                   73.03
8192                   72.27
16384                  74.62
32768                  79.74
65536                 205.44
131072                222.91
262144                253.27
524288                308.55
1048576               411.61
2097152               662.98
4194304              1010.75
START OF JOBSPEC
{"resources": [{"type": "node", "count": 2, "with": [{"type": "slot", "count": 1, "with": [{"type": "core", "count": 1}], "label": "task"}]}], "tasks": [{"command": ["/usr/libexec/osu-micro-benchmarks/mpi/pt2pt/osu_latency"], "slot": "task", "count": {"per_slot": 1}}], "attributes": {"system": {"duration": 0, "cwd": "/", "shell": {"options": {"rlimit": {"cpu": -1, "fsize": -1, "data": -1, "stack": 8388608, "core": -1, "nofile": 1048576, "as": -1, "rss": -1, "nproc": -1}, "cpu-affinity": "per-task"}}, "constraints": {"hostlist": ["osu-0,osu-3"]}}, "user": {"study_id": "osu-latency-8-iter-0"}}, "version": 1}
START OF EVENTLOG
{"timestamp":1759817727.2974851,"name":"init"}
{"timestamp":1759817727.3074701,"name":"shell.init","context":{"service":"0-shell-f55Rmz6Cf","leader-rank":0,"size":2}}
{"timestamp":1759817727.2979448,"name":"starting"}
{"timestamp":1759817727.3088775,"name":"shell.start","context":{"taskmap":{"version":1,"map":[[0,2,1,1]]}}}
{"timestamp":1759817750.0515063,"name":"shell.task-exit","context":{"localid":0,"rank":0,"state":"Exited","pid":223,"wait_status":0,"signaled":0,"exitcode":0}}
{"timestamp":1759817750.053252,"name":"complete","context":{"status":0}}
{"timestamp":1759817750.0532725,"name":"done"}

