# OSU MPI Latency Test v5.8
# Size          Latency (us)
0                      48.69
1                      48.70
2                      48.85
4                      48.96
8                      48.80
16                     49.01
32                     49.32
64                     49.04
128                    49.19
256                    50.08
512                    50.58
1024                   51.03
2048                   67.52
4096                   67.62
8192                   71.10
16384                  73.58
32768                  78.69
65536                 200.11
131072                218.51
262144                249.12
524288                302.79
1048576               406.98
2097152               648.70
4194304               978.00
START OF JOBSPEC
{"resources": [{"type": "node", "count": 2, "with": [{"type": "slot", "count": 1, "with": [{"type": "core", "count": 1}], "label": "task"}]}], "tasks": [{"command": ["/usr/libexec/osu-micro-benchmarks/mpi/pt2pt/osu_latency"], "slot": "task", "count": {"per_slot": 1}}], "attributes": {"system": {"duration": 0, "cwd": "/", "shell": {"options": {"rlimit": {"cpu": -1, "fsize": -1, "data": -1, "stack": 8388608, "core": -1, "nofile": 1048576, "as": -1, "rss": -1, "nproc": -1}, "cpu-affinity": "per-task"}}, "constraints": {"hostlist": ["osu-7,osu-5"]}}, "user": {"study_id": "osu-latency-8-iter-0"}}, "version": 1}
START OF EVENTLOG
{"timestamp":1759817496.8806226,"name":"init"}
{"timestamp":1759817496.8810449,"name":"starting"}
{"timestamp":1759817496.891288,"name":"shell.init","context":{"service":"0-shell-f3Kt4PFzX","leader-rank":5,"size":2}}
{"timestamp":1759817496.8929977,"name":"shell.start","context":{"taskmap":{"version":1,"map":[[0,2,1,1]]}}}
{"timestamp":1759817519.6974602,"name":"shell.task-exit","context":{"localid":0,"rank":0,"state":"Exited","pid":76,"wait_status":0,"signaled":0,"exitcode":0}}
{"timestamp":1759817519.6997063,"name":"complete","context":{"status":0}}
{"timestamp":1759817519.6997273,"name":"done"}

