# OSU MPI Latency Test v5.8
# Size          Latency (us)
0                      45.82
1                      45.88
2                      45.72
4                      46.13
8                      45.70
16                     45.77
32                     45.85
64                     45.93
128                    46.34
256                    47.19
512                    47.36
1024                   47.63
2048                   64.92
4096                   56.86
8192                   68.45
16384                  71.02
32768                  75.97
65536                 192.03
131072                209.69
262144                238.60
524288                291.58
1048576               393.89
2097152               615.37
4194304              1004.29
START OF JOBSPEC
{"resources": [{"type": "node", "count": 2, "with": [{"type": "slot", "count": 1, "with": [{"type": "core", "count": 1}], "label": "task"}]}], "tasks": [{"command": ["/usr/libexec/osu-micro-benchmarks/mpi/pt2pt/osu_latency"], "slot": "task", "count": {"per_slot": 1}}], "attributes": {"system": {"duration": 0, "cwd": "/", "shell": {"options": {"rlimit": {"cpu": -1, "fsize": -1, "data": -1, "stack": 8388608, "core": -1, "nofile": 1048576, "as": -1, "rss": -1, "nproc": -1}, "cpu-affinity": "per-task"}}, "constraints": {"hostlist": ["osu-6,osu-1"]}}, "user": {"study_id": "osu-latency-8-iter-0"}}, "version": 1}
START OF EVENTLOG
{"timestamp":1759817329.1541097,"name":"init"}
{"timestamp":1759817329.1644294,"name":"shell.init","context":{"service":"0-shell-f23xmYAHd","leader-rank":1,"size":2}}
{"timestamp":1759817329.1545243,"name":"starting"}
{"timestamp":1759817329.166513,"name":"shell.start","context":{"taskmap":{"version":1,"map":[[0,2,1,1]]}}}
{"timestamp":1759817350.7812748,"name":"shell.task-exit","context":{"localid":0,"rank":0,"state":"Exited","pid":71,"wait_status":0,"signaled":0,"exitcode":0}}
{"timestamp":1759817350.7834229,"name":"complete","context":{"status":0}}
{"timestamp":1759817350.7834454,"name":"done"}

