# OSU MPI Latency Test v5.8
# Size          Latency (us)
0                      22.45
1                      22.71
2                      22.71
4                      22.74
8                      22.96
16                     22.84
32                     22.93
64                     22.93
128                    23.06
256                    24.11
512                    24.31
1024                   24.64
2048                   38.14
4096                   42.13
8192                   40.67
16384                  43.87
32768                  49.44
65536                 110.60
131072                131.86
262144                162.90
524288                218.37
1048576               325.86
2097152               568.78
4194304              1071.00
START OF JOBSPEC
{"resources": [{"type": "node", "count": 2, "with": [{"type": "slot", "count": 1, "with": [{"type": "core", "count": 1}], "label": "task"}]}], "tasks": [{"command": ["/usr/libexec/osu-micro-benchmarks/mpi/pt2pt/osu_latency"], "slot": "task", "count": {"per_slot": 1}}], "attributes": {"system": {"duration": 0, "cwd": "/", "shell": {"options": {"rlimit": {"cpu": -1, "fsize": -1, "data": -1, "stack": 8388608, "core": -1, "nofile": 1048576, "as": -1, "rss": -1, "nproc": -1}, "cpu-affinity": "per-task"}}, "constraints": {"hostlist": ["osu-6,osu-3"]}}, "user": {"study_id": "osu-latency-8-iter-0"}}, "version": 1}
START OF EVENTLOG
{"timestamp":1759817350.9601574,"name":"init"}
{"timestamp":1759817350.9606075,"name":"starting"}
{"timestamp":1759817350.9714582,"name":"shell.init","context":{"service":"0-shell-f2Da9v9Nw","leader-rank":3,"size":2}}
{"timestamp":1759817350.9733443,"name":"shell.start","context":{"taskmap":{"version":1,"map":[[0,2,1,1]]}}}
{"timestamp":1759817364.7519884,"name":"shell.task-exit","context":{"localid":0,"rank":0,"state":"Exited","pid":70,"wait_status":0,"signaled":0,"exitcode":0}}
{"timestamp":1759817364.7542357,"name":"complete","context":{"status":0}}
{"timestamp":1759817364.7542555,"name":"done"}

