# OSU MPI Latency Test v5.8
# Size          Latency (us)
0                      41.99
1                      42.06
2                      42.05
4                      42.07
8                      43.63
16                     44.81
32                     42.29
64                     47.67
128                    48.68
256                    46.90
512                    48.25
1024                   54.34
2048                   73.45
4096                   77.22
8192                   76.05
16384                  78.47
32768                  83.31
65536                 213.32
131072                231.53
262144                254.15
524288                300.41
1048576               386.62
2097152               636.54
4194304              1124.82
START OF JOBSPEC
{"resources": [{"type": "node", "count": 2, "with": [{"type": "slot", "count": 1, "with": [{"type": "core", "count": 1}], "label": "task"}]}], "tasks": [{"command": ["/usr/libexec/osu-micro-benchmarks/mpi/pt2pt/osu_latency"], "slot": "task", "count": {"per_slot": 1}}], "attributes": {"system": {"duration": 0, "cwd": "/", "shell": {"options": {"rlimit": {"cpu": -1, "fsize": -1, "data": -1, "stack": 8388608, "core": -1, "nofile": 1048576, "as": -1, "rss": -1, "nproc": -1}, "cpu-affinity": "per-task"}}, "constraints": {"hostlist": ["osu-2,osu-5"]}}, "user": {"study_id": "osu-latency-8-iter-0"}}, "version": 1}
START OF EVENTLOG
{"timestamp":1759817397.5061314,"name":"init"}
{"timestamp":1759817397.5166306,"name":"shell.init","context":{"service":"0-shell-f2a5vTnPH","leader-rank":2,"size":2}}
{"timestamp":1759817397.5065656,"name":"starting"}
{"timestamp":1759817397.5183089,"name":"shell.start","context":{"taskmap":{"version":1,"map":[[0,2,1,1]]}}}
{"timestamp":1759817420.0776608,"name":"shell.task-exit","context":{"localid":0,"rank":0,"state":"Exited","pid":79,"wait_status":0,"signaled":0,"exitcode":0}}
{"timestamp":1759817420.0803928,"name":"complete","context":{"status":0}}
{"timestamp":1759817420.0804148,"name":"done"}

