# OSU MPI Latency Test v5.8
# Size          Latency (us)
0                      47.64
1                      47.91
2                      47.59
4                      47.87
8                      47.71
16                     47.57
32                     47.49
64                     47.64
128                    47.84
256                    48.93
512                    49.33
1024                   49.63
2048                   66.86
4096                   62.90
8192                   70.33
16384                  72.71
32768                  77.95
65536                 199.69
131072                217.62
262144                249.88
524288                306.62
1048576               415.02
2097152               669.36
4194304              1037.66
START OF JOBSPEC
{"resources": [{"type": "node", "count": 2, "with": [{"type": "slot", "count": 1, "with": [{"type": "core", "count": 1}], "label": "task"}]}], "tasks": [{"command": ["/usr/libexec/osu-micro-benchmarks/mpi/pt2pt/osu_latency"], "slot": "task", "count": {"per_slot": 1}}], "attributes": {"system": {"duration": 0, "cwd": "/", "shell": {"options": {"rlimit": {"cpu": -1, "fsize": -1, "data": -1, "stack": 8388608, "core": -1, "nofile": 1048576, "as": -1, "rss": -1, "nproc": -1}, "cpu-affinity": "per-task"}}, "constraints": {"hostlist": ["osu-6,osu-0"]}}, "user": {"study_id": "osu-latency-8-iter-0"}}, "version": 1}
START OF EVENTLOG
{"timestamp":1759817306.4128473,"name":"init"}
{"timestamp":1759817306.422698,"name":"shell.init","context":{"service":"0-shell-fswUykhu","leader-rank":0,"size":2}}
{"timestamp":1759817306.4132445,"name":"starting"}
{"timestamp":1759817306.4241202,"name":"shell.start","context":{"taskmap":{"version":1,"map":[[0,2,1,1]]}}}
{"timestamp":1759817328.976706,"name":"shell.task-exit","context":{"localid":0,"rank":0,"state":"Exited","pid":139,"wait_status":0,"signaled":0,"exitcode":0}}
{"timestamp":1759817328.9785178,"name":"complete","context":{"status":0}}
{"timestamp":1759817328.9785371,"name":"done"}

