# OSU MPI Latency Test v5.8
# Size          Latency (us)
0                      48.78
1                      48.82
2                      48.93
4                      48.99
8                      49.03
16                     49.04
32                     49.04
64                     48.90
128                    49.29
256                    50.24
512                    50.54
1024                   50.75
2048                   67.77
4096                   72.15
8192                   71.11
16384                  73.47
32768                  78.49
65536                 199.96
131072                219.04
262144                248.84
524288                301.68
1048576               402.52
2097152               636.47
4194304              1050.50
START OF JOBSPEC
{"resources": [{"type": "node", "count": 2, "with": [{"type": "slot", "count": 1, "with": [{"type": "core", "count": 1}], "label": "task"}]}], "tasks": [{"command": ["/usr/libexec/osu-micro-benchmarks/mpi/pt2pt/osu_latency"], "slot": "task", "count": {"per_slot": 1}}], "attributes": {"system": {"duration": 0, "cwd": "/", "shell": {"options": {"rlimit": {"cpu": -1, "fsize": -1, "data": -1, "stack": 8388608, "core": -1, "nofile": 1048576, "as": -1, "rss": -1, "nproc": -1}, "cpu-affinity": "per-task"}}, "constraints": {"hostlist": ["osu-6,osu-5"]}}, "user": {"study_id": "osu-latency-8-iter-0"}}, "version": 1}
START OF EVENTLOG
{"timestamp":1759817283.2152655,"name":"init"}
{"timestamp":1759817283.2256804,"name":"shell.init","context":{"service":"0-shell-fhiWu1Lb","leader-rank":5,"size":2}}
{"timestamp":1759817283.2156255,"name":"starting"}
{"timestamp":1759817283.2275345,"name":"shell.start","context":{"taskmap":{"version":1,"map":[[0,2,1,1]]}}}
{"timestamp":1759817306.2338738,"name":"shell.task-exit","context":{"localid":0,"rank":0,"state":"Exited","pid":70,"wait_status":0,"signaled":0,"exitcode":0}}
{"timestamp":1759817306.2360439,"name":"complete","context":{"status":0}}
{"timestamp":1759817306.2360656,"name":"done"}

