# OSU MPI Latency Test v5.8
# Size          Latency (us)
0                      19.34
1                      19.42
2                      19.43
4                      19.47
8                      19.55
16                     19.55
32                     19.66
64                     19.67
128                    20.91
256                    22.30
512                    22.59
1024                   22.77
2048                   36.28
4096                   40.05
8192                   38.26
16384                  40.80
32768                  47.07
65536                 103.41
131072                122.39
262144                146.95
524288                197.50
1048576               290.87
2097152               535.30
4194304               934.82
START OF JOBSPEC
{"resources": [{"type": "node", "count": 2, "with": [{"type": "slot", "count": 1, "with": [{"type": "core", "count": 1}], "label": "task"}]}], "tasks": [{"command": ["/usr/libexec/osu-micro-benchmarks/mpi/pt2pt/osu_latency"], "slot": "task", "count": {"per_slot": 1}}], "attributes": {"system": {"duration": 0, "cwd": "/", "shell": {"options": {"rlimit": {"cpu": -1, "fsize": -1, "data": -1, "stack": 8388608, "core": -1, "nofile": 1048576, "as": -1, "rss": -1, "nproc": -1}, "cpu-affinity": "per-task"}}, "constraints": {"hostlist": ["osu-6,osu-2"]}}, "user": {"study_id": "osu-latency-8-iter-0"}}, "version": 1}
START OF EVENTLOG
{"timestamp":1759817238.0825818,"name":"init"}
{"timestamp":1759817238.0829303,"name":"starting"}
{"timestamp":1759817238.0931771,"name":"shell.init","context":{"service":"0-shell-fMptfroq","leader-rank":2,"size":2}}
{"timestamp":1759817238.0953674,"name":"shell.start","context":{"taskmap":{"version":1,"map":[[0,2,1,1]]}}}
{"timestamp":1759817250.5344732,"name":"shell.task-exit","context":{"localid":0,"rank":0,"state":"Exited","pid":70,"wait_status":0,"signaled":0,"exitcode":0}}
{"timestamp":1759817250.5366771,"name":"complete","context":{"status":0}}
{"timestamp":1759817250.5366971,"name":"done"}

